[2024-04-22T16:46:54.465+0000] {processor.py:161} INFO - Started process (PID=155887) to work on /home/yasmine/.local/share/virtualenvs/knowledge-base-siaap-WvBZnYs-/lib/python3.8/site-packages/airflow/example_dags/example_branch_datetime_operator.py
[2024-04-22T16:46:54.466+0000] {processor.py:830} INFO - Processing file /home/yasmine/.local/share/virtualenvs/knowledge-base-siaap-WvBZnYs-/lib/python3.8/site-packages/airflow/example_dags/example_branch_datetime_operator.py for tasks to queue
[2024-04-22T16:46:54.467+0000] {logging_mixin.py:188} INFO - [2024-04-22T16:46:54.467+0000] {dagbag.py:540} INFO - Filling up the DagBag from /home/yasmine/.local/share/virtualenvs/knowledge-base-siaap-WvBZnYs-/lib/python3.8/site-packages/airflow/example_dags/example_branch_datetime_operator.py
[2024-04-22T16:46:54.478+0000] {processor.py:840} INFO - DAG(s) 'example_branch_datetime_operator_2', 'example_branch_datetime_operator', 'example_branch_datetime_operator_3' retrieved from /home/yasmine/.local/share/virtualenvs/knowledge-base-siaap-WvBZnYs-/lib/python3.8/site-packages/airflow/example_dags/example_branch_datetime_operator.py
[2024-04-22T16:46:54.579+0000] {logging_mixin.py:188} INFO - [2024-04-22T16:46:54.579+0000] {override.py:1769} INFO - Created Permission View: can delete on DAG:example_branch_datetime_operator_2
[2024-04-22T16:46:54.589+0000] {logging_mixin.py:188} INFO - [2024-04-22T16:46:54.588+0000] {override.py:1769} INFO - Created Permission View: can edit on DAG:example_branch_datetime_operator_2
[2024-04-22T16:46:54.595+0000] {logging_mixin.py:188} INFO - [2024-04-22T16:46:54.595+0000] {override.py:1769} INFO - Created Permission View: can read on DAG:example_branch_datetime_operator_2
[2024-04-22T16:46:54.614+0000] {logging_mixin.py:188} INFO - [2024-04-22T16:46:54.613+0000] {override.py:1769} INFO - Created Permission View: can delete on DAG:example_branch_datetime_operator
[2024-04-22T16:46:54.621+0000] {logging_mixin.py:188} INFO - [2024-04-22T16:46:54.620+0000] {override.py:1769} INFO - Created Permission View: can edit on DAG:example_branch_datetime_operator
[2024-04-22T16:46:54.630+0000] {logging_mixin.py:188} INFO - [2024-04-22T16:46:54.630+0000] {override.py:1769} INFO - Created Permission View: can read on DAG:example_branch_datetime_operator
[2024-04-22T16:46:54.647+0000] {logging_mixin.py:188} INFO - [2024-04-22T16:46:54.646+0000] {override.py:1769} INFO - Created Permission View: can delete on DAG:example_branch_datetime_operator_3
[2024-04-22T16:46:54.653+0000] {logging_mixin.py:188} INFO - [2024-04-22T16:46:54.653+0000] {override.py:1769} INFO - Created Permission View: can edit on DAG:example_branch_datetime_operator_3
[2024-04-22T16:46:54.661+0000] {logging_mixin.py:188} INFO - [2024-04-22T16:46:54.661+0000] {override.py:1769} INFO - Created Permission View: can read on DAG:example_branch_datetime_operator_3
[2024-04-22T16:46:54.661+0000] {logging_mixin.py:188} INFO - [2024-04-22T16:46:54.661+0000] {dag.py:3047} INFO - Sync 3 DAGs
[2024-04-22T16:46:54.670+0000] {logging_mixin.py:188} INFO - [2024-04-22T16:46:54.669+0000] {dag.py:3069} INFO - Creating ORM DAG for example_branch_datetime_operator_3
[2024-04-22T16:46:54.670+0000] {logging_mixin.py:188} INFO - [2024-04-22T16:46:54.670+0000] {dag.py:3069} INFO - Creating ORM DAG for example_branch_datetime_operator
[2024-04-22T16:46:54.671+0000] {logging_mixin.py:188} INFO - [2024-04-22T16:46:54.671+0000] {dag.py:3069} INFO - Creating ORM DAG for example_branch_datetime_operator_2
[2024-04-22T16:46:54.680+0000] {logging_mixin.py:188} INFO - [2024-04-22T16:46:54.680+0000] {dag.py:3834} INFO - Setting next_dagrun for example_branch_datetime_operator to 2024-04-21 00:00:00+00:00, run_after=2024-04-22 00:00:00+00:00
[2024-04-22T16:46:54.682+0000] {logging_mixin.py:188} INFO - [2024-04-22T16:46:54.682+0000] {dag.py:3834} INFO - Setting next_dagrun for example_branch_datetime_operator_2 to 2024-04-21 00:00:00+00:00, run_after=2024-04-22 00:00:00+00:00
[2024-04-22T16:46:54.684+0000] {logging_mixin.py:188} INFO - [2024-04-22T16:46:54.684+0000] {dag.py:3834} INFO - Setting next_dagrun for example_branch_datetime_operator_3 to 2024-04-21 00:00:00+00:00, run_after=2024-04-22 00:00:00+00:00
[2024-04-22T16:46:54.705+0000] {processor.py:183} INFO - Processing /home/yasmine/.local/share/virtualenvs/knowledge-base-siaap-WvBZnYs-/lib/python3.8/site-packages/airflow/example_dags/example_branch_datetime_operator.py took 0.243 seconds
