[2024-04-22T16:46:11.072+0000] {processor.py:161} INFO - Started process (PID=155351) to work on /home/yasmine/.local/share/virtualenvs/knowledge-base-siaap-WvBZnYs-/lib/python3.8/site-packages/airflow/example_dags/example_subdag_operator.py
[2024-04-22T16:46:11.073+0000] {processor.py:830} INFO - Processing file /home/yasmine/.local/share/virtualenvs/knowledge-base-siaap-WvBZnYs-/lib/python3.8/site-packages/airflow/example_dags/example_subdag_operator.py for tasks to queue
[2024-04-22T16:46:11.074+0000] {logging_mixin.py:188} INFO - [2024-04-22T16:46:11.073+0000] {dagbag.py:540} INFO - Filling up the DagBag from /home/yasmine/.local/share/virtualenvs/knowledge-base-siaap-WvBZnYs-/lib/python3.8/site-packages/airflow/example_dags/example_subdag_operator.py
[2024-04-22T16:46:11.095+0000] {processor.py:840} INFO - DAG(s) 'example_subdag_operator.section-1', 'example_subdag_operator.section-2', 'example_subdag_operator' retrieved from /home/yasmine/.local/share/virtualenvs/knowledge-base-siaap-WvBZnYs-/lib/python3.8/site-packages/airflow/example_dags/example_subdag_operator.py
[2024-04-22T16:46:11.346+0000] {logging_mixin.py:188} INFO - [2024-04-22T16:46:11.345+0000] {override.py:1769} INFO - Created Permission View: can delete on DAG:example_subdag_operator
[2024-04-22T16:46:11.357+0000] {logging_mixin.py:188} INFO - [2024-04-22T16:46:11.357+0000] {override.py:1769} INFO - Created Permission View: can edit on DAG:example_subdag_operator
[2024-04-22T16:46:11.367+0000] {logging_mixin.py:188} INFO - [2024-04-22T16:46:11.367+0000] {override.py:1769} INFO - Created Permission View: can read on DAG:example_subdag_operator
[2024-04-22T16:46:11.368+0000] {logging_mixin.py:188} INFO - [2024-04-22T16:46:11.368+0000] {dag.py:3047} INFO - Sync 3 DAGs
[2024-04-22T16:46:11.377+0000] {logging_mixin.py:188} INFO - [2024-04-22T16:46:11.377+0000] {dag.py:3069} INFO - Creating ORM DAG for example_subdag_operator.section-2
[2024-04-22T16:46:11.378+0000] {logging_mixin.py:188} INFO - [2024-04-22T16:46:11.378+0000] {dag.py:3069} INFO - Creating ORM DAG for example_subdag_operator
[2024-04-22T16:46:11.378+0000] {logging_mixin.py:188} INFO - [2024-04-22T16:46:11.378+0000] {dag.py:3069} INFO - Creating ORM DAG for example_subdag_operator.section-1
[2024-04-22T16:46:11.386+0000] {logging_mixin.py:188} INFO - [2024-04-22T16:46:11.386+0000] {dag.py:3834} INFO - Setting next_dagrun for example_subdag_operator to 2022-01-01 00:00:00+00:00, run_after=2022-01-01 00:00:00+00:00
[2024-04-22T16:46:11.386+0000] {logging_mixin.py:188} INFO - [2024-04-22T16:46:11.386+0000] {dag.py:3834} INFO - Setting next_dagrun for example_subdag_operator.section-1 to None, run_after=None
[2024-04-22T16:46:11.387+0000] {logging_mixin.py:188} INFO - [2024-04-22T16:46:11.387+0000] {dag.py:3834} INFO - Setting next_dagrun for example_subdag_operator.section-2 to None, run_after=None
[2024-04-22T16:46:11.393+0000] {logging_mixin.py:188} INFO - [2024-04-22T16:46:11.393+0000] {dag.py:3047} INFO - Sync 2 DAGs
[2024-04-22T16:46:11.398+0000] {logging_mixin.py:188} INFO - [2024-04-22T16:46:11.397+0000] {dag.py:3834} INFO - Setting next_dagrun for example_subdag_operator.section-1 to None, run_after=None
[2024-04-22T16:46:11.400+0000] {logging_mixin.py:188} INFO - [2024-04-22T16:46:11.400+0000] {dag.py:3834} INFO - Setting next_dagrun for example_subdag_operator.section-2 to None, run_after=None
[2024-04-22T16:46:11.415+0000] {processor.py:183} INFO - Processing /home/yasmine/.local/share/virtualenvs/knowledge-base-siaap-WvBZnYs-/lib/python3.8/site-packages/airflow/example_dags/example_subdag_operator.py took 0.345 seconds
[2024-04-22T16:47:07.964+0000] {processor.py:161} INFO - Started process (PID=156123) to work on /home/yasmine/.local/share/virtualenvs/knowledge-base-siaap-WvBZnYs-/lib/python3.8/site-packages/airflow/example_dags/example_subdag_operator.py
[2024-04-22T16:47:07.965+0000] {processor.py:830} INFO - Processing file /home/yasmine/.local/share/virtualenvs/knowledge-base-siaap-WvBZnYs-/lib/python3.8/site-packages/airflow/example_dags/example_subdag_operator.py for tasks to queue
[2024-04-22T16:47:07.966+0000] {logging_mixin.py:188} INFO - [2024-04-22T16:47:07.966+0000] {dagbag.py:540} INFO - Filling up the DagBag from /home/yasmine/.local/share/virtualenvs/knowledge-base-siaap-WvBZnYs-/lib/python3.8/site-packages/airflow/example_dags/example_subdag_operator.py
[2024-04-22T16:47:07.980+0000] {processor.py:840} INFO - DAG(s) 'example_subdag_operator.section-1', 'example_subdag_operator.section-2', 'example_subdag_operator' retrieved from /home/yasmine/.local/share/virtualenvs/knowledge-base-siaap-WvBZnYs-/lib/python3.8/site-packages/airflow/example_dags/example_subdag_operator.py
[2024-04-22T16:47:07.992+0000] {logging_mixin.py:188} INFO - [2024-04-22T16:47:07.992+0000] {dag.py:3047} INFO - Sync 3 DAGs
[2024-04-22T16:47:08.007+0000] {logging_mixin.py:188} INFO - [2024-04-22T16:47:08.006+0000] {dag.py:3834} INFO - Setting next_dagrun for example_subdag_operator to 2022-01-01 00:00:00+00:00, run_after=2022-01-01 00:00:00+00:00
[2024-04-22T16:47:08.010+0000] {logging_mixin.py:188} INFO - [2024-04-22T16:47:08.010+0000] {dag.py:3834} INFO - Setting next_dagrun for example_subdag_operator.section-1 to None, run_after=None
[2024-04-22T16:47:08.011+0000] {logging_mixin.py:188} INFO - [2024-04-22T16:47:08.010+0000] {dag.py:3834} INFO - Setting next_dagrun for example_subdag_operator.section-2 to None, run_after=None
[2024-04-22T16:47:08.016+0000] {logging_mixin.py:188} INFO - [2024-04-22T16:47:08.015+0000] {dag.py:3047} INFO - Sync 2 DAGs
[2024-04-22T16:47:08.019+0000] {logging_mixin.py:188} INFO - [2024-04-22T16:47:08.019+0000] {dag.py:3834} INFO - Setting next_dagrun for example_subdag_operator.section-1 to None, run_after=None
[2024-04-22T16:47:08.019+0000] {logging_mixin.py:188} INFO - [2024-04-22T16:47:08.019+0000] {dag.py:3834} INFO - Setting next_dagrun for example_subdag_operator.section-2 to None, run_after=None
[2024-04-22T16:47:08.031+0000] {processor.py:183} INFO - Processing /home/yasmine/.local/share/virtualenvs/knowledge-base-siaap-WvBZnYs-/lib/python3.8/site-packages/airflow/example_dags/example_subdag_operator.py took 0.068 seconds
