[2024-04-22T16:46:06.066+0000] {processor.py:161} INFO - Started process (PID=155244) to work on /home/yasmine/.local/share/virtualenvs/knowledge-base-siaap-WvBZnYs-/lib/python3.8/site-packages/airflow/example_dags/example_xcomargs.py
[2024-04-22T16:46:06.066+0000] {processor.py:830} INFO - Processing file /home/yasmine/.local/share/virtualenvs/knowledge-base-siaap-WvBZnYs-/lib/python3.8/site-packages/airflow/example_dags/example_xcomargs.py for tasks to queue
[2024-04-22T16:46:06.067+0000] {logging_mixin.py:188} INFO - [2024-04-22T16:46:06.067+0000] {dagbag.py:540} INFO - Filling up the DagBag from /home/yasmine/.local/share/virtualenvs/knowledge-base-siaap-WvBZnYs-/lib/python3.8/site-packages/airflow/example_dags/example_xcomargs.py
[2024-04-22T16:46:06.076+0000] {processor.py:840} INFO - DAG(s) 'example_xcom_args', 'example_xcom_args_with_operators' retrieved from /home/yasmine/.local/share/virtualenvs/knowledge-base-siaap-WvBZnYs-/lib/python3.8/site-packages/airflow/example_dags/example_xcomargs.py
[2024-04-22T16:46:06.258+0000] {logging_mixin.py:188} INFO - [2024-04-22T16:46:06.257+0000] {override.py:1769} INFO - Created Permission View: can delete on DAG:example_xcom_args
[2024-04-22T16:46:06.269+0000] {logging_mixin.py:188} INFO - [2024-04-22T16:46:06.269+0000] {override.py:1769} INFO - Created Permission View: can edit on DAG:example_xcom_args
[2024-04-22T16:46:06.282+0000] {logging_mixin.py:188} INFO - [2024-04-22T16:46:06.282+0000] {override.py:1769} INFO - Created Permission View: can read on DAG:example_xcom_args
[2024-04-22T16:46:06.309+0000] {logging_mixin.py:188} INFO - [2024-04-22T16:46:06.308+0000] {override.py:1769} INFO - Created Permission View: can delete on DAG:example_xcom_args_with_operators
[2024-04-22T16:46:06.316+0000] {logging_mixin.py:188} INFO - [2024-04-22T16:46:06.316+0000] {override.py:1769} INFO - Created Permission View: can edit on DAG:example_xcom_args_with_operators
[2024-04-22T16:46:06.323+0000] {logging_mixin.py:188} INFO - [2024-04-22T16:46:06.323+0000] {override.py:1769} INFO - Created Permission View: can read on DAG:example_xcom_args_with_operators
[2024-04-22T16:46:06.323+0000] {logging_mixin.py:188} INFO - [2024-04-22T16:46:06.323+0000] {dag.py:3047} INFO - Sync 2 DAGs
[2024-04-22T16:46:06.332+0000] {logging_mixin.py:188} INFO - [2024-04-22T16:46:06.331+0000] {dag.py:3069} INFO - Creating ORM DAG for example_xcom_args_with_operators
[2024-04-22T16:46:06.332+0000] {logging_mixin.py:188} INFO - [2024-04-22T16:46:06.332+0000] {dag.py:3069} INFO - Creating ORM DAG for example_xcom_args
[2024-04-22T16:46:06.333+0000] {logging_mixin.py:188} INFO - [2024-04-22T16:46:06.332+0000] {dag.py:3834} INFO - Setting next_dagrun for example_xcom_args to None, run_after=None
[2024-04-22T16:46:06.333+0000] {logging_mixin.py:188} INFO - [2024-04-22T16:46:06.333+0000] {dag.py:3834} INFO - Setting next_dagrun for example_xcom_args_with_operators to None, run_after=None
[2024-04-22T16:46:06.350+0000] {processor.py:183} INFO - Processing /home/yasmine/.local/share/virtualenvs/knowledge-base-siaap-WvBZnYs-/lib/python3.8/site-packages/airflow/example_dags/example_xcomargs.py took 0.287 seconds
[2024-04-22T16:47:03.956+0000] {processor.py:161} INFO - Started process (PID=156074) to work on /home/yasmine/.local/share/virtualenvs/knowledge-base-siaap-WvBZnYs-/lib/python3.8/site-packages/airflow/example_dags/example_xcomargs.py
[2024-04-22T16:47:03.957+0000] {processor.py:830} INFO - Processing file /home/yasmine/.local/share/virtualenvs/knowledge-base-siaap-WvBZnYs-/lib/python3.8/site-packages/airflow/example_dags/example_xcomargs.py for tasks to queue
[2024-04-22T16:47:03.957+0000] {logging_mixin.py:188} INFO - [2024-04-22T16:47:03.957+0000] {dagbag.py:540} INFO - Filling up the DagBag from /home/yasmine/.local/share/virtualenvs/knowledge-base-siaap-WvBZnYs-/lib/python3.8/site-packages/airflow/example_dags/example_xcomargs.py
[2024-04-22T16:47:03.964+0000] {processor.py:840} INFO - DAG(s) 'example_xcom_args', 'example_xcom_args_with_operators' retrieved from /home/yasmine/.local/share/virtualenvs/knowledge-base-siaap-WvBZnYs-/lib/python3.8/site-packages/airflow/example_dags/example_xcomargs.py
[2024-04-22T16:47:03.977+0000] {logging_mixin.py:188} INFO - [2024-04-22T16:47:03.977+0000] {dag.py:3047} INFO - Sync 2 DAGs
[2024-04-22T16:47:03.986+0000] {logging_mixin.py:188} INFO - [2024-04-22T16:47:03.986+0000] {dag.py:3834} INFO - Setting next_dagrun for example_xcom_args to None, run_after=None
[2024-04-22T16:47:03.988+0000] {logging_mixin.py:188} INFO - [2024-04-22T16:47:03.988+0000] {dag.py:3834} INFO - Setting next_dagrun for example_xcom_args_with_operators to None, run_after=None
[2024-04-22T16:47:04.004+0000] {processor.py:183} INFO - Processing /home/yasmine/.local/share/virtualenvs/knowledge-base-siaap-WvBZnYs-/lib/python3.8/site-packages/airflow/example_dags/example_xcomargs.py took 0.050 seconds
