[2024-04-22T16:57:00.480+0000] {taskinstance.py:1979} INFO - Dependencies all met for dep_context=non-requeueable deps ti=<TaskInstance: pipeline_eq.read_equipements scheduled__2024-03-17T00:00:00+00:00 [queued]>
[2024-04-22T16:57:00.486+0000] {taskinstance.py:1979} INFO - Dependencies all met for dep_context=requeueable deps ti=<TaskInstance: pipeline_eq.read_equipements scheduled__2024-03-17T00:00:00+00:00 [queued]>
[2024-04-22T16:57:00.486+0000] {taskinstance.py:2193} INFO - Starting attempt 1 of 1
[2024-04-22T16:57:00.497+0000] {taskinstance.py:2217} INFO - Executing <Task(_PythonDecoratedOperator): read_equipements> on 2024-03-17 00:00:00+00:00
[2024-04-22T16:57:00.499+0000] {standard_task_runner.py:60} INFO - Started process 166460 to run task
[2024-04-22T16:57:00.502+0000] {standard_task_runner.py:87} INFO - Running: ['airflow', 'tasks', 'run', 'pipeline_eq', 'read_equipements', 'scheduled__2024-03-17T00:00:00+00:00', '--job-id', '23', '--raw', '--subdir', 'DAGS_FOLDER/kbs/custom_dags/pipeline_eq.py', '--cfg-path', '/tmp/tmp9gt_w2bh']
[2024-04-22T16:57:00.502+0000] {standard_task_runner.py:88} INFO - Job 23: Subtask read_equipements
[2024-04-22T16:57:00.529+0000] {task_command.py:423} INFO - Running <TaskInstance: pipeline_eq.read_equipements scheduled__2024-03-17T00:00:00+00:00 [running]> on host datalab-yasmine
[2024-04-22T16:57:00.596+0000] {taskinstance.py:2513} INFO - Exporting env vars: AIRFLOW_CTX_DAG_OWNER='airflow' AIRFLOW_CTX_DAG_ID='pipeline_eq' AIRFLOW_CTX_TASK_ID='read_equipements' AIRFLOW_CTX_EXECUTION_DATE='2024-03-17T00:00:00+00:00' AIRFLOW_CTX_TRY_NUMBER='1' AIRFLOW_CTX_DAG_RUN_ID='scheduled__2024-03-17T00:00:00+00:00'
[2024-04-22T16:57:00.598+0000] {pipeline_eq.py:47} INFO - start to get objects in minio
[2024-04-22T16:57:00.615+0000] {logging_mixin.py:188} WARNING - /home/yasmine/.local/share/virtualenvs/knowledge-base-siaap-WvBZnYs-/lib/python3.8/site-packages/airflow/utils/context.py:315 AirflowContextDeprecationWarning: Accessing 'prev_execution_date_success' from the template is deprecated and will be removed in a future version. Please use 'prev_data_interval_start_success' instead.
[2024-04-22T16:57:00.617+0000] {taskinstance.py:2731} ERROR - Task failed with exception
Traceback (most recent call last):
  File "/home/yasmine/.local/share/virtualenvs/knowledge-base-siaap-WvBZnYs-/lib/python3.8/site-packages/airflow/models/taskinstance.py", line 444, in _execute_task
    result = _execute_callable(context=context, **execute_callable_kwargs)
  File "/home/yasmine/.local/share/virtualenvs/knowledge-base-siaap-WvBZnYs-/lib/python3.8/site-packages/airflow/models/taskinstance.py", line 414, in _execute_callable
    return execute_callable(context=context, **execute_callable_kwargs)
  File "/home/yasmine/.local/share/virtualenvs/knowledge-base-siaap-WvBZnYs-/lib/python3.8/site-packages/airflow/decorators/base.py", line 241, in execute
    return_value = super().execute(context)
  File "/home/yasmine/.local/share/virtualenvs/knowledge-base-siaap-WvBZnYs-/lib/python3.8/site-packages/airflow/operators/python.py", line 200, in execute
    return_value = self.execute_callable()
  File "/home/yasmine/.local/share/virtualenvs/knowledge-base-siaap-WvBZnYs-/lib/python3.8/site-packages/airflow/operators/python.py", line 217, in execute_callable
    return self.python_callable(*self.op_args, **self.op_kwargs)
  File "/home/yasmine/Documents/FREELANCE/knowledge-base-siaap/dags/kbs/custom_dags/pipeline_eq.py", line 48, in read_equipements
    intervals =[context['prev_execution_date_success'].date, context['execution_date'].date]
AttributeError: 'NoneType' object has no attribute 'date'
[2024-04-22T16:57:00.632+0000] {taskinstance.py:1149} INFO - Marking task as FAILED. dag_id=pipeline_eq, task_id=read_equipements, execution_date=20240317T000000, start_date=20240422T165700, end_date=20240422T165700
[2024-04-22T16:57:00.650+0000] {standard_task_runner.py:107} ERROR - Failed to execute job 23 for task read_equipements ('NoneType' object has no attribute 'date'; 166460)
[2024-04-22T16:57:00.674+0000] {local_task_job_runner.py:234} INFO - Task exited with return code 1
[2024-04-22T16:57:00.693+0000] {taskinstance.py:3312} INFO - 0 downstream tasks scheduled from follow-on schedule check
[2024-04-22T17:13:55.140+0000] {taskinstance.py:1979} INFO - Dependencies all met for dep_context=non-requeueable deps ti=<TaskInstance: pipeline_eq.read_equipements scheduled__2024-03-17T00:00:00+00:00 [queued]>
[2024-04-22T17:13:55.146+0000] {taskinstance.py:1979} INFO - Dependencies all met for dep_context=requeueable deps ti=<TaskInstance: pipeline_eq.read_equipements scheduled__2024-03-17T00:00:00+00:00 [queued]>
[2024-04-22T17:13:55.146+0000] {taskinstance.py:2193} INFO - Starting attempt 1 of 1
[2024-04-22T17:13:55.158+0000] {taskinstance.py:2217} INFO - Executing <Task(_PythonDecoratedOperator): read_equipements> on 2024-03-17 00:00:00+00:00
[2024-04-22T17:13:55.162+0000] {standard_task_runner.py:60} INFO - Started process 183914 to run task
[2024-04-22T17:13:55.165+0000] {standard_task_runner.py:87} INFO - Running: ['airflow', 'tasks', 'run', 'pipeline_eq', 'read_equipements', 'scheduled__2024-03-17T00:00:00+00:00', '--job-id', '78', '--raw', '--subdir', 'DAGS_FOLDER/kbs/custom_dags/pipeline_eq.py', '--cfg-path', '/tmp/tmp52wkismv']
[2024-04-22T17:13:55.166+0000] {standard_task_runner.py:88} INFO - Job 78: Subtask read_equipements
[2024-04-22T17:13:55.200+0000] {task_command.py:423} INFO - Running <TaskInstance: pipeline_eq.read_equipements scheduled__2024-03-17T00:00:00+00:00 [running]> on host datalab-yasmine
[2024-04-22T17:13:55.253+0000] {taskinstance.py:2513} INFO - Exporting env vars: AIRFLOW_CTX_DAG_OWNER='airflow' AIRFLOW_CTX_DAG_ID='pipeline_eq' AIRFLOW_CTX_TASK_ID='read_equipements' AIRFLOW_CTX_EXECUTION_DATE='2024-03-17T00:00:00+00:00' AIRFLOW_CTX_TRY_NUMBER='1' AIRFLOW_CTX_DAG_RUN_ID='scheduled__2024-03-17T00:00:00+00:00'
[2024-04-22T17:13:55.254+0000] {pipeline_eq.py:48} INFO - start to get objects in minio
[2024-04-22T17:13:55.254+0000] {logging_mixin.py:188} INFO - [<Proxy at 0x7fb442ea03c0 with factory functools.partial(<function lazy_mapping_from_context.<locals>._deprecated_proxy_factory at 0x7fb442ed85e0>, 'prev_execution_date_success', None)>, <Proxy at 0x7fb443160180 with factory functools.partial(<function lazy_mapping_from_context.<locals>._deprecated_proxy_factory at 0x7fb442ed85e0>, 'execution_date', DateTime(2024, 3, 17, 0, 0, 0, tzinfo=Timezone('UTC')))>]
[2024-04-22T17:13:57.160+0000] {logging_mixin.py:188} WARNING - /home/yasmine/.local/share/virtualenvs/knowledge-base-siaap-WvBZnYs-/lib/python3.8/site-packages/airflow/utils/context.py:315 AirflowContextDeprecationWarning: Accessing 'prev_execution_date_success' from the template is deprecated and will be removed in a future version. Please use 'prev_data_interval_start_success' instead.
[2024-04-22T17:13:57.161+0000] {taskinstance.py:2731} ERROR - Task failed with exception
Traceback (most recent call last):
  File "/home/yasmine/.local/share/virtualenvs/knowledge-base-siaap-WvBZnYs-/lib/python3.8/site-packages/airflow/models/taskinstance.py", line 444, in _execute_task
    result = _execute_callable(context=context, **execute_callable_kwargs)
  File "/home/yasmine/.local/share/virtualenvs/knowledge-base-siaap-WvBZnYs-/lib/python3.8/site-packages/airflow/models/taskinstance.py", line 414, in _execute_callable
    return execute_callable(context=context, **execute_callable_kwargs)
  File "/home/yasmine/.local/share/virtualenvs/knowledge-base-siaap-WvBZnYs-/lib/python3.8/site-packages/airflow/decorators/base.py", line 241, in execute
    return_value = super().execute(context)
  File "/home/yasmine/.local/share/virtualenvs/knowledge-base-siaap-WvBZnYs-/lib/python3.8/site-packages/airflow/operators/python.py", line 200, in execute
    return_value = self.execute_callable()
  File "/home/yasmine/.local/share/virtualenvs/knowledge-base-siaap-WvBZnYs-/lib/python3.8/site-packages/airflow/operators/python.py", line 217, in execute_callable
    return self.python_callable(*self.op_args, **self.op_kwargs)
  File "/home/yasmine/Documents/FREELANCE/knowledge-base-siaap/dags/kbs/custom_dags/pipeline_eq.py", line 60, in read_equipements
    good_objects = [obj.object_name for obj in objects if obj.object_name.lower().endswith(tuple(extensions)) and obj.last_modified.date in [intervals[0].date, intervals[1].date] ]
  File "/home/yasmine/Documents/FREELANCE/knowledge-base-siaap/dags/kbs/custom_dags/pipeline_eq.py", line 60, in <listcomp>
    good_objects = [obj.object_name for obj in objects if obj.object_name.lower().endswith(tuple(extensions)) and obj.last_modified.date in [intervals[0].date, intervals[1].date] ]
AttributeError: 'NoneType' object has no attribute 'date'
[2024-04-22T17:13:57.165+0000] {taskinstance.py:1149} INFO - Marking task as FAILED. dag_id=pipeline_eq, task_id=read_equipements, execution_date=20240317T000000, start_date=20240422T171355, end_date=20240422T171357
[2024-04-22T17:13:57.176+0000] {standard_task_runner.py:107} ERROR - Failed to execute job 78 for task read_equipements ('NoneType' object has no attribute 'date'; 183914)
[2024-04-22T17:13:57.222+0000] {local_task_job_runner.py:234} INFO - Task exited with return code 1
[2024-04-22T17:13:57.238+0000] {taskinstance.py:3312} INFO - 0 downstream tasks scheduled from follow-on schedule check
[2024-04-22T18:18:09.019+0000] {taskinstance.py:1979} INFO - Dependencies all met for dep_context=non-requeueable deps ti=<TaskInstance: pipeline_eq.read_equipements scheduled__2024-03-17T00:00:00+00:00 [queued]>
[2024-04-22T18:18:09.025+0000] {taskinstance.py:1979} INFO - Dependencies all met for dep_context=requeueable deps ti=<TaskInstance: pipeline_eq.read_equipements scheduled__2024-03-17T00:00:00+00:00 [queued]>
[2024-04-22T18:18:09.026+0000] {taskinstance.py:2193} INFO - Starting attempt 1 of 1
[2024-04-22T18:18:09.038+0000] {taskinstance.py:2217} INFO - Executing <Task(_PythonDecoratedOperator): read_equipements> on 2024-03-17 00:00:00+00:00
[2024-04-22T18:18:09.041+0000] {standard_task_runner.py:60} INFO - Started process 236588 to run task
[2024-04-22T18:18:09.043+0000] {standard_task_runner.py:87} INFO - Running: ['airflow', 'tasks', 'run', 'pipeline_eq', 'read_equipements', 'scheduled__2024-03-17T00:00:00+00:00', '--job-id', '111', '--raw', '--subdir', 'DAGS_FOLDER/kbs/custom_dags/pipeline_eq.py', '--cfg-path', '/tmp/tmpexallmhb']
[2024-04-22T18:18:09.044+0000] {standard_task_runner.py:88} INFO - Job 111: Subtask read_equipements
[2024-04-22T18:18:09.070+0000] {task_command.py:423} INFO - Running <TaskInstance: pipeline_eq.read_equipements scheduled__2024-03-17T00:00:00+00:00 [running]> on host datalab-yasmine
[2024-04-22T18:18:09.119+0000] {logging_mixin.py:188} WARNING - /home/yasmine/.local/share/virtualenvs/knowledge-base-siaap-WvBZnYs-/lib/python3.8/site-packages/airflow/utils/context.py:207 AirflowContextDeprecationWarning: Accessing 'execution_date' from the template is deprecated and will be removed in a future version. Please use 'data_interval_start' or 'logical_date' instead.
[2024-04-22T18:18:09.142+0000] {taskinstance.py:2513} INFO - Exporting env vars: AIRFLOW_CTX_DAG_OWNER='airflow' AIRFLOW_CTX_DAG_ID='pipeline_eq' AIRFLOW_CTX_TASK_ID='read_equipements' AIRFLOW_CTX_EXECUTION_DATE='2024-03-17T00:00:00+00:00' AIRFLOW_CTX_TRY_NUMBER='1' AIRFLOW_CTX_DAG_RUN_ID='scheduled__2024-03-17T00:00:00+00:00'
[2024-04-22T18:18:09.143+0000] {pipeline_eq.py:53} INFO - start to get objects in minio
[2024-04-22T18:18:09.143+0000] {logging_mixin.py:188} INFO - intervals is ['2024-03-17 00:00:00+00:00', '2024-03-17 00:00:00+00:00']
[2024-04-22T18:18:11.210+0000] {python.py:202} INFO - Done. Returned value was: []
[2024-04-22T18:18:11.228+0000] {taskinstance.py:1149} INFO - Marking task as SUCCESS. dag_id=pipeline_eq, task_id=read_equipements, execution_date=20240317T000000, start_date=20240422T181809, end_date=20240422T181811
[2024-04-22T18:18:11.262+0000] {local_task_job_runner.py:234} INFO - Task exited with return code 0
[2024-04-22T18:18:11.285+0000] {abstractoperator.py:567} INFO - Marking <TaskInstance: pipeline_eq.push_in_redis scheduled__2024-03-17T00:00:00+00:00 [None]> as SKIPPED since the map has 0 values to expand
[2024-04-22T18:18:11.290+0000] {taskinstance.py:3312} INFO - 0 downstream tasks scheduled from follow-on schedule check
