[2024-04-22T19:36:53.424+0000] {taskinstance.py:1979} INFO - Dependencies all met for dep_context=non-requeueable deps ti=<TaskInstance: pipeline_eq.gen_dates scheduled__2024-03-02T00:00:00+00:00 [queued]>
[2024-04-22T19:36:53.432+0000] {taskinstance.py:1979} INFO - Dependencies all met for dep_context=requeueable deps ti=<TaskInstance: pipeline_eq.gen_dates scheduled__2024-03-02T00:00:00+00:00 [queued]>
[2024-04-22T19:36:53.432+0000] {taskinstance.py:2193} INFO - Starting attempt 1 of 1
[2024-04-22T19:36:53.443+0000] {taskinstance.py:2217} INFO - Executing <Task(_PythonDecoratedOperator): gen_dates> on 2024-03-02 00:00:00+00:00
[2024-04-22T19:36:53.448+0000] {standard_task_runner.py:60} INFO - Started process 306626 to run task
[2024-04-22T19:36:53.450+0000] {standard_task_runner.py:87} INFO - Running: ['airflow', 'tasks', 'run', 'pipeline_eq', 'gen_dates', 'scheduled__2024-03-02T00:00:00+00:00', '--job-id', '192', '--raw', '--subdir', 'DAGS_FOLDER/kbs/custom_dags/pipeline_eq.py', '--cfg-path', '/tmp/tmp52mzkseu']
[2024-04-22T19:36:53.451+0000] {standard_task_runner.py:88} INFO - Job 192: Subtask gen_dates
[2024-04-22T19:36:53.479+0000] {task_command.py:423} INFO - Running <TaskInstance: pipeline_eq.gen_dates scheduled__2024-03-02T00:00:00+00:00 [running]> on host datalab-yasmine
[2024-04-22T19:36:53.510+0000] {logging_mixin.py:188} WARNING - /home/yasmine/.local/share/virtualenvs/knowledge-base-siaap-WvBZnYs-/lib/python3.8/site-packages/airflow/utils/context.py:207 AirflowContextDeprecationWarning: Accessing 'execution_date' from the template is deprecated and will be removed in a future version. Please use 'data_interval_start' or 'logical_date' instead.
[2024-04-22T19:36:53.534+0000] {taskinstance.py:2513} INFO - Exporting env vars: AIRFLOW_CTX_DAG_OWNER='airflow' AIRFLOW_CTX_DAG_ID='pipeline_eq' AIRFLOW_CTX_TASK_ID='gen_dates' AIRFLOW_CTX_EXECUTION_DATE='2024-03-02T00:00:00+00:00' AIRFLOW_CTX_TRY_NUMBER='1' AIRFLOW_CTX_DAG_RUN_ID='scheduled__2024-03-02T00:00:00+00:00'
[2024-04-22T19:36:53.535+0000] {rw.py:83} INFO - Starting to save files into Minio
[2024-04-22T19:36:55.750+0000] {python.py:202} INFO - Done. Returned value was: dates_20240302 00:00:00+00:00
[2024-04-22T19:36:55.764+0000] {taskinstance.py:1149} INFO - Marking task as SUCCESS. dag_id=pipeline_eq, task_id=gen_dates, execution_date=20240302T000000, start_date=20240422T193653, end_date=20240422T193655
[2024-04-22T19:36:55.788+0000] {local_task_job_runner.py:234} INFO - Task exited with return code 0
[2024-04-22T19:36:55.805+0000] {taskinstance.py:3312} INFO - 0 downstream tasks scheduled from follow-on schedule check
[2024-04-23T10:28:59.894+0000] {taskinstance.py:1979} INFO - Dependencies all met for dep_context=non-requeueable deps ti=<TaskInstance: pipeline_eq.gen_dates scheduled__2024-03-02T00:00:00+00:00 [queued]>
[2024-04-23T10:28:59.901+0000] {taskinstance.py:1979} INFO - Dependencies all met for dep_context=requeueable deps ti=<TaskInstance: pipeline_eq.gen_dates scheduled__2024-03-02T00:00:00+00:00 [queued]>
[2024-04-23T10:28:59.901+0000] {taskinstance.py:2193} INFO - Starting attempt 1 of 1
[2024-04-23T10:28:59.913+0000] {taskinstance.py:2217} INFO - Executing <Task(_PythonDecoratedOperator): gen_dates> on 2024-03-02 00:00:00+00:00
[2024-04-23T10:28:59.916+0000] {standard_task_runner.py:60} INFO - Started process 23820 to run task
[2024-04-23T10:28:59.918+0000] {standard_task_runner.py:87} INFO - Running: ['airflow', 'tasks', 'run', 'pipeline_eq', 'gen_dates', 'scheduled__2024-03-02T00:00:00+00:00', '--job-id', '199', '--raw', '--subdir', 'DAGS_FOLDER/kbs/custom_dags/pipeline_eq.py', '--cfg-path', '/tmp/tmpcy8_n3am']
[2024-04-23T10:28:59.919+0000] {standard_task_runner.py:88} INFO - Job 199: Subtask gen_dates
[2024-04-23T10:28:59.943+0000] {task_command.py:423} INFO - Running <TaskInstance: pipeline_eq.gen_dates scheduled__2024-03-02T00:00:00+00:00 [running]> on host datalab-yasmine
[2024-04-23T10:28:59.966+0000] {logging_mixin.py:188} WARNING - /home/yasmine/.local/share/virtualenvs/knowledge-base-siaap-WvBZnYs-/lib/python3.8/site-packages/airflow/utils/context.py:207 AirflowContextDeprecationWarning: Accessing 'execution_date' from the template is deprecated and will be removed in a future version. Please use 'data_interval_start' or 'logical_date' instead.
[2024-04-23T10:28:59.985+0000] {taskinstance.py:2513} INFO - Exporting env vars: AIRFLOW_CTX_DAG_OWNER='airflow' AIRFLOW_CTX_DAG_ID='pipeline_eq' AIRFLOW_CTX_TASK_ID='gen_dates' AIRFLOW_CTX_EXECUTION_DATE='2024-03-02T00:00:00+00:00' AIRFLOW_CTX_TRY_NUMBER='1' AIRFLOW_CTX_DAG_RUN_ID='scheduled__2024-03-02T00:00:00+00:00'
[2024-04-23T10:28:59.986+0000] {rw.py:82} INFO - Starting to save files into Minio
[2024-04-23T10:29:01.323+0000] {python.py:202} INFO - Done. Returned value was: dates_20240302 00:00:00+00:00
[2024-04-23T10:29:01.343+0000] {taskinstance.py:1149} INFO - Marking task as SUCCESS. dag_id=pipeline_eq, task_id=gen_dates, execution_date=20240302T000000, start_date=20240423T102859, end_date=20240423T102901
[2024-04-23T10:29:01.377+0000] {local_task_job_runner.py:234} INFO - Task exited with return code 0
[2024-04-23T10:29:01.391+0000] {taskinstance.py:3312} INFO - 0 downstream tasks scheduled from follow-on schedule check
[2024-04-23T10:37:07.605+0000] {taskinstance.py:1979} INFO - Dependencies all met for dep_context=non-requeueable deps ti=<TaskInstance: pipeline_eq.gen_dates scheduled__2024-03-02T00:00:00+00:00 [queued]>
[2024-04-23T10:37:07.611+0000] {taskinstance.py:1979} INFO - Dependencies all met for dep_context=requeueable deps ti=<TaskInstance: pipeline_eq.gen_dates scheduled__2024-03-02T00:00:00+00:00 [queued]>
[2024-04-23T10:37:07.612+0000] {taskinstance.py:2193} INFO - Starting attempt 1 of 1
[2024-04-23T10:37:07.623+0000] {taskinstance.py:2217} INFO - Executing <Task(_PythonDecoratedOperator): gen_dates> on 2024-03-02 00:00:00+00:00
[2024-04-23T10:37:07.626+0000] {standard_task_runner.py:60} INFO - Started process 30665 to run task
[2024-04-23T10:37:07.628+0000] {standard_task_runner.py:87} INFO - Running: ['airflow', 'tasks', 'run', 'pipeline_eq', 'gen_dates', 'scheduled__2024-03-02T00:00:00+00:00', '--job-id', '203', '--raw', '--subdir', 'DAGS_FOLDER/kbs/custom_dags/pipeline_eq.py', '--cfg-path', '/tmp/tmp6tprg0p4']
[2024-04-23T10:37:07.628+0000] {standard_task_runner.py:88} INFO - Job 203: Subtask gen_dates
[2024-04-23T10:37:07.653+0000] {task_command.py:423} INFO - Running <TaskInstance: pipeline_eq.gen_dates scheduled__2024-03-02T00:00:00+00:00 [running]> on host datalab-yasmine
[2024-04-23T10:37:07.680+0000] {logging_mixin.py:188} WARNING - /home/yasmine/.local/share/virtualenvs/knowledge-base-siaap-WvBZnYs-/lib/python3.8/site-packages/airflow/utils/context.py:207 AirflowContextDeprecationWarning: Accessing 'execution_date' from the template is deprecated and will be removed in a future version. Please use 'data_interval_start' or 'logical_date' instead.
[2024-04-23T10:37:07.697+0000] {taskinstance.py:2513} INFO - Exporting env vars: AIRFLOW_CTX_DAG_OWNER='airflow' AIRFLOW_CTX_DAG_ID='pipeline_eq' AIRFLOW_CTX_TASK_ID='gen_dates' AIRFLOW_CTX_EXECUTION_DATE='2024-03-02T00:00:00+00:00' AIRFLOW_CTX_TRY_NUMBER='1' AIRFLOW_CTX_DAG_RUN_ID='scheduled__2024-03-02T00:00:00+00:00'
[2024-04-23T10:37:07.698+0000] {rw.py:82} INFO - Starting to save files into Minio
[2024-04-23T10:37:10.036+0000] {python.py:202} INFO - Done. Returned value was: dates_20240302 00:00:00+00:00
[2024-04-23T10:37:10.048+0000] {taskinstance.py:1149} INFO - Marking task as SUCCESS. dag_id=pipeline_eq, task_id=gen_dates, execution_date=20240302T000000, start_date=20240423T103707, end_date=20240423T103710
[2024-04-23T10:37:10.090+0000] {local_task_job_runner.py:234} INFO - Task exited with return code 0
[2024-04-23T10:37:10.122+0000] {taskinstance.py:3312} INFO - 0 downstream tasks scheduled from follow-on schedule check
[2024-04-23T10:46:42.603+0000] {taskinstance.py:1979} INFO - Dependencies all met for dep_context=non-requeueable deps ti=<TaskInstance: pipeline_eq.gen_dates scheduled__2024-03-02T00:00:00+00:00 [queued]>
[2024-04-23T10:46:42.610+0000] {taskinstance.py:1979} INFO - Dependencies all met for dep_context=requeueable deps ti=<TaskInstance: pipeline_eq.gen_dates scheduled__2024-03-02T00:00:00+00:00 [queued]>
[2024-04-23T10:46:42.610+0000] {taskinstance.py:2193} INFO - Starting attempt 1 of 1
[2024-04-23T10:46:42.620+0000] {taskinstance.py:2217} INFO - Executing <Task(_PythonDecoratedOperator): gen_dates> on 2024-03-02 00:00:00+00:00
[2024-04-23T10:46:42.623+0000] {standard_task_runner.py:60} INFO - Started process 39051 to run task
[2024-04-23T10:46:42.625+0000] {standard_task_runner.py:87} INFO - Running: ['airflow', 'tasks', 'run', 'pipeline_eq', 'gen_dates', 'scheduled__2024-03-02T00:00:00+00:00', '--job-id', '208', '--raw', '--subdir', 'DAGS_FOLDER/kbs/custom_dags/pipeline_eq.py', '--cfg-path', '/tmp/tmpj8s9wxoe']
[2024-04-23T10:46:42.626+0000] {standard_task_runner.py:88} INFO - Job 208: Subtask gen_dates
[2024-04-23T10:46:42.649+0000] {task_command.py:423} INFO - Running <TaskInstance: pipeline_eq.gen_dates scheduled__2024-03-02T00:00:00+00:00 [running]> on host datalab-yasmine
[2024-04-23T10:46:42.674+0000] {logging_mixin.py:188} WARNING - /home/yasmine/.local/share/virtualenvs/knowledge-base-siaap-WvBZnYs-/lib/python3.8/site-packages/airflow/utils/context.py:207 AirflowContextDeprecationWarning: Accessing 'execution_date' from the template is deprecated and will be removed in a future version. Please use 'data_interval_start' or 'logical_date' instead.
[2024-04-23T10:46:42.691+0000] {taskinstance.py:2513} INFO - Exporting env vars: AIRFLOW_CTX_DAG_OWNER='airflow' AIRFLOW_CTX_DAG_ID='pipeline_eq' AIRFLOW_CTX_TASK_ID='gen_dates' AIRFLOW_CTX_EXECUTION_DATE='2024-03-02T00:00:00+00:00' AIRFLOW_CTX_TRY_NUMBER='1' AIRFLOW_CTX_DAG_RUN_ID='scheduled__2024-03-02T00:00:00+00:00'
[2024-04-23T10:46:42.692+0000] {rw.py:82} INFO - Starting to save files into Minio
[2024-04-23T10:46:44.378+0000] {python.py:202} INFO - Done. Returned value was: dates_20240302
[2024-04-23T10:46:44.398+0000] {taskinstance.py:1149} INFO - Marking task as SUCCESS. dag_id=pipeline_eq, task_id=gen_dates, execution_date=20240302T000000, start_date=20240423T104642, end_date=20240423T104644
[2024-04-23T10:46:44.446+0000] {local_task_job_runner.py:234} INFO - Task exited with return code 0
[2024-04-23T10:46:44.464+0000] {taskinstance.py:3312} INFO - 0 downstream tasks scheduled from follow-on schedule check
[2024-04-23T11:04:23.684+0000] {taskinstance.py:1979} INFO - Dependencies all met for dep_context=non-requeueable deps ti=<TaskInstance: pipeline_eq.gen_dates scheduled__2024-03-02T00:00:00+00:00 [queued]>
[2024-04-23T11:04:23.690+0000] {taskinstance.py:1979} INFO - Dependencies all met for dep_context=requeueable deps ti=<TaskInstance: pipeline_eq.gen_dates scheduled__2024-03-02T00:00:00+00:00 [queued]>
[2024-04-23T11:04:23.690+0000] {taskinstance.py:2193} INFO - Starting attempt 1 of 1
[2024-04-23T11:04:23.701+0000] {taskinstance.py:2217} INFO - Executing <Task(_PythonDecoratedOperator): gen_dates> on 2024-03-02 00:00:00+00:00
[2024-04-23T11:04:23.705+0000] {standard_task_runner.py:60} INFO - Started process 56085 to run task
[2024-04-23T11:04:23.708+0000] {standard_task_runner.py:87} INFO - Running: ['airflow', 'tasks', 'run', 'pipeline_eq', 'gen_dates', 'scheduled__2024-03-02T00:00:00+00:00', '--job-id', '218', '--raw', '--subdir', 'DAGS_FOLDER/kbs/custom_dags/pipeline_eq.py', '--cfg-path', '/tmp/tmp9hwui7dg']
[2024-04-23T11:04:23.709+0000] {standard_task_runner.py:88} INFO - Job 218: Subtask gen_dates
[2024-04-23T11:04:23.733+0000] {task_command.py:423} INFO - Running <TaskInstance: pipeline_eq.gen_dates scheduled__2024-03-02T00:00:00+00:00 [running]> on host datalab-yasmine
[2024-04-23T11:04:23.760+0000] {logging_mixin.py:188} WARNING - /home/yasmine/.local/share/virtualenvs/knowledge-base-siaap-WvBZnYs-/lib/python3.8/site-packages/airflow/utils/context.py:207 AirflowContextDeprecationWarning: Accessing 'execution_date' from the template is deprecated and will be removed in a future version. Please use 'data_interval_start' or 'logical_date' instead.
[2024-04-23T11:04:23.776+0000] {taskinstance.py:2513} INFO - Exporting env vars: AIRFLOW_CTX_DAG_OWNER='airflow' AIRFLOW_CTX_DAG_ID='pipeline_eq' AIRFLOW_CTX_TASK_ID='gen_dates' AIRFLOW_CTX_EXECUTION_DATE='2024-03-02T00:00:00+00:00' AIRFLOW_CTX_TRY_NUMBER='1' AIRFLOW_CTX_DAG_RUN_ID='scheduled__2024-03-02T00:00:00+00:00'
[2024-04-23T11:04:23.777+0000] {rw.py:82} INFO - Starting to save files into Minio
[2024-04-23T11:04:25.646+0000] {python.py:202} INFO - Done. Returned value was: dates_20240302
[2024-04-23T11:04:25.660+0000] {taskinstance.py:1149} INFO - Marking task as SUCCESS. dag_id=pipeline_eq, task_id=gen_dates, execution_date=20240302T000000, start_date=20240423T110423, end_date=20240423T110425
[2024-04-23T11:04:25.686+0000] {local_task_job_runner.py:234} INFO - Task exited with return code 0
[2024-04-23T11:04:25.797+0000] {taskinstance.py:3312} INFO - 0 downstream tasks scheduled from follow-on schedule check
[2024-04-23T11:15:45.197+0000] {taskinstance.py:1979} INFO - Dependencies all met for dep_context=non-requeueable deps ti=<TaskInstance: pipeline_eq.gen_dates scheduled__2024-03-02T00:00:00+00:00 [queued]>
[2024-04-23T11:15:45.204+0000] {taskinstance.py:1979} INFO - Dependencies all met for dep_context=requeueable deps ti=<TaskInstance: pipeline_eq.gen_dates scheduled__2024-03-02T00:00:00+00:00 [queued]>
[2024-04-23T11:15:45.204+0000] {taskinstance.py:2193} INFO - Starting attempt 1 of 1
[2024-04-23T11:15:45.217+0000] {taskinstance.py:2217} INFO - Executing <Task(_PythonDecoratedOperator): gen_dates> on 2024-03-02 00:00:00+00:00
[2024-04-23T11:15:45.220+0000] {standard_task_runner.py:60} INFO - Started process 68156 to run task
[2024-04-23T11:15:45.222+0000] {standard_task_runner.py:87} INFO - Running: ['airflow', 'tasks', 'run', 'pipeline_eq', 'gen_dates', 'scheduled__2024-03-02T00:00:00+00:00', '--job-id', '227', '--raw', '--subdir', 'DAGS_FOLDER/kbs/custom_dags/pipeline_eq.py', '--cfg-path', '/tmp/tmpoormqhao']
[2024-04-23T11:15:45.223+0000] {standard_task_runner.py:88} INFO - Job 227: Subtask gen_dates
[2024-04-23T11:15:45.249+0000] {task_command.py:423} INFO - Running <TaskInstance: pipeline_eq.gen_dates scheduled__2024-03-02T00:00:00+00:00 [running]> on host datalab-yasmine
[2024-04-23T11:15:45.274+0000] {logging_mixin.py:188} WARNING - /home/yasmine/.local/share/virtualenvs/knowledge-base-siaap-WvBZnYs-/lib/python3.8/site-packages/airflow/utils/context.py:207 AirflowContextDeprecationWarning: Accessing 'execution_date' from the template is deprecated and will be removed in a future version. Please use 'data_interval_start' or 'logical_date' instead.
[2024-04-23T11:15:45.394+0000] {taskinstance.py:2513} INFO - Exporting env vars: AIRFLOW_CTX_DAG_OWNER='airflow' AIRFLOW_CTX_DAG_ID='pipeline_eq' AIRFLOW_CTX_TASK_ID='gen_dates' AIRFLOW_CTX_EXECUTION_DATE='2024-03-02T00:00:00+00:00' AIRFLOW_CTX_TRY_NUMBER='1' AIRFLOW_CTX_DAG_RUN_ID='scheduled__2024-03-02T00:00:00+00:00'
[2024-04-23T11:15:45.395+0000] {rw.py:84} INFO - Starting to save files into Minio
[2024-04-23T11:15:47.500+0000] {python.py:202} INFO - Done. Returned value was: dates_20240302
[2024-04-23T11:15:47.512+0000] {taskinstance.py:1149} INFO - Marking task as SUCCESS. dag_id=pipeline_eq, task_id=gen_dates, execution_date=20240302T000000, start_date=20240423T111545, end_date=20240423T111547
[2024-04-23T11:15:47.563+0000] {local_task_job_runner.py:234} INFO - Task exited with return code 0
[2024-04-23T11:15:47.589+0000] {taskinstance.py:3312} INFO - 0 downstream tasks scheduled from follow-on schedule check
[2024-04-23T11:17:51.645+0000] {taskinstance.py:1979} INFO - Dependencies all met for dep_context=non-requeueable deps ti=<TaskInstance: pipeline_eq.gen_dates scheduled__2024-03-02T00:00:00+00:00 [queued]>
[2024-04-23T11:17:51.651+0000] {taskinstance.py:1979} INFO - Dependencies all met for dep_context=requeueable deps ti=<TaskInstance: pipeline_eq.gen_dates scheduled__2024-03-02T00:00:00+00:00 [queued]>
[2024-04-23T11:17:51.651+0000] {taskinstance.py:2193} INFO - Starting attempt 1 of 1
[2024-04-23T11:17:51.664+0000] {taskinstance.py:2217} INFO - Executing <Task(_PythonDecoratedOperator): gen_dates> on 2024-03-02 00:00:00+00:00
[2024-04-23T11:17:51.669+0000] {standard_task_runner.py:60} INFO - Started process 71032 to run task
[2024-04-23T11:17:51.672+0000] {standard_task_runner.py:87} INFO - Running: ['airflow', 'tasks', 'run', 'pipeline_eq', 'gen_dates', 'scheduled__2024-03-02T00:00:00+00:00', '--job-id', '232', '--raw', '--subdir', 'DAGS_FOLDER/kbs/custom_dags/pipeline_eq.py', '--cfg-path', '/tmp/tmpjz3mwhrv']
[2024-04-23T11:17:51.673+0000] {standard_task_runner.py:88} INFO - Job 232: Subtask gen_dates
[2024-04-23T11:17:51.697+0000] {task_command.py:423} INFO - Running <TaskInstance: pipeline_eq.gen_dates scheduled__2024-03-02T00:00:00+00:00 [running]> on host datalab-yasmine
[2024-04-23T11:17:51.720+0000] {logging_mixin.py:188} WARNING - /home/yasmine/.local/share/virtualenvs/knowledge-base-siaap-WvBZnYs-/lib/python3.8/site-packages/airflow/utils/context.py:207 AirflowContextDeprecationWarning: Accessing 'execution_date' from the template is deprecated and will be removed in a future version. Please use 'data_interval_start' or 'logical_date' instead.
[2024-04-23T11:17:51.840+0000] {taskinstance.py:2513} INFO - Exporting env vars: AIRFLOW_CTX_DAG_OWNER='airflow' AIRFLOW_CTX_DAG_ID='pipeline_eq' AIRFLOW_CTX_TASK_ID='gen_dates' AIRFLOW_CTX_EXECUTION_DATE='2024-03-02T00:00:00+00:00' AIRFLOW_CTX_TRY_NUMBER='1' AIRFLOW_CTX_DAG_RUN_ID='scheduled__2024-03-02T00:00:00+00:00'
[2024-04-23T11:17:51.841+0000] {rw.py:84} INFO - Starting to save files into Minio
[2024-04-23T11:17:53.420+0000] {python.py:202} INFO - Done. Returned value was: dates_20240302
[2024-04-23T11:17:53.432+0000] {taskinstance.py:1149} INFO - Marking task as SUCCESS. dag_id=pipeline_eq, task_id=gen_dates, execution_date=20240302T000000, start_date=20240423T111751, end_date=20240423T111753
[2024-04-23T11:17:53.450+0000] {local_task_job_runner.py:234} INFO - Task exited with return code 0
[2024-04-23T11:17:53.475+0000] {taskinstance.py:3312} INFO - 0 downstream tasks scheduled from follow-on schedule check
[2024-04-23T11:23:23.457+0000] {taskinstance.py:1979} INFO - Dependencies all met for dep_context=non-requeueable deps ti=<TaskInstance: pipeline_eq.gen_dates scheduled__2024-03-02T00:00:00+00:00 [queued]>
[2024-04-23T11:23:23.463+0000] {taskinstance.py:1979} INFO - Dependencies all met for dep_context=requeueable deps ti=<TaskInstance: pipeline_eq.gen_dates scheduled__2024-03-02T00:00:00+00:00 [queued]>
[2024-04-23T11:23:23.463+0000] {taskinstance.py:2193} INFO - Starting attempt 1 of 1
[2024-04-23T11:23:23.474+0000] {taskinstance.py:2217} INFO - Executing <Task(_PythonDecoratedOperator): gen_dates> on 2024-03-02 00:00:00+00:00
[2024-04-23T11:23:23.479+0000] {standard_task_runner.py:60} INFO - Started process 79370 to run task
[2024-04-23T11:23:23.481+0000] {standard_task_runner.py:87} INFO - Running: ['airflow', 'tasks', 'run', 'pipeline_eq', 'gen_dates', 'scheduled__2024-03-02T00:00:00+00:00', '--job-id', '260', '--raw', '--subdir', 'DAGS_FOLDER/kbs/custom_dags/pipeline_eq.py', '--cfg-path', '/tmp/tmpfryoptg7']
[2024-04-23T11:23:23.481+0000] {standard_task_runner.py:88} INFO - Job 260: Subtask gen_dates
[2024-04-23T11:23:23.508+0000] {task_command.py:423} INFO - Running <TaskInstance: pipeline_eq.gen_dates scheduled__2024-03-02T00:00:00+00:00 [running]> on host datalab-yasmine
[2024-04-23T11:23:23.533+0000] {logging_mixin.py:188} WARNING - /home/yasmine/.local/share/virtualenvs/knowledge-base-siaap-WvBZnYs-/lib/python3.8/site-packages/airflow/utils/context.py:207 AirflowContextDeprecationWarning: Accessing 'execution_date' from the template is deprecated and will be removed in a future version. Please use 'data_interval_start' or 'logical_date' instead.
[2024-04-23T11:23:23.649+0000] {taskinstance.py:2513} INFO - Exporting env vars: AIRFLOW_CTX_DAG_OWNER='airflow' AIRFLOW_CTX_DAG_ID='pipeline_eq' AIRFLOW_CTX_TASK_ID='gen_dates' AIRFLOW_CTX_EXECUTION_DATE='2024-03-02T00:00:00+00:00' AIRFLOW_CTX_TRY_NUMBER='1' AIRFLOW_CTX_DAG_RUN_ID='scheduled__2024-03-02T00:00:00+00:00'
[2024-04-23T11:23:23.649+0000] {logging_mixin.py:188} INFO - {'start': '2024-03-02 00:00:00+00:00', 'end': '2024-04-23 11:23:23'}
[2024-04-23T11:23:23.649+0000] {rw.py:84} INFO - Starting to save files into Minio
[2024-04-23T11:23:25.211+0000] {connectionpool.py:874} WARNING - Retrying (Retry(total=4, connect=None, read=None, redirect=None, status=None)) after connection broken by 'RemoteDisconnected('Remote end closed connection without response')': /intervalles?location=
[2024-04-23T11:23:26.952+0000] {python.py:202} INFO - Done. Returned value was: dates_20240302
[2024-04-23T11:23:26.964+0000] {taskinstance.py:1149} INFO - Marking task as SUCCESS. dag_id=pipeline_eq, task_id=gen_dates, execution_date=20240302T000000, start_date=20240423T112323, end_date=20240423T112326
[2024-04-23T11:23:26.986+0000] {local_task_job_runner.py:234} INFO - Task exited with return code 0
[2024-04-23T11:23:27.000+0000] {taskinstance.py:3312} INFO - 0 downstream tasks scheduled from follow-on schedule check
