[2024-04-22T19:37:09.525+0000] {taskinstance.py:1979} INFO - Dependencies all met for dep_context=non-requeueable deps ti=<TaskInstance: pipeline_eq.gen_dates scheduled__2024-03-04T00:00:00+00:00 [queued]>
[2024-04-22T19:37:09.532+0000] {taskinstance.py:1979} INFO - Dependencies all met for dep_context=requeueable deps ti=<TaskInstance: pipeline_eq.gen_dates scheduled__2024-03-04T00:00:00+00:00 [queued]>
[2024-04-22T19:37:09.533+0000] {taskinstance.py:2193} INFO - Starting attempt 1 of 1
[2024-04-22T19:37:09.544+0000] {taskinstance.py:2217} INFO - Executing <Task(_PythonDecoratedOperator): gen_dates> on 2024-03-04 00:00:00+00:00
[2024-04-22T19:37:09.549+0000] {standard_task_runner.py:60} INFO - Started process 307084 to run task
[2024-04-22T19:37:09.551+0000] {standard_task_runner.py:87} INFO - Running: ['airflow', 'tasks', 'run', 'pipeline_eq', 'gen_dates', 'scheduled__2024-03-04T00:00:00+00:00', '--job-id', '195', '--raw', '--subdir', 'DAGS_FOLDER/kbs/custom_dags/pipeline_eq.py', '--cfg-path', '/tmp/tmprt906gbz']
[2024-04-22T19:37:09.552+0000] {standard_task_runner.py:88} INFO - Job 195: Subtask gen_dates
[2024-04-22T19:37:09.581+0000] {task_command.py:423} INFO - Running <TaskInstance: pipeline_eq.gen_dates scheduled__2024-03-04T00:00:00+00:00 [running]> on host datalab-yasmine
[2024-04-22T19:37:09.614+0000] {logging_mixin.py:188} WARNING - /home/yasmine/.local/share/virtualenvs/knowledge-base-siaap-WvBZnYs-/lib/python3.8/site-packages/airflow/utils/context.py:207 AirflowContextDeprecationWarning: Accessing 'execution_date' from the template is deprecated and will be removed in a future version. Please use 'data_interval_start' or 'logical_date' instead.
[2024-04-22T19:37:09.637+0000] {taskinstance.py:2513} INFO - Exporting env vars: AIRFLOW_CTX_DAG_OWNER='airflow' AIRFLOW_CTX_DAG_ID='pipeline_eq' AIRFLOW_CTX_TASK_ID='gen_dates' AIRFLOW_CTX_EXECUTION_DATE='2024-03-04T00:00:00+00:00' AIRFLOW_CTX_TRY_NUMBER='1' AIRFLOW_CTX_DAG_RUN_ID='scheduled__2024-03-04T00:00:00+00:00'
[2024-04-22T19:37:09.638+0000] {rw.py:83} INFO - Starting to save files into Minio
[2024-04-22T19:37:12.099+0000] {python.py:202} INFO - Done. Returned value was: dates_20240304 00:00:00+00:00
[2024-04-22T19:37:12.115+0000] {taskinstance.py:1149} INFO - Marking task as SUCCESS. dag_id=pipeline_eq, task_id=gen_dates, execution_date=20240304T000000, start_date=20240422T193709, end_date=20240422T193712
[2024-04-22T19:37:12.171+0000] {local_task_job_runner.py:234} INFO - Task exited with return code 0
[2024-04-22T19:37:12.188+0000] {taskinstance.py:3312} INFO - 0 downstream tasks scheduled from follow-on schedule check
[2024-04-23T10:37:42.219+0000] {taskinstance.py:1979} INFO - Dependencies all met for dep_context=non-requeueable deps ti=<TaskInstance: pipeline_eq.gen_dates scheduled__2024-03-04T00:00:00+00:00 [queued]>
[2024-04-23T10:37:42.225+0000] {taskinstance.py:1979} INFO - Dependencies all met for dep_context=requeueable deps ti=<TaskInstance: pipeline_eq.gen_dates scheduled__2024-03-04T00:00:00+00:00 [queued]>
[2024-04-23T10:37:42.225+0000] {taskinstance.py:2193} INFO - Starting attempt 1 of 1
[2024-04-23T10:37:42.236+0000] {taskinstance.py:2217} INFO - Executing <Task(_PythonDecoratedOperator): gen_dates> on 2024-03-04 00:00:00+00:00
[2024-04-23T10:37:42.239+0000] {standard_task_runner.py:60} INFO - Started process 31546 to run task
[2024-04-23T10:37:42.241+0000] {standard_task_runner.py:87} INFO - Running: ['airflow', 'tasks', 'run', 'pipeline_eq', 'gen_dates', 'scheduled__2024-03-04T00:00:00+00:00', '--job-id', '206', '--raw', '--subdir', 'DAGS_FOLDER/kbs/custom_dags/pipeline_eq.py', '--cfg-path', '/tmp/tmp931_jcl6']
[2024-04-23T10:37:42.242+0000] {standard_task_runner.py:88} INFO - Job 206: Subtask gen_dates
[2024-04-23T10:37:42.262+0000] {task_command.py:423} INFO - Running <TaskInstance: pipeline_eq.gen_dates scheduled__2024-03-04T00:00:00+00:00 [running]> on host datalab-yasmine
[2024-04-23T10:37:42.285+0000] {logging_mixin.py:188} WARNING - /home/yasmine/.local/share/virtualenvs/knowledge-base-siaap-WvBZnYs-/lib/python3.8/site-packages/airflow/utils/context.py:207 AirflowContextDeprecationWarning: Accessing 'execution_date' from the template is deprecated and will be removed in a future version. Please use 'data_interval_start' or 'logical_date' instead.
[2024-04-23T10:37:42.302+0000] {taskinstance.py:2513} INFO - Exporting env vars: AIRFLOW_CTX_DAG_OWNER='airflow' AIRFLOW_CTX_DAG_ID='pipeline_eq' AIRFLOW_CTX_TASK_ID='gen_dates' AIRFLOW_CTX_EXECUTION_DATE='2024-03-04T00:00:00+00:00' AIRFLOW_CTX_TRY_NUMBER='1' AIRFLOW_CTX_DAG_RUN_ID='scheduled__2024-03-04T00:00:00+00:00'
[2024-04-23T10:37:42.303+0000] {rw.py:82} INFO - Starting to save files into Minio
[2024-04-23T10:37:44.422+0000] {python.py:202} INFO - Done. Returned value was: dates_20240304 00:00:00+00:00
[2024-04-23T10:37:44.436+0000] {taskinstance.py:1149} INFO - Marking task as SUCCESS. dag_id=pipeline_eq, task_id=gen_dates, execution_date=20240304T000000, start_date=20240423T103742, end_date=20240423T103744
[2024-04-23T10:37:44.462+0000] {local_task_job_runner.py:234} INFO - Task exited with return code 0
[2024-04-23T10:37:44.478+0000] {taskinstance.py:3312} INFO - 0 downstream tasks scheduled from follow-on schedule check
[2024-04-23T10:52:57.833+0000] {taskinstance.py:1979} INFO - Dependencies all met for dep_context=non-requeueable deps ti=<TaskInstance: pipeline_eq.gen_dates scheduled__2024-03-04T00:00:00+00:00 [queued]>
[2024-04-23T10:52:57.837+0000] {taskinstance.py:1979} INFO - Dependencies all met for dep_context=requeueable deps ti=<TaskInstance: pipeline_eq.gen_dates scheduled__2024-03-04T00:00:00+00:00 [queued]>
[2024-04-23T10:52:57.838+0000] {taskinstance.py:2193} INFO - Starting attempt 1 of 1
[2024-04-23T10:52:57.850+0000] {taskinstance.py:2217} INFO - Executing <Task(_PythonDecoratedOperator): gen_dates> on 2024-03-04 00:00:00+00:00
[2024-04-23T10:52:57.853+0000] {standard_task_runner.py:60} INFO - Started process 44773 to run task
[2024-04-23T10:52:57.854+0000] {standard_task_runner.py:87} INFO - Running: ['airflow', 'tasks', 'run', 'pipeline_eq', 'gen_dates', 'scheduled__2024-03-04T00:00:00+00:00', '--job-id', '211', '--raw', '--subdir', 'DAGS_FOLDER/kbs/custom_dags/pipeline_eq.py', '--cfg-path', '/tmp/tmpdhhcfhlq']
[2024-04-23T10:52:57.855+0000] {standard_task_runner.py:88} INFO - Job 211: Subtask gen_dates
[2024-04-23T10:52:57.880+0000] {task_command.py:423} INFO - Running <TaskInstance: pipeline_eq.gen_dates scheduled__2024-03-04T00:00:00+00:00 [running]> on host datalab-yasmine
[2024-04-23T10:52:57.904+0000] {logging_mixin.py:188} WARNING - /home/yasmine/.local/share/virtualenvs/knowledge-base-siaap-WvBZnYs-/lib/python3.8/site-packages/airflow/utils/context.py:207 AirflowContextDeprecationWarning: Accessing 'execution_date' from the template is deprecated and will be removed in a future version. Please use 'data_interval_start' or 'logical_date' instead.
[2024-04-23T10:52:58.019+0000] {taskinstance.py:2513} INFO - Exporting env vars: AIRFLOW_CTX_DAG_OWNER='airflow' AIRFLOW_CTX_DAG_ID='pipeline_eq' AIRFLOW_CTX_TASK_ID='gen_dates' AIRFLOW_CTX_EXECUTION_DATE='2024-03-04T00:00:00+00:00' AIRFLOW_CTX_TRY_NUMBER='1' AIRFLOW_CTX_DAG_RUN_ID='scheduled__2024-03-04T00:00:00+00:00'
[2024-04-23T10:52:58.020+0000] {rw.py:82} INFO - Starting to save files into Minio
[2024-04-23T10:53:00.287+0000] {python.py:202} INFO - Done. Returned value was: dates_20240304
[2024-04-23T10:53:00.302+0000] {taskinstance.py:1149} INFO - Marking task as SUCCESS. dag_id=pipeline_eq, task_id=gen_dates, execution_date=20240304T000000, start_date=20240423T105257, end_date=20240423T105300
[2024-04-23T10:53:00.317+0000] {local_task_job_runner.py:234} INFO - Task exited with return code 0
[2024-04-23T10:53:00.334+0000] {taskinstance.py:3312} INFO - 1 downstream tasks scheduled from follow-on schedule check
[2024-04-23T11:09:36.917+0000] {taskinstance.py:1979} INFO - Dependencies all met for dep_context=non-requeueable deps ti=<TaskInstance: pipeline_eq.gen_dates scheduled__2024-03-04T00:00:00+00:00 [queued]>
[2024-04-23T11:09:36.924+0000] {taskinstance.py:1979} INFO - Dependencies all met for dep_context=requeueable deps ti=<TaskInstance: pipeline_eq.gen_dates scheduled__2024-03-04T00:00:00+00:00 [queued]>
[2024-04-23T11:09:36.924+0000] {taskinstance.py:2193} INFO - Starting attempt 1 of 1
[2024-04-23T11:09:36.935+0000] {taskinstance.py:2217} INFO - Executing <Task(_PythonDecoratedOperator): gen_dates> on 2024-03-04 00:00:00+00:00
[2024-04-23T11:09:36.939+0000] {standard_task_runner.py:60} INFO - Started process 60805 to run task
[2024-04-23T11:09:36.941+0000] {standard_task_runner.py:87} INFO - Running: ['airflow', 'tasks', 'run', 'pipeline_eq', 'gen_dates', 'scheduled__2024-03-04T00:00:00+00:00', '--job-id', '221', '--raw', '--subdir', 'DAGS_FOLDER/kbs/custom_dags/pipeline_eq.py', '--cfg-path', '/tmp/tmpkg9m7cn2']
[2024-04-23T11:09:36.941+0000] {standard_task_runner.py:88} INFO - Job 221: Subtask gen_dates
[2024-04-23T11:09:36.966+0000] {task_command.py:423} INFO - Running <TaskInstance: pipeline_eq.gen_dates scheduled__2024-03-04T00:00:00+00:00 [running]> on host datalab-yasmine
[2024-04-23T11:09:36.992+0000] {logging_mixin.py:188} WARNING - /home/yasmine/.local/share/virtualenvs/knowledge-base-siaap-WvBZnYs-/lib/python3.8/site-packages/airflow/utils/context.py:207 AirflowContextDeprecationWarning: Accessing 'execution_date' from the template is deprecated and will be removed in a future version. Please use 'data_interval_start' or 'logical_date' instead.
[2024-04-23T11:09:37.014+0000] {taskinstance.py:2513} INFO - Exporting env vars: AIRFLOW_CTX_DAG_OWNER='airflow' AIRFLOW_CTX_DAG_ID='pipeline_eq' AIRFLOW_CTX_TASK_ID='gen_dates' AIRFLOW_CTX_EXECUTION_DATE='2024-03-04T00:00:00+00:00' AIRFLOW_CTX_TRY_NUMBER='1' AIRFLOW_CTX_DAG_RUN_ID='scheduled__2024-03-04T00:00:00+00:00'
[2024-04-23T11:09:37.015+0000] {rw.py:82} INFO - Starting to save files into Minio
[2024-04-23T11:09:38.481+0000] {python.py:202} INFO - Done. Returned value was: dates_20240304
[2024-04-23T11:09:38.493+0000] {taskinstance.py:1149} INFO - Marking task as SUCCESS. dag_id=pipeline_eq, task_id=gen_dates, execution_date=20240304T000000, start_date=20240423T110936, end_date=20240423T110938
[2024-04-23T11:09:38.518+0000] {local_task_job_runner.py:234} INFO - Task exited with return code 0
[2024-04-23T11:09:38.627+0000] {taskinstance.py:3312} INFO - 0 downstream tasks scheduled from follow-on schedule check
[2024-04-23T11:19:14.000+0000] {taskinstance.py:1979} INFO - Dependencies all met for dep_context=non-requeueable deps ti=<TaskInstance: pipeline_eq.gen_dates scheduled__2024-03-04T00:00:00+00:00 [queued]>
[2024-04-23T11:19:14.005+0000] {taskinstance.py:1979} INFO - Dependencies all met for dep_context=requeueable deps ti=<TaskInstance: pipeline_eq.gen_dates scheduled__2024-03-04T00:00:00+00:00 [queued]>
[2024-04-23T11:19:14.005+0000] {taskinstance.py:2193} INFO - Starting attempt 1 of 1
[2024-04-23T11:19:14.016+0000] {taskinstance.py:2217} INFO - Executing <Task(_PythonDecoratedOperator): gen_dates> on 2024-03-04 00:00:00+00:00
[2024-04-23T11:19:14.020+0000] {standard_task_runner.py:60} INFO - Started process 73139 to run task
[2024-04-23T11:19:14.022+0000] {standard_task_runner.py:87} INFO - Running: ['airflow', 'tasks', 'run', 'pipeline_eq', 'gen_dates', 'scheduled__2024-03-04T00:00:00+00:00', '--job-id', '237', '--raw', '--subdir', 'DAGS_FOLDER/kbs/custom_dags/pipeline_eq.py', '--cfg-path', '/tmp/tmp6mzt0pxu']
[2024-04-23T11:19:14.023+0000] {standard_task_runner.py:88} INFO - Job 237: Subtask gen_dates
[2024-04-23T11:19:14.047+0000] {task_command.py:423} INFO - Running <TaskInstance: pipeline_eq.gen_dates scheduled__2024-03-04T00:00:00+00:00 [running]> on host datalab-yasmine
[2024-04-23T11:19:14.076+0000] {logging_mixin.py:188} WARNING - /home/yasmine/.local/share/virtualenvs/knowledge-base-siaap-WvBZnYs-/lib/python3.8/site-packages/airflow/utils/context.py:207 AirflowContextDeprecationWarning: Accessing 'execution_date' from the template is deprecated and will be removed in a future version. Please use 'data_interval_start' or 'logical_date' instead.
[2024-04-23T11:19:14.199+0000] {taskinstance.py:2513} INFO - Exporting env vars: AIRFLOW_CTX_DAG_OWNER='airflow' AIRFLOW_CTX_DAG_ID='pipeline_eq' AIRFLOW_CTX_TASK_ID='gen_dates' AIRFLOW_CTX_EXECUTION_DATE='2024-03-04T00:00:00+00:00' AIRFLOW_CTX_TRY_NUMBER='1' AIRFLOW_CTX_DAG_RUN_ID='scheduled__2024-03-04T00:00:00+00:00'
[2024-04-23T11:19:14.200+0000] {rw.py:84} INFO - Starting to save files into Minio
[2024-04-23T11:19:15.868+0000] {python.py:202} INFO - Done. Returned value was: dates_20240304
[2024-04-23T11:19:15.882+0000] {taskinstance.py:1149} INFO - Marking task as SUCCESS. dag_id=pipeline_eq, task_id=gen_dates, execution_date=20240304T000000, start_date=20240423T111914, end_date=20240423T111915
[2024-04-23T11:19:15.922+0000] {local_task_job_runner.py:234} INFO - Task exited with return code 0
[2024-04-23T11:19:15.937+0000] {taskinstance.py:3312} INFO - 1 downstream tasks scheduled from follow-on schedule check
[2024-04-23T11:23:52.681+0000] {taskinstance.py:1979} INFO - Dependencies all met for dep_context=non-requeueable deps ti=<TaskInstance: pipeline_eq.gen_dates scheduled__2024-03-04T00:00:00+00:00 [queued]>
[2024-04-23T11:23:52.686+0000] {taskinstance.py:1979} INFO - Dependencies all met for dep_context=requeueable deps ti=<TaskInstance: pipeline_eq.gen_dates scheduled__2024-03-04T00:00:00+00:00 [queued]>
[2024-04-23T11:23:52.686+0000] {taskinstance.py:2193} INFO - Starting attempt 1 of 1
[2024-04-23T11:23:52.697+0000] {taskinstance.py:2217} INFO - Executing <Task(_PythonDecoratedOperator): gen_dates> on 2024-03-04 00:00:00+00:00
[2024-04-23T11:23:52.701+0000] {standard_task_runner.py:60} INFO - Started process 80066 to run task
[2024-04-23T11:23:52.703+0000] {standard_task_runner.py:87} INFO - Running: ['airflow', 'tasks', 'run', 'pipeline_eq', 'gen_dates', 'scheduled__2024-03-04T00:00:00+00:00', '--job-id', '263', '--raw', '--subdir', 'DAGS_FOLDER/kbs/custom_dags/pipeline_eq.py', '--cfg-path', '/tmp/tmpc1x_ng8u']
[2024-04-23T11:23:52.703+0000] {standard_task_runner.py:88} INFO - Job 263: Subtask gen_dates
[2024-04-23T11:23:52.727+0000] {task_command.py:423} INFO - Running <TaskInstance: pipeline_eq.gen_dates scheduled__2024-03-04T00:00:00+00:00 [running]> on host datalab-yasmine
[2024-04-23T11:23:52.752+0000] {logging_mixin.py:188} WARNING - /home/yasmine/.local/share/virtualenvs/knowledge-base-siaap-WvBZnYs-/lib/python3.8/site-packages/airflow/utils/context.py:207 AirflowContextDeprecationWarning: Accessing 'execution_date' from the template is deprecated and will be removed in a future version. Please use 'data_interval_start' or 'logical_date' instead.
[2024-04-23T11:23:52.876+0000] {taskinstance.py:2513} INFO - Exporting env vars: AIRFLOW_CTX_DAG_OWNER='airflow' AIRFLOW_CTX_DAG_ID='pipeline_eq' AIRFLOW_CTX_TASK_ID='gen_dates' AIRFLOW_CTX_EXECUTION_DATE='2024-03-04T00:00:00+00:00' AIRFLOW_CTX_TRY_NUMBER='1' AIRFLOW_CTX_DAG_RUN_ID='scheduled__2024-03-04T00:00:00+00:00'
[2024-04-23T11:23:52.876+0000] {logging_mixin.py:188} INFO - {'start': '2024-03-04 00:00:00+00:00', 'end': '2024-04-23 11:23:52'}
[2024-04-23T11:23:52.876+0000] {rw.py:84} INFO - Starting to save files into Minio
[2024-04-23T11:23:55.215+0000] {python.py:202} INFO - Done. Returned value was: dates_20240304
[2024-04-23T11:23:55.233+0000] {taskinstance.py:1149} INFO - Marking task as SUCCESS. dag_id=pipeline_eq, task_id=gen_dates, execution_date=20240304T000000, start_date=20240423T112352, end_date=20240423T112355
[2024-04-23T11:23:55.285+0000] {local_task_job_runner.py:234} INFO - Task exited with return code 0
[2024-04-23T11:23:55.300+0000] {taskinstance.py:3312} INFO - 0 downstream tasks scheduled from follow-on schedule check
