[2024-04-23T11:20:54.146+0000] {taskinstance.py:1979} INFO - Dependencies all met for dep_context=non-requeueable deps ti=<TaskInstance: pipeline_eq.gen_dates scheduled__2024-03-11T00:00:00+00:00 [queued]>
[2024-04-23T11:20:54.151+0000] {taskinstance.py:1979} INFO - Dependencies all met for dep_context=requeueable deps ti=<TaskInstance: pipeline_eq.gen_dates scheduled__2024-03-11T00:00:00+00:00 [queued]>
[2024-04-23T11:20:54.151+0000] {taskinstance.py:2193} INFO - Starting attempt 1 of 1
[2024-04-23T11:20:54.164+0000] {taskinstance.py:2217} INFO - Executing <Task(_PythonDecoratedOperator): gen_dates> on 2024-03-11 00:00:00+00:00
[2024-04-23T11:20:54.168+0000] {standard_task_runner.py:60} INFO - Started process 75721 to run task
[2024-04-23T11:20:54.170+0000] {standard_task_runner.py:87} INFO - Running: ['airflow', 'tasks', 'run', 'pipeline_eq', 'gen_dates', 'scheduled__2024-03-11T00:00:00+00:00', '--job-id', '248', '--raw', '--subdir', 'DAGS_FOLDER/kbs/custom_dags/pipeline_eq.py', '--cfg-path', '/tmp/tmp6m94mipx']
[2024-04-23T11:20:54.170+0000] {standard_task_runner.py:88} INFO - Job 248: Subtask gen_dates
[2024-04-23T11:20:54.196+0000] {task_command.py:423} INFO - Running <TaskInstance: pipeline_eq.gen_dates scheduled__2024-03-11T00:00:00+00:00 [running]> on host datalab-yasmine
[2024-04-23T11:20:54.223+0000] {logging_mixin.py:188} WARNING - /home/yasmine/.local/share/virtualenvs/knowledge-base-siaap-WvBZnYs-/lib/python3.8/site-packages/airflow/utils/context.py:207 AirflowContextDeprecationWarning: Accessing 'execution_date' from the template is deprecated and will be removed in a future version. Please use 'data_interval_start' or 'logical_date' instead.
[2024-04-23T11:20:54.337+0000] {taskinstance.py:2513} INFO - Exporting env vars: AIRFLOW_CTX_DAG_OWNER='airflow' AIRFLOW_CTX_DAG_ID='pipeline_eq' AIRFLOW_CTX_TASK_ID='gen_dates' AIRFLOW_CTX_EXECUTION_DATE='2024-03-11T00:00:00+00:00' AIRFLOW_CTX_TRY_NUMBER='1' AIRFLOW_CTX_DAG_RUN_ID='scheduled__2024-03-11T00:00:00+00:00'
[2024-04-23T11:20:54.338+0000] {rw.py:84} INFO - Starting to save files into Minio
[2024-04-23T11:20:57.749+0000] {python.py:202} INFO - Done. Returned value was: dates_20240311
[2024-04-23T11:20:57.766+0000] {taskinstance.py:1149} INFO - Marking task as SUCCESS. dag_id=pipeline_eq, task_id=gen_dates, execution_date=20240311T000000, start_date=20240423T112054, end_date=20240423T112057
[2024-04-23T11:20:57.796+0000] {local_task_job_runner.py:234} INFO - Task exited with return code 0
[2024-04-23T11:20:57.828+0000] {taskinstance.py:3312} INFO - 0 downstream tasks scheduled from follow-on schedule check
[2024-04-23T11:24:26.314+0000] {taskinstance.py:1979} INFO - Dependencies all met for dep_context=non-requeueable deps ti=<TaskInstance: pipeline_eq.gen_dates scheduled__2024-03-11T00:00:00+00:00 [queued]>
[2024-04-23T11:24:26.325+0000] {taskinstance.py:1979} INFO - Dependencies all met for dep_context=requeueable deps ti=<TaskInstance: pipeline_eq.gen_dates scheduled__2024-03-11T00:00:00+00:00 [queued]>
[2024-04-23T11:24:26.325+0000] {taskinstance.py:2193} INFO - Starting attempt 1 of 1
[2024-04-23T11:24:26.338+0000] {taskinstance.py:2217} INFO - Executing <Task(_PythonDecoratedOperator): gen_dates> on 2024-03-11 00:00:00+00:00
[2024-04-23T11:24:26.344+0000] {standard_task_runner.py:60} INFO - Started process 80968 to run task
[2024-04-23T11:24:26.347+0000] {standard_task_runner.py:87} INFO - Running: ['airflow', 'tasks', 'run', 'pipeline_eq', 'gen_dates', 'scheduled__2024-03-11T00:00:00+00:00', '--job-id', '270', '--raw', '--subdir', 'DAGS_FOLDER/kbs/custom_dags/pipeline_eq.py', '--cfg-path', '/tmp/tmpwgmiqhoe']
[2024-04-23T11:24:26.347+0000] {standard_task_runner.py:88} INFO - Job 270: Subtask gen_dates
[2024-04-23T11:24:26.378+0000] {task_command.py:423} INFO - Running <TaskInstance: pipeline_eq.gen_dates scheduled__2024-03-11T00:00:00+00:00 [running]> on host datalab-yasmine
[2024-04-23T11:24:26.403+0000] {logging_mixin.py:188} WARNING - /home/yasmine/.local/share/virtualenvs/knowledge-base-siaap-WvBZnYs-/lib/python3.8/site-packages/airflow/utils/context.py:207 AirflowContextDeprecationWarning: Accessing 'execution_date' from the template is deprecated and will be removed in a future version. Please use 'data_interval_start' or 'logical_date' instead.
[2024-04-23T11:24:26.522+0000] {taskinstance.py:2513} INFO - Exporting env vars: AIRFLOW_CTX_DAG_OWNER='airflow' AIRFLOW_CTX_DAG_ID='pipeline_eq' AIRFLOW_CTX_TASK_ID='gen_dates' AIRFLOW_CTX_EXECUTION_DATE='2024-03-11T00:00:00+00:00' AIRFLOW_CTX_TRY_NUMBER='1' AIRFLOW_CTX_DAG_RUN_ID='scheduled__2024-03-11T00:00:00+00:00'
[2024-04-23T11:24:26.522+0000] {logging_mixin.py:188} INFO - {'start': '2024-03-11 00:00:00+00:00', 'end': '2024-04-23 11:24:26'}
[2024-04-23T11:24:26.523+0000] {rw.py:84} INFO - Starting to save files into Minio
[2024-04-23T11:24:27.857+0000] {python.py:202} INFO - Done. Returned value was: dates_20240311
[2024-04-23T11:24:27.871+0000] {taskinstance.py:1149} INFO - Marking task as SUCCESS. dag_id=pipeline_eq, task_id=gen_dates, execution_date=20240311T000000, start_date=20240423T112426, end_date=20240423T112427
[2024-04-23T11:24:27.885+0000] {local_task_job_runner.py:234} INFO - Task exited with return code 0
[2024-04-23T11:24:27.899+0000] {taskinstance.py:3312} INFO - 0 downstream tasks scheduled from follow-on schedule check
