[2024-04-22T16:40:39.374+0000] {processor.py:161} INFO - Started process (PID=149950) to work on /home/yasmine/.local/share/virtualenvs/knowledge-base-siaap-WvBZnYs-/lib/python3.8/site-packages/airflow/example_dags/subdags/subdag.py
[2024-04-22T16:40:39.374+0000] {processor.py:830} INFO - Processing file /home/yasmine/.local/share/virtualenvs/knowledge-base-siaap-WvBZnYs-/lib/python3.8/site-packages/airflow/example_dags/subdags/subdag.py for tasks to queue
[2024-04-22T16:40:39.375+0000] {logging_mixin.py:188} INFO - [2024-04-22T16:40:39.375+0000] {dagbag.py:540} INFO - Filling up the DagBag from /home/yasmine/.local/share/virtualenvs/knowledge-base-siaap-WvBZnYs-/lib/python3.8/site-packages/airflow/example_dags/subdags/subdag.py
[2024-04-22T16:40:39.377+0000] {processor.py:842} WARNING - No viable dags retrieved from /home/yasmine/.local/share/virtualenvs/knowledge-base-siaap-WvBZnYs-/lib/python3.8/site-packages/airflow/example_dags/subdags/subdag.py
[2024-04-22T16:40:39.384+0000] {processor.py:183} INFO - Processing /home/yasmine/.local/share/virtualenvs/knowledge-base-siaap-WvBZnYs-/lib/python3.8/site-packages/airflow/example_dags/subdags/subdag.py took 0.013 seconds
[2024-04-22T16:41:28.728+0000] {processor.py:161} INFO - Started process (PID=150952) to work on /home/yasmine/.local/share/virtualenvs/knowledge-base-siaap-WvBZnYs-/lib/python3.8/site-packages/airflow/example_dags/subdags/subdag.py
[2024-04-22T16:41:28.729+0000] {processor.py:830} INFO - Processing file /home/yasmine/.local/share/virtualenvs/knowledge-base-siaap-WvBZnYs-/lib/python3.8/site-packages/airflow/example_dags/subdags/subdag.py for tasks to queue
[2024-04-22T16:41:28.730+0000] {logging_mixin.py:188} INFO - [2024-04-22T16:41:28.729+0000] {dagbag.py:540} INFO - Filling up the DagBag from /home/yasmine/.local/share/virtualenvs/knowledge-base-siaap-WvBZnYs-/lib/python3.8/site-packages/airflow/example_dags/subdags/subdag.py
[2024-04-22T16:41:28.731+0000] {processor.py:842} WARNING - No viable dags retrieved from /home/yasmine/.local/share/virtualenvs/knowledge-base-siaap-WvBZnYs-/lib/python3.8/site-packages/airflow/example_dags/subdags/subdag.py
[2024-04-22T16:41:28.738+0000] {processor.py:183} INFO - Processing /home/yasmine/.local/share/virtualenvs/knowledge-base-siaap-WvBZnYs-/lib/python3.8/site-packages/airflow/example_dags/subdags/subdag.py took 0.011 seconds
[2024-04-22T16:42:16.741+0000] {processor.py:161} INFO - Started process (PID=151539) to work on /home/yasmine/.local/share/virtualenvs/knowledge-base-siaap-WvBZnYs-/lib/python3.8/site-packages/airflow/example_dags/subdags/subdag.py
[2024-04-22T16:42:16.742+0000] {processor.py:830} INFO - Processing file /home/yasmine/.local/share/virtualenvs/knowledge-base-siaap-WvBZnYs-/lib/python3.8/site-packages/airflow/example_dags/subdags/subdag.py for tasks to queue
[2024-04-22T16:42:16.743+0000] {logging_mixin.py:188} INFO - [2024-04-22T16:42:16.743+0000] {dagbag.py:540} INFO - Filling up the DagBag from /home/yasmine/.local/share/virtualenvs/knowledge-base-siaap-WvBZnYs-/lib/python3.8/site-packages/airflow/example_dags/subdags/subdag.py
[2024-04-22T16:42:16.744+0000] {processor.py:842} WARNING - No viable dags retrieved from /home/yasmine/.local/share/virtualenvs/knowledge-base-siaap-WvBZnYs-/lib/python3.8/site-packages/airflow/example_dags/subdags/subdag.py
[2024-04-22T16:42:16.751+0000] {processor.py:183} INFO - Processing /home/yasmine/.local/share/virtualenvs/knowledge-base-siaap-WvBZnYs-/lib/python3.8/site-packages/airflow/example_dags/subdags/subdag.py took 0.012 seconds
[2024-04-22T16:44:40.573+0000] {processor.py:161} INFO - Started process (PID=153774) to work on /home/yasmine/.local/share/virtualenvs/knowledge-base-siaap-WvBZnYs-/lib/python3.8/site-packages/airflow/example_dags/subdags/subdag.py
[2024-04-22T16:44:40.574+0000] {processor.py:830} INFO - Processing file /home/yasmine/.local/share/virtualenvs/knowledge-base-siaap-WvBZnYs-/lib/python3.8/site-packages/airflow/example_dags/subdags/subdag.py for tasks to queue
[2024-04-22T16:44:40.575+0000] {logging_mixin.py:188} INFO - [2024-04-22T16:44:40.574+0000] {dagbag.py:540} INFO - Filling up the DagBag from /home/yasmine/.local/share/virtualenvs/knowledge-base-siaap-WvBZnYs-/lib/python3.8/site-packages/airflow/example_dags/subdags/subdag.py
[2024-04-22T16:44:40.576+0000] {processor.py:842} WARNING - No viable dags retrieved from /home/yasmine/.local/share/virtualenvs/knowledge-base-siaap-WvBZnYs-/lib/python3.8/site-packages/airflow/example_dags/subdags/subdag.py
[2024-04-22T16:44:40.583+0000] {processor.py:183} INFO - Processing /home/yasmine/.local/share/virtualenvs/knowledge-base-siaap-WvBZnYs-/lib/python3.8/site-packages/airflow/example_dags/subdags/subdag.py took 0.011 seconds
