[2024-04-22T16:56:15.189+0000] {taskinstance.py:1979} INFO - Dependencies all met for dep_context=non-requeueable deps ti=<TaskInstance: pipeline_eq.read_equipements scheduled__2024-03-04T00:00:00+00:00 [queued]>
[2024-04-22T16:56:15.196+0000] {taskinstance.py:1979} INFO - Dependencies all met for dep_context=requeueable deps ti=<TaskInstance: pipeline_eq.read_equipements scheduled__2024-03-04T00:00:00+00:00 [queued]>
[2024-04-22T16:56:15.196+0000] {taskinstance.py:2193} INFO - Starting attempt 1 of 1
[2024-04-22T16:56:15.212+0000] {taskinstance.py:2217} INFO - Executing <Task(_PythonDecoratedOperator): read_equipements> on 2024-03-04 00:00:00+00:00
[2024-04-22T16:56:15.216+0000] {standard_task_runner.py:60} INFO - Started process 165344 to run task
[2024-04-22T16:56:15.220+0000] {standard_task_runner.py:87} INFO - Running: ['airflow', 'tasks', 'run', 'pipeline_eq', 'read_equipements', 'scheduled__2024-03-04T00:00:00+00:00', '--job-id', '10', '--raw', '--subdir', 'DAGS_FOLDER/kbs/custom_dags/pipeline_eq.py', '--cfg-path', '/tmp/tmp8issidu7']
[2024-04-22T16:56:15.221+0000] {standard_task_runner.py:88} INFO - Job 10: Subtask read_equipements
[2024-04-22T16:56:15.260+0000] {task_command.py:423} INFO - Running <TaskInstance: pipeline_eq.read_equipements scheduled__2024-03-04T00:00:00+00:00 [running]> on host datalab-yasmine
[2024-04-22T16:56:15.314+0000] {taskinstance.py:2513} INFO - Exporting env vars: AIRFLOW_CTX_DAG_OWNER='airflow' AIRFLOW_CTX_DAG_ID='pipeline_eq' AIRFLOW_CTX_TASK_ID='read_equipements' AIRFLOW_CTX_EXECUTION_DATE='2024-03-04T00:00:00+00:00' AIRFLOW_CTX_TRY_NUMBER='1' AIRFLOW_CTX_DAG_RUN_ID='scheduled__2024-03-04T00:00:00+00:00'
[2024-04-22T16:56:15.315+0000] {pipeline_eq.py:47} INFO - start to get objects in minio
[2024-04-22T16:56:15.321+0000] {logging_mixin.py:188} WARNING - /home/yasmine/.local/share/virtualenvs/knowledge-base-siaap-WvBZnYs-/lib/python3.8/site-packages/airflow/utils/context.py:315 AirflowContextDeprecationWarning: Accessing 'prev_execution_date_success' from the template is deprecated and will be removed in a future version. Please use 'prev_data_interval_start_success' instead.
[2024-04-22T16:56:15.321+0000] {taskinstance.py:2731} ERROR - Task failed with exception
Traceback (most recent call last):
  File "/home/yasmine/.local/share/virtualenvs/knowledge-base-siaap-WvBZnYs-/lib/python3.8/site-packages/airflow/models/taskinstance.py", line 444, in _execute_task
    result = _execute_callable(context=context, **execute_callable_kwargs)
  File "/home/yasmine/.local/share/virtualenvs/knowledge-base-siaap-WvBZnYs-/lib/python3.8/site-packages/airflow/models/taskinstance.py", line 414, in _execute_callable
    return execute_callable(context=context, **execute_callable_kwargs)
  File "/home/yasmine/.local/share/virtualenvs/knowledge-base-siaap-WvBZnYs-/lib/python3.8/site-packages/airflow/decorators/base.py", line 241, in execute
    return_value = super().execute(context)
  File "/home/yasmine/.local/share/virtualenvs/knowledge-base-siaap-WvBZnYs-/lib/python3.8/site-packages/airflow/operators/python.py", line 200, in execute
    return_value = self.execute_callable()
  File "/home/yasmine/.local/share/virtualenvs/knowledge-base-siaap-WvBZnYs-/lib/python3.8/site-packages/airflow/operators/python.py", line 217, in execute_callable
    return self.python_callable(*self.op_args, **self.op_kwargs)
  File "/home/yasmine/Documents/FREELANCE/knowledge-base-siaap/dags/kbs/custom_dags/pipeline_eq.py", line 48, in read_equipements
    intervals =[context['prev_execution_date_success'].date, context['execution_date'].date]
AttributeError: 'NoneType' object has no attribute 'date'
[2024-04-22T16:56:15.325+0000] {taskinstance.py:1149} INFO - Marking task as FAILED. dag_id=pipeline_eq, task_id=read_equipements, execution_date=20240304T000000, start_date=20240422T165615, end_date=20240422T165615
[2024-04-22T16:56:15.338+0000] {standard_task_runner.py:107} ERROR - Failed to execute job 10 for task read_equipements ('NoneType' object has no attribute 'date'; 165344)
[2024-04-22T16:56:15.351+0000] {local_task_job_runner.py:234} INFO - Task exited with return code 1
[2024-04-22T16:56:15.367+0000] {taskinstance.py:3312} INFO - 0 downstream tasks scheduled from follow-on schedule check
[2024-04-22T17:12:49.888+0000] {taskinstance.py:1979} INFO - Dependencies all met for dep_context=non-requeueable deps ti=<TaskInstance: pipeline_eq.read_equipements scheduled__2024-03-04T00:00:00+00:00 [queued]>
[2024-04-22T17:12:49.895+0000] {taskinstance.py:1979} INFO - Dependencies all met for dep_context=requeueable deps ti=<TaskInstance: pipeline_eq.read_equipements scheduled__2024-03-04T00:00:00+00:00 [queued]>
[2024-04-22T17:12:49.895+0000] {taskinstance.py:2193} INFO - Starting attempt 1 of 1
[2024-04-22T17:12:49.908+0000] {taskinstance.py:2217} INFO - Executing <Task(_PythonDecoratedOperator): read_equipements> on 2024-03-04 00:00:00+00:00
[2024-04-22T17:12:49.911+0000] {standard_task_runner.py:60} INFO - Started process 182302 to run task
[2024-04-22T17:12:49.913+0000] {standard_task_runner.py:87} INFO - Running: ['airflow', 'tasks', 'run', 'pipeline_eq', 'read_equipements', 'scheduled__2024-03-04T00:00:00+00:00', '--job-id', '65', '--raw', '--subdir', 'DAGS_FOLDER/kbs/custom_dags/pipeline_eq.py', '--cfg-path', '/tmp/tmppm_kp6m7']
[2024-04-22T17:12:49.914+0000] {standard_task_runner.py:88} INFO - Job 65: Subtask read_equipements
[2024-04-22T17:12:49.942+0000] {task_command.py:423} INFO - Running <TaskInstance: pipeline_eq.read_equipements scheduled__2024-03-04T00:00:00+00:00 [running]> on host datalab-yasmine
[2024-04-22T17:12:49.989+0000] {taskinstance.py:2513} INFO - Exporting env vars: AIRFLOW_CTX_DAG_OWNER='airflow' AIRFLOW_CTX_DAG_ID='pipeline_eq' AIRFLOW_CTX_TASK_ID='read_equipements' AIRFLOW_CTX_EXECUTION_DATE='2024-03-04T00:00:00+00:00' AIRFLOW_CTX_TRY_NUMBER='1' AIRFLOW_CTX_DAG_RUN_ID='scheduled__2024-03-04T00:00:00+00:00'
[2024-04-22T17:12:49.990+0000] {pipeline_eq.py:48} INFO - start to get objects in minio
[2024-04-22T17:12:52.028+0000] {logging_mixin.py:188} WARNING - /home/yasmine/.local/share/virtualenvs/knowledge-base-siaap-WvBZnYs-/lib/python3.8/site-packages/airflow/utils/context.py:315 AirflowContextDeprecationWarning: Accessing 'prev_execution_date_success' from the template is deprecated and will be removed in a future version. Please use 'prev_data_interval_start_success' instead.
[2024-04-22T17:12:52.029+0000] {taskinstance.py:2731} ERROR - Task failed with exception
Traceback (most recent call last):
  File "/home/yasmine/.local/share/virtualenvs/knowledge-base-siaap-WvBZnYs-/lib/python3.8/site-packages/airflow/models/taskinstance.py", line 444, in _execute_task
    result = _execute_callable(context=context, **execute_callable_kwargs)
  File "/home/yasmine/.local/share/virtualenvs/knowledge-base-siaap-WvBZnYs-/lib/python3.8/site-packages/airflow/models/taskinstance.py", line 414, in _execute_callable
    return execute_callable(context=context, **execute_callable_kwargs)
  File "/home/yasmine/.local/share/virtualenvs/knowledge-base-siaap-WvBZnYs-/lib/python3.8/site-packages/airflow/decorators/base.py", line 241, in execute
    return_value = super().execute(context)
  File "/home/yasmine/.local/share/virtualenvs/knowledge-base-siaap-WvBZnYs-/lib/python3.8/site-packages/airflow/operators/python.py", line 200, in execute
    return_value = self.execute_callable()
  File "/home/yasmine/.local/share/virtualenvs/knowledge-base-siaap-WvBZnYs-/lib/python3.8/site-packages/airflow/operators/python.py", line 217, in execute_callable
    return self.python_callable(*self.op_args, **self.op_kwargs)
  File "/home/yasmine/Documents/FREELANCE/knowledge-base-siaap/dags/kbs/custom_dags/pipeline_eq.py", line 60, in read_equipements
    good_objects = [obj.object_name for obj in objects if obj.object_name.lower().endswith(tuple(extensions)) and obj.last_modified.date in [intervals[0].date, intervals[1].date] ]
  File "/home/yasmine/Documents/FREELANCE/knowledge-base-siaap/dags/kbs/custom_dags/pipeline_eq.py", line 60, in <listcomp>
    good_objects = [obj.object_name for obj in objects if obj.object_name.lower().endswith(tuple(extensions)) and obj.last_modified.date in [intervals[0].date, intervals[1].date] ]
AttributeError: 'NoneType' object has no attribute 'date'
[2024-04-22T17:12:52.032+0000] {taskinstance.py:1149} INFO - Marking task as FAILED. dag_id=pipeline_eq, task_id=read_equipements, execution_date=20240304T000000, start_date=20240422T171249, end_date=20240422T171252
[2024-04-22T17:12:52.042+0000] {standard_task_runner.py:107} ERROR - Failed to execute job 65 for task read_equipements ('NoneType' object has no attribute 'date'; 182302)
[2024-04-22T17:12:52.051+0000] {local_task_job_runner.py:234} INFO - Task exited with return code 1
[2024-04-22T17:12:52.065+0000] {taskinstance.py:3312} INFO - 0 downstream tasks scheduled from follow-on schedule check
[2024-04-22T18:17:05.554+0000] {taskinstance.py:1979} INFO - Dependencies all met for dep_context=non-requeueable deps ti=<TaskInstance: pipeline_eq.read_equipements scheduled__2024-03-04T00:00:00+00:00 [queued]>
[2024-04-22T18:17:05.562+0000] {taskinstance.py:1979} INFO - Dependencies all met for dep_context=requeueable deps ti=<TaskInstance: pipeline_eq.read_equipements scheduled__2024-03-04T00:00:00+00:00 [queued]>
[2024-04-22T18:17:05.562+0000] {taskinstance.py:2193} INFO - Starting attempt 1 of 1
[2024-04-22T18:17:05.578+0000] {taskinstance.py:2217} INFO - Executing <Task(_PythonDecoratedOperator): read_equipements> on 2024-03-04 00:00:00+00:00
[2024-04-22T18:17:05.581+0000] {standard_task_runner.py:60} INFO - Started process 235049 to run task
[2024-04-22T18:17:05.584+0000] {standard_task_runner.py:87} INFO - Running: ['airflow', 'tasks', 'run', 'pipeline_eq', 'read_equipements', 'scheduled__2024-03-04T00:00:00+00:00', '--job-id', '98', '--raw', '--subdir', 'DAGS_FOLDER/kbs/custom_dags/pipeline_eq.py', '--cfg-path', '/tmp/tmp1438ew4n']
[2024-04-22T18:17:05.585+0000] {standard_task_runner.py:88} INFO - Job 98: Subtask read_equipements
[2024-04-22T18:17:05.615+0000] {task_command.py:423} INFO - Running <TaskInstance: pipeline_eq.read_equipements scheduled__2024-03-04T00:00:00+00:00 [running]> on host datalab-yasmine
[2024-04-22T18:17:05.655+0000] {logging_mixin.py:188} WARNING - /home/yasmine/.local/share/virtualenvs/knowledge-base-siaap-WvBZnYs-/lib/python3.8/site-packages/airflow/utils/context.py:207 AirflowContextDeprecationWarning: Accessing 'execution_date' from the template is deprecated and will be removed in a future version. Please use 'data_interval_start' or 'logical_date' instead.
[2024-04-22T18:17:05.678+0000] {taskinstance.py:2513} INFO - Exporting env vars: AIRFLOW_CTX_DAG_OWNER='airflow' AIRFLOW_CTX_DAG_ID='pipeline_eq' AIRFLOW_CTX_TASK_ID='read_equipements' AIRFLOW_CTX_EXECUTION_DATE='2024-03-04T00:00:00+00:00' AIRFLOW_CTX_TRY_NUMBER='1' AIRFLOW_CTX_DAG_RUN_ID='scheduled__2024-03-04T00:00:00+00:00'
[2024-04-22T18:17:05.679+0000] {pipeline_eq.py:53} INFO - start to get objects in minio
[2024-04-22T18:17:05.679+0000] {logging_mixin.py:188} INFO - intervals is ['2024-03-04 00:00:00+00:00', '2024-03-04 00:00:00+00:00']
[2024-04-22T18:17:08.960+0000] {python.py:202} INFO - Done. Returned value was: []
[2024-04-22T18:17:08.978+0000] {taskinstance.py:1149} INFO - Marking task as SUCCESS. dag_id=pipeline_eq, task_id=read_equipements, execution_date=20240304T000000, start_date=20240422T181705, end_date=20240422T181708
[2024-04-22T18:17:09.006+0000] {local_task_job_runner.py:234} INFO - Task exited with return code 0
[2024-04-22T18:17:09.036+0000] {abstractoperator.py:567} INFO - Marking <TaskInstance: pipeline_eq.push_in_redis scheduled__2024-03-04T00:00:00+00:00 [None]> as SKIPPED since the map has 0 values to expand
[2024-04-22T18:17:09.042+0000] {taskinstance.py:3312} INFO - 0 downstream tasks scheduled from follow-on schedule check
[2024-04-22T18:25:25.756+0000] {taskinstance.py:1979} INFO - Dependencies all met for dep_context=non-requeueable deps ti=<TaskInstance: pipeline_eq.read_equipements scheduled__2024-03-04T00:00:00+00:00 [queued]>
[2024-04-22T18:25:25.764+0000] {taskinstance.py:1979} INFO - Dependencies all met for dep_context=requeueable deps ti=<TaskInstance: pipeline_eq.read_equipements scheduled__2024-03-04T00:00:00+00:00 [queued]>
[2024-04-22T18:25:25.764+0000] {taskinstance.py:2193} INFO - Starting attempt 1 of 1
[2024-04-22T18:25:25.777+0000] {taskinstance.py:2217} INFO - Executing <Task(_PythonDecoratedOperator): read_equipements> on 2024-03-04 00:00:00+00:00
[2024-04-22T18:25:25.781+0000] {standard_task_runner.py:60} INFO - Started process 245498 to run task
[2024-04-22T18:25:25.783+0000] {standard_task_runner.py:87} INFO - Running: ['airflow', 'tasks', 'run', 'pipeline_eq', 'read_equipements', 'scheduled__2024-03-04T00:00:00+00:00', '--job-id', '151', '--raw', '--subdir', 'DAGS_FOLDER/kbs/custom_dags/pipeline_eq.py', '--cfg-path', '/tmp/tmpfqonh0fz']
[2024-04-22T18:25:25.784+0000] {standard_task_runner.py:88} INFO - Job 151: Subtask read_equipements
[2024-04-22T18:25:25.815+0000] {task_command.py:423} INFO - Running <TaskInstance: pipeline_eq.read_equipements scheduled__2024-03-04T00:00:00+00:00 [running]> on host datalab-yasmine
[2024-04-22T18:25:25.857+0000] {logging_mixin.py:188} WARNING - /home/yasmine/.local/share/virtualenvs/knowledge-base-siaap-WvBZnYs-/lib/python3.8/site-packages/airflow/utils/context.py:207 AirflowContextDeprecationWarning: Accessing 'execution_date' from the template is deprecated and will be removed in a future version. Please use 'data_interval_start' or 'logical_date' instead.
[2024-04-22T18:25:25.879+0000] {taskinstance.py:2513} INFO - Exporting env vars: AIRFLOW_CTX_DAG_OWNER='airflow' AIRFLOW_CTX_DAG_ID='pipeline_eq' AIRFLOW_CTX_TASK_ID='read_equipements' AIRFLOW_CTX_EXECUTION_DATE='2024-03-04T00:00:00+00:00' AIRFLOW_CTX_TRY_NUMBER='1' AIRFLOW_CTX_DAG_RUN_ID='scheduled__2024-03-04T00:00:00+00:00'
[2024-04-22T18:25:25.880+0000] {pipeline_eq.py:53} INFO - start to get objects in minio
[2024-04-22T18:25:25.880+0000] {logging_mixin.py:188} INFO - intervals is ['2024-03-04 00:00:00+00:00', '2024-03-04 00:00:00+00:00']
[2024-04-22T18:25:28.473+0000] {python.py:202} INFO - Done. Returned value was: []
[2024-04-22T18:25:28.492+0000] {taskinstance.py:1149} INFO - Marking task as SUCCESS. dag_id=pipeline_eq, task_id=read_equipements, execution_date=20240304T000000, start_date=20240422T182525, end_date=20240422T182528
[2024-04-22T18:25:28.524+0000] {local_task_job_runner.py:234} INFO - Task exited with return code 0
[2024-04-22T18:25:28.554+0000] {abstractoperator.py:567} INFO - Marking <TaskInstance: pipeline_eq.push_in_redis scheduled__2024-03-04T00:00:00+00:00 [None]> as SKIPPED since the map has 0 values to expand
[2024-04-22T18:25:28.560+0000] {taskinstance.py:3312} INFO - 0 downstream tasks scheduled from follow-on schedule check
[2024-04-22T18:27:19.855+0000] {taskinstance.py:1979} INFO - Dependencies all met for dep_context=non-requeueable deps ti=<TaskInstance: pipeline_eq.read_equipements scheduled__2024-03-04T00:00:00+00:00 [queued]>
[2024-04-22T18:27:19.861+0000] {taskinstance.py:1979} INFO - Dependencies all met for dep_context=requeueable deps ti=<TaskInstance: pipeline_eq.read_equipements scheduled__2024-03-04T00:00:00+00:00 [queued]>
[2024-04-22T18:27:19.862+0000] {taskinstance.py:2193} INFO - Starting attempt 1 of 1
[2024-04-22T18:27:19.874+0000] {taskinstance.py:2217} INFO - Executing <Task(_PythonDecoratedOperator): read_equipements> on 2024-03-04 00:00:00+00:00
[2024-04-22T18:27:19.877+0000] {standard_task_runner.py:60} INFO - Started process 247856 to run task
[2024-04-22T18:27:19.880+0000] {standard_task_runner.py:87} INFO - Running: ['airflow', 'tasks', 'run', 'pipeline_eq', 'read_equipements', 'scheduled__2024-03-04T00:00:00+00:00', '--job-id', '163', '--raw', '--subdir', 'DAGS_FOLDER/kbs/custom_dags/pipeline_eq.py', '--cfg-path', '/tmp/tmpa7v5ij14']
[2024-04-22T18:27:19.880+0000] {standard_task_runner.py:88} INFO - Job 163: Subtask read_equipements
[2024-04-22T18:27:19.907+0000] {task_command.py:423} INFO - Running <TaskInstance: pipeline_eq.read_equipements scheduled__2024-03-04T00:00:00+00:00 [running]> on host datalab-yasmine
[2024-04-22T18:27:19.947+0000] {logging_mixin.py:188} WARNING - /home/yasmine/.local/share/virtualenvs/knowledge-base-siaap-WvBZnYs-/lib/python3.8/site-packages/airflow/utils/context.py:207 AirflowContextDeprecationWarning: Accessing 'execution_date' from the template is deprecated and will be removed in a future version. Please use 'data_interval_start' or 'logical_date' instead.
[2024-04-22T18:27:19.971+0000] {taskinstance.py:2513} INFO - Exporting env vars: AIRFLOW_CTX_DAG_OWNER='airflow' AIRFLOW_CTX_DAG_ID='pipeline_eq' AIRFLOW_CTX_TASK_ID='read_equipements' AIRFLOW_CTX_EXECUTION_DATE='2024-03-04T00:00:00+00:00' AIRFLOW_CTX_TRY_NUMBER='1' AIRFLOW_CTX_DAG_RUN_ID='scheduled__2024-03-04T00:00:00+00:00'
[2024-04-22T18:27:19.972+0000] {pipeline_eq.py:53} INFO - start to get objects in minio
[2024-04-22T18:27:19.972+0000] {logging_mixin.py:188} INFO - intervals is ['2024-03-04 00:00:00+00:00', '2024-03-04 00:00:00+00:00']
[2024-04-22T18:27:22.154+0000] {python.py:202} INFO - Done. Returned value was: []
[2024-04-22T18:27:22.172+0000] {taskinstance.py:1149} INFO - Marking task as SUCCESS. dag_id=pipeline_eq, task_id=read_equipements, execution_date=20240304T000000, start_date=20240422T182719, end_date=20240422T182722
[2024-04-22T18:27:22.218+0000] {local_task_job_runner.py:234} INFO - Task exited with return code 0
[2024-04-22T18:27:22.247+0000] {abstractoperator.py:567} INFO - Marking <TaskInstance: pipeline_eq.push_in_redis scheduled__2024-03-04T00:00:00+00:00 [None]> as SKIPPED since the map has 0 values to expand
[2024-04-22T18:27:22.252+0000] {taskinstance.py:3312} INFO - 0 downstream tasks scheduled from follow-on schedule check
[2024-04-22T18:31:46.504+0000] {taskinstance.py:1979} INFO - Dependencies all met for dep_context=non-requeueable deps ti=<TaskInstance: pipeline_eq.read_equipements scheduled__2024-03-04T00:00:00+00:00 [queued]>
[2024-04-22T18:31:46.514+0000] {taskinstance.py:1979} INFO - Dependencies all met for dep_context=requeueable deps ti=<TaskInstance: pipeline_eq.read_equipements scheduled__2024-03-04T00:00:00+00:00 [queued]>
[2024-04-22T18:31:46.514+0000] {taskinstance.py:2193} INFO - Starting attempt 1 of 1
[2024-04-22T18:31:46.530+0000] {taskinstance.py:2217} INFO - Executing <Task(_PythonDecoratedOperator): read_equipements> on 2024-03-04 00:00:00+00:00
[2024-04-22T18:31:46.534+0000] {standard_task_runner.py:60} INFO - Started process 252913 to run task
[2024-04-22T18:31:46.537+0000] {standard_task_runner.py:87} INFO - Running: ['airflow', 'tasks', 'run', 'pipeline_eq', 'read_equipements', 'scheduled__2024-03-04T00:00:00+00:00', '--job-id', '178', '--raw', '--subdir', 'DAGS_FOLDER/kbs/custom_dags/pipeline_eq.py', '--cfg-path', '/tmp/tmpp2z5yxai']
[2024-04-22T18:31:46.538+0000] {standard_task_runner.py:88} INFO - Job 178: Subtask read_equipements
[2024-04-22T18:31:46.572+0000] {task_command.py:423} INFO - Running <TaskInstance: pipeline_eq.read_equipements scheduled__2024-03-04T00:00:00+00:00 [running]> on host datalab-yasmine
[2024-04-22T18:31:46.620+0000] {logging_mixin.py:188} WARNING - /home/yasmine/.local/share/virtualenvs/knowledge-base-siaap-WvBZnYs-/lib/python3.8/site-packages/airflow/utils/context.py:207 AirflowContextDeprecationWarning: Accessing 'execution_date' from the template is deprecated and will be removed in a future version. Please use 'data_interval_start' or 'logical_date' instead.
[2024-04-22T18:31:46.649+0000] {taskinstance.py:2513} INFO - Exporting env vars: AIRFLOW_CTX_DAG_OWNER='airflow' AIRFLOW_CTX_DAG_ID='pipeline_eq' AIRFLOW_CTX_TASK_ID='read_equipements' AIRFLOW_CTX_EXECUTION_DATE='2024-03-04T00:00:00+00:00' AIRFLOW_CTX_TRY_NUMBER='1' AIRFLOW_CTX_DAG_RUN_ID='scheduled__2024-03-04T00:00:00+00:00'
[2024-04-22T18:31:46.650+0000] {pipeline_eq.py:53} INFO - start to get objects in minio
[2024-04-22T18:31:46.650+0000] {logging_mixin.py:188} INFO - intervals is ['2024-03-04 00:00:00+00:00', '2024-03-04 00:00:00+00:00']
[2024-04-22T18:31:48.997+0000] {python.py:202} INFO - Done. Returned value was: []
[2024-04-22T18:31:49.015+0000] {taskinstance.py:1149} INFO - Marking task as SUCCESS. dag_id=pipeline_eq, task_id=read_equipements, execution_date=20240304T000000, start_date=20240422T183146, end_date=20240422T183149
[2024-04-22T18:31:49.037+0000] {local_task_job_runner.py:234} INFO - Task exited with return code 0
[2024-04-22T18:31:49.072+0000] {abstractoperator.py:567} INFO - Marking <TaskInstance: pipeline_eq.push_in_redis scheduled__2024-03-04T00:00:00+00:00 [None]> as SKIPPED since the map has 0 values to expand
[2024-04-22T18:31:49.079+0000] {taskinstance.py:3312} INFO - 0 downstream tasks scheduled from follow-on schedule check
[2024-04-22T18:33:15.736+0000] {taskinstance.py:1979} INFO - Dependencies all met for dep_context=non-requeueable deps ti=<TaskInstance: pipeline_eq.read_equipements scheduled__2024-03-04T00:00:00+00:00 [queued]>
[2024-04-22T18:33:15.746+0000] {taskinstance.py:1979} INFO - Dependencies all met for dep_context=requeueable deps ti=<TaskInstance: pipeline_eq.read_equipements scheduled__2024-03-04T00:00:00+00:00 [queued]>
[2024-04-22T18:33:15.746+0000] {taskinstance.py:2193} INFO - Starting attempt 1 of 1
[2024-04-22T18:33:15.759+0000] {taskinstance.py:2217} INFO - Executing <Task(_PythonDecoratedOperator): read_equipements> on 2024-03-04 00:00:00+00:00
[2024-04-22T18:33:15.762+0000] {standard_task_runner.py:60} INFO - Started process 254696 to run task
[2024-04-22T18:33:15.765+0000] {standard_task_runner.py:87} INFO - Running: ['airflow', 'tasks', 'run', 'pipeline_eq', 'read_equipements', 'scheduled__2024-03-04T00:00:00+00:00', '--job-id', '182', '--raw', '--subdir', 'DAGS_FOLDER/kbs/custom_dags/pipeline_eq.py', '--cfg-path', '/tmp/tmpfozukd87']
[2024-04-22T18:33:15.766+0000] {standard_task_runner.py:88} INFO - Job 182: Subtask read_equipements
[2024-04-22T18:33:15.796+0000] {task_command.py:423} INFO - Running <TaskInstance: pipeline_eq.read_equipements scheduled__2024-03-04T00:00:00+00:00 [running]> on host datalab-yasmine
[2024-04-22T18:33:15.842+0000] {logging_mixin.py:188} WARNING - /home/yasmine/.local/share/virtualenvs/knowledge-base-siaap-WvBZnYs-/lib/python3.8/site-packages/airflow/utils/context.py:207 AirflowContextDeprecationWarning: Accessing 'execution_date' from the template is deprecated and will be removed in a future version. Please use 'data_interval_start' or 'logical_date' instead.
[2024-04-22T18:33:15.866+0000] {taskinstance.py:2513} INFO - Exporting env vars: AIRFLOW_CTX_DAG_OWNER='airflow' AIRFLOW_CTX_DAG_ID='pipeline_eq' AIRFLOW_CTX_TASK_ID='read_equipements' AIRFLOW_CTX_EXECUTION_DATE='2024-03-04T00:00:00+00:00' AIRFLOW_CTX_TRY_NUMBER='1' AIRFLOW_CTX_DAG_RUN_ID='scheduled__2024-03-04T00:00:00+00:00'
[2024-04-22T18:33:15.868+0000] {pipeline_eq.py:53} INFO - start to get objects in minio
[2024-04-22T18:33:15.868+0000] {logging_mixin.py:188} INFO - intervals is ['2024-03-04 00:00:00+00:00', '2024-03-04 00:00:00+00:00']
[2024-04-22T18:33:17.878+0000] {python.py:202} INFO - Done. Returned value was: []
[2024-04-22T18:33:17.898+0000] {taskinstance.py:1149} INFO - Marking task as SUCCESS. dag_id=pipeline_eq, task_id=read_equipements, execution_date=20240304T000000, start_date=20240422T183315, end_date=20240422T183317
[2024-04-22T18:33:17.943+0000] {local_task_job_runner.py:234} INFO - Task exited with return code 0
[2024-04-22T18:33:17.968+0000] {abstractoperator.py:567} INFO - Marking <TaskInstance: pipeline_eq.push_in_redis scheduled__2024-03-04T00:00:00+00:00 [None]> as SKIPPED since the map has 0 values to expand
[2024-04-22T18:33:17.974+0000] {taskinstance.py:3312} INFO - 0 downstream tasks scheduled from follow-on schedule check
[2024-04-22T18:34:39.497+0000] {taskinstance.py:1979} INFO - Dependencies all met for dep_context=non-requeueable deps ti=<TaskInstance: pipeline_eq.read_equipements scheduled__2024-03-04T00:00:00+00:00 [queued]>
[2024-04-22T18:34:39.505+0000] {taskinstance.py:1979} INFO - Dependencies all met for dep_context=requeueable deps ti=<TaskInstance: pipeline_eq.read_equipements scheduled__2024-03-04T00:00:00+00:00 [queued]>
[2024-04-22T18:34:39.506+0000] {taskinstance.py:2193} INFO - Starting attempt 1 of 1
[2024-04-22T18:34:39.518+0000] {taskinstance.py:2217} INFO - Executing <Task(_PythonDecoratedOperator): read_equipements> on 2024-03-04 00:00:00+00:00
[2024-04-22T18:34:39.522+0000] {standard_task_runner.py:60} INFO - Started process 256477 to run task
[2024-04-22T18:34:39.525+0000] {standard_task_runner.py:87} INFO - Running: ['airflow', 'tasks', 'run', 'pipeline_eq', 'read_equipements', 'scheduled__2024-03-04T00:00:00+00:00', '--job-id', '187', '--raw', '--subdir', 'DAGS_FOLDER/kbs/custom_dags/pipeline_eq.py', '--cfg-path', '/tmp/tmp2u3a9r_d']
[2024-04-22T18:34:39.526+0000] {standard_task_runner.py:88} INFO - Job 187: Subtask read_equipements
[2024-04-22T18:34:39.558+0000] {task_command.py:423} INFO - Running <TaskInstance: pipeline_eq.read_equipements scheduled__2024-03-04T00:00:00+00:00 [running]> on host datalab-yasmine
[2024-04-22T18:34:39.598+0000] {logging_mixin.py:188} WARNING - /home/yasmine/.local/share/virtualenvs/knowledge-base-siaap-WvBZnYs-/lib/python3.8/site-packages/airflow/utils/context.py:207 AirflowContextDeprecationWarning: Accessing 'execution_date' from the template is deprecated and will be removed in a future version. Please use 'data_interval_start' or 'logical_date' instead.
[2024-04-22T18:34:39.623+0000] {taskinstance.py:2513} INFO - Exporting env vars: AIRFLOW_CTX_DAG_OWNER='airflow' AIRFLOW_CTX_DAG_ID='pipeline_eq' AIRFLOW_CTX_TASK_ID='read_equipements' AIRFLOW_CTX_EXECUTION_DATE='2024-03-04T00:00:00+00:00' AIRFLOW_CTX_TRY_NUMBER='1' AIRFLOW_CTX_DAG_RUN_ID='scheduled__2024-03-04T00:00:00+00:00'
[2024-04-22T18:34:39.624+0000] {pipeline_eq.py:53} INFO - start to get objects in minio
[2024-04-22T18:34:39.624+0000] {logging_mixin.py:188} INFO - intervals is ['2024-03-04 00:00:00+00:00', '2024-03-04 00:00:00+00:00']
[2024-04-22T18:34:41.646+0000] {python.py:202} INFO - Done. Returned value was: []
[2024-04-22T18:34:41.666+0000] {taskinstance.py:1149} INFO - Marking task as SUCCESS. dag_id=pipeline_eq, task_id=read_equipements, execution_date=20240304T000000, start_date=20240422T183439, end_date=20240422T183441
[2024-04-22T18:34:41.703+0000] {local_task_job_runner.py:234} INFO - Task exited with return code 0
[2024-04-22T18:34:41.729+0000] {abstractoperator.py:567} INFO - Marking <TaskInstance: pipeline_eq.push_in_redis scheduled__2024-03-04T00:00:00+00:00 [None]> as SKIPPED since the map has 0 values to expand
[2024-04-22T18:34:41.735+0000] {taskinstance.py:3312} INFO - 0 downstream tasks scheduled from follow-on schedule check
[2024-04-23T10:53:06.947+0000] {taskinstance.py:1979} INFO - Dependencies all met for dep_context=non-requeueable deps ti=<TaskInstance: pipeline_eq.read_equipements scheduled__2024-03-04T00:00:00+00:00 [queued]>
[2024-04-23T10:53:06.952+0000] {taskinstance.py:1979} INFO - Dependencies all met for dep_context=requeueable deps ti=<TaskInstance: pipeline_eq.read_equipements scheduled__2024-03-04T00:00:00+00:00 [queued]>
[2024-04-23T10:53:06.952+0000] {taskinstance.py:2193} INFO - Starting attempt 1 of 1
[2024-04-23T10:53:06.963+0000] {taskinstance.py:2217} INFO - Executing <Task(_PythonDecoratedOperator): read_equipements> on 2024-03-04 00:00:00+00:00
[2024-04-23T10:53:06.966+0000] {standard_task_runner.py:60} INFO - Started process 45007 to run task
[2024-04-23T10:53:06.968+0000] {standard_task_runner.py:87} INFO - Running: ['airflow', 'tasks', 'run', 'pipeline_eq', 'read_equipements', 'scheduled__2024-03-04T00:00:00+00:00', '--job-id', '213', '--raw', '--subdir', 'DAGS_FOLDER/kbs/custom_dags/pipeline_eq.py', '--cfg-path', '/tmp/tmp_i3dmhxw']
[2024-04-23T10:53:06.969+0000] {standard_task_runner.py:88} INFO - Job 213: Subtask read_equipements
[2024-04-23T10:53:06.995+0000] {task_command.py:423} INFO - Running <TaskInstance: pipeline_eq.read_equipements scheduled__2024-03-04T00:00:00+00:00 [running]> on host datalab-yasmine
[2024-04-23T10:53:07.133+0000] {taskinstance.py:2513} INFO - Exporting env vars: AIRFLOW_CTX_DAG_OWNER='airflow' AIRFLOW_CTX_DAG_ID='pipeline_eq' AIRFLOW_CTX_TASK_ID='read_equipements' AIRFLOW_CTX_EXECUTION_DATE='2024-03-04T00:00:00+00:00' AIRFLOW_CTX_TRY_NUMBER='1' AIRFLOW_CTX_DAG_RUN_ID='scheduled__2024-03-04T00:00:00+00:00'
[2024-04-23T10:53:07.133+0000] {pipeline_eq.py:65} INFO - get date
[2024-04-23T10:53:07.134+0000] {rw.py:43} INFO - start to get objects in minio
[2024-04-23T10:53:09.605+0000] {pipeline_eq.py:72} INFO - start to get objects in minio
[2024-04-23T10:53:09.606+0000] {logging_mixin.py:188} INFO - intervals is {'start': '2024-03-04 00:00:00+00:00', 'end': '2024-04-23'}
[2024-04-23T10:53:20.813+0000] {python.py:202} INFO - Done. Returned value was: []
[2024-04-23T10:53:20.828+0000] {taskinstance.py:1149} INFO - Marking task as SUCCESS. dag_id=pipeline_eq, task_id=read_equipements, execution_date=20240304T000000, start_date=20240423T105306, end_date=20240423T105320
[2024-04-23T10:53:20.848+0000] {local_task_job_runner.py:234} INFO - Task exited with return code 0
[2024-04-23T10:53:20.878+0000] {abstractoperator.py:567} INFO - Marking <TaskInstance: pipeline_eq.push_in_redis scheduled__2024-03-04T00:00:00+00:00 [None]> as SKIPPED since the map has 0 values to expand
[2024-04-23T10:53:20.882+0000] {taskinstance.py:3312} INFO - 0 downstream tasks scheduled from follow-on schedule check
[2024-04-23T11:19:22.204+0000] {taskinstance.py:1979} INFO - Dependencies all met for dep_context=non-requeueable deps ti=<TaskInstance: pipeline_eq.read_equipements scheduled__2024-03-04T00:00:00+00:00 [queued]>
[2024-04-23T11:19:22.210+0000] {taskinstance.py:1979} INFO - Dependencies all met for dep_context=requeueable deps ti=<TaskInstance: pipeline_eq.read_equipements scheduled__2024-03-04T00:00:00+00:00 [queued]>
[2024-04-23T11:19:22.210+0000] {taskinstance.py:2193} INFO - Starting attempt 1 of 1
[2024-04-23T11:19:22.222+0000] {taskinstance.py:2217} INFO - Executing <Task(_PythonDecoratedOperator): read_equipements> on 2024-03-04 00:00:00+00:00
[2024-04-23T11:19:22.226+0000] {standard_task_runner.py:60} INFO - Started process 73352 to run task
[2024-04-23T11:19:22.228+0000] {standard_task_runner.py:87} INFO - Running: ['airflow', 'tasks', 'run', 'pipeline_eq', 'read_equipements', 'scheduled__2024-03-04T00:00:00+00:00', '--job-id', '239', '--raw', '--subdir', 'DAGS_FOLDER/kbs/custom_dags/pipeline_eq.py', '--cfg-path', '/tmp/tmpw338abzk']
[2024-04-23T11:19:22.229+0000] {standard_task_runner.py:88} INFO - Job 239: Subtask read_equipements
[2024-04-23T11:19:22.257+0000] {task_command.py:423} INFO - Running <TaskInstance: pipeline_eq.read_equipements scheduled__2024-03-04T00:00:00+00:00 [running]> on host datalab-yasmine
[2024-04-23T11:19:22.424+0000] {taskinstance.py:2513} INFO - Exporting env vars: AIRFLOW_CTX_DAG_OWNER='airflow' AIRFLOW_CTX_DAG_ID='pipeline_eq' AIRFLOW_CTX_TASK_ID='read_equipements' AIRFLOW_CTX_EXECUTION_DATE='2024-03-04T00:00:00+00:00' AIRFLOW_CTX_TRY_NUMBER='1' AIRFLOW_CTX_DAG_RUN_ID='scheduled__2024-03-04T00:00:00+00:00'
[2024-04-23T11:19:22.424+0000] {pipeline_eq.py:65} INFO - get date
[2024-04-23T11:19:22.424+0000] {rw.py:43} INFO - start to get objects in minio
[2024-04-23T11:19:22.425+0000] {rw.py:45} INFO - get objects
[2024-04-23T11:19:22.425+0000] {rw.py:48} INFO - get good objects
[2024-04-23T11:19:23.771+0000] {connectionpool.py:874} WARNING - Retrying (Retry(total=4, connect=None, read=None, redirect=None, status=None)) after connection broken by 'RemoteDisconnected('Remote end closed connection without response')': /intervalles?location=
[2024-04-23T11:19:26.679+0000] {pipeline_eq.py:72} INFO - start to get objects in minio
[2024-04-23T11:19:26.679+0000] {logging_mixin.py:188} INFO - intervals is {'start': '2024-03-04 00:00:00+00:00', 'end': '2024-04-23'}
[2024-04-23T11:19:44.210+0000] {python.py:202} INFO - Done. Returned value was: []
[2024-04-23T11:19:44.224+0000] {taskinstance.py:1149} INFO - Marking task as SUCCESS. dag_id=pipeline_eq, task_id=read_equipements, execution_date=20240304T000000, start_date=20240423T111922, end_date=20240423T111944
[2024-04-23T11:19:44.277+0000] {local_task_job_runner.py:234} INFO - Task exited with return code 0
[2024-04-23T11:19:44.308+0000] {abstractoperator.py:567} INFO - Marking <TaskInstance: pipeline_eq.push_in_redis scheduled__2024-03-04T00:00:00+00:00 [None]> as SKIPPED since the map has 0 values to expand
[2024-04-23T11:19:44.313+0000] {taskinstance.py:3312} INFO - 0 downstream tasks scheduled from follow-on schedule check
