[2024-04-22T16:56:44.153+0000] {taskinstance.py:1979} INFO - Dependencies all met for dep_context=non-requeueable deps ti=<TaskInstance: pipeline_eq.read_equipements scheduled__2024-03-12T00:00:00+00:00 [queued]>
[2024-04-22T16:56:44.158+0000] {taskinstance.py:1979} INFO - Dependencies all met for dep_context=requeueable deps ti=<TaskInstance: pipeline_eq.read_equipements scheduled__2024-03-12T00:00:00+00:00 [queued]>
[2024-04-22T16:56:44.158+0000] {taskinstance.py:2193} INFO - Starting attempt 1 of 1
[2024-04-22T16:56:44.169+0000] {taskinstance.py:2217} INFO - Executing <Task(_PythonDecoratedOperator): read_equipements> on 2024-03-12 00:00:00+00:00
[2024-04-22T16:56:44.172+0000] {standard_task_runner.py:60} INFO - Started process 166065 to run task
[2024-04-22T16:56:44.174+0000] {standard_task_runner.py:87} INFO - Running: ['airflow', 'tasks', 'run', 'pipeline_eq', 'read_equipements', 'scheduled__2024-03-12T00:00:00+00:00', '--job-id', '18', '--raw', '--subdir', 'DAGS_FOLDER/kbs/custom_dags/pipeline_eq.py', '--cfg-path', '/tmp/tmpf8hd8m5a']
[2024-04-22T16:56:44.174+0000] {standard_task_runner.py:88} INFO - Job 18: Subtask read_equipements
[2024-04-22T16:56:44.201+0000] {task_command.py:423} INFO - Running <TaskInstance: pipeline_eq.read_equipements scheduled__2024-03-12T00:00:00+00:00 [running]> on host datalab-yasmine
[2024-04-22T16:56:44.257+0000] {taskinstance.py:2513} INFO - Exporting env vars: AIRFLOW_CTX_DAG_OWNER='airflow' AIRFLOW_CTX_DAG_ID='pipeline_eq' AIRFLOW_CTX_TASK_ID='read_equipements' AIRFLOW_CTX_EXECUTION_DATE='2024-03-12T00:00:00+00:00' AIRFLOW_CTX_TRY_NUMBER='1' AIRFLOW_CTX_DAG_RUN_ID='scheduled__2024-03-12T00:00:00+00:00'
[2024-04-22T16:56:44.258+0000] {pipeline_eq.py:47} INFO - start to get objects in minio
[2024-04-22T16:56:44.263+0000] {logging_mixin.py:188} WARNING - /home/yasmine/.local/share/virtualenvs/knowledge-base-siaap-WvBZnYs-/lib/python3.8/site-packages/airflow/utils/context.py:315 AirflowContextDeprecationWarning: Accessing 'prev_execution_date_success' from the template is deprecated and will be removed in a future version. Please use 'prev_data_interval_start_success' instead.
[2024-04-22T16:56:44.263+0000] {taskinstance.py:2731} ERROR - Task failed with exception
Traceback (most recent call last):
  File "/home/yasmine/.local/share/virtualenvs/knowledge-base-siaap-WvBZnYs-/lib/python3.8/site-packages/airflow/models/taskinstance.py", line 444, in _execute_task
    result = _execute_callable(context=context, **execute_callable_kwargs)
  File "/home/yasmine/.local/share/virtualenvs/knowledge-base-siaap-WvBZnYs-/lib/python3.8/site-packages/airflow/models/taskinstance.py", line 414, in _execute_callable
    return execute_callable(context=context, **execute_callable_kwargs)
  File "/home/yasmine/.local/share/virtualenvs/knowledge-base-siaap-WvBZnYs-/lib/python3.8/site-packages/airflow/decorators/base.py", line 241, in execute
    return_value = super().execute(context)
  File "/home/yasmine/.local/share/virtualenvs/knowledge-base-siaap-WvBZnYs-/lib/python3.8/site-packages/airflow/operators/python.py", line 200, in execute
    return_value = self.execute_callable()
  File "/home/yasmine/.local/share/virtualenvs/knowledge-base-siaap-WvBZnYs-/lib/python3.8/site-packages/airflow/operators/python.py", line 217, in execute_callable
    return self.python_callable(*self.op_args, **self.op_kwargs)
  File "/home/yasmine/Documents/FREELANCE/knowledge-base-siaap/dags/kbs/custom_dags/pipeline_eq.py", line 48, in read_equipements
    intervals =[context['prev_execution_date_success'].date, context['execution_date'].date]
AttributeError: 'NoneType' object has no attribute 'date'
[2024-04-22T16:56:44.267+0000] {taskinstance.py:1149} INFO - Marking task as FAILED. dag_id=pipeline_eq, task_id=read_equipements, execution_date=20240312T000000, start_date=20240422T165644, end_date=20240422T165644
[2024-04-22T16:56:44.277+0000] {standard_task_runner.py:107} ERROR - Failed to execute job 18 for task read_equipements ('NoneType' object has no attribute 'date'; 166065)
[2024-04-22T16:56:44.305+0000] {local_task_job_runner.py:234} INFO - Task exited with return code 1
[2024-04-22T16:56:44.318+0000] {taskinstance.py:3312} INFO - 0 downstream tasks scheduled from follow-on schedule check
[2024-04-22T17:13:27.875+0000] {taskinstance.py:1979} INFO - Dependencies all met for dep_context=non-requeueable deps ti=<TaskInstance: pipeline_eq.read_equipements scheduled__2024-03-12T00:00:00+00:00 [queued]>
[2024-04-22T17:13:27.881+0000] {taskinstance.py:1979} INFO - Dependencies all met for dep_context=requeueable deps ti=<TaskInstance: pipeline_eq.read_equipements scheduled__2024-03-12T00:00:00+00:00 [queued]>
[2024-04-22T17:13:27.881+0000] {taskinstance.py:2193} INFO - Starting attempt 1 of 1
[2024-04-22T17:13:27.892+0000] {taskinstance.py:2217} INFO - Executing <Task(_PythonDecoratedOperator): read_equipements> on 2024-03-12 00:00:00+00:00
[2024-04-22T17:13:27.895+0000] {standard_task_runner.py:60} INFO - Started process 183245 to run task
[2024-04-22T17:13:27.897+0000] {standard_task_runner.py:87} INFO - Running: ['airflow', 'tasks', 'run', 'pipeline_eq', 'read_equipements', 'scheduled__2024-03-12T00:00:00+00:00', '--job-id', '73', '--raw', '--subdir', 'DAGS_FOLDER/kbs/custom_dags/pipeline_eq.py', '--cfg-path', '/tmp/tmps5_hg75a']
[2024-04-22T17:13:27.898+0000] {standard_task_runner.py:88} INFO - Job 73: Subtask read_equipements
[2024-04-22T17:13:27.923+0000] {task_command.py:423} INFO - Running <TaskInstance: pipeline_eq.read_equipements scheduled__2024-03-12T00:00:00+00:00 [running]> on host datalab-yasmine
[2024-04-22T17:13:27.971+0000] {taskinstance.py:2513} INFO - Exporting env vars: AIRFLOW_CTX_DAG_OWNER='airflow' AIRFLOW_CTX_DAG_ID='pipeline_eq' AIRFLOW_CTX_TASK_ID='read_equipements' AIRFLOW_CTX_EXECUTION_DATE='2024-03-12T00:00:00+00:00' AIRFLOW_CTX_TRY_NUMBER='1' AIRFLOW_CTX_DAG_RUN_ID='scheduled__2024-03-12T00:00:00+00:00'
[2024-04-22T17:13:27.972+0000] {pipeline_eq.py:48} INFO - start to get objects in minio
[2024-04-22T17:13:30.133+0000] {logging_mixin.py:188} WARNING - /home/yasmine/.local/share/virtualenvs/knowledge-base-siaap-WvBZnYs-/lib/python3.8/site-packages/airflow/utils/context.py:315 AirflowContextDeprecationWarning: Accessing 'prev_execution_date_success' from the template is deprecated and will be removed in a future version. Please use 'prev_data_interval_start_success' instead.
[2024-04-22T17:13:30.134+0000] {taskinstance.py:2731} ERROR - Task failed with exception
Traceback (most recent call last):
  File "/home/yasmine/.local/share/virtualenvs/knowledge-base-siaap-WvBZnYs-/lib/python3.8/site-packages/airflow/models/taskinstance.py", line 444, in _execute_task
    result = _execute_callable(context=context, **execute_callable_kwargs)
  File "/home/yasmine/.local/share/virtualenvs/knowledge-base-siaap-WvBZnYs-/lib/python3.8/site-packages/airflow/models/taskinstance.py", line 414, in _execute_callable
    return execute_callable(context=context, **execute_callable_kwargs)
  File "/home/yasmine/.local/share/virtualenvs/knowledge-base-siaap-WvBZnYs-/lib/python3.8/site-packages/airflow/decorators/base.py", line 241, in execute
    return_value = super().execute(context)
  File "/home/yasmine/.local/share/virtualenvs/knowledge-base-siaap-WvBZnYs-/lib/python3.8/site-packages/airflow/operators/python.py", line 200, in execute
    return_value = self.execute_callable()
  File "/home/yasmine/.local/share/virtualenvs/knowledge-base-siaap-WvBZnYs-/lib/python3.8/site-packages/airflow/operators/python.py", line 217, in execute_callable
    return self.python_callable(*self.op_args, **self.op_kwargs)
  File "/home/yasmine/Documents/FREELANCE/knowledge-base-siaap/dags/kbs/custom_dags/pipeline_eq.py", line 60, in read_equipements
    good_objects = [obj.object_name for obj in objects if obj.object_name.lower().endswith(tuple(extensions)) and obj.last_modified.date in [intervals[0].date, intervals[1].date] ]
  File "/home/yasmine/Documents/FREELANCE/knowledge-base-siaap/dags/kbs/custom_dags/pipeline_eq.py", line 60, in <listcomp>
    good_objects = [obj.object_name for obj in objects if obj.object_name.lower().endswith(tuple(extensions)) and obj.last_modified.date in [intervals[0].date, intervals[1].date] ]
AttributeError: 'NoneType' object has no attribute 'date'
[2024-04-22T17:13:30.137+0000] {taskinstance.py:1149} INFO - Marking task as FAILED. dag_id=pipeline_eq, task_id=read_equipements, execution_date=20240312T000000, start_date=20240422T171327, end_date=20240422T171330
[2024-04-22T17:13:30.150+0000] {standard_task_runner.py:107} ERROR - Failed to execute job 73 for task read_equipements ('NoneType' object has no attribute 'date'; 183245)
[2024-04-22T17:13:30.196+0000] {local_task_job_runner.py:234} INFO - Task exited with return code 1
[2024-04-22T17:13:30.217+0000] {taskinstance.py:3312} INFO - 0 downstream tasks scheduled from follow-on schedule check
[2024-04-22T18:17:44.687+0000] {taskinstance.py:1979} INFO - Dependencies all met for dep_context=non-requeueable deps ti=<TaskInstance: pipeline_eq.read_equipements scheduled__2024-03-12T00:00:00+00:00 [queued]>
[2024-04-22T18:17:44.695+0000] {taskinstance.py:1979} INFO - Dependencies all met for dep_context=requeueable deps ti=<TaskInstance: pipeline_eq.read_equipements scheduled__2024-03-12T00:00:00+00:00 [queued]>
[2024-04-22T18:17:44.695+0000] {taskinstance.py:2193} INFO - Starting attempt 1 of 1
[2024-04-22T18:17:44.708+0000] {taskinstance.py:2217} INFO - Executing <Task(_PythonDecoratedOperator): read_equipements> on 2024-03-12 00:00:00+00:00
[2024-04-22T18:17:44.710+0000] {standard_task_runner.py:60} INFO - Started process 235961 to run task
[2024-04-22T18:17:44.712+0000] {standard_task_runner.py:87} INFO - Running: ['airflow', 'tasks', 'run', 'pipeline_eq', 'read_equipements', 'scheduled__2024-03-12T00:00:00+00:00', '--job-id', '106', '--raw', '--subdir', 'DAGS_FOLDER/kbs/custom_dags/pipeline_eq.py', '--cfg-path', '/tmp/tmpmzt50v7d']
[2024-04-22T18:17:44.713+0000] {standard_task_runner.py:88} INFO - Job 106: Subtask read_equipements
[2024-04-22T18:17:44.744+0000] {task_command.py:423} INFO - Running <TaskInstance: pipeline_eq.read_equipements scheduled__2024-03-12T00:00:00+00:00 [running]> on host datalab-yasmine
[2024-04-22T18:17:44.782+0000] {logging_mixin.py:188} WARNING - /home/yasmine/.local/share/virtualenvs/knowledge-base-siaap-WvBZnYs-/lib/python3.8/site-packages/airflow/utils/context.py:207 AirflowContextDeprecationWarning: Accessing 'execution_date' from the template is deprecated and will be removed in a future version. Please use 'data_interval_start' or 'logical_date' instead.
[2024-04-22T18:17:44.804+0000] {taskinstance.py:2513} INFO - Exporting env vars: AIRFLOW_CTX_DAG_OWNER='airflow' AIRFLOW_CTX_DAG_ID='pipeline_eq' AIRFLOW_CTX_TASK_ID='read_equipements' AIRFLOW_CTX_EXECUTION_DATE='2024-03-12T00:00:00+00:00' AIRFLOW_CTX_TRY_NUMBER='1' AIRFLOW_CTX_DAG_RUN_ID='scheduled__2024-03-12T00:00:00+00:00'
[2024-04-22T18:17:44.805+0000] {pipeline_eq.py:53} INFO - start to get objects in minio
[2024-04-22T18:17:44.805+0000] {logging_mixin.py:188} INFO - intervals is ['2024-03-12 00:00:00+00:00', '2024-03-12 00:00:00+00:00']
[2024-04-22T18:17:46.839+0000] {python.py:202} INFO - Done. Returned value was: []
[2024-04-22T18:17:46.857+0000] {taskinstance.py:1149} INFO - Marking task as SUCCESS. dag_id=pipeline_eq, task_id=read_equipements, execution_date=20240312T000000, start_date=20240422T181744, end_date=20240422T181746
[2024-04-22T18:17:46.889+0000] {local_task_job_runner.py:234} INFO - Task exited with return code 0
[2024-04-22T18:17:46.914+0000] {abstractoperator.py:567} INFO - Marking <TaskInstance: pipeline_eq.push_in_redis scheduled__2024-03-12T00:00:00+00:00 [None]> as SKIPPED since the map has 0 values to expand
[2024-04-22T18:17:46.920+0000] {taskinstance.py:3312} INFO - 0 downstream tasks scheduled from follow-on schedule check
[2024-04-22T18:26:04.938+0000] {taskinstance.py:1979} INFO - Dependencies all met for dep_context=non-requeueable deps ti=<TaskInstance: pipeline_eq.read_equipements scheduled__2024-03-12T00:00:00+00:00 [queued]>
[2024-04-22T18:26:04.945+0000] {taskinstance.py:1979} INFO - Dependencies all met for dep_context=requeueable deps ti=<TaskInstance: pipeline_eq.read_equipements scheduled__2024-03-12T00:00:00+00:00 [queued]>
[2024-04-22T18:26:04.945+0000] {taskinstance.py:2193} INFO - Starting attempt 1 of 1
[2024-04-22T18:26:04.958+0000] {taskinstance.py:2217} INFO - Executing <Task(_PythonDecoratedOperator): read_equipements> on 2024-03-12 00:00:00+00:00
[2024-04-22T18:26:04.961+0000] {standard_task_runner.py:60} INFO - Started process 246456 to run task
[2024-04-22T18:26:04.963+0000] {standard_task_runner.py:87} INFO - Running: ['airflow', 'tasks', 'run', 'pipeline_eq', 'read_equipements', 'scheduled__2024-03-12T00:00:00+00:00', '--job-id', '159', '--raw', '--subdir', 'DAGS_FOLDER/kbs/custom_dags/pipeline_eq.py', '--cfg-path', '/tmp/tmpwe9piz5m']
[2024-04-22T18:26:04.964+0000] {standard_task_runner.py:88} INFO - Job 159: Subtask read_equipements
[2024-04-22T18:26:04.990+0000] {task_command.py:423} INFO - Running <TaskInstance: pipeline_eq.read_equipements scheduled__2024-03-12T00:00:00+00:00 [running]> on host datalab-yasmine
[2024-04-22T18:26:05.031+0000] {logging_mixin.py:188} WARNING - /home/yasmine/.local/share/virtualenvs/knowledge-base-siaap-WvBZnYs-/lib/python3.8/site-packages/airflow/utils/context.py:207 AirflowContextDeprecationWarning: Accessing 'execution_date' from the template is deprecated and will be removed in a future version. Please use 'data_interval_start' or 'logical_date' instead.
[2024-04-22T18:26:05.052+0000] {taskinstance.py:2513} INFO - Exporting env vars: AIRFLOW_CTX_DAG_OWNER='airflow' AIRFLOW_CTX_DAG_ID='pipeline_eq' AIRFLOW_CTX_TASK_ID='read_equipements' AIRFLOW_CTX_EXECUTION_DATE='2024-03-12T00:00:00+00:00' AIRFLOW_CTX_TRY_NUMBER='1' AIRFLOW_CTX_DAG_RUN_ID='scheduled__2024-03-12T00:00:00+00:00'
[2024-04-22T18:26:05.053+0000] {pipeline_eq.py:53} INFO - start to get objects in minio
[2024-04-22T18:26:05.054+0000] {logging_mixin.py:188} INFO - intervals is ['2024-03-12 00:00:00+00:00', '2024-03-12 00:00:00+00:00']
[2024-04-22T18:26:10.050+0000] {python.py:202} INFO - Done. Returned value was: []
[2024-04-22T18:26:10.067+0000] {taskinstance.py:1149} INFO - Marking task as SUCCESS. dag_id=pipeline_eq, task_id=read_equipements, execution_date=20240312T000000, start_date=20240422T182604, end_date=20240422T182610
[2024-04-22T18:26:10.097+0000] {local_task_job_runner.py:234} INFO - Task exited with return code 0
[2024-04-22T18:26:10.124+0000] {abstractoperator.py:567} INFO - Marking <TaskInstance: pipeline_eq.push_in_redis scheduled__2024-03-12T00:00:00+00:00 [None]> as SKIPPED since the map has 0 values to expand
[2024-04-22T18:26:10.130+0000] {taskinstance.py:3312} INFO - 0 downstream tasks scheduled from follow-on schedule check
[2024-04-22T18:28:40.915+0000] {taskinstance.py:1979} INFO - Dependencies all met for dep_context=non-requeueable deps ti=<TaskInstance: pipeline_eq.read_equipements scheduled__2024-03-12T00:00:00+00:00 [queued]>
[2024-04-22T18:28:40.923+0000] {taskinstance.py:1979} INFO - Dependencies all met for dep_context=requeueable deps ti=<TaskInstance: pipeline_eq.read_equipements scheduled__2024-03-12T00:00:00+00:00 [queued]>
[2024-04-22T18:28:40.923+0000] {taskinstance.py:2193} INFO - Starting attempt 1 of 1
[2024-04-22T18:28:40.941+0000] {taskinstance.py:2217} INFO - Executing <Task(_PythonDecoratedOperator): read_equipements> on 2024-03-12 00:00:00+00:00
[2024-04-22T18:28:40.945+0000] {standard_task_runner.py:60} INFO - Started process 249660 to run task
[2024-04-22T18:28:40.948+0000] {standard_task_runner.py:87} INFO - Running: ['airflow', 'tasks', 'run', 'pipeline_eq', 'read_equipements', 'scheduled__2024-03-12T00:00:00+00:00', '--job-id', '170', '--raw', '--subdir', 'DAGS_FOLDER/kbs/custom_dags/pipeline_eq.py', '--cfg-path', '/tmp/tmp8k9kcq0w']
[2024-04-22T18:28:40.949+0000] {standard_task_runner.py:88} INFO - Job 170: Subtask read_equipements
[2024-04-22T18:28:41.006+0000] {task_command.py:423} INFO - Running <TaskInstance: pipeline_eq.read_equipements scheduled__2024-03-12T00:00:00+00:00 [running]> on host datalab-yasmine
[2024-04-22T18:28:41.083+0000] {logging_mixin.py:188} WARNING - /home/yasmine/.local/share/virtualenvs/knowledge-base-siaap-WvBZnYs-/lib/python3.8/site-packages/airflow/utils/context.py:207 AirflowContextDeprecationWarning: Accessing 'execution_date' from the template is deprecated and will be removed in a future version. Please use 'data_interval_start' or 'logical_date' instead.
[2024-04-22T18:28:41.116+0000] {taskinstance.py:2513} INFO - Exporting env vars: AIRFLOW_CTX_DAG_OWNER='airflow' AIRFLOW_CTX_DAG_ID='pipeline_eq' AIRFLOW_CTX_TASK_ID='read_equipements' AIRFLOW_CTX_EXECUTION_DATE='2024-03-12T00:00:00+00:00' AIRFLOW_CTX_TRY_NUMBER='1' AIRFLOW_CTX_DAG_RUN_ID='scheduled__2024-03-12T00:00:00+00:00'
[2024-04-22T18:28:41.117+0000] {pipeline_eq.py:53} INFO - start to get objects in minio
[2024-04-22T18:28:41.117+0000] {logging_mixin.py:188} INFO - intervals is ['2024-03-12 00:00:00+00:00', '2024-03-12 00:00:00+00:00']
[2024-04-22T18:28:43.252+0000] {python.py:202} INFO - Done. Returned value was: []
[2024-04-22T18:28:43.272+0000] {taskinstance.py:1149} INFO - Marking task as SUCCESS. dag_id=pipeline_eq, task_id=read_equipements, execution_date=20240312T000000, start_date=20240422T182840, end_date=20240422T182843
[2024-04-22T18:28:43.290+0000] {local_task_job_runner.py:234} INFO - Task exited with return code 0
[2024-04-22T18:28:43.316+0000] {abstractoperator.py:567} INFO - Marking <TaskInstance: pipeline_eq.push_in_redis scheduled__2024-03-12T00:00:00+00:00 [None]> as SKIPPED since the map has 0 values to expand
[2024-04-22T18:28:43.322+0000] {taskinstance.py:3312} INFO - 0 downstream tasks scheduled from follow-on schedule check
