[2024-04-23T10:53:23.242+0000] {taskinstance.py:1979} INFO - Dependencies all met for dep_context=non-requeueable deps ti=<TaskInstance: pipeline_eq.gen_dates scheduled__2024-03-06T00:00:00+00:00 [queued]>
[2024-04-23T10:53:23.247+0000] {taskinstance.py:1979} INFO - Dependencies all met for dep_context=requeueable deps ti=<TaskInstance: pipeline_eq.gen_dates scheduled__2024-03-06T00:00:00+00:00 [queued]>
[2024-04-23T10:53:23.247+0000] {taskinstance.py:2193} INFO - Starting attempt 1 of 1
[2024-04-23T10:53:23.258+0000] {taskinstance.py:2217} INFO - Executing <Task(_PythonDecoratedOperator): gen_dates> on 2024-03-06 00:00:00+00:00
[2024-04-23T10:53:23.261+0000] {standard_task_runner.py:60} INFO - Started process 45436 to run task
[2024-04-23T10:53:23.263+0000] {standard_task_runner.py:87} INFO - Running: ['airflow', 'tasks', 'run', 'pipeline_eq', 'gen_dates', 'scheduled__2024-03-06T00:00:00+00:00', '--job-id', '214', '--raw', '--subdir', 'DAGS_FOLDER/kbs/custom_dags/pipeline_eq.py', '--cfg-path', '/tmp/tmpjxp43gd1']
[2024-04-23T10:53:23.264+0000] {standard_task_runner.py:88} INFO - Job 214: Subtask gen_dates
[2024-04-23T10:53:23.286+0000] {task_command.py:423} INFO - Running <TaskInstance: pipeline_eq.gen_dates scheduled__2024-03-06T00:00:00+00:00 [running]> on host datalab-yasmine
[2024-04-23T10:53:23.316+0000] {logging_mixin.py:188} WARNING - /home/yasmine/.local/share/virtualenvs/knowledge-base-siaap-WvBZnYs-/lib/python3.8/site-packages/airflow/utils/context.py:207 AirflowContextDeprecationWarning: Accessing 'execution_date' from the template is deprecated and will be removed in a future version. Please use 'data_interval_start' or 'logical_date' instead.
[2024-04-23T10:53:23.438+0000] {taskinstance.py:2513} INFO - Exporting env vars: AIRFLOW_CTX_DAG_OWNER='airflow' AIRFLOW_CTX_DAG_ID='pipeline_eq' AIRFLOW_CTX_TASK_ID='gen_dates' AIRFLOW_CTX_EXECUTION_DATE='2024-03-06T00:00:00+00:00' AIRFLOW_CTX_TRY_NUMBER='1' AIRFLOW_CTX_DAG_RUN_ID='scheduled__2024-03-06T00:00:00+00:00'
[2024-04-23T10:53:23.438+0000] {rw.py:82} INFO - Starting to save files into Minio
[2024-04-23T10:53:24.965+0000] {python.py:202} INFO - Done. Returned value was: dates_20240306
[2024-04-23T10:53:24.976+0000] {taskinstance.py:1149} INFO - Marking task as SUCCESS. dag_id=pipeline_eq, task_id=gen_dates, execution_date=20240306T000000, start_date=20240423T105323, end_date=20240423T105324
[2024-04-23T10:53:25.002+0000] {local_task_job_runner.py:234} INFO - Task exited with return code 0
[2024-04-23T10:53:25.017+0000] {taskinstance.py:3312} INFO - 0 downstream tasks scheduled from follow-on schedule check
[2024-04-23T11:19:50.847+0000] {taskinstance.py:1979} INFO - Dependencies all met for dep_context=non-requeueable deps ti=<TaskInstance: pipeline_eq.gen_dates scheduled__2024-03-06T00:00:00+00:00 [queued]>
[2024-04-23T11:19:50.852+0000] {taskinstance.py:1979} INFO - Dependencies all met for dep_context=requeueable deps ti=<TaskInstance: pipeline_eq.gen_dates scheduled__2024-03-06T00:00:00+00:00 [queued]>
[2024-04-23T11:19:50.853+0000] {taskinstance.py:2193} INFO - Starting attempt 1 of 1
[2024-04-23T11:19:50.864+0000] {taskinstance.py:2217} INFO - Executing <Task(_PythonDecoratedOperator): gen_dates> on 2024-03-06 00:00:00+00:00
[2024-04-23T11:19:50.868+0000] {standard_task_runner.py:60} INFO - Started process 74062 to run task
[2024-04-23T11:19:50.870+0000] {standard_task_runner.py:87} INFO - Running: ['airflow', 'tasks', 'run', 'pipeline_eq', 'gen_dates', 'scheduled__2024-03-06T00:00:00+00:00', '--job-id', '241', '--raw', '--subdir', 'DAGS_FOLDER/kbs/custom_dags/pipeline_eq.py', '--cfg-path', '/tmp/tmpw8l15agr']
[2024-04-23T11:19:50.871+0000] {standard_task_runner.py:88} INFO - Job 241: Subtask gen_dates
[2024-04-23T11:19:50.893+0000] {task_command.py:423} INFO - Running <TaskInstance: pipeline_eq.gen_dates scheduled__2024-03-06T00:00:00+00:00 [running]> on host datalab-yasmine
[2024-04-23T11:19:50.925+0000] {logging_mixin.py:188} WARNING - /home/yasmine/.local/share/virtualenvs/knowledge-base-siaap-WvBZnYs-/lib/python3.8/site-packages/airflow/utils/context.py:207 AirflowContextDeprecationWarning: Accessing 'execution_date' from the template is deprecated and will be removed in a future version. Please use 'data_interval_start' or 'logical_date' instead.
[2024-04-23T11:19:51.042+0000] {taskinstance.py:2513} INFO - Exporting env vars: AIRFLOW_CTX_DAG_OWNER='airflow' AIRFLOW_CTX_DAG_ID='pipeline_eq' AIRFLOW_CTX_TASK_ID='gen_dates' AIRFLOW_CTX_EXECUTION_DATE='2024-03-06T00:00:00+00:00' AIRFLOW_CTX_TRY_NUMBER='1' AIRFLOW_CTX_DAG_RUN_ID='scheduled__2024-03-06T00:00:00+00:00'
[2024-04-23T11:19:51.042+0000] {rw.py:84} INFO - Starting to save files into Minio
[2024-04-23T11:19:52.415+0000] {python.py:202} INFO - Done. Returned value was: dates_20240306
[2024-04-23T11:19:52.430+0000] {taskinstance.py:1149} INFO - Marking task as SUCCESS. dag_id=pipeline_eq, task_id=gen_dates, execution_date=20240306T000000, start_date=20240423T111950, end_date=20240423T111952
[2024-04-23T11:19:52.449+0000] {local_task_job_runner.py:234} INFO - Task exited with return code 0
[2024-04-23T11:19:52.477+0000] {taskinstance.py:3312} INFO - 0 downstream tasks scheduled from follow-on schedule check
[2024-04-23T11:24:02.483+0000] {taskinstance.py:1979} INFO - Dependencies all met for dep_context=non-requeueable deps ti=<TaskInstance: pipeline_eq.gen_dates scheduled__2024-03-06T00:00:00+00:00 [queued]>
[2024-04-23T11:24:02.488+0000] {taskinstance.py:1979} INFO - Dependencies all met for dep_context=requeueable deps ti=<TaskInstance: pipeline_eq.gen_dates scheduled__2024-03-06T00:00:00+00:00 [queued]>
[2024-04-23T11:24:02.489+0000] {taskinstance.py:2193} INFO - Starting attempt 1 of 1
[2024-04-23T11:24:02.501+0000] {taskinstance.py:2217} INFO - Executing <Task(_PythonDecoratedOperator): gen_dates> on 2024-03-06 00:00:00+00:00
[2024-04-23T11:24:02.506+0000] {standard_task_runner.py:60} INFO - Started process 80344 to run task
[2024-04-23T11:24:02.508+0000] {standard_task_runner.py:87} INFO - Running: ['airflow', 'tasks', 'run', 'pipeline_eq', 'gen_dates', 'scheduled__2024-03-06T00:00:00+00:00', '--job-id', '265', '--raw', '--subdir', 'DAGS_FOLDER/kbs/custom_dags/pipeline_eq.py', '--cfg-path', '/tmp/tmpum313d9q']
[2024-04-23T11:24:02.509+0000] {standard_task_runner.py:88} INFO - Job 265: Subtask gen_dates
[2024-04-23T11:24:02.530+0000] {task_command.py:423} INFO - Running <TaskInstance: pipeline_eq.gen_dates scheduled__2024-03-06T00:00:00+00:00 [running]> on host datalab-yasmine
[2024-04-23T11:24:02.555+0000] {logging_mixin.py:188} WARNING - /home/yasmine/.local/share/virtualenvs/knowledge-base-siaap-WvBZnYs-/lib/python3.8/site-packages/airflow/utils/context.py:207 AirflowContextDeprecationWarning: Accessing 'execution_date' from the template is deprecated and will be removed in a future version. Please use 'data_interval_start' or 'logical_date' instead.
[2024-04-23T11:24:02.673+0000] {taskinstance.py:2513} INFO - Exporting env vars: AIRFLOW_CTX_DAG_OWNER='airflow' AIRFLOW_CTX_DAG_ID='pipeline_eq' AIRFLOW_CTX_TASK_ID='gen_dates' AIRFLOW_CTX_EXECUTION_DATE='2024-03-06T00:00:00+00:00' AIRFLOW_CTX_TRY_NUMBER='1' AIRFLOW_CTX_DAG_RUN_ID='scheduled__2024-03-06T00:00:00+00:00'
[2024-04-23T11:24:02.674+0000] {logging_mixin.py:188} INFO - {'start': '2024-03-06 00:00:00+00:00', 'end': '2024-04-23 11:24:02'}
[2024-04-23T11:24:02.674+0000] {rw.py:84} INFO - Starting to save files into Minio
[2024-04-23T11:24:05.557+0000] {python.py:202} INFO - Done. Returned value was: dates_20240306
[2024-04-23T11:24:05.570+0000] {taskinstance.py:1149} INFO - Marking task as SUCCESS. dag_id=pipeline_eq, task_id=gen_dates, execution_date=20240306T000000, start_date=20240423T112402, end_date=20240423T112405
[2024-04-23T11:24:05.613+0000] {local_task_job_runner.py:234} INFO - Task exited with return code 0
[2024-04-23T11:24:05.627+0000] {taskinstance.py:3312} INFO - 0 downstream tasks scheduled from follow-on schedule check
