[2024-04-22T16:57:29.345+0000] {taskinstance.py:1979} INFO - Dependencies all met for dep_context=non-requeueable deps ti=<TaskInstance: pipeline_eq.read_equipements scheduled__2024-03-26T00:00:00+00:00 [queued]>
[2024-04-22T16:57:29.351+0000] {taskinstance.py:1979} INFO - Dependencies all met for dep_context=requeueable deps ti=<TaskInstance: pipeline_eq.read_equipements scheduled__2024-03-26T00:00:00+00:00 [queued]>
[2024-04-22T16:57:29.352+0000] {taskinstance.py:2193} INFO - Starting attempt 1 of 1
[2024-04-22T16:57:29.363+0000] {taskinstance.py:2217} INFO - Executing <Task(_PythonDecoratedOperator): read_equipements> on 2024-03-26 00:00:00+00:00
[2024-04-22T16:57:29.366+0000] {standard_task_runner.py:60} INFO - Started process 167189 to run task
[2024-04-22T16:57:29.368+0000] {standard_task_runner.py:87} INFO - Running: ['airflow', 'tasks', 'run', 'pipeline_eq', 'read_equipements', 'scheduled__2024-03-26T00:00:00+00:00', '--job-id', '32', '--raw', '--subdir', 'DAGS_FOLDER/kbs/custom_dags/pipeline_eq.py', '--cfg-path', '/tmp/tmp9mnalwuu']
[2024-04-22T16:57:29.369+0000] {standard_task_runner.py:88} INFO - Job 32: Subtask read_equipements
[2024-04-22T16:57:29.398+0000] {task_command.py:423} INFO - Running <TaskInstance: pipeline_eq.read_equipements scheduled__2024-03-26T00:00:00+00:00 [running]> on host datalab-yasmine
[2024-04-22T16:57:29.450+0000] {taskinstance.py:2513} INFO - Exporting env vars: AIRFLOW_CTX_DAG_OWNER='airflow' AIRFLOW_CTX_DAG_ID='pipeline_eq' AIRFLOW_CTX_TASK_ID='read_equipements' AIRFLOW_CTX_EXECUTION_DATE='2024-03-26T00:00:00+00:00' AIRFLOW_CTX_TRY_NUMBER='1' AIRFLOW_CTX_DAG_RUN_ID='scheduled__2024-03-26T00:00:00+00:00'
[2024-04-22T16:57:29.451+0000] {pipeline_eq.py:47} INFO - start to get objects in minio
[2024-04-22T16:57:29.455+0000] {logging_mixin.py:188} WARNING - /home/yasmine/.local/share/virtualenvs/knowledge-base-siaap-WvBZnYs-/lib/python3.8/site-packages/airflow/utils/context.py:315 AirflowContextDeprecationWarning: Accessing 'prev_execution_date_success' from the template is deprecated and will be removed in a future version. Please use 'prev_data_interval_start_success' instead.
[2024-04-22T16:57:29.456+0000] {taskinstance.py:2731} ERROR - Task failed with exception
Traceback (most recent call last):
  File "/home/yasmine/.local/share/virtualenvs/knowledge-base-siaap-WvBZnYs-/lib/python3.8/site-packages/airflow/models/taskinstance.py", line 444, in _execute_task
    result = _execute_callable(context=context, **execute_callable_kwargs)
  File "/home/yasmine/.local/share/virtualenvs/knowledge-base-siaap-WvBZnYs-/lib/python3.8/site-packages/airflow/models/taskinstance.py", line 414, in _execute_callable
    return execute_callable(context=context, **execute_callable_kwargs)
  File "/home/yasmine/.local/share/virtualenvs/knowledge-base-siaap-WvBZnYs-/lib/python3.8/site-packages/airflow/decorators/base.py", line 241, in execute
    return_value = super().execute(context)
  File "/home/yasmine/.local/share/virtualenvs/knowledge-base-siaap-WvBZnYs-/lib/python3.8/site-packages/airflow/operators/python.py", line 200, in execute
    return_value = self.execute_callable()
  File "/home/yasmine/.local/share/virtualenvs/knowledge-base-siaap-WvBZnYs-/lib/python3.8/site-packages/airflow/operators/python.py", line 217, in execute_callable
    return self.python_callable(*self.op_args, **self.op_kwargs)
  File "/home/yasmine/Documents/FREELANCE/knowledge-base-siaap/dags/kbs/custom_dags/pipeline_eq.py", line 48, in read_equipements
    intervals =[context['prev_execution_date_success'].date, context['execution_date'].date]
AttributeError: 'NoneType' object has no attribute 'date'
[2024-04-22T16:57:29.459+0000] {taskinstance.py:1149} INFO - Marking task as FAILED. dag_id=pipeline_eq, task_id=read_equipements, execution_date=20240326T000000, start_date=20240422T165729, end_date=20240422T165729
[2024-04-22T16:57:29.469+0000] {standard_task_runner.py:107} ERROR - Failed to execute job 32 for task read_equipements ('NoneType' object has no attribute 'date'; 167189)
[2024-04-22T16:57:29.500+0000] {local_task_job_runner.py:234} INFO - Task exited with return code 1
[2024-04-22T16:57:29.513+0000] {taskinstance.py:3312} INFO - 0 downstream tasks scheduled from follow-on schedule check
[2024-04-22T17:39:51.091+0000] {taskinstance.py:1979} INFO - Dependencies all met for dep_context=non-requeueable deps ti=<TaskInstance: pipeline_eq.read_equipements scheduled__2024-03-26T00:00:00+00:00 [queued]>
[2024-04-22T17:39:51.105+0000] {taskinstance.py:1979} INFO - Dependencies all met for dep_context=requeueable deps ti=<TaskInstance: pipeline_eq.read_equipements scheduled__2024-03-26T00:00:00+00:00 [queued]>
[2024-04-22T17:39:51.106+0000] {taskinstance.py:2193} INFO - Starting attempt 1 of 1
[2024-04-22T17:39:51.130+0000] {taskinstance.py:2217} INFO - Executing <Task(_PythonDecoratedOperator): read_equipements> on 2024-03-26 00:00:00+00:00
[2024-04-22T17:39:51.134+0000] {standard_task_runner.py:60} INFO - Started process 204224 to run task
[2024-04-22T17:39:51.139+0000] {standard_task_runner.py:87} INFO - Running: ['airflow', 'tasks', 'run', 'pipeline_eq', 'read_equipements', 'scheduled__2024-03-26T00:00:00+00:00', '--job-id', '87', '--raw', '--subdir', 'DAGS_FOLDER/kbs/custom_dags/pipeline_eq.py', '--cfg-path', '/tmp/tmp4qrags8b']
[2024-04-22T17:39:51.140+0000] {standard_task_runner.py:88} INFO - Job 87: Subtask read_equipements
[2024-04-22T17:39:51.184+0000] {task_command.py:423} INFO - Running <TaskInstance: pipeline_eq.read_equipements scheduled__2024-03-26T00:00:00+00:00 [running]> on host datalab-yasmine
[2024-04-22T17:39:51.244+0000] {taskinstance.py:2513} INFO - Exporting env vars: AIRFLOW_CTX_DAG_OWNER='airflow' AIRFLOW_CTX_DAG_ID='pipeline_eq' AIRFLOW_CTX_TASK_ID='read_equipements' AIRFLOW_CTX_EXECUTION_DATE='2024-03-26T00:00:00+00:00' AIRFLOW_CTX_TRY_NUMBER='1' AIRFLOW_CTX_DAG_RUN_ID='scheduled__2024-03-26T00:00:00+00:00'
[2024-04-22T17:39:51.245+0000] {pipeline_eq.py:48} INFO - start to get objects in minio
[2024-04-22T17:39:51.251+0000] {logging_mixin.py:188} WARNING - /home/yasmine/.local/share/virtualenvs/knowledge-base-siaap-WvBZnYs-/lib/python3.8/site-packages/airflow/utils/context.py:315 AirflowContextDeprecationWarning: Accessing 'prev_execution_date_success' from the template is deprecated and will be removed in a future version. Please use 'prev_data_interval_start_success' instead.
[2024-04-22T17:39:51.251+0000] {taskinstance.py:2731} ERROR - Task failed with exception
Traceback (most recent call last):
  File "/home/yasmine/.local/share/virtualenvs/knowledge-base-siaap-WvBZnYs-/lib/python3.8/site-packages/airflow/models/taskinstance.py", line 444, in _execute_task
    result = _execute_callable(context=context, **execute_callable_kwargs)
  File "/home/yasmine/.local/share/virtualenvs/knowledge-base-siaap-WvBZnYs-/lib/python3.8/site-packages/airflow/models/taskinstance.py", line 414, in _execute_callable
    return execute_callable(context=context, **execute_callable_kwargs)
  File "/home/yasmine/.local/share/virtualenvs/knowledge-base-siaap-WvBZnYs-/lib/python3.8/site-packages/airflow/decorators/base.py", line 241, in execute
    return_value = super().execute(context)
  File "/home/yasmine/.local/share/virtualenvs/knowledge-base-siaap-WvBZnYs-/lib/python3.8/site-packages/airflow/operators/python.py", line 200, in execute
    return_value = self.execute_callable()
  File "/home/yasmine/.local/share/virtualenvs/knowledge-base-siaap-WvBZnYs-/lib/python3.8/site-packages/airflow/operators/python.py", line 217, in execute_callable
    return self.python_callable(*self.op_args, **self.op_kwargs)
  File "/home/yasmine/Documents/FREELANCE/knowledge-base-siaap/dags/kbs/custom_dags/pipeline_eq.py", line 49, in read_equipements
    intervals =[context['prev_execution_date_success'], context['execution_date']] if context['prev_execution_date_success'] else [context['start_date'], context['execution_date']]
KeyError: 'start_date'
[2024-04-22T17:39:51.254+0000] {taskinstance.py:1149} INFO - Marking task as FAILED. dag_id=pipeline_eq, task_id=read_equipements, execution_date=20240326T000000, start_date=20240422T173951, end_date=20240422T173951
[2024-04-22T17:39:51.263+0000] {standard_task_runner.py:107} ERROR - Failed to execute job 87 for task read_equipements ('start_date'; 204224)
[2024-04-22T17:39:51.271+0000] {local_task_job_runner.py:234} INFO - Task exited with return code 1
[2024-04-22T17:39:51.285+0000] {taskinstance.py:3312} INFO - 0 downstream tasks scheduled from follow-on schedule check
[2024-04-22T18:18:51.405+0000] {taskinstance.py:1979} INFO - Dependencies all met for dep_context=non-requeueable deps ti=<TaskInstance: pipeline_eq.read_equipements scheduled__2024-03-26T00:00:00+00:00 [queued]>
[2024-04-22T18:18:51.413+0000] {taskinstance.py:1979} INFO - Dependencies all met for dep_context=requeueable deps ti=<TaskInstance: pipeline_eq.read_equipements scheduled__2024-03-26T00:00:00+00:00 [queued]>
[2024-04-22T18:18:51.413+0000] {taskinstance.py:2193} INFO - Starting attempt 1 of 1
[2024-04-22T18:18:51.432+0000] {taskinstance.py:2217} INFO - Executing <Task(_PythonDecoratedOperator): read_equipements> on 2024-03-26 00:00:00+00:00
[2024-04-22T18:18:51.436+0000] {standard_task_runner.py:60} INFO - Started process 237626 to run task
[2024-04-22T18:18:51.439+0000] {standard_task_runner.py:87} INFO - Running: ['airflow', 'tasks', 'run', 'pipeline_eq', 'read_equipements', 'scheduled__2024-03-26T00:00:00+00:00', '--job-id', '120', '--raw', '--subdir', 'DAGS_FOLDER/kbs/custom_dags/pipeline_eq.py', '--cfg-path', '/tmp/tmppnyvbtuj']
[2024-04-22T18:18:51.440+0000] {standard_task_runner.py:88} INFO - Job 120: Subtask read_equipements
[2024-04-22T18:18:51.466+0000] {task_command.py:423} INFO - Running <TaskInstance: pipeline_eq.read_equipements scheduled__2024-03-26T00:00:00+00:00 [running]> on host datalab-yasmine
[2024-04-22T18:18:51.506+0000] {logging_mixin.py:188} WARNING - /home/yasmine/.local/share/virtualenvs/knowledge-base-siaap-WvBZnYs-/lib/python3.8/site-packages/airflow/utils/context.py:207 AirflowContextDeprecationWarning: Accessing 'execution_date' from the template is deprecated and will be removed in a future version. Please use 'data_interval_start' or 'logical_date' instead.
[2024-04-22T18:18:51.529+0000] {taskinstance.py:2513} INFO - Exporting env vars: AIRFLOW_CTX_DAG_OWNER='airflow' AIRFLOW_CTX_DAG_ID='pipeline_eq' AIRFLOW_CTX_TASK_ID='read_equipements' AIRFLOW_CTX_EXECUTION_DATE='2024-03-26T00:00:00+00:00' AIRFLOW_CTX_TRY_NUMBER='1' AIRFLOW_CTX_DAG_RUN_ID='scheduled__2024-03-26T00:00:00+00:00'
[2024-04-22T18:18:51.530+0000] {pipeline_eq.py:53} INFO - start to get objects in minio
[2024-04-22T18:18:51.531+0000] {logging_mixin.py:188} INFO - intervals is ['2024-03-26 00:00:00+00:00', '2024-03-26 00:00:00+00:00']
[2024-04-22T18:18:55.208+0000] {python.py:202} INFO - Done. Returned value was: []
[2024-04-22T18:18:55.226+0000] {taskinstance.py:1149} INFO - Marking task as SUCCESS. dag_id=pipeline_eq, task_id=read_equipements, execution_date=20240326T000000, start_date=20240422T181851, end_date=20240422T181855
[2024-04-22T18:18:55.260+0000] {local_task_job_runner.py:234} INFO - Task exited with return code 0
[2024-04-22T18:18:55.289+0000] {abstractoperator.py:567} INFO - Marking <TaskInstance: pipeline_eq.push_in_redis scheduled__2024-03-26T00:00:00+00:00 [None]> as SKIPPED since the map has 0 values to expand
[2024-04-22T18:18:55.294+0000] {taskinstance.py:3312} INFO - 0 downstream tasks scheduled from follow-on schedule check
