[2024-04-22T16:40:38.230+0000] {processor.py:161} INFO - Started process (PID=149904) to work on /home/yasmine/.local/share/virtualenvs/knowledge-base-siaap-WvBZnYs-/lib/python3.8/site-packages/airflow/example_dags/plugins/event_listener.py
[2024-04-22T16:40:38.231+0000] {processor.py:830} INFO - Processing file /home/yasmine/.local/share/virtualenvs/knowledge-base-siaap-WvBZnYs-/lib/python3.8/site-packages/airflow/example_dags/plugins/event_listener.py for tasks to queue
[2024-04-22T16:40:38.231+0000] {logging_mixin.py:188} INFO - [2024-04-22T16:40:38.231+0000] {dagbag.py:540} INFO - Filling up the DagBag from /home/yasmine/.local/share/virtualenvs/knowledge-base-siaap-WvBZnYs-/lib/python3.8/site-packages/airflow/example_dags/plugins/event_listener.py
[2024-04-22T16:40:38.233+0000] {processor.py:842} WARNING - No viable dags retrieved from /home/yasmine/.local/share/virtualenvs/knowledge-base-siaap-WvBZnYs-/lib/python3.8/site-packages/airflow/example_dags/plugins/event_listener.py
[2024-04-22T16:40:38.239+0000] {processor.py:183} INFO - Processing /home/yasmine/.local/share/virtualenvs/knowledge-base-siaap-WvBZnYs-/lib/python3.8/site-packages/airflow/example_dags/plugins/event_listener.py took 0.012 seconds
[2024-04-22T16:41:27.817+0000] {processor.py:161} INFO - Started process (PID=150951) to work on /home/yasmine/.local/share/virtualenvs/knowledge-base-siaap-WvBZnYs-/lib/python3.8/site-packages/airflow/example_dags/plugins/event_listener.py
[2024-04-22T16:41:27.817+0000] {processor.py:830} INFO - Processing file /home/yasmine/.local/share/virtualenvs/knowledge-base-siaap-WvBZnYs-/lib/python3.8/site-packages/airflow/example_dags/plugins/event_listener.py for tasks to queue
[2024-04-22T16:41:27.818+0000] {logging_mixin.py:188} INFO - [2024-04-22T16:41:27.818+0000] {dagbag.py:540} INFO - Filling up the DagBag from /home/yasmine/.local/share/virtualenvs/knowledge-base-siaap-WvBZnYs-/lib/python3.8/site-packages/airflow/example_dags/plugins/event_listener.py
[2024-04-22T16:41:27.819+0000] {processor.py:842} WARNING - No viable dags retrieved from /home/yasmine/.local/share/virtualenvs/knowledge-base-siaap-WvBZnYs-/lib/python3.8/site-packages/airflow/example_dags/plugins/event_listener.py
[2024-04-22T16:41:27.826+0000] {processor.py:183} INFO - Processing /home/yasmine/.local/share/virtualenvs/knowledge-base-siaap-WvBZnYs-/lib/python3.8/site-packages/airflow/example_dags/plugins/event_listener.py took 0.011 seconds
[2024-04-22T16:42:15.607+0000] {processor.py:161} INFO - Started process (PID=151511) to work on /home/yasmine/.local/share/virtualenvs/knowledge-base-siaap-WvBZnYs-/lib/python3.8/site-packages/airflow/example_dags/plugins/event_listener.py
[2024-04-22T16:42:15.609+0000] {processor.py:830} INFO - Processing file /home/yasmine/.local/share/virtualenvs/knowledge-base-siaap-WvBZnYs-/lib/python3.8/site-packages/airflow/example_dags/plugins/event_listener.py for tasks to queue
[2024-04-22T16:42:15.609+0000] {logging_mixin.py:188} INFO - [2024-04-22T16:42:15.609+0000] {dagbag.py:540} INFO - Filling up the DagBag from /home/yasmine/.local/share/virtualenvs/knowledge-base-siaap-WvBZnYs-/lib/python3.8/site-packages/airflow/example_dags/plugins/event_listener.py
[2024-04-22T16:42:15.611+0000] {processor.py:842} WARNING - No viable dags retrieved from /home/yasmine/.local/share/virtualenvs/knowledge-base-siaap-WvBZnYs-/lib/python3.8/site-packages/airflow/example_dags/plugins/event_listener.py
[2024-04-22T16:42:15.618+0000] {processor.py:183} INFO - Processing /home/yasmine/.local/share/virtualenvs/knowledge-base-siaap-WvBZnYs-/lib/python3.8/site-packages/airflow/example_dags/plugins/event_listener.py took 0.012 seconds
[2024-04-22T16:44:39.765+0000] {processor.py:161} INFO - Started process (PID=153773) to work on /home/yasmine/.local/share/virtualenvs/knowledge-base-siaap-WvBZnYs-/lib/python3.8/site-packages/airflow/example_dags/plugins/event_listener.py
[2024-04-22T16:44:39.766+0000] {processor.py:830} INFO - Processing file /home/yasmine/.local/share/virtualenvs/knowledge-base-siaap-WvBZnYs-/lib/python3.8/site-packages/airflow/example_dags/plugins/event_listener.py for tasks to queue
[2024-04-22T16:44:39.766+0000] {logging_mixin.py:188} INFO - [2024-04-22T16:44:39.766+0000] {dagbag.py:540} INFO - Filling up the DagBag from /home/yasmine/.local/share/virtualenvs/knowledge-base-siaap-WvBZnYs-/lib/python3.8/site-packages/airflow/example_dags/plugins/event_listener.py
[2024-04-22T16:44:39.768+0000] {processor.py:842} WARNING - No viable dags retrieved from /home/yasmine/.local/share/virtualenvs/knowledge-base-siaap-WvBZnYs-/lib/python3.8/site-packages/airflow/example_dags/plugins/event_listener.py
[2024-04-22T16:44:39.774+0000] {processor.py:183} INFO - Processing /home/yasmine/.local/share/virtualenvs/knowledge-base-siaap-WvBZnYs-/lib/python3.8/site-packages/airflow/example_dags/plugins/event_listener.py took 0.011 seconds
