[2024-04-22T16:40:37.900+0000] {processor.py:161} INFO - Started process (PID=149903) to work on /home/yasmine/.local/share/virtualenvs/knowledge-base-siaap-WvBZnYs-/lib/python3.8/site-packages/airflow/example_dags/plugins/listener_plugin.py
[2024-04-22T16:40:37.901+0000] {processor.py:830} INFO - Processing file /home/yasmine/.local/share/virtualenvs/knowledge-base-siaap-WvBZnYs-/lib/python3.8/site-packages/airflow/example_dags/plugins/listener_plugin.py for tasks to queue
[2024-04-22T16:40:37.902+0000] {logging_mixin.py:188} INFO - [2024-04-22T16:40:37.902+0000] {dagbag.py:540} INFO - Filling up the DagBag from /home/yasmine/.local/share/virtualenvs/knowledge-base-siaap-WvBZnYs-/lib/python3.8/site-packages/airflow/example_dags/plugins/listener_plugin.py
[2024-04-22T16:40:37.906+0000] {processor.py:842} WARNING - No viable dags retrieved from /home/yasmine/.local/share/virtualenvs/knowledge-base-siaap-WvBZnYs-/lib/python3.8/site-packages/airflow/example_dags/plugins/listener_plugin.py
[2024-04-22T16:40:37.921+0000] {processor.py:183} INFO - Processing /home/yasmine/.local/share/virtualenvs/knowledge-base-siaap-WvBZnYs-/lib/python3.8/site-packages/airflow/example_dags/plugins/listener_plugin.py took 0.025 seconds
[2024-04-22T16:41:26.679+0000] {processor.py:161} INFO - Started process (PID=150927) to work on /home/yasmine/.local/share/virtualenvs/knowledge-base-siaap-WvBZnYs-/lib/python3.8/site-packages/airflow/example_dags/plugins/listener_plugin.py
[2024-04-22T16:41:26.680+0000] {processor.py:830} INFO - Processing file /home/yasmine/.local/share/virtualenvs/knowledge-base-siaap-WvBZnYs-/lib/python3.8/site-packages/airflow/example_dags/plugins/listener_plugin.py for tasks to queue
[2024-04-22T16:41:26.682+0000] {logging_mixin.py:188} INFO - [2024-04-22T16:41:26.682+0000] {dagbag.py:540} INFO - Filling up the DagBag from /home/yasmine/.local/share/virtualenvs/knowledge-base-siaap-WvBZnYs-/lib/python3.8/site-packages/airflow/example_dags/plugins/listener_plugin.py
[2024-04-22T16:41:26.685+0000] {processor.py:842} WARNING - No viable dags retrieved from /home/yasmine/.local/share/virtualenvs/knowledge-base-siaap-WvBZnYs-/lib/python3.8/site-packages/airflow/example_dags/plugins/listener_plugin.py
[2024-04-22T16:41:26.694+0000] {processor.py:183} INFO - Processing /home/yasmine/.local/share/virtualenvs/knowledge-base-siaap-WvBZnYs-/lib/python3.8/site-packages/airflow/example_dags/plugins/listener_plugin.py took 0.018 seconds
[2024-04-22T16:42:14.474+0000] {processor.py:161} INFO - Started process (PID=151510) to work on /home/yasmine/.local/share/virtualenvs/knowledge-base-siaap-WvBZnYs-/lib/python3.8/site-packages/airflow/example_dags/plugins/listener_plugin.py
[2024-04-22T16:42:14.475+0000] {processor.py:830} INFO - Processing file /home/yasmine/.local/share/virtualenvs/knowledge-base-siaap-WvBZnYs-/lib/python3.8/site-packages/airflow/example_dags/plugins/listener_plugin.py for tasks to queue
[2024-04-22T16:42:14.476+0000] {logging_mixin.py:188} INFO - [2024-04-22T16:42:14.476+0000] {dagbag.py:540} INFO - Filling up the DagBag from /home/yasmine/.local/share/virtualenvs/knowledge-base-siaap-WvBZnYs-/lib/python3.8/site-packages/airflow/example_dags/plugins/listener_plugin.py
[2024-04-22T16:42:14.478+0000] {processor.py:842} WARNING - No viable dags retrieved from /home/yasmine/.local/share/virtualenvs/knowledge-base-siaap-WvBZnYs-/lib/python3.8/site-packages/airflow/example_dags/plugins/listener_plugin.py
[2024-04-22T16:42:14.485+0000] {processor.py:183} INFO - Processing /home/yasmine/.local/share/virtualenvs/knowledge-base-siaap-WvBZnYs-/lib/python3.8/site-packages/airflow/example_dags/plugins/listener_plugin.py took 0.013 seconds
[2024-04-22T16:44:38.632+0000] {processor.py:161} INFO - Started process (PID=153751) to work on /home/yasmine/.local/share/virtualenvs/knowledge-base-siaap-WvBZnYs-/lib/python3.8/site-packages/airflow/example_dags/plugins/listener_plugin.py
[2024-04-22T16:44:38.632+0000] {processor.py:830} INFO - Processing file /home/yasmine/.local/share/virtualenvs/knowledge-base-siaap-WvBZnYs-/lib/python3.8/site-packages/airflow/example_dags/plugins/listener_plugin.py for tasks to queue
[2024-04-22T16:44:38.633+0000] {logging_mixin.py:188} INFO - [2024-04-22T16:44:38.633+0000] {dagbag.py:540} INFO - Filling up the DagBag from /home/yasmine/.local/share/virtualenvs/knowledge-base-siaap-WvBZnYs-/lib/python3.8/site-packages/airflow/example_dags/plugins/listener_plugin.py
[2024-04-22T16:44:38.635+0000] {processor.py:842} WARNING - No viable dags retrieved from /home/yasmine/.local/share/virtualenvs/knowledge-base-siaap-WvBZnYs-/lib/python3.8/site-packages/airflow/example_dags/plugins/listener_plugin.py
[2024-04-22T16:44:38.642+0000] {processor.py:183} INFO - Processing /home/yasmine/.local/share/virtualenvs/knowledge-base-siaap-WvBZnYs-/lib/python3.8/site-packages/airflow/example_dags/plugins/listener_plugin.py took 0.013 seconds
