[2024-04-22T16:40:36.975+0000] {processor.py:161} INFO - Started process (PID=149887) to work on /home/yasmine/.local/share/virtualenvs/knowledge-base-siaap-WvBZnYs-/lib/python3.8/site-packages/airflow/example_dags/plugins/workday.py
[2024-04-22T16:40:36.975+0000] {processor.py:830} INFO - Processing file /home/yasmine/.local/share/virtualenvs/knowledge-base-siaap-WvBZnYs-/lib/python3.8/site-packages/airflow/example_dags/plugins/workday.py for tasks to queue
[2024-04-22T16:40:36.976+0000] {logging_mixin.py:188} INFO - [2024-04-22T16:40:36.976+0000] {dagbag.py:540} INFO - Filling up the DagBag from /home/yasmine/.local/share/virtualenvs/knowledge-base-siaap-WvBZnYs-/lib/python3.8/site-packages/airflow/example_dags/plugins/workday.py
[2024-04-22T16:40:37.409+0000] {processor.py:842} WARNING - No viable dags retrieved from /home/yasmine/.local/share/virtualenvs/knowledge-base-siaap-WvBZnYs-/lib/python3.8/site-packages/airflow/example_dags/plugins/workday.py
[2024-04-22T16:40:37.416+0000] {processor.py:183} INFO - Processing /home/yasmine/.local/share/virtualenvs/knowledge-base-siaap-WvBZnYs-/lib/python3.8/site-packages/airflow/example_dags/plugins/workday.py took 0.443 seconds
[2024-04-22T16:41:25.135+0000] {processor.py:161} INFO - Started process (PID=150889) to work on /home/yasmine/.local/share/virtualenvs/knowledge-base-siaap-WvBZnYs-/lib/python3.8/site-packages/airflow/example_dags/plugins/workday.py
[2024-04-22T16:41:25.136+0000] {processor.py:830} INFO - Processing file /home/yasmine/.local/share/virtualenvs/knowledge-base-siaap-WvBZnYs-/lib/python3.8/site-packages/airflow/example_dags/plugins/workday.py for tasks to queue
[2024-04-22T16:41:25.137+0000] {logging_mixin.py:188} INFO - [2024-04-22T16:41:25.137+0000] {dagbag.py:540} INFO - Filling up the DagBag from /home/yasmine/.local/share/virtualenvs/knowledge-base-siaap-WvBZnYs-/lib/python3.8/site-packages/airflow/example_dags/plugins/workday.py
[2024-04-22T16:41:25.587+0000] {processor.py:842} WARNING - No viable dags retrieved from /home/yasmine/.local/share/virtualenvs/knowledge-base-siaap-WvBZnYs-/lib/python3.8/site-packages/airflow/example_dags/plugins/workday.py
[2024-04-22T16:41:25.594+0000] {processor.py:183} INFO - Processing /home/yasmine/.local/share/virtualenvs/knowledge-base-siaap-WvBZnYs-/lib/python3.8/site-packages/airflow/example_dags/plugins/workday.py took 0.462 seconds
[2024-04-22T16:42:12.942+0000] {processor.py:161} INFO - Started process (PID=151471) to work on /home/yasmine/.local/share/virtualenvs/knowledge-base-siaap-WvBZnYs-/lib/python3.8/site-packages/airflow/example_dags/plugins/workday.py
[2024-04-22T16:42:12.943+0000] {processor.py:830} INFO - Processing file /home/yasmine/.local/share/virtualenvs/knowledge-base-siaap-WvBZnYs-/lib/python3.8/site-packages/airflow/example_dags/plugins/workday.py for tasks to queue
[2024-04-22T16:42:12.944+0000] {logging_mixin.py:188} INFO - [2024-04-22T16:42:12.944+0000] {dagbag.py:540} INFO - Filling up the DagBag from /home/yasmine/.local/share/virtualenvs/knowledge-base-siaap-WvBZnYs-/lib/python3.8/site-packages/airflow/example_dags/plugins/workday.py
[2024-04-22T16:42:13.366+0000] {processor.py:842} WARNING - No viable dags retrieved from /home/yasmine/.local/share/virtualenvs/knowledge-base-siaap-WvBZnYs-/lib/python3.8/site-packages/airflow/example_dags/plugins/workday.py
[2024-04-22T16:42:13.374+0000] {processor.py:183} INFO - Processing /home/yasmine/.local/share/virtualenvs/knowledge-base-siaap-WvBZnYs-/lib/python3.8/site-packages/airflow/example_dags/plugins/workday.py took 0.434 seconds
[2024-04-22T16:44:37.096+0000] {processor.py:161} INFO - Started process (PID=153735) to work on /home/yasmine/.local/share/virtualenvs/knowledge-base-siaap-WvBZnYs-/lib/python3.8/site-packages/airflow/example_dags/plugins/workday.py
[2024-04-22T16:44:37.098+0000] {processor.py:830} INFO - Processing file /home/yasmine/.local/share/virtualenvs/knowledge-base-siaap-WvBZnYs-/lib/python3.8/site-packages/airflow/example_dags/plugins/workday.py for tasks to queue
[2024-04-22T16:44:37.098+0000] {logging_mixin.py:188} INFO - [2024-04-22T16:44:37.098+0000] {dagbag.py:540} INFO - Filling up the DagBag from /home/yasmine/.local/share/virtualenvs/knowledge-base-siaap-WvBZnYs-/lib/python3.8/site-packages/airflow/example_dags/plugins/workday.py
[2024-04-22T16:44:37.559+0000] {processor.py:842} WARNING - No viable dags retrieved from /home/yasmine/.local/share/virtualenvs/knowledge-base-siaap-WvBZnYs-/lib/python3.8/site-packages/airflow/example_dags/plugins/workday.py
[2024-04-22T16:44:37.567+0000] {processor.py:183} INFO - Processing /home/yasmine/.local/share/virtualenvs/knowledge-base-siaap-WvBZnYs-/lib/python3.8/site-packages/airflow/example_dags/plugins/workday.py took 0.473 seconds
