[2024-04-22T16:40:45.850+0000] {processor.py:161} INFO - Started process (PID=150116) to work on /home/yasmine/.local/share/virtualenvs/knowledge-base-siaap-WvBZnYs-/lib/python3.8/site-packages/airflow/example_dags/example_params_ui_tutorial.py
[2024-04-22T16:40:45.851+0000] {processor.py:830} INFO - Processing file /home/yasmine/.local/share/virtualenvs/knowledge-base-siaap-WvBZnYs-/lib/python3.8/site-packages/airflow/example_dags/example_params_ui_tutorial.py for tasks to queue
[2024-04-22T16:40:45.852+0000] {logging_mixin.py:188} INFO - [2024-04-22T16:40:45.852+0000] {dagbag.py:540} INFO - Filling up the DagBag from /home/yasmine/.local/share/virtualenvs/knowledge-base-siaap-WvBZnYs-/lib/python3.8/site-packages/airflow/example_dags/example_params_ui_tutorial.py
[2024-04-22T16:40:45.861+0000] {processor.py:840} INFO - DAG(s) 'example_params_ui_tutorial' retrieved from /home/yasmine/.local/share/virtualenvs/knowledge-base-siaap-WvBZnYs-/lib/python3.8/site-packages/airflow/example_dags/example_params_ui_tutorial.py
[2024-04-22T16:40:45.990+0000] {logging_mixin.py:188} INFO - [2024-04-22T16:40:45.989+0000] {override.py:1769} INFO - Created Permission View: can read on DAG:example_params_ui_tutorial
[2024-04-22T16:40:45.999+0000] {logging_mixin.py:188} INFO - [2024-04-22T16:40:45.998+0000] {override.py:1769} INFO - Created Permission View: can delete on DAG:example_params_ui_tutorial
[2024-04-22T16:40:46.007+0000] {logging_mixin.py:188} INFO - [2024-04-22T16:40:46.006+0000] {override.py:1769} INFO - Created Permission View: can edit on DAG:example_params_ui_tutorial
[2024-04-22T16:40:46.007+0000] {logging_mixin.py:188} INFO - [2024-04-22T16:40:46.007+0000] {dag.py:3047} INFO - Sync 1 DAGs
[2024-04-22T16:40:46.015+0000] {logging_mixin.py:188} INFO - [2024-04-22T16:40:46.015+0000] {dag.py:3069} INFO - Creating ORM DAG for example_params_ui_tutorial
[2024-04-22T16:40:46.016+0000] {logging_mixin.py:188} INFO - [2024-04-22T16:40:46.016+0000] {dag.py:3834} INFO - Setting next_dagrun for example_params_ui_tutorial to None, run_after=None
[2024-04-22T16:40:46.034+0000] {processor.py:183} INFO - Processing /home/yasmine/.local/share/virtualenvs/knowledge-base-siaap-WvBZnYs-/lib/python3.8/site-packages/airflow/example_dags/example_params_ui_tutorial.py took 0.185 seconds
[2024-04-22T16:41:34.662+0000] {processor.py:161} INFO - Started process (PID=151029) to work on /home/yasmine/.local/share/virtualenvs/knowledge-base-siaap-WvBZnYs-/lib/python3.8/site-packages/airflow/example_dags/example_params_ui_tutorial.py
[2024-04-22T16:41:34.663+0000] {processor.py:830} INFO - Processing file /home/yasmine/.local/share/virtualenvs/knowledge-base-siaap-WvBZnYs-/lib/python3.8/site-packages/airflow/example_dags/example_params_ui_tutorial.py for tasks to queue
[2024-04-22T16:41:34.664+0000] {logging_mixin.py:188} INFO - [2024-04-22T16:41:34.664+0000] {dagbag.py:540} INFO - Filling up the DagBag from /home/yasmine/.local/share/virtualenvs/knowledge-base-siaap-WvBZnYs-/lib/python3.8/site-packages/airflow/example_dags/example_params_ui_tutorial.py
[2024-04-22T16:41:34.675+0000] {processor.py:840} INFO - DAG(s) 'example_params_ui_tutorial' retrieved from /home/yasmine/.local/share/virtualenvs/knowledge-base-siaap-WvBZnYs-/lib/python3.8/site-packages/airflow/example_dags/example_params_ui_tutorial.py
[2024-04-22T16:41:34.729+0000] {logging_mixin.py:188} INFO - [2024-04-22T16:41:34.729+0000] {dag.py:3047} INFO - Sync 1 DAGs
[2024-04-22T16:41:34.739+0000] {logging_mixin.py:188} INFO - [2024-04-22T16:41:34.739+0000] {dag.py:3834} INFO - Setting next_dagrun for example_params_ui_tutorial to None, run_after=None
[2024-04-22T16:41:34.757+0000] {processor.py:183} INFO - Processing /home/yasmine/.local/share/virtualenvs/knowledge-base-siaap-WvBZnYs-/lib/python3.8/site-packages/airflow/example_dags/example_params_ui_tutorial.py took 0.096 seconds
[2024-04-22T16:42:20.545+0000] {processor.py:161} INFO - Started process (PID=151644) to work on /home/yasmine/.local/share/virtualenvs/knowledge-base-siaap-WvBZnYs-/lib/python3.8/site-packages/airflow/example_dags/example_params_ui_tutorial.py
[2024-04-22T16:42:20.546+0000] {processor.py:830} INFO - Processing file /home/yasmine/.local/share/virtualenvs/knowledge-base-siaap-WvBZnYs-/lib/python3.8/site-packages/airflow/example_dags/example_params_ui_tutorial.py for tasks to queue
[2024-04-22T16:42:20.547+0000] {logging_mixin.py:188} INFO - [2024-04-22T16:42:20.547+0000] {dagbag.py:540} INFO - Filling up the DagBag from /home/yasmine/.local/share/virtualenvs/knowledge-base-siaap-WvBZnYs-/lib/python3.8/site-packages/airflow/example_dags/example_params_ui_tutorial.py
[2024-04-22T16:42:20.556+0000] {processor.py:840} INFO - DAG(s) 'example_params_ui_tutorial' retrieved from /home/yasmine/.local/share/virtualenvs/knowledge-base-siaap-WvBZnYs-/lib/python3.8/site-packages/airflow/example_dags/example_params_ui_tutorial.py
[2024-04-22T16:42:20.602+0000] {logging_mixin.py:188} INFO - [2024-04-22T16:42:20.602+0000] {dag.py:3047} INFO - Sync 1 DAGs
[2024-04-22T16:42:20.613+0000] {logging_mixin.py:188} INFO - [2024-04-22T16:42:20.613+0000] {dag.py:3834} INFO - Setting next_dagrun for example_params_ui_tutorial to None, run_after=None
[2024-04-22T16:42:20.632+0000] {processor.py:183} INFO - Processing /home/yasmine/.local/share/virtualenvs/knowledge-base-siaap-WvBZnYs-/lib/python3.8/site-packages/airflow/example_dags/example_params_ui_tutorial.py took 0.089 seconds
