[2024-04-22T16:40:53.363+0000] {processor.py:161} INFO - Started process (PID=150264) to work on /home/yasmine/.local/share/virtualenvs/knowledge-base-siaap-WvBZnYs-/lib/python3.8/site-packages/airflow/example_dags/example_short_circuit_operator.py
[2024-04-22T16:40:53.364+0000] {processor.py:830} INFO - Processing file /home/yasmine/.local/share/virtualenvs/knowledge-base-siaap-WvBZnYs-/lib/python3.8/site-packages/airflow/example_dags/example_short_circuit_operator.py for tasks to queue
[2024-04-22T16:40:53.365+0000] {logging_mixin.py:188} INFO - [2024-04-22T16:40:53.364+0000] {dagbag.py:540} INFO - Filling up the DagBag from /home/yasmine/.local/share/virtualenvs/knowledge-base-siaap-WvBZnYs-/lib/python3.8/site-packages/airflow/example_dags/example_short_circuit_operator.py
[2024-04-22T16:40:53.371+0000] {processor.py:840} INFO - DAG(s) 'example_short_circuit_operator' retrieved from /home/yasmine/.local/share/virtualenvs/knowledge-base-siaap-WvBZnYs-/lib/python3.8/site-packages/airflow/example_dags/example_short_circuit_operator.py
[2024-04-22T16:40:53.463+0000] {logging_mixin.py:188} INFO - [2024-04-22T16:40:53.463+0000] {override.py:1769} INFO - Created Permission View: can read on DAG:example_short_circuit_operator
[2024-04-22T16:40:53.477+0000] {logging_mixin.py:188} INFO - [2024-04-22T16:40:53.476+0000] {override.py:1769} INFO - Created Permission View: can delete on DAG:example_short_circuit_operator
[2024-04-22T16:40:53.483+0000] {logging_mixin.py:188} INFO - [2024-04-22T16:40:53.483+0000] {override.py:1769} INFO - Created Permission View: can edit on DAG:example_short_circuit_operator
[2024-04-22T16:40:53.484+0000] {logging_mixin.py:188} INFO - [2024-04-22T16:40:53.484+0000] {dag.py:3047} INFO - Sync 1 DAGs
[2024-04-22T16:40:53.492+0000] {logging_mixin.py:188} INFO - [2024-04-22T16:40:53.492+0000] {dag.py:3069} INFO - Creating ORM DAG for example_short_circuit_operator
[2024-04-22T16:40:53.499+0000] {logging_mixin.py:188} INFO - [2024-04-22T16:40:53.499+0000] {dag.py:3834} INFO - Setting next_dagrun for example_short_circuit_operator to 2024-04-21 00:00:00+00:00, run_after=2024-04-22 00:00:00+00:00
[2024-04-22T16:40:53.516+0000] {processor.py:183} INFO - Processing /home/yasmine/.local/share/virtualenvs/knowledge-base-siaap-WvBZnYs-/lib/python3.8/site-packages/airflow/example_dags/example_short_circuit_operator.py took 0.155 seconds
[2024-04-22T16:41:42.096+0000] {processor.py:161} INFO - Started process (PID=151121) to work on /home/yasmine/.local/share/virtualenvs/knowledge-base-siaap-WvBZnYs-/lib/python3.8/site-packages/airflow/example_dags/example_short_circuit_operator.py
[2024-04-22T16:41:42.097+0000] {processor.py:830} INFO - Processing file /home/yasmine/.local/share/virtualenvs/knowledge-base-siaap-WvBZnYs-/lib/python3.8/site-packages/airflow/example_dags/example_short_circuit_operator.py for tasks to queue
[2024-04-22T16:41:42.097+0000] {logging_mixin.py:188} INFO - [2024-04-22T16:41:42.097+0000] {dagbag.py:540} INFO - Filling up the DagBag from /home/yasmine/.local/share/virtualenvs/knowledge-base-siaap-WvBZnYs-/lib/python3.8/site-packages/airflow/example_dags/example_short_circuit_operator.py
[2024-04-22T16:41:42.104+0000] {processor.py:840} INFO - DAG(s) 'example_short_circuit_operator' retrieved from /home/yasmine/.local/share/virtualenvs/knowledge-base-siaap-WvBZnYs-/lib/python3.8/site-packages/airflow/example_dags/example_short_circuit_operator.py
[2024-04-22T16:41:42.117+0000] {logging_mixin.py:188} INFO - [2024-04-22T16:41:42.117+0000] {dag.py:3047} INFO - Sync 1 DAGs
[2024-04-22T16:41:42.133+0000] {logging_mixin.py:188} INFO - [2024-04-22T16:41:42.132+0000] {dag.py:3834} INFO - Setting next_dagrun for example_short_circuit_operator to 2024-04-21 00:00:00+00:00, run_after=2024-04-22 00:00:00+00:00
[2024-04-22T16:41:42.150+0000] {processor.py:183} INFO - Processing /home/yasmine/.local/share/virtualenvs/knowledge-base-siaap-WvBZnYs-/lib/python3.8/site-packages/airflow/example_dags/example_short_circuit_operator.py took 0.056 seconds
[2024-04-22T16:42:32.531+0000] {processor.py:161} INFO - Started process (PID=151854) to work on /home/yasmine/.local/share/virtualenvs/knowledge-base-siaap-WvBZnYs-/lib/python3.8/site-packages/airflow/example_dags/example_short_circuit_operator.py
[2024-04-22T16:42:32.531+0000] {processor.py:830} INFO - Processing file /home/yasmine/.local/share/virtualenvs/knowledge-base-siaap-WvBZnYs-/lib/python3.8/site-packages/airflow/example_dags/example_short_circuit_operator.py for tasks to queue
[2024-04-22T16:42:32.532+0000] {logging_mixin.py:188} INFO - [2024-04-22T16:42:32.532+0000] {dagbag.py:540} INFO - Filling up the DagBag from /home/yasmine/.local/share/virtualenvs/knowledge-base-siaap-WvBZnYs-/lib/python3.8/site-packages/airflow/example_dags/example_short_circuit_operator.py
[2024-04-22T16:42:32.540+0000] {processor.py:840} INFO - DAG(s) 'example_short_circuit_operator' retrieved from /home/yasmine/.local/share/virtualenvs/knowledge-base-siaap-WvBZnYs-/lib/python3.8/site-packages/airflow/example_dags/example_short_circuit_operator.py
[2024-04-22T16:42:32.558+0000] {logging_mixin.py:188} INFO - [2024-04-22T16:42:32.557+0000] {dag.py:3047} INFO - Sync 1 DAGs
[2024-04-22T16:42:32.581+0000] {logging_mixin.py:188} INFO - [2024-04-22T16:42:32.580+0000] {dag.py:3834} INFO - Setting next_dagrun for example_short_circuit_operator to 2024-04-21 00:00:00+00:00, run_after=2024-04-22 00:00:00+00:00
[2024-04-22T16:42:32.605+0000] {processor.py:183} INFO - Processing /home/yasmine/.local/share/virtualenvs/knowledge-base-siaap-WvBZnYs-/lib/python3.8/site-packages/airflow/example_dags/example_short_circuit_operator.py took 0.077 seconds
