[2024-04-22T16:40:58.123+0000] {processor.py:161} INFO - Started process (PID=150377) to work on /home/yasmine/.local/share/virtualenvs/knowledge-base-siaap-WvBZnYs-/lib/python3.8/site-packages/airflow/example_dags/example_external_task_marker_dag.py
[2024-04-22T16:40:58.124+0000] {processor.py:830} INFO - Processing file /home/yasmine/.local/share/virtualenvs/knowledge-base-siaap-WvBZnYs-/lib/python3.8/site-packages/airflow/example_dags/example_external_task_marker_dag.py for tasks to queue
[2024-04-22T16:40:58.124+0000] {logging_mixin.py:188} INFO - [2024-04-22T16:40:58.124+0000] {dagbag.py:540} INFO - Filling up the DagBag from /home/yasmine/.local/share/virtualenvs/knowledge-base-siaap-WvBZnYs-/lib/python3.8/site-packages/airflow/example_dags/example_external_task_marker_dag.py
[2024-04-22T16:40:58.130+0000] {processor.py:840} INFO - DAG(s) 'example_external_task_marker_parent', 'example_external_task_marker_child' retrieved from /home/yasmine/.local/share/virtualenvs/knowledge-base-siaap-WvBZnYs-/lib/python3.8/site-packages/airflow/example_dags/example_external_task_marker_dag.py
[2024-04-22T16:40:58.219+0000] {logging_mixin.py:188} INFO - [2024-04-22T16:40:58.219+0000] {override.py:1769} INFO - Created Permission View: can read on DAG:example_external_task_marker_parent
[2024-04-22T16:40:58.229+0000] {logging_mixin.py:188} INFO - [2024-04-22T16:40:58.229+0000] {override.py:1769} INFO - Created Permission View: can delete on DAG:example_external_task_marker_parent
[2024-04-22T16:40:58.238+0000] {logging_mixin.py:188} INFO - [2024-04-22T16:40:58.237+0000] {override.py:1769} INFO - Created Permission View: can edit on DAG:example_external_task_marker_parent
[2024-04-22T16:40:58.254+0000] {logging_mixin.py:188} INFO - [2024-04-22T16:40:58.254+0000] {override.py:1769} INFO - Created Permission View: can read on DAG:example_external_task_marker_child
[2024-04-22T16:40:58.262+0000] {logging_mixin.py:188} INFO - [2024-04-22T16:40:58.261+0000] {override.py:1769} INFO - Created Permission View: can delete on DAG:example_external_task_marker_child
[2024-04-22T16:40:58.268+0000] {logging_mixin.py:188} INFO - [2024-04-22T16:40:58.268+0000] {override.py:1769} INFO - Created Permission View: can edit on DAG:example_external_task_marker_child
[2024-04-22T16:40:58.269+0000] {logging_mixin.py:188} INFO - [2024-04-22T16:40:58.268+0000] {dag.py:3047} INFO - Sync 2 DAGs
[2024-04-22T16:40:58.278+0000] {logging_mixin.py:188} INFO - [2024-04-22T16:40:58.277+0000] {dag.py:3069} INFO - Creating ORM DAG for example_external_task_marker_child
[2024-04-22T16:40:58.278+0000] {logging_mixin.py:188} INFO - [2024-04-22T16:40:58.278+0000] {dag.py:3069} INFO - Creating ORM DAG for example_external_task_marker_parent
[2024-04-22T16:40:58.279+0000] {logging_mixin.py:188} INFO - [2024-04-22T16:40:58.279+0000] {dag.py:3834} INFO - Setting next_dagrun for example_external_task_marker_child to None, run_after=None
[2024-04-22T16:40:58.279+0000] {logging_mixin.py:188} INFO - [2024-04-22T16:40:58.279+0000] {dag.py:3834} INFO - Setting next_dagrun for example_external_task_marker_parent to None, run_after=None
[2024-04-22T16:40:58.301+0000] {processor.py:183} INFO - Processing /home/yasmine/.local/share/virtualenvs/knowledge-base-siaap-WvBZnYs-/lib/python3.8/site-packages/airflow/example_dags/example_external_task_marker_dag.py took 0.180 seconds
[2024-04-22T16:41:47.240+0000] {processor.py:161} INFO - Started process (PID=151165) to work on /home/yasmine/.local/share/virtualenvs/knowledge-base-siaap-WvBZnYs-/lib/python3.8/site-packages/airflow/example_dags/example_external_task_marker_dag.py
[2024-04-22T16:41:47.241+0000] {processor.py:830} INFO - Processing file /home/yasmine/.local/share/virtualenvs/knowledge-base-siaap-WvBZnYs-/lib/python3.8/site-packages/airflow/example_dags/example_external_task_marker_dag.py for tasks to queue
[2024-04-22T16:41:47.242+0000] {logging_mixin.py:188} INFO - [2024-04-22T16:41:47.241+0000] {dagbag.py:540} INFO - Filling up the DagBag from /home/yasmine/.local/share/virtualenvs/knowledge-base-siaap-WvBZnYs-/lib/python3.8/site-packages/airflow/example_dags/example_external_task_marker_dag.py
[2024-04-22T16:41:47.246+0000] {processor.py:840} INFO - DAG(s) 'example_external_task_marker_parent', 'example_external_task_marker_child' retrieved from /home/yasmine/.local/share/virtualenvs/knowledge-base-siaap-WvBZnYs-/lib/python3.8/site-packages/airflow/example_dags/example_external_task_marker_dag.py
[2024-04-22T16:41:47.259+0000] {logging_mixin.py:188} INFO - [2024-04-22T16:41:47.259+0000] {dag.py:3047} INFO - Sync 2 DAGs
[2024-04-22T16:41:47.268+0000] {logging_mixin.py:188} INFO - [2024-04-22T16:41:47.268+0000] {dag.py:3834} INFO - Setting next_dagrun for example_external_task_marker_child to None, run_after=None
[2024-04-22T16:41:47.271+0000] {logging_mixin.py:188} INFO - [2024-04-22T16:41:47.271+0000] {dag.py:3834} INFO - Setting next_dagrun for example_external_task_marker_parent to None, run_after=None
[2024-04-22T16:41:47.287+0000] {processor.py:183} INFO - Processing /home/yasmine/.local/share/virtualenvs/knowledge-base-siaap-WvBZnYs-/lib/python3.8/site-packages/airflow/example_dags/example_external_task_marker_dag.py took 0.049 seconds
[2024-04-22T16:42:37.477+0000] {processor.py:161} INFO - Started process (PID=151961) to work on /home/yasmine/.local/share/virtualenvs/knowledge-base-siaap-WvBZnYs-/lib/python3.8/site-packages/airflow/example_dags/example_external_task_marker_dag.py
[2024-04-22T16:42:37.478+0000] {processor.py:830} INFO - Processing file /home/yasmine/.local/share/virtualenvs/knowledge-base-siaap-WvBZnYs-/lib/python3.8/site-packages/airflow/example_dags/example_external_task_marker_dag.py for tasks to queue
[2024-04-22T16:42:37.479+0000] {logging_mixin.py:188} INFO - [2024-04-22T16:42:37.478+0000] {dagbag.py:540} INFO - Filling up the DagBag from /home/yasmine/.local/share/virtualenvs/knowledge-base-siaap-WvBZnYs-/lib/python3.8/site-packages/airflow/example_dags/example_external_task_marker_dag.py
[2024-04-22T16:42:37.483+0000] {processor.py:840} INFO - DAG(s) 'example_external_task_marker_child', 'example_external_task_marker_parent' retrieved from /home/yasmine/.local/share/virtualenvs/knowledge-base-siaap-WvBZnYs-/lib/python3.8/site-packages/airflow/example_dags/example_external_task_marker_dag.py
[2024-04-22T16:42:37.496+0000] {logging_mixin.py:188} INFO - [2024-04-22T16:42:37.496+0000] {dag.py:3047} INFO - Sync 2 DAGs
[2024-04-22T16:42:37.505+0000] {logging_mixin.py:188} INFO - [2024-04-22T16:42:37.505+0000] {dag.py:3834} INFO - Setting next_dagrun for example_external_task_marker_child to None, run_after=None
[2024-04-22T16:42:37.508+0000] {logging_mixin.py:188} INFO - [2024-04-22T16:42:37.507+0000] {dag.py:3834} INFO - Setting next_dagrun for example_external_task_marker_parent to None, run_after=None
[2024-04-22T16:42:37.523+0000] {processor.py:183} INFO - Processing /home/yasmine/.local/share/virtualenvs/knowledge-base-siaap-WvBZnYs-/lib/python3.8/site-packages/airflow/example_dags/example_external_task_marker_dag.py took 0.047 seconds
