[2024-04-22T16:40:40.514+0000] {processor.py:161} INFO - Started process (PID=149986) to work on /home/yasmine/.local/share/virtualenvs/knowledge-base-siaap-WvBZnYs-/lib/python3.8/site-packages/airflow/example_dags/example_sensors.py
[2024-04-22T16:40:40.514+0000] {processor.py:830} INFO - Processing file /home/yasmine/.local/share/virtualenvs/knowledge-base-siaap-WvBZnYs-/lib/python3.8/site-packages/airflow/example_dags/example_sensors.py for tasks to queue
[2024-04-22T16:40:40.515+0000] {logging_mixin.py:188} INFO - [2024-04-22T16:40:40.515+0000] {dagbag.py:540} INFO - Filling up the DagBag from /home/yasmine/.local/share/virtualenvs/knowledge-base-siaap-WvBZnYs-/lib/python3.8/site-packages/airflow/example_dags/example_sensors.py
[2024-04-22T16:40:40.523+0000] {processor.py:840} INFO - DAG(s) 'example_sensors' retrieved from /home/yasmine/.local/share/virtualenvs/knowledge-base-siaap-WvBZnYs-/lib/python3.8/site-packages/airflow/example_dags/example_sensors.py
[2024-04-22T16:40:40.630+0000] {logging_mixin.py:188} INFO - [2024-04-22T16:40:40.629+0000] {override.py:1769} INFO - Created Permission View: can read on DAG:example_sensors
[2024-04-22T16:40:40.643+0000] {logging_mixin.py:188} INFO - [2024-04-22T16:40:40.642+0000] {override.py:1769} INFO - Created Permission View: can delete on DAG:example_sensors
[2024-04-22T16:40:40.651+0000] {logging_mixin.py:188} INFO - [2024-04-22T16:40:40.651+0000] {override.py:1769} INFO - Created Permission View: can edit on DAG:example_sensors
[2024-04-22T16:40:40.652+0000] {logging_mixin.py:188} INFO - [2024-04-22T16:40:40.652+0000] {dag.py:3047} INFO - Sync 1 DAGs
[2024-04-22T16:40:40.662+0000] {logging_mixin.py:188} INFO - [2024-04-22T16:40:40.662+0000] {dag.py:3069} INFO - Creating ORM DAG for example_sensors
[2024-04-22T16:40:40.663+0000] {logging_mixin.py:188} INFO - [2024-04-22T16:40:40.663+0000] {dag.py:3834} INFO - Setting next_dagrun for example_sensors to None, run_after=None
[2024-04-22T16:40:40.688+0000] {processor.py:183} INFO - Processing /home/yasmine/.local/share/virtualenvs/knowledge-base-siaap-WvBZnYs-/lib/python3.8/site-packages/airflow/example_dags/example_sensors.py took 0.177 seconds
[2024-04-22T16:41:29.868+0000] {processor.py:161} INFO - Started process (PID=150986) to work on /home/yasmine/.local/share/virtualenvs/knowledge-base-siaap-WvBZnYs-/lib/python3.8/site-packages/airflow/example_dags/example_sensors.py
[2024-04-22T16:41:29.869+0000] {processor.py:830} INFO - Processing file /home/yasmine/.local/share/virtualenvs/knowledge-base-siaap-WvBZnYs-/lib/python3.8/site-packages/airflow/example_dags/example_sensors.py for tasks to queue
[2024-04-22T16:41:29.869+0000] {logging_mixin.py:188} INFO - [2024-04-22T16:41:29.869+0000] {dagbag.py:540} INFO - Filling up the DagBag from /home/yasmine/.local/share/virtualenvs/knowledge-base-siaap-WvBZnYs-/lib/python3.8/site-packages/airflow/example_dags/example_sensors.py
[2024-04-22T16:41:29.877+0000] {processor.py:840} INFO - DAG(s) 'example_sensors' retrieved from /home/yasmine/.local/share/virtualenvs/knowledge-base-siaap-WvBZnYs-/lib/python3.8/site-packages/airflow/example_dags/example_sensors.py
[2024-04-22T16:41:29.895+0000] {logging_mixin.py:188} INFO - [2024-04-22T16:41:29.894+0000] {dag.py:3047} INFO - Sync 1 DAGs
[2024-04-22T16:41:29.905+0000] {logging_mixin.py:188} INFO - [2024-04-22T16:41:29.905+0000] {dag.py:3834} INFO - Setting next_dagrun for example_sensors to None, run_after=None
[2024-04-22T16:41:29.931+0000] {processor.py:183} INFO - Processing /home/yasmine/.local/share/virtualenvs/knowledge-base-siaap-WvBZnYs-/lib/python3.8/site-packages/airflow/example_dags/example_sensors.py took 0.065 seconds
[2024-04-22T16:42:16.941+0000] {processor.py:161} INFO - Started process (PID=151540) to work on /home/yasmine/.local/share/virtualenvs/knowledge-base-siaap-WvBZnYs-/lib/python3.8/site-packages/airflow/example_dags/example_sensors.py
[2024-04-22T16:42:16.942+0000] {processor.py:830} INFO - Processing file /home/yasmine/.local/share/virtualenvs/knowledge-base-siaap-WvBZnYs-/lib/python3.8/site-packages/airflow/example_dags/example_sensors.py for tasks to queue
[2024-04-22T16:42:16.942+0000] {logging_mixin.py:188} INFO - [2024-04-22T16:42:16.942+0000] {dagbag.py:540} INFO - Filling up the DagBag from /home/yasmine/.local/share/virtualenvs/knowledge-base-siaap-WvBZnYs-/lib/python3.8/site-packages/airflow/example_dags/example_sensors.py
[2024-04-22T16:42:16.949+0000] {processor.py:840} INFO - DAG(s) 'example_sensors' retrieved from /home/yasmine/.local/share/virtualenvs/knowledge-base-siaap-WvBZnYs-/lib/python3.8/site-packages/airflow/example_dags/example_sensors.py
[2024-04-22T16:42:16.966+0000] {logging_mixin.py:188} INFO - [2024-04-22T16:42:16.966+0000] {dag.py:3047} INFO - Sync 1 DAGs
[2024-04-22T16:42:16.976+0000] {logging_mixin.py:188} INFO - [2024-04-22T16:42:16.976+0000] {dag.py:3834} INFO - Setting next_dagrun for example_sensors to None, run_after=None
[2024-04-22T16:42:16.994+0000] {processor.py:183} INFO - Processing /home/yasmine/.local/share/virtualenvs/knowledge-base-siaap-WvBZnYs-/lib/python3.8/site-packages/airflow/example_dags/example_sensors.py took 0.055 seconds
[2024-04-22T16:44:41.097+0000] {processor.py:161} INFO - Started process (PID=153785) to work on /home/yasmine/.local/share/virtualenvs/knowledge-base-siaap-WvBZnYs-/lib/python3.8/site-packages/airflow/example_dags/example_sensors.py
[2024-04-22T16:44:41.098+0000] {processor.py:830} INFO - Processing file /home/yasmine/.local/share/virtualenvs/knowledge-base-siaap-WvBZnYs-/lib/python3.8/site-packages/airflow/example_dags/example_sensors.py for tasks to queue
[2024-04-22T16:44:41.099+0000] {logging_mixin.py:188} INFO - [2024-04-22T16:44:41.099+0000] {dagbag.py:540} INFO - Filling up the DagBag from /home/yasmine/.local/share/virtualenvs/knowledge-base-siaap-WvBZnYs-/lib/python3.8/site-packages/airflow/example_dags/example_sensors.py
[2024-04-22T16:44:41.108+0000] {processor.py:840} INFO - DAG(s) 'example_sensors' retrieved from /home/yasmine/.local/share/virtualenvs/knowledge-base-siaap-WvBZnYs-/lib/python3.8/site-packages/airflow/example_dags/example_sensors.py
[2024-04-22T16:44:41.114+0000] {logging_mixin.py:188} INFO - [2024-04-22T16:44:41.114+0000] {dag.py:3047} INFO - Sync 1 DAGs
[2024-04-22T16:44:41.125+0000] {logging_mixin.py:188} INFO - [2024-04-22T16:44:41.125+0000] {dag.py:3834} INFO - Setting next_dagrun for example_sensors to None, run_after=None
[2024-04-22T16:44:41.146+0000] {processor.py:183} INFO - Processing /home/yasmine/.local/share/virtualenvs/knowledge-base-siaap-WvBZnYs-/lib/python3.8/site-packages/airflow/example_dags/example_sensors.py took 0.051 seconds
