[2024-04-22T16:40:53.762+0000] {processor.py:161} INFO - Started process (PID=150269) to work on /home/yasmine/.local/share/virtualenvs/knowledge-base-siaap-WvBZnYs-/lib/python3.8/site-packages/airflow/example_dags/example_python_decorator.py
[2024-04-22T16:40:53.763+0000] {processor.py:830} INFO - Processing file /home/yasmine/.local/share/virtualenvs/knowledge-base-siaap-WvBZnYs-/lib/python3.8/site-packages/airflow/example_dags/example_python_decorator.py for tasks to queue
[2024-04-22T16:40:53.764+0000] {logging_mixin.py:188} INFO - [2024-04-22T16:40:53.764+0000] {dagbag.py:540} INFO - Filling up the DagBag from /home/yasmine/.local/share/virtualenvs/knowledge-base-siaap-WvBZnYs-/lib/python3.8/site-packages/airflow/example_dags/example_python_decorator.py
[2024-04-22T16:40:53.775+0000] {processor.py:840} INFO - DAG(s) 'example_python_decorator' retrieved from /home/yasmine/.local/share/virtualenvs/knowledge-base-siaap-WvBZnYs-/lib/python3.8/site-packages/airflow/example_dags/example_python_decorator.py
[2024-04-22T16:40:53.875+0000] {logging_mixin.py:188} INFO - [2024-04-22T16:40:53.874+0000] {override.py:1769} INFO - Created Permission View: can read on DAG:example_python_decorator
[2024-04-22T16:40:53.885+0000] {logging_mixin.py:188} INFO - [2024-04-22T16:40:53.885+0000] {override.py:1769} INFO - Created Permission View: can delete on DAG:example_python_decorator
[2024-04-22T16:40:53.892+0000] {logging_mixin.py:188} INFO - [2024-04-22T16:40:53.891+0000] {override.py:1769} INFO - Created Permission View: can edit on DAG:example_python_decorator
[2024-04-22T16:40:53.892+0000] {logging_mixin.py:188} INFO - [2024-04-22T16:40:53.892+0000] {dag.py:3047} INFO - Sync 1 DAGs
[2024-04-22T16:40:53.902+0000] {logging_mixin.py:188} INFO - [2024-04-22T16:40:53.902+0000] {dag.py:3069} INFO - Creating ORM DAG for example_python_decorator
[2024-04-22T16:40:53.903+0000] {logging_mixin.py:188} INFO - [2024-04-22T16:40:53.902+0000] {dag.py:3834} INFO - Setting next_dagrun for example_python_decorator to None, run_after=None
[2024-04-22T16:40:53.921+0000] {processor.py:183} INFO - Processing /home/yasmine/.local/share/virtualenvs/knowledge-base-siaap-WvBZnYs-/lib/python3.8/site-packages/airflow/example_dags/example_python_decorator.py took 0.161 seconds
[2024-04-22T16:41:43.233+0000] {processor.py:161} INFO - Started process (PID=151122) to work on /home/yasmine/.local/share/virtualenvs/knowledge-base-siaap-WvBZnYs-/lib/python3.8/site-packages/airflow/example_dags/example_python_decorator.py
[2024-04-22T16:41:43.233+0000] {processor.py:830} INFO - Processing file /home/yasmine/.local/share/virtualenvs/knowledge-base-siaap-WvBZnYs-/lib/python3.8/site-packages/airflow/example_dags/example_python_decorator.py for tasks to queue
[2024-04-22T16:41:43.234+0000] {logging_mixin.py:188} INFO - [2024-04-22T16:41:43.234+0000] {dagbag.py:540} INFO - Filling up the DagBag from /home/yasmine/.local/share/virtualenvs/knowledge-base-siaap-WvBZnYs-/lib/python3.8/site-packages/airflow/example_dags/example_python_decorator.py
[2024-04-22T16:41:43.245+0000] {processor.py:840} INFO - DAG(s) 'example_python_decorator' retrieved from /home/yasmine/.local/share/virtualenvs/knowledge-base-siaap-WvBZnYs-/lib/python3.8/site-packages/airflow/example_dags/example_python_decorator.py
[2024-04-22T16:41:43.258+0000] {logging_mixin.py:188} INFO - [2024-04-22T16:41:43.258+0000] {dag.py:3047} INFO - Sync 1 DAGs
[2024-04-22T16:41:43.267+0000] {logging_mixin.py:188} INFO - [2024-04-22T16:41:43.267+0000] {dag.py:3834} INFO - Setting next_dagrun for example_python_decorator to None, run_after=None
[2024-04-22T16:41:43.285+0000] {processor.py:183} INFO - Processing /home/yasmine/.local/share/virtualenvs/knowledge-base-siaap-WvBZnYs-/lib/python3.8/site-packages/airflow/example_dags/example_python_decorator.py took 0.055 seconds
[2024-04-22T16:42:33.677+0000] {processor.py:161} INFO - Started process (PID=151880) to work on /home/yasmine/.local/share/virtualenvs/knowledge-base-siaap-WvBZnYs-/lib/python3.8/site-packages/airflow/example_dags/example_python_decorator.py
[2024-04-22T16:42:33.678+0000] {processor.py:830} INFO - Processing file /home/yasmine/.local/share/virtualenvs/knowledge-base-siaap-WvBZnYs-/lib/python3.8/site-packages/airflow/example_dags/example_python_decorator.py for tasks to queue
[2024-04-22T16:42:33.679+0000] {logging_mixin.py:188} INFO - [2024-04-22T16:42:33.679+0000] {dagbag.py:540} INFO - Filling up the DagBag from /home/yasmine/.local/share/virtualenvs/knowledge-base-siaap-WvBZnYs-/lib/python3.8/site-packages/airflow/example_dags/example_python_decorator.py
[2024-04-22T16:42:33.696+0000] {processor.py:840} INFO - DAG(s) 'example_python_decorator' retrieved from /home/yasmine/.local/share/virtualenvs/knowledge-base-siaap-WvBZnYs-/lib/python3.8/site-packages/airflow/example_dags/example_python_decorator.py
[2024-04-22T16:42:33.715+0000] {logging_mixin.py:188} INFO - [2024-04-22T16:42:33.715+0000] {dag.py:3047} INFO - Sync 1 DAGs
[2024-04-22T16:42:33.726+0000] {logging_mixin.py:188} INFO - [2024-04-22T16:42:33.726+0000] {dag.py:3834} INFO - Setting next_dagrun for example_python_decorator to None, run_after=None
[2024-04-22T16:42:33.746+0000] {processor.py:183} INFO - Processing /home/yasmine/.local/share/virtualenvs/knowledge-base-siaap-WvBZnYs-/lib/python3.8/site-packages/airflow/example_dags/example_python_decorator.py took 0.072 seconds
