[2024-04-22T16:40:42.983+0000] {processor.py:161} INFO - Started process (PID=150016) to work on /home/yasmine/.local/share/virtualenvs/knowledge-base-siaap-WvBZnYs-/lib/python3.8/site-packages/airflow/example_dags/example_branch_operator.py
[2024-04-22T16:40:42.984+0000] {processor.py:830} INFO - Processing file /home/yasmine/.local/share/virtualenvs/knowledge-base-siaap-WvBZnYs-/lib/python3.8/site-packages/airflow/example_dags/example_branch_operator.py for tasks to queue
[2024-04-22T16:40:42.985+0000] {logging_mixin.py:188} INFO - [2024-04-22T16:40:42.984+0000] {dagbag.py:540} INFO - Filling up the DagBag from /home/yasmine/.local/share/virtualenvs/knowledge-base-siaap-WvBZnYs-/lib/python3.8/site-packages/airflow/example_dags/example_branch_operator.py
[2024-04-22T16:40:42.998+0000] {processor.py:840} INFO - DAG(s) 'example_branch_operator' retrieved from /home/yasmine/.local/share/virtualenvs/knowledge-base-siaap-WvBZnYs-/lib/python3.8/site-packages/airflow/example_dags/example_branch_operator.py
[2024-04-22T16:40:43.112+0000] {logging_mixin.py:188} INFO - [2024-04-22T16:40:43.112+0000] {override.py:1769} INFO - Created Permission View: can read on DAG:example_branch_operator
[2024-04-22T16:40:43.124+0000] {logging_mixin.py:188} INFO - [2024-04-22T16:40:43.124+0000] {override.py:1769} INFO - Created Permission View: can delete on DAG:example_branch_operator
[2024-04-22T16:40:43.139+0000] {logging_mixin.py:188} INFO - [2024-04-22T16:40:43.139+0000] {override.py:1769} INFO - Created Permission View: can edit on DAG:example_branch_operator
[2024-04-22T16:40:43.139+0000] {logging_mixin.py:188} INFO - [2024-04-22T16:40:43.139+0000] {dag.py:3047} INFO - Sync 1 DAGs
[2024-04-22T16:40:43.149+0000] {logging_mixin.py:188} INFO - [2024-04-22T16:40:43.149+0000] {dag.py:3069} INFO - Creating ORM DAG for example_branch_operator
[2024-04-22T16:40:43.158+0000] {logging_mixin.py:188} INFO - [2024-04-22T16:40:43.158+0000] {dag.py:3834} INFO - Setting next_dagrun for example_branch_operator to 2024-04-21 00:00:00+00:00, run_after=2024-04-22 00:00:00+00:00
[2024-04-22T16:40:43.176+0000] {processor.py:183} INFO - Processing /home/yasmine/.local/share/virtualenvs/knowledge-base-siaap-WvBZnYs-/lib/python3.8/site-packages/airflow/example_dags/example_branch_operator.py took 0.195 seconds
[2024-04-22T16:41:31.826+0000] {processor.py:161} INFO - Started process (PID=151007) to work on /home/yasmine/.local/share/virtualenvs/knowledge-base-siaap-WvBZnYs-/lib/python3.8/site-packages/airflow/example_dags/example_branch_operator.py
[2024-04-22T16:41:31.827+0000] {processor.py:830} INFO - Processing file /home/yasmine/.local/share/virtualenvs/knowledge-base-siaap-WvBZnYs-/lib/python3.8/site-packages/airflow/example_dags/example_branch_operator.py for tasks to queue
[2024-04-22T16:41:31.828+0000] {logging_mixin.py:188} INFO - [2024-04-22T16:41:31.828+0000] {dagbag.py:540} INFO - Filling up the DagBag from /home/yasmine/.local/share/virtualenvs/knowledge-base-siaap-WvBZnYs-/lib/python3.8/site-packages/airflow/example_dags/example_branch_operator.py
[2024-04-22T16:41:31.843+0000] {processor.py:840} INFO - DAG(s) 'example_branch_operator' retrieved from /home/yasmine/.local/share/virtualenvs/knowledge-base-siaap-WvBZnYs-/lib/python3.8/site-packages/airflow/example_dags/example_branch_operator.py
[2024-04-22T16:41:31.862+0000] {logging_mixin.py:188} INFO - [2024-04-22T16:41:31.862+0000] {dag.py:3047} INFO - Sync 1 DAGs
[2024-04-22T16:41:31.880+0000] {logging_mixin.py:188} INFO - [2024-04-22T16:41:31.880+0000] {dag.py:3834} INFO - Setting next_dagrun for example_branch_operator to 2024-04-21 00:00:00+00:00, run_after=2024-04-22 00:00:00+00:00
[2024-04-22T16:41:31.897+0000] {processor.py:183} INFO - Processing /home/yasmine/.local/share/virtualenvs/knowledge-base-siaap-WvBZnYs-/lib/python3.8/site-packages/airflow/example_dags/example_branch_operator.py took 0.072 seconds
[2024-04-22T16:42:18.700+0000] {processor.py:161} INFO - Started process (PID=151587) to work on /home/yasmine/.local/share/virtualenvs/knowledge-base-siaap-WvBZnYs-/lib/python3.8/site-packages/airflow/example_dags/example_branch_operator.py
[2024-04-22T16:42:18.701+0000] {processor.py:830} INFO - Processing file /home/yasmine/.local/share/virtualenvs/knowledge-base-siaap-WvBZnYs-/lib/python3.8/site-packages/airflow/example_dags/example_branch_operator.py for tasks to queue
[2024-04-22T16:42:18.702+0000] {logging_mixin.py:188} INFO - [2024-04-22T16:42:18.701+0000] {dagbag.py:540} INFO - Filling up the DagBag from /home/yasmine/.local/share/virtualenvs/knowledge-base-siaap-WvBZnYs-/lib/python3.8/site-packages/airflow/example_dags/example_branch_operator.py
[2024-04-22T16:42:18.717+0000] {processor.py:840} INFO - DAG(s) 'example_branch_operator' retrieved from /home/yasmine/.local/share/virtualenvs/knowledge-base-siaap-WvBZnYs-/lib/python3.8/site-packages/airflow/example_dags/example_branch_operator.py
[2024-04-22T16:42:18.739+0000] {logging_mixin.py:188} INFO - [2024-04-22T16:42:18.739+0000] {dag.py:3047} INFO - Sync 1 DAGs
[2024-04-22T16:42:18.761+0000] {logging_mixin.py:188} INFO - [2024-04-22T16:42:18.760+0000] {dag.py:3834} INFO - Setting next_dagrun for example_branch_operator to 2024-04-21 00:00:00+00:00, run_after=2024-04-22 00:00:00+00:00
[2024-04-22T16:42:18.783+0000] {processor.py:183} INFO - Processing /home/yasmine/.local/share/virtualenvs/knowledge-base-siaap-WvBZnYs-/lib/python3.8/site-packages/airflow/example_dags/example_branch_operator.py took 0.084 seconds
