[2024-04-22T16:40:47.879+0000] {processor.py:161} INFO - Started process (PID=150139) to work on /home/yasmine/.local/share/virtualenvs/knowledge-base-siaap-WvBZnYs-/lib/python3.8/site-packages/airflow/example_dags/example_nested_branch_dag.py
[2024-04-22T16:40:47.880+0000] {processor.py:830} INFO - Processing file /home/yasmine/.local/share/virtualenvs/knowledge-base-siaap-WvBZnYs-/lib/python3.8/site-packages/airflow/example_dags/example_nested_branch_dag.py for tasks to queue
[2024-04-22T16:40:47.880+0000] {logging_mixin.py:188} INFO - [2024-04-22T16:40:47.880+0000] {dagbag.py:540} INFO - Filling up the DagBag from /home/yasmine/.local/share/virtualenvs/knowledge-base-siaap-WvBZnYs-/lib/python3.8/site-packages/airflow/example_dags/example_nested_branch_dag.py
[2024-04-22T16:40:47.889+0000] {processor.py:840} INFO - DAG(s) 'example_nested_branch_dag' retrieved from /home/yasmine/.local/share/virtualenvs/knowledge-base-siaap-WvBZnYs-/lib/python3.8/site-packages/airflow/example_dags/example_nested_branch_dag.py
[2024-04-22T16:40:47.980+0000] {logging_mixin.py:188} INFO - [2024-04-22T16:40:47.980+0000] {override.py:1769} INFO - Created Permission View: can read on DAG:example_nested_branch_dag
[2024-04-22T16:40:47.993+0000] {logging_mixin.py:188} INFO - [2024-04-22T16:40:47.992+0000] {override.py:1769} INFO - Created Permission View: can delete on DAG:example_nested_branch_dag
[2024-04-22T16:40:48.001+0000] {logging_mixin.py:188} INFO - [2024-04-22T16:40:48.001+0000] {override.py:1769} INFO - Created Permission View: can edit on DAG:example_nested_branch_dag
[2024-04-22T16:40:48.002+0000] {logging_mixin.py:188} INFO - [2024-04-22T16:40:48.001+0000] {dag.py:3047} INFO - Sync 1 DAGs
[2024-04-22T16:40:48.010+0000] {logging_mixin.py:188} INFO - [2024-04-22T16:40:48.010+0000] {dag.py:3069} INFO - Creating ORM DAG for example_nested_branch_dag
[2024-04-22T16:40:48.019+0000] {logging_mixin.py:188} INFO - [2024-04-22T16:40:48.019+0000] {dag.py:3834} INFO - Setting next_dagrun for example_nested_branch_dag to 2024-04-21 00:00:00+00:00, run_after=2024-04-22 00:00:00+00:00
[2024-04-22T16:40:48.037+0000] {processor.py:183} INFO - Processing /home/yasmine/.local/share/virtualenvs/knowledge-base-siaap-WvBZnYs-/lib/python3.8/site-packages/airflow/example_dags/example_nested_branch_dag.py took 0.161 seconds
[2024-04-22T16:41:36.954+0000] {processor.py:161} INFO - Started process (PID=151054) to work on /home/yasmine/.local/share/virtualenvs/knowledge-base-siaap-WvBZnYs-/lib/python3.8/site-packages/airflow/example_dags/example_nested_branch_dag.py
[2024-04-22T16:41:36.955+0000] {processor.py:830} INFO - Processing file /home/yasmine/.local/share/virtualenvs/knowledge-base-siaap-WvBZnYs-/lib/python3.8/site-packages/airflow/example_dags/example_nested_branch_dag.py for tasks to queue
[2024-04-22T16:41:36.956+0000] {logging_mixin.py:188} INFO - [2024-04-22T16:41:36.956+0000] {dagbag.py:540} INFO - Filling up the DagBag from /home/yasmine/.local/share/virtualenvs/knowledge-base-siaap-WvBZnYs-/lib/python3.8/site-packages/airflow/example_dags/example_nested_branch_dag.py
[2024-04-22T16:41:36.964+0000] {processor.py:840} INFO - DAG(s) 'example_nested_branch_dag' retrieved from /home/yasmine/.local/share/virtualenvs/knowledge-base-siaap-WvBZnYs-/lib/python3.8/site-packages/airflow/example_dags/example_nested_branch_dag.py
[2024-04-22T16:41:36.978+0000] {logging_mixin.py:188} INFO - [2024-04-22T16:41:36.978+0000] {dag.py:3047} INFO - Sync 1 DAGs
[2024-04-22T16:41:36.997+0000] {logging_mixin.py:188} INFO - [2024-04-22T16:41:36.997+0000] {dag.py:3834} INFO - Setting next_dagrun for example_nested_branch_dag to 2024-04-21 00:00:00+00:00, run_after=2024-04-22 00:00:00+00:00
[2024-04-22T16:41:37.017+0000] {processor.py:183} INFO - Processing /home/yasmine/.local/share/virtualenvs/knowledge-base-siaap-WvBZnYs-/lib/python3.8/site-packages/airflow/example_dags/example_nested_branch_dag.py took 0.065 seconds
[2024-04-22T16:42:22.088+0000] {processor.py:161} INFO - Started process (PID=151664) to work on /home/yasmine/.local/share/virtualenvs/knowledge-base-siaap-WvBZnYs-/lib/python3.8/site-packages/airflow/example_dags/example_nested_branch_dag.py
[2024-04-22T16:42:22.089+0000] {processor.py:830} INFO - Processing file /home/yasmine/.local/share/virtualenvs/knowledge-base-siaap-WvBZnYs-/lib/python3.8/site-packages/airflow/example_dags/example_nested_branch_dag.py for tasks to queue
[2024-04-22T16:42:22.090+0000] {logging_mixin.py:188} INFO - [2024-04-22T16:42:22.089+0000] {dagbag.py:540} INFO - Filling up the DagBag from /home/yasmine/.local/share/virtualenvs/knowledge-base-siaap-WvBZnYs-/lib/python3.8/site-packages/airflow/example_dags/example_nested_branch_dag.py
[2024-04-22T16:42:22.097+0000] {processor.py:840} INFO - DAG(s) 'example_nested_branch_dag' retrieved from /home/yasmine/.local/share/virtualenvs/knowledge-base-siaap-WvBZnYs-/lib/python3.8/site-packages/airflow/example_dags/example_nested_branch_dag.py
[2024-04-22T16:42:22.109+0000] {logging_mixin.py:188} INFO - [2024-04-22T16:42:22.109+0000] {dag.py:3047} INFO - Sync 1 DAGs
[2024-04-22T16:42:22.126+0000] {logging_mixin.py:188} INFO - [2024-04-22T16:42:22.126+0000] {dag.py:3834} INFO - Setting next_dagrun for example_nested_branch_dag to 2024-04-21 00:00:00+00:00, run_after=2024-04-22 00:00:00+00:00
[2024-04-22T16:42:22.142+0000] {processor.py:183} INFO - Processing /home/yasmine/.local/share/virtualenvs/knowledge-base-siaap-WvBZnYs-/lib/python3.8/site-packages/airflow/example_dags/example_nested_branch_dag.py took 0.056 seconds
