[2024-04-22T16:40:59.013+0000] {processor.py:161} INFO - Started process (PID=150404) to work on /home/yasmine/.local/share/virtualenvs/knowledge-base-siaap-WvBZnYs-/lib/python3.8/site-packages/airflow/example_dags/example_params_trigger_ui.py
[2024-04-22T16:40:59.014+0000] {processor.py:830} INFO - Processing file /home/yasmine/.local/share/virtualenvs/knowledge-base-siaap-WvBZnYs-/lib/python3.8/site-packages/airflow/example_dags/example_params_trigger_ui.py for tasks to queue
[2024-04-22T16:40:59.014+0000] {logging_mixin.py:188} INFO - [2024-04-22T16:40:59.014+0000] {dagbag.py:540} INFO - Filling up the DagBag from /home/yasmine/.local/share/virtualenvs/knowledge-base-siaap-WvBZnYs-/lib/python3.8/site-packages/airflow/example_dags/example_params_trigger_ui.py
[2024-04-22T16:40:59.027+0000] {processor.py:840} INFO - DAG(s) 'example_params_trigger_ui' retrieved from /home/yasmine/.local/share/virtualenvs/knowledge-base-siaap-WvBZnYs-/lib/python3.8/site-packages/airflow/example_dags/example_params_trigger_ui.py
[2024-04-22T16:40:59.154+0000] {logging_mixin.py:188} INFO - [2024-04-22T16:40:59.154+0000] {override.py:1769} INFO - Created Permission View: can read on DAG:example_params_trigger_ui
[2024-04-22T16:40:59.164+0000] {logging_mixin.py:188} INFO - [2024-04-22T16:40:59.164+0000] {override.py:1769} INFO - Created Permission View: can delete on DAG:example_params_trigger_ui
[2024-04-22T16:40:59.172+0000] {logging_mixin.py:188} INFO - [2024-04-22T16:40:59.172+0000] {override.py:1769} INFO - Created Permission View: can edit on DAG:example_params_trigger_ui
[2024-04-22T16:40:59.173+0000] {logging_mixin.py:188} INFO - [2024-04-22T16:40:59.173+0000] {dag.py:3047} INFO - Sync 1 DAGs
[2024-04-22T16:40:59.181+0000] {logging_mixin.py:188} INFO - [2024-04-22T16:40:59.181+0000] {dag.py:3069} INFO - Creating ORM DAG for example_params_trigger_ui
[2024-04-22T16:40:59.182+0000] {logging_mixin.py:188} INFO - [2024-04-22T16:40:59.182+0000] {dag.py:3834} INFO - Setting next_dagrun for example_params_trigger_ui to None, run_after=None
[2024-04-22T16:40:59.200+0000] {processor.py:183} INFO - Processing /home/yasmine/.local/share/virtualenvs/knowledge-base-siaap-WvBZnYs-/lib/python3.8/site-packages/airflow/example_dags/example_params_trigger_ui.py took 0.190 seconds
[2024-04-22T16:41:48.372+0000] {processor.py:161} INFO - Started process (PID=151185) to work on /home/yasmine/.local/share/virtualenvs/knowledge-base-siaap-WvBZnYs-/lib/python3.8/site-packages/airflow/example_dags/example_params_trigger_ui.py
[2024-04-22T16:41:48.373+0000] {processor.py:830} INFO - Processing file /home/yasmine/.local/share/virtualenvs/knowledge-base-siaap-WvBZnYs-/lib/python3.8/site-packages/airflow/example_dags/example_params_trigger_ui.py for tasks to queue
[2024-04-22T16:41:48.373+0000] {logging_mixin.py:188} INFO - [2024-04-22T16:41:48.373+0000] {dagbag.py:540} INFO - Filling up the DagBag from /home/yasmine/.local/share/virtualenvs/knowledge-base-siaap-WvBZnYs-/lib/python3.8/site-packages/airflow/example_dags/example_params_trigger_ui.py
[2024-04-22T16:41:48.384+0000] {processor.py:840} INFO - DAG(s) 'example_params_trigger_ui' retrieved from /home/yasmine/.local/share/virtualenvs/knowledge-base-siaap-WvBZnYs-/lib/python3.8/site-packages/airflow/example_dags/example_params_trigger_ui.py
[2024-04-22T16:41:48.425+0000] {logging_mixin.py:188} INFO - [2024-04-22T16:41:48.425+0000] {dag.py:3047} INFO - Sync 1 DAGs
[2024-04-22T16:41:48.434+0000] {logging_mixin.py:188} INFO - [2024-04-22T16:41:48.434+0000] {dag.py:3834} INFO - Setting next_dagrun for example_params_trigger_ui to None, run_after=None
[2024-04-22T16:41:48.453+0000] {processor.py:183} INFO - Processing /home/yasmine/.local/share/virtualenvs/knowledge-base-siaap-WvBZnYs-/lib/python3.8/site-packages/airflow/example_dags/example_params_trigger_ui.py took 0.082 seconds
[2024-04-22T16:42:37.674+0000] {processor.py:161} INFO - Started process (PID=151966) to work on /home/yasmine/.local/share/virtualenvs/knowledge-base-siaap-WvBZnYs-/lib/python3.8/site-packages/airflow/example_dags/example_params_trigger_ui.py
[2024-04-22T16:42:37.675+0000] {processor.py:830} INFO - Processing file /home/yasmine/.local/share/virtualenvs/knowledge-base-siaap-WvBZnYs-/lib/python3.8/site-packages/airflow/example_dags/example_params_trigger_ui.py for tasks to queue
[2024-04-22T16:42:37.676+0000] {logging_mixin.py:188} INFO - [2024-04-22T16:42:37.676+0000] {dagbag.py:540} INFO - Filling up the DagBag from /home/yasmine/.local/share/virtualenvs/knowledge-base-siaap-WvBZnYs-/lib/python3.8/site-packages/airflow/example_dags/example_params_trigger_ui.py
[2024-04-22T16:42:37.694+0000] {processor.py:840} INFO - DAG(s) 'example_params_trigger_ui' retrieved from /home/yasmine/.local/share/virtualenvs/knowledge-base-siaap-WvBZnYs-/lib/python3.8/site-packages/airflow/example_dags/example_params_trigger_ui.py
[2024-04-22T16:42:37.743+0000] {logging_mixin.py:188} INFO - [2024-04-22T16:42:37.742+0000] {dag.py:3047} INFO - Sync 1 DAGs
[2024-04-22T16:42:37.752+0000] {logging_mixin.py:188} INFO - [2024-04-22T16:42:37.752+0000] {dag.py:3834} INFO - Setting next_dagrun for example_params_trigger_ui to None, run_after=None
[2024-04-22T16:42:37.769+0000] {processor.py:183} INFO - Processing /home/yasmine/.local/share/virtualenvs/knowledge-base-siaap-WvBZnYs-/lib/python3.8/site-packages/airflow/example_dags/example_params_trigger_ui.py took 0.097 seconds
