[2024-04-22T16:40:27.544+0000] {processor.py:161} INFO - Started process (PID=149698) to work on /home/yasmine/.local/share/virtualenvs/knowledge-base-siaap-WvBZnYs-/lib/python3.8/site-packages/airflow/example_dags/example_subdag_operator.py
[2024-04-22T16:40:27.545+0000] {processor.py:830} INFO - Processing file /home/yasmine/.local/share/virtualenvs/knowledge-base-siaap-WvBZnYs-/lib/python3.8/site-packages/airflow/example_dags/example_subdag_operator.py for tasks to queue
[2024-04-22T16:40:27.546+0000] {logging_mixin.py:188} INFO - [2024-04-22T16:40:27.545+0000] {dagbag.py:540} INFO - Filling up the DagBag from /home/yasmine/.local/share/virtualenvs/knowledge-base-siaap-WvBZnYs-/lib/python3.8/site-packages/airflow/example_dags/example_subdag_operator.py
[2024-04-22T16:40:27.561+0000] {processor.py:840} INFO - DAG(s) 'example_subdag_operator.section-1', 'example_subdag_operator.section-2', 'example_subdag_operator' retrieved from /home/yasmine/.local/share/virtualenvs/knowledge-base-siaap-WvBZnYs-/lib/python3.8/site-packages/airflow/example_dags/example_subdag_operator.py
[2024-04-22T16:40:27.737+0000] {logging_mixin.py:188} INFO - [2024-04-22T16:40:27.736+0000] {override.py:1769} INFO - Created Permission View: can read on DAG:example_subdag_operator
[2024-04-22T16:40:27.748+0000] {logging_mixin.py:188} INFO - [2024-04-22T16:40:27.747+0000] {override.py:1769} INFO - Created Permission View: can delete on DAG:example_subdag_operator
[2024-04-22T16:40:27.755+0000] {logging_mixin.py:188} INFO - [2024-04-22T16:40:27.755+0000] {override.py:1769} INFO - Created Permission View: can edit on DAG:example_subdag_operator
[2024-04-22T16:40:27.755+0000] {logging_mixin.py:188} INFO - [2024-04-22T16:40:27.755+0000] {dag.py:3047} INFO - Sync 3 DAGs
[2024-04-22T16:40:27.763+0000] {logging_mixin.py:188} INFO - [2024-04-22T16:40:27.763+0000] {dag.py:3069} INFO - Creating ORM DAG for example_subdag_operator
[2024-04-22T16:40:27.764+0000] {logging_mixin.py:188} INFO - [2024-04-22T16:40:27.764+0000] {dag.py:3069} INFO - Creating ORM DAG for example_subdag_operator.section-2
[2024-04-22T16:40:27.764+0000] {logging_mixin.py:188} INFO - [2024-04-22T16:40:27.764+0000] {dag.py:3069} INFO - Creating ORM DAG for example_subdag_operator.section-1
[2024-04-22T16:40:27.771+0000] {logging_mixin.py:188} INFO - [2024-04-22T16:40:27.771+0000] {dag.py:3834} INFO - Setting next_dagrun for example_subdag_operator to 2022-01-01 00:00:00+00:00, run_after=2022-01-01 00:00:00+00:00
[2024-04-22T16:40:27.772+0000] {logging_mixin.py:188} INFO - [2024-04-22T16:40:27.772+0000] {dag.py:3834} INFO - Setting next_dagrun for example_subdag_operator.section-1 to None, run_after=None
[2024-04-22T16:40:27.772+0000] {logging_mixin.py:188} INFO - [2024-04-22T16:40:27.772+0000] {dag.py:3834} INFO - Setting next_dagrun for example_subdag_operator.section-2 to None, run_after=None
[2024-04-22T16:40:27.777+0000] {logging_mixin.py:188} INFO - [2024-04-22T16:40:27.777+0000] {dag.py:3047} INFO - Sync 2 DAGs
[2024-04-22T16:40:27.781+0000] {logging_mixin.py:188} INFO - [2024-04-22T16:40:27.781+0000] {dag.py:3834} INFO - Setting next_dagrun for example_subdag_operator.section-1 to None, run_after=None
[2024-04-22T16:40:27.784+0000] {logging_mixin.py:188} INFO - [2024-04-22T16:40:27.784+0000] {dag.py:3834} INFO - Setting next_dagrun for example_subdag_operator.section-2 to None, run_after=None
[2024-04-22T16:40:27.799+0000] {processor.py:183} INFO - Processing /home/yasmine/.local/share/virtualenvs/knowledge-base-siaap-WvBZnYs-/lib/python3.8/site-packages/airflow/example_dags/example_subdag_operator.py took 0.257 seconds
[2024-04-22T16:41:18.380+0000] {processor.py:161} INFO - Started process (PID=150762) to work on /home/yasmine/.local/share/virtualenvs/knowledge-base-siaap-WvBZnYs-/lib/python3.8/site-packages/airflow/example_dags/example_subdag_operator.py
[2024-04-22T16:41:18.381+0000] {processor.py:830} INFO - Processing file /home/yasmine/.local/share/virtualenvs/knowledge-base-siaap-WvBZnYs-/lib/python3.8/site-packages/airflow/example_dags/example_subdag_operator.py for tasks to queue
[2024-04-22T16:41:18.381+0000] {logging_mixin.py:188} INFO - [2024-04-22T16:41:18.381+0000] {dagbag.py:540} INFO - Filling up the DagBag from /home/yasmine/.local/share/virtualenvs/knowledge-base-siaap-WvBZnYs-/lib/python3.8/site-packages/airflow/example_dags/example_subdag_operator.py
[2024-04-22T16:41:18.396+0000] {processor.py:840} INFO - DAG(s) 'example_subdag_operator.section-1', 'example_subdag_operator.section-2', 'example_subdag_operator' retrieved from /home/yasmine/.local/share/virtualenvs/knowledge-base-siaap-WvBZnYs-/lib/python3.8/site-packages/airflow/example_dags/example_subdag_operator.py
[2024-04-22T16:41:18.408+0000] {logging_mixin.py:188} INFO - [2024-04-22T16:41:18.408+0000] {dag.py:3047} INFO - Sync 3 DAGs
[2024-04-22T16:41:18.423+0000] {logging_mixin.py:188} INFO - [2024-04-22T16:41:18.423+0000] {dag.py:3834} INFO - Setting next_dagrun for example_subdag_operator to 2022-01-01 00:00:00+00:00, run_after=2022-01-01 00:00:00+00:00
[2024-04-22T16:41:18.426+0000] {logging_mixin.py:188} INFO - [2024-04-22T16:41:18.426+0000] {dag.py:3834} INFO - Setting next_dagrun for example_subdag_operator.section-1 to None, run_after=None
[2024-04-22T16:41:18.427+0000] {logging_mixin.py:188} INFO - [2024-04-22T16:41:18.427+0000] {dag.py:3834} INFO - Setting next_dagrun for example_subdag_operator.section-2 to None, run_after=None
[2024-04-22T16:41:18.433+0000] {logging_mixin.py:188} INFO - [2024-04-22T16:41:18.433+0000] {dag.py:3047} INFO - Sync 2 DAGs
[2024-04-22T16:41:18.436+0000] {logging_mixin.py:188} INFO - [2024-04-22T16:41:18.436+0000] {dag.py:3834} INFO - Setting next_dagrun for example_subdag_operator.section-1 to None, run_after=None
[2024-04-22T16:41:18.437+0000] {logging_mixin.py:188} INFO - [2024-04-22T16:41:18.436+0000] {dag.py:3834} INFO - Setting next_dagrun for example_subdag_operator.section-2 to None, run_after=None
[2024-04-22T16:41:18.450+0000] {processor.py:183} INFO - Processing /home/yasmine/.local/share/virtualenvs/knowledge-base-siaap-WvBZnYs-/lib/python3.8/site-packages/airflow/example_dags/example_subdag_operator.py took 0.072 seconds
[2024-04-22T16:41:57.524+0000] {processor.py:161} INFO - Started process (PID=151273) to work on /home/yasmine/.local/share/virtualenvs/knowledge-base-siaap-WvBZnYs-/lib/python3.8/site-packages/airflow/example_dags/example_subdag_operator.py
[2024-04-22T16:41:57.525+0000] {processor.py:830} INFO - Processing file /home/yasmine/.local/share/virtualenvs/knowledge-base-siaap-WvBZnYs-/lib/python3.8/site-packages/airflow/example_dags/example_subdag_operator.py for tasks to queue
[2024-04-22T16:41:57.526+0000] {logging_mixin.py:188} INFO - [2024-04-22T16:41:57.526+0000] {dagbag.py:540} INFO - Filling up the DagBag from /home/yasmine/.local/share/virtualenvs/knowledge-base-siaap-WvBZnYs-/lib/python3.8/site-packages/airflow/example_dags/example_subdag_operator.py
[2024-04-22T16:41:57.539+0000] {processor.py:840} INFO - DAG(s) 'example_subdag_operator.section-1', 'example_subdag_operator.section-2', 'example_subdag_operator' retrieved from /home/yasmine/.local/share/virtualenvs/knowledge-base-siaap-WvBZnYs-/lib/python3.8/site-packages/airflow/example_dags/example_subdag_operator.py
[2024-04-22T16:41:57.553+0000] {logging_mixin.py:188} INFO - [2024-04-22T16:41:57.553+0000] {dag.py:3047} INFO - Sync 3 DAGs
[2024-04-22T16:41:57.571+0000] {logging_mixin.py:188} INFO - [2024-04-22T16:41:57.570+0000] {dag.py:3834} INFO - Setting next_dagrun for example_subdag_operator to 2022-01-01 00:00:00+00:00, run_after=2022-01-01 00:00:00+00:00
[2024-04-22T16:41:57.574+0000] {logging_mixin.py:188} INFO - [2024-04-22T16:41:57.574+0000] {dag.py:3834} INFO - Setting next_dagrun for example_subdag_operator.section-1 to None, run_after=None
[2024-04-22T16:41:57.575+0000] {logging_mixin.py:188} INFO - [2024-04-22T16:41:57.575+0000] {dag.py:3834} INFO - Setting next_dagrun for example_subdag_operator.section-2 to None, run_after=None
[2024-04-22T16:41:57.580+0000] {logging_mixin.py:188} INFO - [2024-04-22T16:41:57.580+0000] {dag.py:3047} INFO - Sync 2 DAGs
[2024-04-22T16:41:57.584+0000] {logging_mixin.py:188} INFO - [2024-04-22T16:41:57.584+0000] {dag.py:3834} INFO - Setting next_dagrun for example_subdag_operator.section-1 to None, run_after=None
[2024-04-22T16:41:57.584+0000] {logging_mixin.py:188} INFO - [2024-04-22T16:41:57.584+0000] {dag.py:3834} INFO - Setting next_dagrun for example_subdag_operator.section-2 to None, run_after=None
[2024-04-22T16:41:57.598+0000] {processor.py:183} INFO - Processing /home/yasmine/.local/share/virtualenvs/knowledge-base-siaap-WvBZnYs-/lib/python3.8/site-packages/airflow/example_dags/example_subdag_operator.py took 0.076 seconds
[2024-04-22T16:42:42.834+0000] {processor.py:161} INFO - Started process (PID=152030) to work on /home/yasmine/.local/share/virtualenvs/knowledge-base-siaap-WvBZnYs-/lib/python3.8/site-packages/airflow/example_dags/example_subdag_operator.py
[2024-04-22T16:42:42.835+0000] {processor.py:830} INFO - Processing file /home/yasmine/.local/share/virtualenvs/knowledge-base-siaap-WvBZnYs-/lib/python3.8/site-packages/airflow/example_dags/example_subdag_operator.py for tasks to queue
[2024-04-22T16:42:42.836+0000] {logging_mixin.py:188} INFO - [2024-04-22T16:42:42.835+0000] {dagbag.py:540} INFO - Filling up the DagBag from /home/yasmine/.local/share/virtualenvs/knowledge-base-siaap-WvBZnYs-/lib/python3.8/site-packages/airflow/example_dags/example_subdag_operator.py
[2024-04-22T16:42:42.856+0000] {processor.py:840} INFO - DAG(s) 'example_subdag_operator.section-1', 'example_subdag_operator.section-2', 'example_subdag_operator' retrieved from /home/yasmine/.local/share/virtualenvs/knowledge-base-siaap-WvBZnYs-/lib/python3.8/site-packages/airflow/example_dags/example_subdag_operator.py
[2024-04-22T16:42:42.872+0000] {logging_mixin.py:188} INFO - [2024-04-22T16:42:42.872+0000] {dag.py:3047} INFO - Sync 3 DAGs
[2024-04-22T16:42:42.893+0000] {logging_mixin.py:188} INFO - [2024-04-22T16:42:42.893+0000] {dag.py:3834} INFO - Setting next_dagrun for example_subdag_operator to 2022-01-01 00:00:00+00:00, run_after=2022-01-01 00:00:00+00:00
[2024-04-22T16:42:42.897+0000] {logging_mixin.py:188} INFO - [2024-04-22T16:42:42.896+0000] {dag.py:3834} INFO - Setting next_dagrun for example_subdag_operator.section-1 to None, run_after=None
[2024-04-22T16:42:42.898+0000] {logging_mixin.py:188} INFO - [2024-04-22T16:42:42.898+0000] {dag.py:3834} INFO - Setting next_dagrun for example_subdag_operator.section-2 to None, run_after=None
[2024-04-22T16:42:42.904+0000] {logging_mixin.py:188} INFO - [2024-04-22T16:42:42.904+0000] {dag.py:3047} INFO - Sync 2 DAGs
[2024-04-22T16:42:42.909+0000] {logging_mixin.py:188} INFO - [2024-04-22T16:42:42.909+0000] {dag.py:3834} INFO - Setting next_dagrun for example_subdag_operator.section-1 to None, run_after=None
[2024-04-22T16:42:42.910+0000] {logging_mixin.py:188} INFO - [2024-04-22T16:42:42.909+0000] {dag.py:3834} INFO - Setting next_dagrun for example_subdag_operator.section-2 to None, run_after=None
[2024-04-22T16:42:42.928+0000] {processor.py:183} INFO - Processing /home/yasmine/.local/share/virtualenvs/knowledge-base-siaap-WvBZnYs-/lib/python3.8/site-packages/airflow/example_dags/example_subdag_operator.py took 0.097 seconds
[2024-04-22T16:44:29.128+0000] {processor.py:161} INFO - Started process (PID=153624) to work on /home/yasmine/.local/share/virtualenvs/knowledge-base-siaap-WvBZnYs-/lib/python3.8/site-packages/airflow/example_dags/example_subdag_operator.py
[2024-04-22T16:44:29.129+0000] {processor.py:830} INFO - Processing file /home/yasmine/.local/share/virtualenvs/knowledge-base-siaap-WvBZnYs-/lib/python3.8/site-packages/airflow/example_dags/example_subdag_operator.py for tasks to queue
[2024-04-22T16:44:29.130+0000] {logging_mixin.py:188} INFO - [2024-04-22T16:44:29.129+0000] {dagbag.py:540} INFO - Filling up the DagBag from /home/yasmine/.local/share/virtualenvs/knowledge-base-siaap-WvBZnYs-/lib/python3.8/site-packages/airflow/example_dags/example_subdag_operator.py
[2024-04-22T16:44:29.144+0000] {processor.py:840} INFO - DAG(s) 'example_subdag_operator.section-1', 'example_subdag_operator.section-2', 'example_subdag_operator' retrieved from /home/yasmine/.local/share/virtualenvs/knowledge-base-siaap-WvBZnYs-/lib/python3.8/site-packages/airflow/example_dags/example_subdag_operator.py
[2024-04-22T16:44:29.147+0000] {logging_mixin.py:188} INFO - [2024-04-22T16:44:29.147+0000] {dag.py:3047} INFO - Sync 3 DAGs
[2024-04-22T16:44:29.252+0000] {logging_mixin.py:188} INFO - [2024-04-22T16:44:29.252+0000] {dag.py:3834} INFO - Setting next_dagrun for example_subdag_operator to 2022-01-01 00:00:00+00:00, run_after=2022-01-01 00:00:00+00:00
[2024-04-22T16:44:29.255+0000] {logging_mixin.py:188} INFO - [2024-04-22T16:44:29.255+0000] {dag.py:3834} INFO - Setting next_dagrun for example_subdag_operator.section-1 to None, run_after=None
[2024-04-22T16:44:29.256+0000] {logging_mixin.py:188} INFO - [2024-04-22T16:44:29.256+0000] {dag.py:3834} INFO - Setting next_dagrun for example_subdag_operator.section-2 to None, run_after=None
[2024-04-22T16:44:29.260+0000] {logging_mixin.py:188} INFO - [2024-04-22T16:44:29.260+0000] {dag.py:3047} INFO - Sync 2 DAGs
[2024-04-22T16:44:29.263+0000] {logging_mixin.py:188} INFO - [2024-04-22T16:44:29.263+0000] {dag.py:3834} INFO - Setting next_dagrun for example_subdag_operator.section-1 to None, run_after=None
[2024-04-22T16:44:29.264+0000] {logging_mixin.py:188} INFO - [2024-04-22T16:44:29.264+0000] {dag.py:3834} INFO - Setting next_dagrun for example_subdag_operator.section-2 to None, run_after=None
[2024-04-22T16:44:29.282+0000] {processor.py:183} INFO - Processing /home/yasmine/.local/share/virtualenvs/knowledge-base-siaap-WvBZnYs-/lib/python3.8/site-packages/airflow/example_dags/example_subdag_operator.py took 0.156 seconds
