[2024-04-22T16:40:19.000+0000] {processor.py:161} INFO - Started process (PID=149503) to work on /home/yasmine/.local/share/virtualenvs/knowledge-base-siaap-WvBZnYs-/lib/python3.8/site-packages/airflow/example_dags/example_task_group_decorator.py
[2024-04-22T16:40:19.001+0000] {processor.py:830} INFO - Processing file /home/yasmine/.local/share/virtualenvs/knowledge-base-siaap-WvBZnYs-/lib/python3.8/site-packages/airflow/example_dags/example_task_group_decorator.py for tasks to queue
[2024-04-22T16:40:19.002+0000] {logging_mixin.py:188} INFO - [2024-04-22T16:40:19.002+0000] {dagbag.py:540} INFO - Filling up the DagBag from /home/yasmine/.local/share/virtualenvs/knowledge-base-siaap-WvBZnYs-/lib/python3.8/site-packages/airflow/example_dags/example_task_group_decorator.py
[2024-04-22T16:40:19.026+0000] {processor.py:840} INFO - DAG(s) 'example_task_group_decorator' retrieved from /home/yasmine/.local/share/virtualenvs/knowledge-base-siaap-WvBZnYs-/lib/python3.8/site-packages/airflow/example_dags/example_task_group_decorator.py
[2024-04-22T16:40:19.257+0000] {logging_mixin.py:188} INFO - [2024-04-22T16:40:19.256+0000] {override.py:1769} INFO - Created Permission View: can read on DAG:example_task_group_decorator
[2024-04-22T16:40:19.267+0000] {logging_mixin.py:188} INFO - [2024-04-22T16:40:19.267+0000] {override.py:1769} INFO - Created Permission View: can delete on DAG:example_task_group_decorator
[2024-04-22T16:40:19.313+0000] {logging_mixin.py:188} INFO - [2024-04-22T16:40:19.312+0000] {override.py:1769} INFO - Created Permission View: can edit on DAG:example_task_group_decorator
[2024-04-22T16:40:19.313+0000] {logging_mixin.py:188} INFO - [2024-04-22T16:40:19.313+0000] {dag.py:3047} INFO - Sync 1 DAGs
[2024-04-22T16:40:19.324+0000] {logging_mixin.py:188} INFO - [2024-04-22T16:40:19.324+0000] {dag.py:3069} INFO - Creating ORM DAG for example_task_group_decorator
[2024-04-22T16:40:19.334+0000] {logging_mixin.py:188} INFO - [2024-04-22T16:40:19.334+0000] {dag.py:3834} INFO - Setting next_dagrun for example_task_group_decorator to 2024-04-21 00:00:00+00:00, run_after=2024-04-22 00:00:00+00:00
[2024-04-22T16:40:19.368+0000] {processor.py:183} INFO - Processing /home/yasmine/.local/share/virtualenvs/knowledge-base-siaap-WvBZnYs-/lib/python3.8/site-packages/airflow/example_dags/example_task_group_decorator.py took 0.371 seconds
[2024-04-22T16:41:13.339+0000] {processor.py:161} INFO - Started process (PID=150711) to work on /home/yasmine/.local/share/virtualenvs/knowledge-base-siaap-WvBZnYs-/lib/python3.8/site-packages/airflow/example_dags/example_task_group_decorator.py
[2024-04-22T16:41:13.340+0000] {processor.py:830} INFO - Processing file /home/yasmine/.local/share/virtualenvs/knowledge-base-siaap-WvBZnYs-/lib/python3.8/site-packages/airflow/example_dags/example_task_group_decorator.py for tasks to queue
[2024-04-22T16:41:13.341+0000] {logging_mixin.py:188} INFO - [2024-04-22T16:41:13.340+0000] {dagbag.py:540} INFO - Filling up the DagBag from /home/yasmine/.local/share/virtualenvs/knowledge-base-siaap-WvBZnYs-/lib/python3.8/site-packages/airflow/example_dags/example_task_group_decorator.py
[2024-04-22T16:41:13.355+0000] {processor.py:840} INFO - DAG(s) 'example_task_group_decorator' retrieved from /home/yasmine/.local/share/virtualenvs/knowledge-base-siaap-WvBZnYs-/lib/python3.8/site-packages/airflow/example_dags/example_task_group_decorator.py
[2024-04-22T16:41:13.373+0000] {logging_mixin.py:188} INFO - [2024-04-22T16:41:13.372+0000] {dag.py:3047} INFO - Sync 1 DAGs
[2024-04-22T16:41:13.389+0000] {logging_mixin.py:188} INFO - [2024-04-22T16:41:13.389+0000] {dag.py:3834} INFO - Setting next_dagrun for example_task_group_decorator to 2024-04-21 00:00:00+00:00, run_after=2024-04-22 00:00:00+00:00
[2024-04-22T16:41:13.406+0000] {processor.py:183} INFO - Processing /home/yasmine/.local/share/virtualenvs/knowledge-base-siaap-WvBZnYs-/lib/python3.8/site-packages/airflow/example_dags/example_task_group_decorator.py took 0.070 seconds
[2024-04-22T16:41:51.244+0000] {processor.py:161} INFO - Started process (PID=151213) to work on /home/yasmine/.local/share/virtualenvs/knowledge-base-siaap-WvBZnYs-/lib/python3.8/site-packages/airflow/example_dags/example_task_group_decorator.py
[2024-04-22T16:41:51.245+0000] {processor.py:830} INFO - Processing file /home/yasmine/.local/share/virtualenvs/knowledge-base-siaap-WvBZnYs-/lib/python3.8/site-packages/airflow/example_dags/example_task_group_decorator.py for tasks to queue
[2024-04-22T16:41:51.246+0000] {logging_mixin.py:188} INFO - [2024-04-22T16:41:51.246+0000] {dagbag.py:540} INFO - Filling up the DagBag from /home/yasmine/.local/share/virtualenvs/knowledge-base-siaap-WvBZnYs-/lib/python3.8/site-packages/airflow/example_dags/example_task_group_decorator.py
[2024-04-22T16:41:51.259+0000] {processor.py:840} INFO - DAG(s) 'example_task_group_decorator' retrieved from /home/yasmine/.local/share/virtualenvs/knowledge-base-siaap-WvBZnYs-/lib/python3.8/site-packages/airflow/example_dags/example_task_group_decorator.py
[2024-04-22T16:41:51.275+0000] {logging_mixin.py:188} INFO - [2024-04-22T16:41:51.275+0000] {dag.py:3047} INFO - Sync 1 DAGs
[2024-04-22T16:41:51.291+0000] {logging_mixin.py:188} INFO - [2024-04-22T16:41:51.291+0000] {dag.py:3834} INFO - Setting next_dagrun for example_task_group_decorator to 2024-04-21 00:00:00+00:00, run_after=2024-04-22 00:00:00+00:00
[2024-04-22T16:41:51.307+0000] {processor.py:183} INFO - Processing /home/yasmine/.local/share/virtualenvs/knowledge-base-siaap-WvBZnYs-/lib/python3.8/site-packages/airflow/example_dags/example_task_group_decorator.py took 0.065 seconds
[2024-04-22T16:42:26.638+0000] {processor.py:161} INFO - Started process (PID=151709) to work on /home/yasmine/.local/share/virtualenvs/knowledge-base-siaap-WvBZnYs-/lib/python3.8/site-packages/airflow/example_dags/example_task_group_decorator.py
[2024-04-22T16:42:26.639+0000] {processor.py:830} INFO - Processing file /home/yasmine/.local/share/virtualenvs/knowledge-base-siaap-WvBZnYs-/lib/python3.8/site-packages/airflow/example_dags/example_task_group_decorator.py for tasks to queue
[2024-04-22T16:42:26.640+0000] {logging_mixin.py:188} INFO - [2024-04-22T16:42:26.639+0000] {dagbag.py:540} INFO - Filling up the DagBag from /home/yasmine/.local/share/virtualenvs/knowledge-base-siaap-WvBZnYs-/lib/python3.8/site-packages/airflow/example_dags/example_task_group_decorator.py
[2024-04-22T16:42:26.652+0000] {processor.py:840} INFO - DAG(s) 'example_task_group_decorator' retrieved from /home/yasmine/.local/share/virtualenvs/knowledge-base-siaap-WvBZnYs-/lib/python3.8/site-packages/airflow/example_dags/example_task_group_decorator.py
[2024-04-22T16:42:26.668+0000] {logging_mixin.py:188} INFO - [2024-04-22T16:42:26.667+0000] {dag.py:3047} INFO - Sync 1 DAGs
[2024-04-22T16:42:26.684+0000] {logging_mixin.py:188} INFO - [2024-04-22T16:42:26.684+0000] {dag.py:3834} INFO - Setting next_dagrun for example_task_group_decorator to 2024-04-21 00:00:00+00:00, run_after=2024-04-22 00:00:00+00:00
[2024-04-22T16:42:26.704+0000] {processor.py:183} INFO - Processing /home/yasmine/.local/share/virtualenvs/knowledge-base-siaap-WvBZnYs-/lib/python3.8/site-packages/airflow/example_dags/example_task_group_decorator.py took 0.068 seconds
[2024-04-22T16:44:21.671+0000] {processor.py:161} INFO - Started process (PID=153428) to work on /home/yasmine/.local/share/virtualenvs/knowledge-base-siaap-WvBZnYs-/lib/python3.8/site-packages/airflow/example_dags/example_task_group_decorator.py
[2024-04-22T16:44:21.672+0000] {processor.py:830} INFO - Processing file /home/yasmine/.local/share/virtualenvs/knowledge-base-siaap-WvBZnYs-/lib/python3.8/site-packages/airflow/example_dags/example_task_group_decorator.py for tasks to queue
[2024-04-22T16:44:21.673+0000] {logging_mixin.py:188} INFO - [2024-04-22T16:44:21.672+0000] {dagbag.py:540} INFO - Filling up the DagBag from /home/yasmine/.local/share/virtualenvs/knowledge-base-siaap-WvBZnYs-/lib/python3.8/site-packages/airflow/example_dags/example_task_group_decorator.py
[2024-04-22T16:44:21.696+0000] {processor.py:840} INFO - DAG(s) 'example_task_group_decorator' retrieved from /home/yasmine/.local/share/virtualenvs/knowledge-base-siaap-WvBZnYs-/lib/python3.8/site-packages/airflow/example_dags/example_task_group_decorator.py
[2024-04-22T16:44:21.707+0000] {logging_mixin.py:188} INFO - [2024-04-22T16:44:21.706+0000] {dag.py:3047} INFO - Sync 1 DAGs
[2024-04-22T16:44:21.871+0000] {logging_mixin.py:188} INFO - [2024-04-22T16:44:21.870+0000] {dag.py:3834} INFO - Setting next_dagrun for example_task_group_decorator to 2024-04-21 00:00:00+00:00, run_after=2024-04-22 00:00:00+00:00
[2024-04-22T16:44:21.894+0000] {processor.py:183} INFO - Processing /home/yasmine/.local/share/virtualenvs/knowledge-base-siaap-WvBZnYs-/lib/python3.8/site-packages/airflow/example_dags/example_task_group_decorator.py took 0.226 seconds
