[2024-04-22T16:41:09.506+0000] {processor.py:161} INFO - Started process (PID=150661) to work on /home/yasmine/.local/share/virtualenvs/knowledge-base-siaap-WvBZnYs-/lib/python3.8/site-packages/airflow/example_dags/example_branch_datetime_operator.py
[2024-04-22T16:41:09.507+0000] {processor.py:830} INFO - Processing file /home/yasmine/.local/share/virtualenvs/knowledge-base-siaap-WvBZnYs-/lib/python3.8/site-packages/airflow/example_dags/example_branch_datetime_operator.py for tasks to queue
[2024-04-22T16:41:09.508+0000] {logging_mixin.py:188} INFO - [2024-04-22T16:41:09.507+0000] {dagbag.py:540} INFO - Filling up the DagBag from /home/yasmine/.local/share/virtualenvs/knowledge-base-siaap-WvBZnYs-/lib/python3.8/site-packages/airflow/example_dags/example_branch_datetime_operator.py
[2024-04-22T16:41:09.517+0000] {processor.py:840} INFO - DAG(s) 'example_branch_datetime_operator_3', 'example_branch_datetime_operator_2', 'example_branch_datetime_operator' retrieved from /home/yasmine/.local/share/virtualenvs/knowledge-base-siaap-WvBZnYs-/lib/python3.8/site-packages/airflow/example_dags/example_branch_datetime_operator.py
[2024-04-22T16:41:09.607+0000] {logging_mixin.py:188} INFO - [2024-04-22T16:41:09.606+0000] {override.py:1769} INFO - Created Permission View: can read on DAG:example_branch_datetime_operator_3
[2024-04-22T16:41:09.621+0000] {logging_mixin.py:188} INFO - [2024-04-22T16:41:09.620+0000] {override.py:1769} INFO - Created Permission View: can delete on DAG:example_branch_datetime_operator_3
[2024-04-22T16:41:09.629+0000] {logging_mixin.py:188} INFO - [2024-04-22T16:41:09.629+0000] {override.py:1769} INFO - Created Permission View: can edit on DAG:example_branch_datetime_operator_3
[2024-04-22T16:41:09.647+0000] {logging_mixin.py:188} INFO - [2024-04-22T16:41:09.646+0000] {override.py:1769} INFO - Created Permission View: can read on DAG:example_branch_datetime_operator_2
[2024-04-22T16:41:09.653+0000] {logging_mixin.py:188} INFO - [2024-04-22T16:41:09.653+0000] {override.py:1769} INFO - Created Permission View: can delete on DAG:example_branch_datetime_operator_2
[2024-04-22T16:41:09.660+0000] {logging_mixin.py:188} INFO - [2024-04-22T16:41:09.660+0000] {override.py:1769} INFO - Created Permission View: can edit on DAG:example_branch_datetime_operator_2
[2024-04-22T16:41:09.678+0000] {logging_mixin.py:188} INFO - [2024-04-22T16:41:09.678+0000] {override.py:1769} INFO - Created Permission View: can read on DAG:example_branch_datetime_operator
[2024-04-22T16:41:09.685+0000] {logging_mixin.py:188} INFO - [2024-04-22T16:41:09.685+0000] {override.py:1769} INFO - Created Permission View: can delete on DAG:example_branch_datetime_operator
[2024-04-22T16:41:09.692+0000] {logging_mixin.py:188} INFO - [2024-04-22T16:41:09.692+0000] {override.py:1769} INFO - Created Permission View: can edit on DAG:example_branch_datetime_operator
[2024-04-22T16:41:09.693+0000] {logging_mixin.py:188} INFO - [2024-04-22T16:41:09.693+0000] {dag.py:3047} INFO - Sync 3 DAGs
[2024-04-22T16:41:09.701+0000] {logging_mixin.py:188} INFO - [2024-04-22T16:41:09.701+0000] {dag.py:3069} INFO - Creating ORM DAG for example_branch_datetime_operator
[2024-04-22T16:41:09.702+0000] {logging_mixin.py:188} INFO - [2024-04-22T16:41:09.702+0000] {dag.py:3069} INFO - Creating ORM DAG for example_branch_datetime_operator_3
[2024-04-22T16:41:09.703+0000] {logging_mixin.py:188} INFO - [2024-04-22T16:41:09.702+0000] {dag.py:3069} INFO - Creating ORM DAG for example_branch_datetime_operator_2
[2024-04-22T16:41:09.713+0000] {logging_mixin.py:188} INFO - [2024-04-22T16:41:09.713+0000] {dag.py:3834} INFO - Setting next_dagrun for example_branch_datetime_operator to 2024-04-21 00:00:00+00:00, run_after=2024-04-22 00:00:00+00:00
[2024-04-22T16:41:09.715+0000] {logging_mixin.py:188} INFO - [2024-04-22T16:41:09.715+0000] {dag.py:3834} INFO - Setting next_dagrun for example_branch_datetime_operator_2 to 2024-04-21 00:00:00+00:00, run_after=2024-04-22 00:00:00+00:00
[2024-04-22T16:41:09.717+0000] {logging_mixin.py:188} INFO - [2024-04-22T16:41:09.717+0000] {dag.py:3834} INFO - Setting next_dagrun for example_branch_datetime_operator_3 to 2024-04-21 00:00:00+00:00, run_after=2024-04-22 00:00:00+00:00
[2024-04-22T16:41:09.738+0000] {processor.py:183} INFO - Processing /home/yasmine/.local/share/virtualenvs/knowledge-base-siaap-WvBZnYs-/lib/python3.8/site-packages/airflow/example_dags/example_branch_datetime_operator.py took 0.234 seconds
[2024-04-22T16:42:07.798+0000] {processor.py:161} INFO - Started process (PID=151426) to work on /home/yasmine/.local/share/virtualenvs/knowledge-base-siaap-WvBZnYs-/lib/python3.8/site-packages/airflow/example_dags/example_branch_datetime_operator.py
[2024-04-22T16:42:07.799+0000] {processor.py:830} INFO - Processing file /home/yasmine/.local/share/virtualenvs/knowledge-base-siaap-WvBZnYs-/lib/python3.8/site-packages/airflow/example_dags/example_branch_datetime_operator.py for tasks to queue
[2024-04-22T16:42:07.800+0000] {logging_mixin.py:188} INFO - [2024-04-22T16:42:07.799+0000] {dagbag.py:540} INFO - Filling up the DagBag from /home/yasmine/.local/share/virtualenvs/knowledge-base-siaap-WvBZnYs-/lib/python3.8/site-packages/airflow/example_dags/example_branch_datetime_operator.py
[2024-04-22T16:42:07.808+0000] {processor.py:840} INFO - DAG(s) 'example_branch_datetime_operator_2', 'example_branch_datetime_operator_3', 'example_branch_datetime_operator' retrieved from /home/yasmine/.local/share/virtualenvs/knowledge-base-siaap-WvBZnYs-/lib/python3.8/site-packages/airflow/example_dags/example_branch_datetime_operator.py
[2024-04-22T16:42:07.827+0000] {logging_mixin.py:188} INFO - [2024-04-22T16:42:07.826+0000] {dag.py:3047} INFO - Sync 3 DAGs
[2024-04-22T16:42:07.845+0000] {logging_mixin.py:188} INFO - [2024-04-22T16:42:07.844+0000] {dag.py:3834} INFO - Setting next_dagrun for example_branch_datetime_operator to 2024-04-21 00:00:00+00:00, run_after=2024-04-22 00:00:00+00:00
[2024-04-22T16:42:07.849+0000] {logging_mixin.py:188} INFO - [2024-04-22T16:42:07.849+0000] {dag.py:3834} INFO - Setting next_dagrun for example_branch_datetime_operator_2 to 2024-04-21 00:00:00+00:00, run_after=2024-04-22 00:00:00+00:00
[2024-04-22T16:42:07.852+0000] {logging_mixin.py:188} INFO - [2024-04-22T16:42:07.851+0000] {dag.py:3834} INFO - Setting next_dagrun for example_branch_datetime_operator_3 to 2024-04-21 00:00:00+00:00, run_after=2024-04-22 00:00:00+00:00
[2024-04-22T16:42:07.868+0000] {processor.py:183} INFO - Processing /home/yasmine/.local/share/virtualenvs/knowledge-base-siaap-WvBZnYs-/lib/python3.8/site-packages/airflow/example_dags/example_branch_datetime_operator.py took 0.072 seconds
