[2024-04-22T16:40:20.443+0000] {processor.py:161} INFO - Started process (PID=149555) to work on /home/yasmine/.local/share/virtualenvs/knowledge-base-siaap-WvBZnYs-/lib/python3.8/site-packages/airflow/example_dags/example_xcom.py
[2024-04-22T16:40:20.444+0000] {processor.py:830} INFO - Processing file /home/yasmine/.local/share/virtualenvs/knowledge-base-siaap-WvBZnYs-/lib/python3.8/site-packages/airflow/example_dags/example_xcom.py for tasks to queue
[2024-04-22T16:40:20.445+0000] {logging_mixin.py:188} INFO - [2024-04-22T16:40:20.444+0000] {dagbag.py:540} INFO - Filling up the DagBag from /home/yasmine/.local/share/virtualenvs/knowledge-base-siaap-WvBZnYs-/lib/python3.8/site-packages/airflow/example_dags/example_xcom.py
[2024-04-22T16:40:20.460+0000] {processor.py:840} INFO - DAG(s) 'example_xcom' retrieved from /home/yasmine/.local/share/virtualenvs/knowledge-base-siaap-WvBZnYs-/lib/python3.8/site-packages/airflow/example_dags/example_xcom.py
[2024-04-22T16:40:20.727+0000] {logging_mixin.py:188} INFO - [2024-04-22T16:40:20.726+0000] {override.py:1769} INFO - Created Permission View: can read on DAG:example_xcom
[2024-04-22T16:40:20.746+0000] {logging_mixin.py:188} INFO - [2024-04-22T16:40:20.746+0000] {override.py:1769} INFO - Created Permission View: can delete on DAG:example_xcom
[2024-04-22T16:40:20.755+0000] {logging_mixin.py:188} INFO - [2024-04-22T16:40:20.755+0000] {override.py:1769} INFO - Created Permission View: can edit on DAG:example_xcom
[2024-04-22T16:40:20.755+0000] {logging_mixin.py:188} INFO - [2024-04-22T16:40:20.755+0000] {dag.py:3047} INFO - Sync 1 DAGs
[2024-04-22T16:40:20.765+0000] {logging_mixin.py:188} INFO - [2024-04-22T16:40:20.765+0000] {dag.py:3069} INFO - Creating ORM DAG for example_xcom
[2024-04-22T16:40:20.773+0000] {logging_mixin.py:188} INFO - [2024-04-22T16:40:20.773+0000] {dag.py:3834} INFO - Setting next_dagrun for example_xcom to 2021-01-01 00:00:00+00:00, run_after=2021-01-01 00:00:00+00:00
[2024-04-22T16:40:20.806+0000] {processor.py:183} INFO - Processing /home/yasmine/.local/share/virtualenvs/knowledge-base-siaap-WvBZnYs-/lib/python3.8/site-packages/airflow/example_dags/example_xcom.py took 0.366 seconds
[2024-04-22T16:41:14.474+0000] {processor.py:161} INFO - Started process (PID=150713) to work on /home/yasmine/.local/share/virtualenvs/knowledge-base-siaap-WvBZnYs-/lib/python3.8/site-packages/airflow/example_dags/example_xcom.py
[2024-04-22T16:41:14.475+0000] {processor.py:830} INFO - Processing file /home/yasmine/.local/share/virtualenvs/knowledge-base-siaap-WvBZnYs-/lib/python3.8/site-packages/airflow/example_dags/example_xcom.py for tasks to queue
[2024-04-22T16:41:14.475+0000] {logging_mixin.py:188} INFO - [2024-04-22T16:41:14.475+0000] {dagbag.py:540} INFO - Filling up the DagBag from /home/yasmine/.local/share/virtualenvs/knowledge-base-siaap-WvBZnYs-/lib/python3.8/site-packages/airflow/example_dags/example_xcom.py
[2024-04-22T16:41:14.481+0000] {processor.py:840} INFO - DAG(s) 'example_xcom' retrieved from /home/yasmine/.local/share/virtualenvs/knowledge-base-siaap-WvBZnYs-/lib/python3.8/site-packages/airflow/example_dags/example_xcom.py
[2024-04-22T16:41:14.493+0000] {logging_mixin.py:188} INFO - [2024-04-22T16:41:14.493+0000] {dag.py:3047} INFO - Sync 1 DAGs
[2024-04-22T16:41:14.509+0000] {logging_mixin.py:188} INFO - [2024-04-22T16:41:14.509+0000] {dag.py:3834} INFO - Setting next_dagrun for example_xcom to 2021-01-01 00:00:00+00:00, run_after=2021-01-01 00:00:00+00:00
[2024-04-22T16:41:14.529+0000] {processor.py:183} INFO - Processing /home/yasmine/.local/share/virtualenvs/knowledge-base-siaap-WvBZnYs-/lib/python3.8/site-packages/airflow/example_dags/example_xcom.py took 0.057 seconds
[2024-04-22T16:41:52.384+0000] {processor.py:161} INFO - Started process (PID=151232) to work on /home/yasmine/.local/share/virtualenvs/knowledge-base-siaap-WvBZnYs-/lib/python3.8/site-packages/airflow/example_dags/example_xcom.py
[2024-04-22T16:41:52.385+0000] {processor.py:830} INFO - Processing file /home/yasmine/.local/share/virtualenvs/knowledge-base-siaap-WvBZnYs-/lib/python3.8/site-packages/airflow/example_dags/example_xcom.py for tasks to queue
[2024-04-22T16:41:52.386+0000] {logging_mixin.py:188} INFO - [2024-04-22T16:41:52.386+0000] {dagbag.py:540} INFO - Filling up the DagBag from /home/yasmine/.local/share/virtualenvs/knowledge-base-siaap-WvBZnYs-/lib/python3.8/site-packages/airflow/example_dags/example_xcom.py
[2024-04-22T16:41:52.391+0000] {processor.py:840} INFO - DAG(s) 'example_xcom' retrieved from /home/yasmine/.local/share/virtualenvs/knowledge-base-siaap-WvBZnYs-/lib/python3.8/site-packages/airflow/example_dags/example_xcom.py
[2024-04-22T16:41:52.403+0000] {logging_mixin.py:188} INFO - [2024-04-22T16:41:52.402+0000] {dag.py:3047} INFO - Sync 1 DAGs
[2024-04-22T16:41:52.418+0000] {logging_mixin.py:188} INFO - [2024-04-22T16:41:52.417+0000] {dag.py:3834} INFO - Setting next_dagrun for example_xcom to 2021-01-01 00:00:00+00:00, run_after=2021-01-01 00:00:00+00:00
[2024-04-22T16:41:52.434+0000] {processor.py:183} INFO - Processing /home/yasmine/.local/share/virtualenvs/knowledge-base-siaap-WvBZnYs-/lib/python3.8/site-packages/airflow/example_dags/example_xcom.py took 0.052 seconds
[2024-04-22T16:42:27.233+0000] {processor.py:161} INFO - Started process (PID=151715) to work on /home/yasmine/.local/share/virtualenvs/knowledge-base-siaap-WvBZnYs-/lib/python3.8/site-packages/airflow/example_dags/example_xcom.py
[2024-04-22T16:42:27.235+0000] {processor.py:830} INFO - Processing file /home/yasmine/.local/share/virtualenvs/knowledge-base-siaap-WvBZnYs-/lib/python3.8/site-packages/airflow/example_dags/example_xcom.py for tasks to queue
[2024-04-22T16:42:27.235+0000] {logging_mixin.py:188} INFO - [2024-04-22T16:42:27.235+0000] {dagbag.py:540} INFO - Filling up the DagBag from /home/yasmine/.local/share/virtualenvs/knowledge-base-siaap-WvBZnYs-/lib/python3.8/site-packages/airflow/example_dags/example_xcom.py
[2024-04-22T16:42:27.243+0000] {processor.py:840} INFO - DAG(s) 'example_xcom' retrieved from /home/yasmine/.local/share/virtualenvs/knowledge-base-siaap-WvBZnYs-/lib/python3.8/site-packages/airflow/example_dags/example_xcom.py
[2024-04-22T16:42:27.259+0000] {logging_mixin.py:188} INFO - [2024-04-22T16:42:27.259+0000] {dag.py:3047} INFO - Sync 1 DAGs
[2024-04-22T16:42:27.284+0000] {logging_mixin.py:188} INFO - [2024-04-22T16:42:27.283+0000] {dag.py:3834} INFO - Setting next_dagrun for example_xcom to 2021-01-01 00:00:00+00:00, run_after=2021-01-01 00:00:00+00:00
[2024-04-22T16:42:27.334+0000] {processor.py:183} INFO - Processing /home/yasmine/.local/share/virtualenvs/knowledge-base-siaap-WvBZnYs-/lib/python3.8/site-packages/airflow/example_dags/example_xcom.py took 0.104 seconds
[2024-04-22T16:44:23.012+0000] {processor.py:161} INFO - Started process (PID=153469) to work on /home/yasmine/.local/share/virtualenvs/knowledge-base-siaap-WvBZnYs-/lib/python3.8/site-packages/airflow/example_dags/example_xcom.py
[2024-04-22T16:44:23.013+0000] {processor.py:830} INFO - Processing file /home/yasmine/.local/share/virtualenvs/knowledge-base-siaap-WvBZnYs-/lib/python3.8/site-packages/airflow/example_dags/example_xcom.py for tasks to queue
[2024-04-22T16:44:23.014+0000] {logging_mixin.py:188} INFO - [2024-04-22T16:44:23.014+0000] {dagbag.py:540} INFO - Filling up the DagBag from /home/yasmine/.local/share/virtualenvs/knowledge-base-siaap-WvBZnYs-/lib/python3.8/site-packages/airflow/example_dags/example_xcom.py
[2024-04-22T16:44:23.023+0000] {processor.py:840} INFO - DAG(s) 'example_xcom' retrieved from /home/yasmine/.local/share/virtualenvs/knowledge-base-siaap-WvBZnYs-/lib/python3.8/site-packages/airflow/example_dags/example_xcom.py
[2024-04-22T16:44:23.029+0000] {logging_mixin.py:188} INFO - [2024-04-22T16:44:23.029+0000] {dag.py:3047} INFO - Sync 1 DAGs
[2024-04-22T16:44:23.153+0000] {logging_mixin.py:188} INFO - [2024-04-22T16:44:23.153+0000] {dag.py:3834} INFO - Setting next_dagrun for example_xcom to 2021-01-01 00:00:00+00:00, run_after=2021-01-01 00:00:00+00:00
[2024-04-22T16:44:23.172+0000] {processor.py:183} INFO - Processing /home/yasmine/.local/share/virtualenvs/knowledge-base-siaap-WvBZnYs-/lib/python3.8/site-packages/airflow/example_dags/example_xcom.py took 0.161 seconds
