[2024-04-22T16:40:17.615+0000] {processor.py:161} INFO - Started process (PID=149480) to work on /home/yasmine/.local/share/virtualenvs/knowledge-base-siaap-WvBZnYs-/lib/python3.8/site-packages/airflow/example_dags/example_task_group.py
[2024-04-22T16:40:17.616+0000] {processor.py:830} INFO - Processing file /home/yasmine/.local/share/virtualenvs/knowledge-base-siaap-WvBZnYs-/lib/python3.8/site-packages/airflow/example_dags/example_task_group.py for tasks to queue
[2024-04-22T16:40:17.618+0000] {logging_mixin.py:188} INFO - [2024-04-22T16:40:17.617+0000] {dagbag.py:540} INFO - Filling up the DagBag from /home/yasmine/.local/share/virtualenvs/knowledge-base-siaap-WvBZnYs-/lib/python3.8/site-packages/airflow/example_dags/example_task_group.py
[2024-04-22T16:40:17.633+0000] {processor.py:840} INFO - DAG(s) 'example_task_group' retrieved from /home/yasmine/.local/share/virtualenvs/knowledge-base-siaap-WvBZnYs-/lib/python3.8/site-packages/airflow/example_dags/example_task_group.py
[2024-04-22T16:40:17.847+0000] {logging_mixin.py:188} INFO - [2024-04-22T16:40:17.846+0000] {override.py:1769} INFO - Created Permission View: can read on DAG:example_task_group
[2024-04-22T16:40:17.858+0000] {logging_mixin.py:188} INFO - [2024-04-22T16:40:17.858+0000] {override.py:1769} INFO - Created Permission View: can delete on DAG:example_task_group
[2024-04-22T16:40:17.865+0000] {logging_mixin.py:188} INFO - [2024-04-22T16:40:17.865+0000] {override.py:1769} INFO - Created Permission View: can edit on DAG:example_task_group
[2024-04-22T16:40:17.866+0000] {logging_mixin.py:188} INFO - [2024-04-22T16:40:17.866+0000] {dag.py:3047} INFO - Sync 1 DAGs
[2024-04-22T16:40:17.876+0000] {logging_mixin.py:188} INFO - [2024-04-22T16:40:17.876+0000] {dag.py:3069} INFO - Creating ORM DAG for example_task_group
[2024-04-22T16:40:17.884+0000] {logging_mixin.py:188} INFO - [2024-04-22T16:40:17.884+0000] {dag.py:3834} INFO - Setting next_dagrun for example_task_group to 2024-04-21 00:00:00+00:00, run_after=2024-04-22 00:00:00+00:00
[2024-04-22T16:40:17.903+0000] {processor.py:183} INFO - Processing /home/yasmine/.local/share/virtualenvs/knowledge-base-siaap-WvBZnYs-/lib/python3.8/site-packages/airflow/example_dags/example_task_group.py took 0.292 seconds
[2024-04-22T16:41:12.090+0000] {processor.py:161} INFO - Started process (PID=150688) to work on /home/yasmine/.local/share/virtualenvs/knowledge-base-siaap-WvBZnYs-/lib/python3.8/site-packages/airflow/example_dags/example_task_group.py
[2024-04-22T16:41:12.091+0000] {processor.py:830} INFO - Processing file /home/yasmine/.local/share/virtualenvs/knowledge-base-siaap-WvBZnYs-/lib/python3.8/site-packages/airflow/example_dags/example_task_group.py for tasks to queue
[2024-04-22T16:41:12.093+0000] {logging_mixin.py:188} INFO - [2024-04-22T16:41:12.092+0000] {dagbag.py:540} INFO - Filling up the DagBag from /home/yasmine/.local/share/virtualenvs/knowledge-base-siaap-WvBZnYs-/lib/python3.8/site-packages/airflow/example_dags/example_task_group.py
[2024-04-22T16:41:12.104+0000] {processor.py:840} INFO - DAG(s) 'example_task_group' retrieved from /home/yasmine/.local/share/virtualenvs/knowledge-base-siaap-WvBZnYs-/lib/python3.8/site-packages/airflow/example_dags/example_task_group.py
[2024-04-22T16:41:12.125+0000] {logging_mixin.py:188} INFO - [2024-04-22T16:41:12.125+0000] {dag.py:3047} INFO - Sync 1 DAGs
[2024-04-22T16:41:12.153+0000] {logging_mixin.py:188} INFO - [2024-04-22T16:41:12.153+0000] {dag.py:3834} INFO - Setting next_dagrun for example_task_group to 2024-04-21 00:00:00+00:00, run_after=2024-04-22 00:00:00+00:00
[2024-04-22T16:41:12.187+0000] {processor.py:183} INFO - Processing /home/yasmine/.local/share/virtualenvs/knowledge-base-siaap-WvBZnYs-/lib/python3.8/site-packages/airflow/example_dags/example_task_group.py took 0.100 seconds
[2024-04-22T16:41:50.138+0000] {processor.py:161} INFO - Started process (PID=151212) to work on /home/yasmine/.local/share/virtualenvs/knowledge-base-siaap-WvBZnYs-/lib/python3.8/site-packages/airflow/example_dags/example_task_group.py
[2024-04-22T16:41:50.139+0000] {processor.py:830} INFO - Processing file /home/yasmine/.local/share/virtualenvs/knowledge-base-siaap-WvBZnYs-/lib/python3.8/site-packages/airflow/example_dags/example_task_group.py for tasks to queue
[2024-04-22T16:41:50.139+0000] {logging_mixin.py:188} INFO - [2024-04-22T16:41:50.139+0000] {dagbag.py:540} INFO - Filling up the DagBag from /home/yasmine/.local/share/virtualenvs/knowledge-base-siaap-WvBZnYs-/lib/python3.8/site-packages/airflow/example_dags/example_task_group.py
[2024-04-22T16:41:50.145+0000] {processor.py:840} INFO - DAG(s) 'example_task_group' retrieved from /home/yasmine/.local/share/virtualenvs/knowledge-base-siaap-WvBZnYs-/lib/python3.8/site-packages/airflow/example_dags/example_task_group.py
[2024-04-22T16:41:50.158+0000] {logging_mixin.py:188} INFO - [2024-04-22T16:41:50.158+0000] {dag.py:3047} INFO - Sync 1 DAGs
[2024-04-22T16:41:50.173+0000] {logging_mixin.py:188} INFO - [2024-04-22T16:41:50.173+0000] {dag.py:3834} INFO - Setting next_dagrun for example_task_group to 2024-04-21 00:00:00+00:00, run_after=2024-04-22 00:00:00+00:00
[2024-04-22T16:41:50.192+0000] {processor.py:183} INFO - Processing /home/yasmine/.local/share/virtualenvs/knowledge-base-siaap-WvBZnYs-/lib/python3.8/site-packages/airflow/example_dags/example_task_group.py took 0.056 seconds
[2024-04-22T16:42:25.505+0000] {processor.py:161} INFO - Started process (PID=151687) to work on /home/yasmine/.local/share/virtualenvs/knowledge-base-siaap-WvBZnYs-/lib/python3.8/site-packages/airflow/example_dags/example_task_group.py
[2024-04-22T16:42:25.506+0000] {processor.py:830} INFO - Processing file /home/yasmine/.local/share/virtualenvs/knowledge-base-siaap-WvBZnYs-/lib/python3.8/site-packages/airflow/example_dags/example_task_group.py for tasks to queue
[2024-04-22T16:42:25.506+0000] {logging_mixin.py:188} INFO - [2024-04-22T16:42:25.506+0000] {dagbag.py:540} INFO - Filling up the DagBag from /home/yasmine/.local/share/virtualenvs/knowledge-base-siaap-WvBZnYs-/lib/python3.8/site-packages/airflow/example_dags/example_task_group.py
[2024-04-22T16:42:25.512+0000] {processor.py:840} INFO - DAG(s) 'example_task_group' retrieved from /home/yasmine/.local/share/virtualenvs/knowledge-base-siaap-WvBZnYs-/lib/python3.8/site-packages/airflow/example_dags/example_task_group.py
[2024-04-22T16:42:25.525+0000] {logging_mixin.py:188} INFO - [2024-04-22T16:42:25.525+0000] {dag.py:3047} INFO - Sync 1 DAGs
[2024-04-22T16:42:25.541+0000] {logging_mixin.py:188} INFO - [2024-04-22T16:42:25.541+0000] {dag.py:3834} INFO - Setting next_dagrun for example_task_group to 2024-04-21 00:00:00+00:00, run_after=2024-04-22 00:00:00+00:00
[2024-04-22T16:42:25.562+0000] {processor.py:183} INFO - Processing /home/yasmine/.local/share/virtualenvs/knowledge-base-siaap-WvBZnYs-/lib/python3.8/site-packages/airflow/example_dags/example_task_group.py took 0.059 seconds
[2024-04-22T16:44:20.388+0000] {processor.py:161} INFO - Started process (PID=153403) to work on /home/yasmine/.local/share/virtualenvs/knowledge-base-siaap-WvBZnYs-/lib/python3.8/site-packages/airflow/example_dags/example_task_group.py
[2024-04-22T16:44:20.389+0000] {processor.py:830} INFO - Processing file /home/yasmine/.local/share/virtualenvs/knowledge-base-siaap-WvBZnYs-/lib/python3.8/site-packages/airflow/example_dags/example_task_group.py for tasks to queue
[2024-04-22T16:44:20.390+0000] {logging_mixin.py:188} INFO - [2024-04-22T16:44:20.389+0000] {dagbag.py:540} INFO - Filling up the DagBag from /home/yasmine/.local/share/virtualenvs/knowledge-base-siaap-WvBZnYs-/lib/python3.8/site-packages/airflow/example_dags/example_task_group.py
[2024-04-22T16:44:20.404+0000] {processor.py:840} INFO - DAG(s) 'example_task_group' retrieved from /home/yasmine/.local/share/virtualenvs/knowledge-base-siaap-WvBZnYs-/lib/python3.8/site-packages/airflow/example_dags/example_task_group.py
[2024-04-22T16:44:20.412+0000] {logging_mixin.py:188} INFO - [2024-04-22T16:44:20.411+0000] {dag.py:3047} INFO - Sync 1 DAGs
[2024-04-22T16:44:20.436+0000] {logging_mixin.py:188} INFO - [2024-04-22T16:44:20.436+0000] {dag.py:3834} INFO - Setting next_dagrun for example_task_group to 2024-04-21 00:00:00+00:00, run_after=2024-04-22 00:00:00+00:00
[2024-04-22T16:44:20.561+0000] {processor.py:183} INFO - Processing /home/yasmine/.local/share/virtualenvs/knowledge-base-siaap-WvBZnYs-/lib/python3.8/site-packages/airflow/example_dags/example_task_group.py took 0.176 seconds
