[2024-04-22T16:40:56.258+0000] {processor.py:161} INFO - Started process (PID=150355) to work on /home/yasmine/.local/share/virtualenvs/knowledge-base-siaap-WvBZnYs-/lib/python3.8/site-packages/airflow/example_dags/example_sensor_decorator.py
[2024-04-22T16:40:56.259+0000] {processor.py:830} INFO - Processing file /home/yasmine/.local/share/virtualenvs/knowledge-base-siaap-WvBZnYs-/lib/python3.8/site-packages/airflow/example_dags/example_sensor_decorator.py for tasks to queue
[2024-04-22T16:40:56.260+0000] {logging_mixin.py:188} INFO - [2024-04-22T16:40:56.260+0000] {dagbag.py:540} INFO - Filling up the DagBag from /home/yasmine/.local/share/virtualenvs/knowledge-base-siaap-WvBZnYs-/lib/python3.8/site-packages/airflow/example_dags/example_sensor_decorator.py
[2024-04-22T16:40:56.269+0000] {processor.py:840} INFO - DAG(s) 'example_sensor_decorator' retrieved from /home/yasmine/.local/share/virtualenvs/knowledge-base-siaap-WvBZnYs-/lib/python3.8/site-packages/airflow/example_dags/example_sensor_decorator.py
[2024-04-22T16:40:56.373+0000] {logging_mixin.py:188} INFO - [2024-04-22T16:40:56.372+0000] {override.py:1769} INFO - Created Permission View: can read on DAG:example_sensor_decorator
[2024-04-22T16:40:56.383+0000] {logging_mixin.py:188} INFO - [2024-04-22T16:40:56.382+0000] {override.py:1769} INFO - Created Permission View: can delete on DAG:example_sensor_decorator
[2024-04-22T16:40:56.389+0000] {logging_mixin.py:188} INFO - [2024-04-22T16:40:56.389+0000] {override.py:1769} INFO - Created Permission View: can edit on DAG:example_sensor_decorator
[2024-04-22T16:40:56.389+0000] {logging_mixin.py:188} INFO - [2024-04-22T16:40:56.389+0000] {dag.py:3047} INFO - Sync 1 DAGs
[2024-04-22T16:40:56.398+0000] {logging_mixin.py:188} INFO - [2024-04-22T16:40:56.398+0000] {dag.py:3069} INFO - Creating ORM DAG for example_sensor_decorator
[2024-04-22T16:40:56.399+0000] {logging_mixin.py:188} INFO - [2024-04-22T16:40:56.398+0000] {dag.py:3834} INFO - Setting next_dagrun for example_sensor_decorator to None, run_after=None
[2024-04-22T16:40:56.415+0000] {processor.py:183} INFO - Processing /home/yasmine/.local/share/virtualenvs/knowledge-base-siaap-WvBZnYs-/lib/python3.8/site-packages/airflow/example_dags/example_sensor_decorator.py took 0.162 seconds
[2024-04-22T16:41:45.504+0000] {processor.py:161} INFO - Started process (PID=151154) to work on /home/yasmine/.local/share/virtualenvs/knowledge-base-siaap-WvBZnYs-/lib/python3.8/site-packages/airflow/example_dags/example_sensor_decorator.py
[2024-04-22T16:41:45.505+0000] {processor.py:830} INFO - Processing file /home/yasmine/.local/share/virtualenvs/knowledge-base-siaap-WvBZnYs-/lib/python3.8/site-packages/airflow/example_dags/example_sensor_decorator.py for tasks to queue
[2024-04-22T16:41:45.505+0000] {logging_mixin.py:188} INFO - [2024-04-22T16:41:45.505+0000] {dagbag.py:540} INFO - Filling up the DagBag from /home/yasmine/.local/share/virtualenvs/knowledge-base-siaap-WvBZnYs-/lib/python3.8/site-packages/airflow/example_dags/example_sensor_decorator.py
[2024-04-22T16:41:45.510+0000] {processor.py:840} INFO - DAG(s) 'example_sensor_decorator' retrieved from /home/yasmine/.local/share/virtualenvs/knowledge-base-siaap-WvBZnYs-/lib/python3.8/site-packages/airflow/example_dags/example_sensor_decorator.py
[2024-04-22T16:41:45.521+0000] {logging_mixin.py:188} INFO - [2024-04-22T16:41:45.521+0000] {dag.py:3047} INFO - Sync 1 DAGs
[2024-04-22T16:41:45.530+0000] {logging_mixin.py:188} INFO - [2024-04-22T16:41:45.530+0000] {dag.py:3834} INFO - Setting next_dagrun for example_sensor_decorator to None, run_after=None
[2024-04-22T16:41:45.546+0000] {processor.py:183} INFO - Processing /home/yasmine/.local/share/virtualenvs/knowledge-base-siaap-WvBZnYs-/lib/python3.8/site-packages/airflow/example_dags/example_sensor_decorator.py took 0.044 seconds
[2024-04-22T16:42:35.206+0000] {processor.py:161} INFO - Started process (PID=151935) to work on /home/yasmine/.local/share/virtualenvs/knowledge-base-siaap-WvBZnYs-/lib/python3.8/site-packages/airflow/example_dags/example_sensor_decorator.py
[2024-04-22T16:42:35.206+0000] {processor.py:830} INFO - Processing file /home/yasmine/.local/share/virtualenvs/knowledge-base-siaap-WvBZnYs-/lib/python3.8/site-packages/airflow/example_dags/example_sensor_decorator.py for tasks to queue
[2024-04-22T16:42:35.207+0000] {logging_mixin.py:188} INFO - [2024-04-22T16:42:35.207+0000] {dagbag.py:540} INFO - Filling up the DagBag from /home/yasmine/.local/share/virtualenvs/knowledge-base-siaap-WvBZnYs-/lib/python3.8/site-packages/airflow/example_dags/example_sensor_decorator.py
[2024-04-22T16:42:35.212+0000] {processor.py:840} INFO - DAG(s) 'example_sensor_decorator' retrieved from /home/yasmine/.local/share/virtualenvs/knowledge-base-siaap-WvBZnYs-/lib/python3.8/site-packages/airflow/example_dags/example_sensor_decorator.py
[2024-04-22T16:42:35.223+0000] {logging_mixin.py:188} INFO - [2024-04-22T16:42:35.222+0000] {dag.py:3047} INFO - Sync 1 DAGs
[2024-04-22T16:42:35.232+0000] {logging_mixin.py:188} INFO - [2024-04-22T16:42:35.232+0000] {dag.py:3834} INFO - Setting next_dagrun for example_sensor_decorator to None, run_after=None
[2024-04-22T16:42:35.250+0000] {processor.py:183} INFO - Processing /home/yasmine/.local/share/virtualenvs/knowledge-base-siaap-WvBZnYs-/lib/python3.8/site-packages/airflow/example_dags/example_sensor_decorator.py took 0.047 seconds
