[2024-04-22T16:40:32.543+0000] {processor.py:161} INFO - Started process (PID=149817) to work on /home/yasmine/.local/share/virtualenvs/knowledge-base-siaap-WvBZnYs-/lib/python3.8/site-packages/airflow/example_dags/example_trigger_controller_dag.py
[2024-04-22T16:40:32.544+0000] {processor.py:830} INFO - Processing file /home/yasmine/.local/share/virtualenvs/knowledge-base-siaap-WvBZnYs-/lib/python3.8/site-packages/airflow/example_dags/example_trigger_controller_dag.py for tasks to queue
[2024-04-22T16:40:32.545+0000] {logging_mixin.py:188} INFO - [2024-04-22T16:40:32.545+0000] {dagbag.py:540} INFO - Filling up the DagBag from /home/yasmine/.local/share/virtualenvs/knowledge-base-siaap-WvBZnYs-/lib/python3.8/site-packages/airflow/example_dags/example_trigger_controller_dag.py
[2024-04-22T16:40:32.549+0000] {processor.py:840} INFO - DAG(s) 'example_trigger_controller_dag' retrieved from /home/yasmine/.local/share/virtualenvs/knowledge-base-siaap-WvBZnYs-/lib/python3.8/site-packages/airflow/example_dags/example_trigger_controller_dag.py
[2024-04-22T16:40:32.724+0000] {logging_mixin.py:188} INFO - [2024-04-22T16:40:32.724+0000] {override.py:1769} INFO - Created Permission View: can read on DAG:example_trigger_controller_dag
[2024-04-22T16:40:32.734+0000] {logging_mixin.py:188} INFO - [2024-04-22T16:40:32.734+0000] {override.py:1769} INFO - Created Permission View: can delete on DAG:example_trigger_controller_dag
[2024-04-22T16:40:32.742+0000] {logging_mixin.py:188} INFO - [2024-04-22T16:40:32.742+0000] {override.py:1769} INFO - Created Permission View: can edit on DAG:example_trigger_controller_dag
[2024-04-22T16:40:32.743+0000] {logging_mixin.py:188} INFO - [2024-04-22T16:40:32.743+0000] {dag.py:3047} INFO - Sync 1 DAGs
[2024-04-22T16:40:32.751+0000] {logging_mixin.py:188} INFO - [2024-04-22T16:40:32.751+0000] {dag.py:3069} INFO - Creating ORM DAG for example_trigger_controller_dag
[2024-04-22T16:40:32.759+0000] {logging_mixin.py:188} INFO - [2024-04-22T16:40:32.759+0000] {dag.py:3834} INFO - Setting next_dagrun for example_trigger_controller_dag to 2021-01-01 00:00:00+00:00, run_after=2021-01-01 00:00:00+00:00
[2024-04-22T16:40:32.778+0000] {processor.py:183} INFO - Processing /home/yasmine/.local/share/virtualenvs/knowledge-base-siaap-WvBZnYs-/lib/python3.8/site-packages/airflow/example_dags/example_trigger_controller_dag.py took 0.237 seconds
[2024-04-22T16:41:21.134+0000] {processor.py:161} INFO - Started process (PID=150848) to work on /home/yasmine/.local/share/virtualenvs/knowledge-base-siaap-WvBZnYs-/lib/python3.8/site-packages/airflow/example_dags/example_trigger_controller_dag.py
[2024-04-22T16:41:21.134+0000] {processor.py:830} INFO - Processing file /home/yasmine/.local/share/virtualenvs/knowledge-base-siaap-WvBZnYs-/lib/python3.8/site-packages/airflow/example_dags/example_trigger_controller_dag.py for tasks to queue
[2024-04-22T16:41:21.135+0000] {logging_mixin.py:188} INFO - [2024-04-22T16:41:21.135+0000] {dagbag.py:540} INFO - Filling up the DagBag from /home/yasmine/.local/share/virtualenvs/knowledge-base-siaap-WvBZnYs-/lib/python3.8/site-packages/airflow/example_dags/example_trigger_controller_dag.py
[2024-04-22T16:41:21.139+0000] {processor.py:840} INFO - DAG(s) 'example_trigger_controller_dag' retrieved from /home/yasmine/.local/share/virtualenvs/knowledge-base-siaap-WvBZnYs-/lib/python3.8/site-packages/airflow/example_dags/example_trigger_controller_dag.py
[2024-04-22T16:41:21.150+0000] {logging_mixin.py:188} INFO - [2024-04-22T16:41:21.149+0000] {dag.py:3047} INFO - Sync 1 DAGs
[2024-04-22T16:41:21.167+0000] {logging_mixin.py:188} INFO - [2024-04-22T16:41:21.167+0000] {dag.py:3834} INFO - Setting next_dagrun for example_trigger_controller_dag to 2021-01-01 00:00:00+00:00, run_after=2021-01-01 00:00:00+00:00
[2024-04-22T16:41:21.188+0000] {processor.py:183} INFO - Processing /home/yasmine/.local/share/virtualenvs/knowledge-base-siaap-WvBZnYs-/lib/python3.8/site-packages/airflow/example_dags/example_trigger_controller_dag.py took 0.057 seconds
[2024-04-22T16:42:09.272+0000] {processor.py:161} INFO - Started process (PID=151428) to work on /home/yasmine/.local/share/virtualenvs/knowledge-base-siaap-WvBZnYs-/lib/python3.8/site-packages/airflow/example_dags/example_trigger_controller_dag.py
[2024-04-22T16:42:09.273+0000] {processor.py:830} INFO - Processing file /home/yasmine/.local/share/virtualenvs/knowledge-base-siaap-WvBZnYs-/lib/python3.8/site-packages/airflow/example_dags/example_trigger_controller_dag.py for tasks to queue
[2024-04-22T16:42:09.273+0000] {logging_mixin.py:188} INFO - [2024-04-22T16:42:09.273+0000] {dagbag.py:540} INFO - Filling up the DagBag from /home/yasmine/.local/share/virtualenvs/knowledge-base-siaap-WvBZnYs-/lib/python3.8/site-packages/airflow/example_dags/example_trigger_controller_dag.py
[2024-04-22T16:42:09.277+0000] {processor.py:840} INFO - DAG(s) 'example_trigger_controller_dag' retrieved from /home/yasmine/.local/share/virtualenvs/knowledge-base-siaap-WvBZnYs-/lib/python3.8/site-packages/airflow/example_dags/example_trigger_controller_dag.py
[2024-04-22T16:42:09.288+0000] {logging_mixin.py:188} INFO - [2024-04-22T16:42:09.287+0000] {dag.py:3047} INFO - Sync 1 DAGs
[2024-04-22T16:42:09.303+0000] {logging_mixin.py:188} INFO - [2024-04-22T16:42:09.303+0000] {dag.py:3834} INFO - Setting next_dagrun for example_trigger_controller_dag to 2021-01-01 00:00:00+00:00, run_after=2021-01-01 00:00:00+00:00
[2024-04-22T16:42:09.320+0000] {processor.py:183} INFO - Processing /home/yasmine/.local/share/virtualenvs/knowledge-base-siaap-WvBZnYs-/lib/python3.8/site-packages/airflow/example_dags/example_trigger_controller_dag.py took 0.050 seconds
[2024-04-22T16:42:47.397+0000] {processor.py:161} INFO - Started process (PID=152070) to work on /home/yasmine/.local/share/virtualenvs/knowledge-base-siaap-WvBZnYs-/lib/python3.8/site-packages/airflow/example_dags/example_trigger_controller_dag.py
[2024-04-22T16:42:47.397+0000] {processor.py:830} INFO - Processing file /home/yasmine/.local/share/virtualenvs/knowledge-base-siaap-WvBZnYs-/lib/python3.8/site-packages/airflow/example_dags/example_trigger_controller_dag.py for tasks to queue
[2024-04-22T16:42:47.398+0000] {logging_mixin.py:188} INFO - [2024-04-22T16:42:47.398+0000] {dagbag.py:540} INFO - Filling up the DagBag from /home/yasmine/.local/share/virtualenvs/knowledge-base-siaap-WvBZnYs-/lib/python3.8/site-packages/airflow/example_dags/example_trigger_controller_dag.py
[2024-04-22T16:42:47.402+0000] {processor.py:840} INFO - DAG(s) 'example_trigger_controller_dag' retrieved from /home/yasmine/.local/share/virtualenvs/knowledge-base-siaap-WvBZnYs-/lib/python3.8/site-packages/airflow/example_dags/example_trigger_controller_dag.py
[2024-04-22T16:42:47.414+0000] {logging_mixin.py:188} INFO - [2024-04-22T16:42:47.413+0000] {dag.py:3047} INFO - Sync 1 DAGs
[2024-04-22T16:42:47.430+0000] {logging_mixin.py:188} INFO - [2024-04-22T16:42:47.430+0000] {dag.py:3834} INFO - Setting next_dagrun for example_trigger_controller_dag to 2021-01-01 00:00:00+00:00, run_after=2021-01-01 00:00:00+00:00
[2024-04-22T16:42:47.448+0000] {processor.py:183} INFO - Processing /home/yasmine/.local/share/virtualenvs/knowledge-base-siaap-WvBZnYs-/lib/python3.8/site-packages/airflow/example_dags/example_trigger_controller_dag.py took 0.054 seconds
[2024-04-22T16:44:33.055+0000] {processor.py:161} INFO - Started process (PID=153683) to work on /home/yasmine/.local/share/virtualenvs/knowledge-base-siaap-WvBZnYs-/lib/python3.8/site-packages/airflow/example_dags/example_trigger_controller_dag.py
[2024-04-22T16:44:33.056+0000] {processor.py:830} INFO - Processing file /home/yasmine/.local/share/virtualenvs/knowledge-base-siaap-WvBZnYs-/lib/python3.8/site-packages/airflow/example_dags/example_trigger_controller_dag.py for tasks to queue
[2024-04-22T16:44:33.057+0000] {logging_mixin.py:188} INFO - [2024-04-22T16:44:33.057+0000] {dagbag.py:540} INFO - Filling up the DagBag from /home/yasmine/.local/share/virtualenvs/knowledge-base-siaap-WvBZnYs-/lib/python3.8/site-packages/airflow/example_dags/example_trigger_controller_dag.py
[2024-04-22T16:44:33.060+0000] {processor.py:840} INFO - DAG(s) 'example_trigger_controller_dag' retrieved from /home/yasmine/.local/share/virtualenvs/knowledge-base-siaap-WvBZnYs-/lib/python3.8/site-packages/airflow/example_dags/example_trigger_controller_dag.py
[2024-04-22T16:44:33.066+0000] {logging_mixin.py:188} INFO - [2024-04-22T16:44:33.066+0000] {dag.py:3047} INFO - Sync 1 DAGs
[2024-04-22T16:44:33.164+0000] {logging_mixin.py:188} INFO - [2024-04-22T16:44:33.164+0000] {dag.py:3834} INFO - Setting next_dagrun for example_trigger_controller_dag to 2021-01-01 00:00:00+00:00, run_after=2021-01-01 00:00:00+00:00
[2024-04-22T16:44:33.180+0000] {processor.py:183} INFO - Processing /home/yasmine/.local/share/virtualenvs/knowledge-base-siaap-WvBZnYs-/lib/python3.8/site-packages/airflow/example_dags/example_trigger_controller_dag.py took 0.127 seconds
