[2024-04-22T16:41:00.255+0000] {processor.py:161} INFO - Started process (PID=150477) to work on /home/yasmine/.local/share/virtualenvs/knowledge-base-siaap-WvBZnYs-/lib/python3.8/site-packages/airflow/example_dags/example_branch_python_dop_operator_3.py
[2024-04-22T16:41:00.256+0000] {processor.py:830} INFO - Processing file /home/yasmine/.local/share/virtualenvs/knowledge-base-siaap-WvBZnYs-/lib/python3.8/site-packages/airflow/example_dags/example_branch_python_dop_operator_3.py for tasks to queue
[2024-04-22T16:41:00.257+0000] {logging_mixin.py:188} INFO - [2024-04-22T16:41:00.256+0000] {dagbag.py:540} INFO - Filling up the DagBag from /home/yasmine/.local/share/virtualenvs/knowledge-base-siaap-WvBZnYs-/lib/python3.8/site-packages/airflow/example_dags/example_branch_python_dop_operator_3.py
[2024-04-22T16:41:00.266+0000] {processor.py:840} INFO - DAG(s) 'example_branch_dop_operator_v3' retrieved from /home/yasmine/.local/share/virtualenvs/knowledge-base-siaap-WvBZnYs-/lib/python3.8/site-packages/airflow/example_dags/example_branch_python_dop_operator_3.py
[2024-04-22T16:41:00.367+0000] {logging_mixin.py:188} INFO - [2024-04-22T16:41:00.366+0000] {override.py:1769} INFO - Created Permission View: can read on DAG:example_branch_dop_operator_v3
[2024-04-22T16:41:00.376+0000] {logging_mixin.py:188} INFO - [2024-04-22T16:41:00.376+0000] {override.py:1769} INFO - Created Permission View: can delete on DAG:example_branch_dop_operator_v3
[2024-04-22T16:41:00.382+0000] {logging_mixin.py:188} INFO - [2024-04-22T16:41:00.382+0000] {override.py:1769} INFO - Created Permission View: can edit on DAG:example_branch_dop_operator_v3
[2024-04-22T16:41:00.383+0000] {logging_mixin.py:188} INFO - [2024-04-22T16:41:00.382+0000] {dag.py:3047} INFO - Sync 1 DAGs
[2024-04-22T16:41:00.392+0000] {logging_mixin.py:188} INFO - [2024-04-22T16:41:00.392+0000] {dag.py:3069} INFO - Creating ORM DAG for example_branch_dop_operator_v3
[2024-04-22T16:41:00.404+0000] {logging_mixin.py:188} INFO - [2024-04-22T16:41:00.404+0000] {dag.py:3834} INFO - Setting next_dagrun for example_branch_dop_operator_v3 to 2024-04-22 16:40:00+00:00, run_after=2024-04-22 16:41:00+00:00
[2024-04-22T16:41:00.421+0000] {processor.py:183} INFO - Processing /home/yasmine/.local/share/virtualenvs/knowledge-base-siaap-WvBZnYs-/lib/python3.8/site-packages/airflow/example_dags/example_branch_python_dop_operator_3.py took 0.168 seconds
[2024-04-22T16:41:48.661+0000] {processor.py:161} INFO - Started process (PID=151191) to work on /home/yasmine/.local/share/virtualenvs/knowledge-base-siaap-WvBZnYs-/lib/python3.8/site-packages/airflow/example_dags/example_branch_python_dop_operator_3.py
[2024-04-22T16:41:48.661+0000] {processor.py:830} INFO - Processing file /home/yasmine/.local/share/virtualenvs/knowledge-base-siaap-WvBZnYs-/lib/python3.8/site-packages/airflow/example_dags/example_branch_python_dop_operator_3.py for tasks to queue
[2024-04-22T16:41:48.662+0000] {logging_mixin.py:188} INFO - [2024-04-22T16:41:48.662+0000] {dagbag.py:540} INFO - Filling up the DagBag from /home/yasmine/.local/share/virtualenvs/knowledge-base-siaap-WvBZnYs-/lib/python3.8/site-packages/airflow/example_dags/example_branch_python_dop_operator_3.py
[2024-04-22T16:41:48.669+0000] {processor.py:840} INFO - DAG(s) 'example_branch_dop_operator_v3' retrieved from /home/yasmine/.local/share/virtualenvs/knowledge-base-siaap-WvBZnYs-/lib/python3.8/site-packages/airflow/example_dags/example_branch_python_dop_operator_3.py
[2024-04-22T16:41:48.681+0000] {logging_mixin.py:188} INFO - [2024-04-22T16:41:48.681+0000] {dag.py:3047} INFO - Sync 1 DAGs
[2024-04-22T16:41:48.702+0000] {logging_mixin.py:188} INFO - [2024-04-22T16:41:48.702+0000] {dag.py:3834} INFO - Setting next_dagrun for example_branch_dop_operator_v3 to 2024-04-22 16:40:00+00:00, run_after=2024-04-22 16:41:00+00:00
[2024-04-22T16:41:48.719+0000] {processor.py:183} INFO - Processing /home/yasmine/.local/share/virtualenvs/knowledge-base-siaap-WvBZnYs-/lib/python3.8/site-packages/airflow/example_dags/example_branch_python_dop_operator_3.py took 0.060 seconds
[2024-04-22T16:42:38.824+0000] {processor.py:161} INFO - Started process (PID=151987) to work on /home/yasmine/.local/share/virtualenvs/knowledge-base-siaap-WvBZnYs-/lib/python3.8/site-packages/airflow/example_dags/example_branch_python_dop_operator_3.py
[2024-04-22T16:42:38.825+0000] {processor.py:830} INFO - Processing file /home/yasmine/.local/share/virtualenvs/knowledge-base-siaap-WvBZnYs-/lib/python3.8/site-packages/airflow/example_dags/example_branch_python_dop_operator_3.py for tasks to queue
[2024-04-22T16:42:38.826+0000] {logging_mixin.py:188} INFO - [2024-04-22T16:42:38.825+0000] {dagbag.py:540} INFO - Filling up the DagBag from /home/yasmine/.local/share/virtualenvs/knowledge-base-siaap-WvBZnYs-/lib/python3.8/site-packages/airflow/example_dags/example_branch_python_dop_operator_3.py
[2024-04-22T16:42:38.833+0000] {processor.py:840} INFO - DAG(s) 'example_branch_dop_operator_v3' retrieved from /home/yasmine/.local/share/virtualenvs/knowledge-base-siaap-WvBZnYs-/lib/python3.8/site-packages/airflow/example_dags/example_branch_python_dop_operator_3.py
[2024-04-22T16:42:38.846+0000] {logging_mixin.py:188} INFO - [2024-04-22T16:42:38.846+0000] {dag.py:3047} INFO - Sync 1 DAGs
[2024-04-22T16:42:38.870+0000] {logging_mixin.py:188} INFO - [2024-04-22T16:42:38.870+0000] {dag.py:3834} INFO - Setting next_dagrun for example_branch_dop_operator_v3 to 2024-04-22 16:41:00+00:00, run_after=2024-04-22 16:42:00+00:00
[2024-04-22T16:42:38.892+0000] {processor.py:183} INFO - Processing /home/yasmine/.local/share/virtualenvs/knowledge-base-siaap-WvBZnYs-/lib/python3.8/site-packages/airflow/example_dags/example_branch_python_dop_operator_3.py took 0.070 seconds
