[2024-04-22T16:40:57.490+0000] {processor.py:161} INFO - Started process (PID=150375) to work on /home/yasmine/.local/share/virtualenvs/knowledge-base-siaap-WvBZnYs-/lib/python3.8/site-packages/airflow/example_dags/example_latest_only_with_trigger.py
[2024-04-22T16:40:57.491+0000] {processor.py:830} INFO - Processing file /home/yasmine/.local/share/virtualenvs/knowledge-base-siaap-WvBZnYs-/lib/python3.8/site-packages/airflow/example_dags/example_latest_only_with_trigger.py for tasks to queue
[2024-04-22T16:40:57.491+0000] {logging_mixin.py:188} INFO - [2024-04-22T16:40:57.491+0000] {dagbag.py:540} INFO - Filling up the DagBag from /home/yasmine/.local/share/virtualenvs/knowledge-base-siaap-WvBZnYs-/lib/python3.8/site-packages/airflow/example_dags/example_latest_only_with_trigger.py
[2024-04-22T16:40:57.496+0000] {processor.py:840} INFO - DAG(s) 'latest_only_with_trigger' retrieved from /home/yasmine/.local/share/virtualenvs/knowledge-base-siaap-WvBZnYs-/lib/python3.8/site-packages/airflow/example_dags/example_latest_only_with_trigger.py
[2024-04-22T16:40:57.585+0000] {logging_mixin.py:188} INFO - [2024-04-22T16:40:57.585+0000] {override.py:1769} INFO - Created Permission View: can read on DAG:latest_only_with_trigger
[2024-04-22T16:40:57.595+0000] {logging_mixin.py:188} INFO - [2024-04-22T16:40:57.595+0000] {override.py:1769} INFO - Created Permission View: can delete on DAG:latest_only_with_trigger
[2024-04-22T16:40:57.605+0000] {logging_mixin.py:188} INFO - [2024-04-22T16:40:57.605+0000] {override.py:1769} INFO - Created Permission View: can edit on DAG:latest_only_with_trigger
[2024-04-22T16:40:57.606+0000] {logging_mixin.py:188} INFO - [2024-04-22T16:40:57.606+0000] {dag.py:3047} INFO - Sync 1 DAGs
[2024-04-22T16:40:57.614+0000] {logging_mixin.py:188} INFO - [2024-04-22T16:40:57.614+0000] {dag.py:3069} INFO - Creating ORM DAG for latest_only_with_trigger
[2024-04-22T16:40:57.622+0000] {logging_mixin.py:188} INFO - [2024-04-22T16:40:57.621+0000] {dag.py:3834} INFO - Setting next_dagrun for latest_only_with_trigger to 2024-04-22 12:00:00+00:00, run_after=2024-04-22 16:00:00+00:00
[2024-04-22T16:40:57.640+0000] {processor.py:183} INFO - Processing /home/yasmine/.local/share/virtualenvs/knowledge-base-siaap-WvBZnYs-/lib/python3.8/site-packages/airflow/example_dags/example_latest_only_with_trigger.py took 0.152 seconds
[2024-04-22T16:41:46.098+0000] {processor.py:161} INFO - Started process (PID=151163) to work on /home/yasmine/.local/share/virtualenvs/knowledge-base-siaap-WvBZnYs-/lib/python3.8/site-packages/airflow/example_dags/example_latest_only_with_trigger.py
[2024-04-22T16:41:46.099+0000] {processor.py:830} INFO - Processing file /home/yasmine/.local/share/virtualenvs/knowledge-base-siaap-WvBZnYs-/lib/python3.8/site-packages/airflow/example_dags/example_latest_only_with_trigger.py for tasks to queue
[2024-04-22T16:41:46.100+0000] {logging_mixin.py:188} INFO - [2024-04-22T16:41:46.099+0000] {dagbag.py:540} INFO - Filling up the DagBag from /home/yasmine/.local/share/virtualenvs/knowledge-base-siaap-WvBZnYs-/lib/python3.8/site-packages/airflow/example_dags/example_latest_only_with_trigger.py
[2024-04-22T16:41:46.105+0000] {processor.py:840} INFO - DAG(s) 'latest_only_with_trigger' retrieved from /home/yasmine/.local/share/virtualenvs/knowledge-base-siaap-WvBZnYs-/lib/python3.8/site-packages/airflow/example_dags/example_latest_only_with_trigger.py
[2024-04-22T16:41:46.119+0000] {logging_mixin.py:188} INFO - [2024-04-22T16:41:46.118+0000] {dag.py:3047} INFO - Sync 1 DAGs
[2024-04-22T16:41:46.141+0000] {logging_mixin.py:188} INFO - [2024-04-22T16:41:46.141+0000] {dag.py:3834} INFO - Setting next_dagrun for latest_only_with_trigger to 2024-04-22 12:00:00+00:00, run_after=2024-04-22 16:00:00+00:00
[2024-04-22T16:41:46.164+0000] {processor.py:183} INFO - Processing /home/yasmine/.local/share/virtualenvs/knowledge-base-siaap-WvBZnYs-/lib/python3.8/site-packages/airflow/example_dags/example_latest_only_with_trigger.py took 0.068 seconds
[2024-04-22T16:42:36.344+0000] {processor.py:161} INFO - Started process (PID=151959) to work on /home/yasmine/.local/share/virtualenvs/knowledge-base-siaap-WvBZnYs-/lib/python3.8/site-packages/airflow/example_dags/example_latest_only_with_trigger.py
[2024-04-22T16:42:36.345+0000] {processor.py:830} INFO - Processing file /home/yasmine/.local/share/virtualenvs/knowledge-base-siaap-WvBZnYs-/lib/python3.8/site-packages/airflow/example_dags/example_latest_only_with_trigger.py for tasks to queue
[2024-04-22T16:42:36.345+0000] {logging_mixin.py:188} INFO - [2024-04-22T16:42:36.345+0000] {dagbag.py:540} INFO - Filling up the DagBag from /home/yasmine/.local/share/virtualenvs/knowledge-base-siaap-WvBZnYs-/lib/python3.8/site-packages/airflow/example_dags/example_latest_only_with_trigger.py
[2024-04-22T16:42:36.349+0000] {processor.py:840} INFO - DAG(s) 'latest_only_with_trigger' retrieved from /home/yasmine/.local/share/virtualenvs/knowledge-base-siaap-WvBZnYs-/lib/python3.8/site-packages/airflow/example_dags/example_latest_only_with_trigger.py
[2024-04-22T16:42:36.362+0000] {logging_mixin.py:188} INFO - [2024-04-22T16:42:36.362+0000] {dag.py:3047} INFO - Sync 1 DAGs
[2024-04-22T16:42:36.379+0000] {logging_mixin.py:188} INFO - [2024-04-22T16:42:36.379+0000] {dag.py:3834} INFO - Setting next_dagrun for latest_only_with_trigger to 2024-04-22 12:00:00+00:00, run_after=2024-04-22 16:00:00+00:00
[2024-04-22T16:42:36.398+0000] {processor.py:183} INFO - Processing /home/yasmine/.local/share/virtualenvs/knowledge-base-siaap-WvBZnYs-/lib/python3.8/site-packages/airflow/example_dags/example_latest_only_with_trigger.py took 0.056 seconds
