[2024-04-22T16:40:52.127+0000] {processor.py:161} INFO - Started process (PID=150245) to work on /home/yasmine/.local/share/virtualenvs/knowledge-base-siaap-WvBZnYs-/lib/python3.8/site-packages/airflow/example_dags/example_setup_teardown.py
[2024-04-22T16:40:52.128+0000] {processor.py:830} INFO - Processing file /home/yasmine/.local/share/virtualenvs/knowledge-base-siaap-WvBZnYs-/lib/python3.8/site-packages/airflow/example_dags/example_setup_teardown.py for tasks to queue
[2024-04-22T16:40:52.129+0000] {logging_mixin.py:188} INFO - [2024-04-22T16:40:52.129+0000] {dagbag.py:540} INFO - Filling up the DagBag from /home/yasmine/.local/share/virtualenvs/knowledge-base-siaap-WvBZnYs-/lib/python3.8/site-packages/airflow/example_dags/example_setup_teardown.py
[2024-04-22T16:40:52.137+0000] {processor.py:840} INFO - DAG(s) 'example_setup_teardown' retrieved from /home/yasmine/.local/share/virtualenvs/knowledge-base-siaap-WvBZnYs-/lib/python3.8/site-packages/airflow/example_dags/example_setup_teardown.py
[2024-04-22T16:40:52.259+0000] {logging_mixin.py:188} INFO - [2024-04-22T16:40:52.258+0000] {override.py:1769} INFO - Created Permission View: can read on DAG:example_setup_teardown
[2024-04-22T16:40:52.273+0000] {logging_mixin.py:188} INFO - [2024-04-22T16:40:52.272+0000] {override.py:1769} INFO - Created Permission View: can delete on DAG:example_setup_teardown
[2024-04-22T16:40:52.281+0000] {logging_mixin.py:188} INFO - [2024-04-22T16:40:52.281+0000] {override.py:1769} INFO - Created Permission View: can edit on DAG:example_setup_teardown
[2024-04-22T16:40:52.282+0000] {logging_mixin.py:188} INFO - [2024-04-22T16:40:52.282+0000] {dag.py:3047} INFO - Sync 1 DAGs
[2024-04-22T16:40:52.291+0000] {logging_mixin.py:188} INFO - [2024-04-22T16:40:52.291+0000] {dag.py:3069} INFO - Creating ORM DAG for example_setup_teardown
[2024-04-22T16:40:52.300+0000] {logging_mixin.py:188} INFO - [2024-04-22T16:40:52.300+0000] {dag.py:3834} INFO - Setting next_dagrun for example_setup_teardown to 2024-04-21 00:00:00+00:00, run_after=2024-04-22 00:00:00+00:00
[2024-04-22T16:40:52.319+0000] {processor.py:183} INFO - Processing /home/yasmine/.local/share/virtualenvs/knowledge-base-siaap-WvBZnYs-/lib/python3.8/site-packages/airflow/example_dags/example_setup_teardown.py took 0.194 seconds
[2024-04-22T16:41:40.953+0000] {processor.py:161} INFO - Started process (PID=151102) to work on /home/yasmine/.local/share/virtualenvs/knowledge-base-siaap-WvBZnYs-/lib/python3.8/site-packages/airflow/example_dags/example_setup_teardown.py
[2024-04-22T16:41:40.954+0000] {processor.py:830} INFO - Processing file /home/yasmine/.local/share/virtualenvs/knowledge-base-siaap-WvBZnYs-/lib/python3.8/site-packages/airflow/example_dags/example_setup_teardown.py for tasks to queue
[2024-04-22T16:41:40.955+0000] {logging_mixin.py:188} INFO - [2024-04-22T16:41:40.954+0000] {dagbag.py:540} INFO - Filling up the DagBag from /home/yasmine/.local/share/virtualenvs/knowledge-base-siaap-WvBZnYs-/lib/python3.8/site-packages/airflow/example_dags/example_setup_teardown.py
[2024-04-22T16:41:40.960+0000] {processor.py:840} INFO - DAG(s) 'example_setup_teardown' retrieved from /home/yasmine/.local/share/virtualenvs/knowledge-base-siaap-WvBZnYs-/lib/python3.8/site-packages/airflow/example_dags/example_setup_teardown.py
[2024-04-22T16:41:40.972+0000] {logging_mixin.py:188} INFO - [2024-04-22T16:41:40.971+0000] {dag.py:3047} INFO - Sync 1 DAGs
[2024-04-22T16:41:40.987+0000] {logging_mixin.py:188} INFO - [2024-04-22T16:41:40.987+0000] {dag.py:3834} INFO - Setting next_dagrun for example_setup_teardown to 2024-04-21 00:00:00+00:00, run_after=2024-04-22 00:00:00+00:00
[2024-04-22T16:41:41.004+0000] {processor.py:183} INFO - Processing /home/yasmine/.local/share/virtualenvs/knowledge-base-siaap-WvBZnYs-/lib/python3.8/site-packages/airflow/example_dags/example_setup_teardown.py took 0.054 seconds
[2024-04-22T16:42:31.824+0000] {processor.py:161} INFO - Started process (PID=151834) to work on /home/yasmine/.local/share/virtualenvs/knowledge-base-siaap-WvBZnYs-/lib/python3.8/site-packages/airflow/example_dags/example_setup_teardown.py
[2024-04-22T16:42:31.825+0000] {processor.py:830} INFO - Processing file /home/yasmine/.local/share/virtualenvs/knowledge-base-siaap-WvBZnYs-/lib/python3.8/site-packages/airflow/example_dags/example_setup_teardown.py for tasks to queue
[2024-04-22T16:42:31.826+0000] {logging_mixin.py:188} INFO - [2024-04-22T16:42:31.826+0000] {dagbag.py:540} INFO - Filling up the DagBag from /home/yasmine/.local/share/virtualenvs/knowledge-base-siaap-WvBZnYs-/lib/python3.8/site-packages/airflow/example_dags/example_setup_teardown.py
[2024-04-22T16:42:31.831+0000] {processor.py:840} INFO - DAG(s) 'example_setup_teardown' retrieved from /home/yasmine/.local/share/virtualenvs/knowledge-base-siaap-WvBZnYs-/lib/python3.8/site-packages/airflow/example_dags/example_setup_teardown.py
[2024-04-22T16:42:31.846+0000] {logging_mixin.py:188} INFO - [2024-04-22T16:42:31.845+0000] {dag.py:3047} INFO - Sync 1 DAGs
[2024-04-22T16:42:31.865+0000] {logging_mixin.py:188} INFO - [2024-04-22T16:42:31.865+0000] {dag.py:3834} INFO - Setting next_dagrun for example_setup_teardown to 2024-04-21 00:00:00+00:00, run_after=2024-04-22 00:00:00+00:00
[2024-04-22T16:42:31.888+0000] {processor.py:183} INFO - Processing /home/yasmine/.local/share/virtualenvs/knowledge-base-siaap-WvBZnYs-/lib/python3.8/site-packages/airflow/example_dags/example_setup_teardown.py took 0.066 seconds
