[2024-04-22T16:40:43.373+0000] {processor.py:161} INFO - Started process (PID=150028) to work on /home/yasmine/.local/share/virtualenvs/knowledge-base-siaap-WvBZnYs-/lib/python3.8/site-packages/airflow/example_dags/example_python_operator.py
[2024-04-22T16:40:43.373+0000] {processor.py:830} INFO - Processing file /home/yasmine/.local/share/virtualenvs/knowledge-base-siaap-WvBZnYs-/lib/python3.8/site-packages/airflow/example_dags/example_python_operator.py for tasks to queue
[2024-04-22T16:40:43.374+0000] {logging_mixin.py:188} INFO - [2024-04-22T16:40:43.373+0000] {dagbag.py:540} INFO - Filling up the DagBag from /home/yasmine/.local/share/virtualenvs/knowledge-base-siaap-WvBZnYs-/lib/python3.8/site-packages/airflow/example_dags/example_python_operator.py
[2024-04-22T16:40:43.382+0000] {processor.py:840} INFO - DAG(s) 'example_python_operator' retrieved from /home/yasmine/.local/share/virtualenvs/knowledge-base-siaap-WvBZnYs-/lib/python3.8/site-packages/airflow/example_dags/example_python_operator.py
[2024-04-22T16:40:43.476+0000] {logging_mixin.py:188} INFO - [2024-04-22T16:40:43.476+0000] {override.py:1769} INFO - Created Permission View: can read on DAG:example_python_operator
[2024-04-22T16:40:43.487+0000] {logging_mixin.py:188} INFO - [2024-04-22T16:40:43.486+0000] {override.py:1769} INFO - Created Permission View: can delete on DAG:example_python_operator
[2024-04-22T16:40:43.494+0000] {logging_mixin.py:188} INFO - [2024-04-22T16:40:43.494+0000] {override.py:1769} INFO - Created Permission View: can edit on DAG:example_python_operator
[2024-04-22T16:40:43.495+0000] {logging_mixin.py:188} INFO - [2024-04-22T16:40:43.495+0000] {dag.py:3047} INFO - Sync 1 DAGs
[2024-04-22T16:40:43.504+0000] {logging_mixin.py:188} INFO - [2024-04-22T16:40:43.504+0000] {dag.py:3069} INFO - Creating ORM DAG for example_python_operator
[2024-04-22T16:40:43.505+0000] {logging_mixin.py:188} INFO - [2024-04-22T16:40:43.504+0000] {dag.py:3834} INFO - Setting next_dagrun for example_python_operator to None, run_after=None
[2024-04-22T16:40:43.520+0000] {processor.py:183} INFO - Processing /home/yasmine/.local/share/virtualenvs/knowledge-base-siaap-WvBZnYs-/lib/python3.8/site-packages/airflow/example_dags/example_python_operator.py took 0.150 seconds
[2024-04-22T16:41:32.962+0000] {processor.py:161} INFO - Started process (PID=151009) to work on /home/yasmine/.local/share/virtualenvs/knowledge-base-siaap-WvBZnYs-/lib/python3.8/site-packages/airflow/example_dags/example_python_operator.py
[2024-04-22T16:41:32.963+0000] {processor.py:830} INFO - Processing file /home/yasmine/.local/share/virtualenvs/knowledge-base-siaap-WvBZnYs-/lib/python3.8/site-packages/airflow/example_dags/example_python_operator.py for tasks to queue
[2024-04-22T16:41:32.963+0000] {logging_mixin.py:188} INFO - [2024-04-22T16:41:32.963+0000] {dagbag.py:540} INFO - Filling up the DagBag from /home/yasmine/.local/share/virtualenvs/knowledge-base-siaap-WvBZnYs-/lib/python3.8/site-packages/airflow/example_dags/example_python_operator.py
[2024-04-22T16:41:32.972+0000] {processor.py:840} INFO - DAG(s) 'example_python_operator' retrieved from /home/yasmine/.local/share/virtualenvs/knowledge-base-siaap-WvBZnYs-/lib/python3.8/site-packages/airflow/example_dags/example_python_operator.py
[2024-04-22T16:41:32.986+0000] {logging_mixin.py:188} INFO - [2024-04-22T16:41:32.985+0000] {dag.py:3047} INFO - Sync 1 DAGs
[2024-04-22T16:41:32.994+0000] {logging_mixin.py:188} INFO - [2024-04-22T16:41:32.994+0000] {dag.py:3834} INFO - Setting next_dagrun for example_python_operator to None, run_after=None
[2024-04-22T16:41:33.013+0000] {processor.py:183} INFO - Processing /home/yasmine/.local/share/virtualenvs/knowledge-base-siaap-WvBZnYs-/lib/python3.8/site-packages/airflow/example_dags/example_python_operator.py took 0.053 seconds
[2024-04-22T16:42:18.932+0000] {processor.py:161} INFO - Started process (PID=151588) to work on /home/yasmine/.local/share/virtualenvs/knowledge-base-siaap-WvBZnYs-/lib/python3.8/site-packages/airflow/example_dags/example_python_operator.py
[2024-04-22T16:42:18.934+0000] {processor.py:830} INFO - Processing file /home/yasmine/.local/share/virtualenvs/knowledge-base-siaap-WvBZnYs-/lib/python3.8/site-packages/airflow/example_dags/example_python_operator.py for tasks to queue
[2024-04-22T16:42:18.934+0000] {logging_mixin.py:188} INFO - [2024-04-22T16:42:18.934+0000] {dagbag.py:540} INFO - Filling up the DagBag from /home/yasmine/.local/share/virtualenvs/knowledge-base-siaap-WvBZnYs-/lib/python3.8/site-packages/airflow/example_dags/example_python_operator.py
[2024-04-22T16:42:18.942+0000] {processor.py:840} INFO - DAG(s) 'example_python_operator' retrieved from /home/yasmine/.local/share/virtualenvs/knowledge-base-siaap-WvBZnYs-/lib/python3.8/site-packages/airflow/example_dags/example_python_operator.py
[2024-04-22T16:42:18.956+0000] {logging_mixin.py:188} INFO - [2024-04-22T16:42:18.956+0000] {dag.py:3047} INFO - Sync 1 DAGs
[2024-04-22T16:42:18.966+0000] {logging_mixin.py:188} INFO - [2024-04-22T16:42:18.965+0000] {dag.py:3834} INFO - Setting next_dagrun for example_python_operator to None, run_after=None
[2024-04-22T16:42:18.982+0000] {processor.py:183} INFO - Processing /home/yasmine/.local/share/virtualenvs/knowledge-base-siaap-WvBZnYs-/lib/python3.8/site-packages/airflow/example_dags/example_python_operator.py took 0.052 seconds
