[2024-04-22T16:40:25.054+0000] {processor.py:161} INFO - Started process (PID=149644) to work on /home/yasmine/.local/share/virtualenvs/knowledge-base-siaap-WvBZnYs-/lib/python3.8/site-packages/airflow/example_dags/example_sla_dag.py
[2024-04-22T16:40:25.055+0000] {processor.py:830} INFO - Processing file /home/yasmine/.local/share/virtualenvs/knowledge-base-siaap-WvBZnYs-/lib/python3.8/site-packages/airflow/example_dags/example_sla_dag.py for tasks to queue
[2024-04-22T16:40:25.055+0000] {logging_mixin.py:188} INFO - [2024-04-22T16:40:25.055+0000] {dagbag.py:540} INFO - Filling up the DagBag from /home/yasmine/.local/share/virtualenvs/knowledge-base-siaap-WvBZnYs-/lib/python3.8/site-packages/airflow/example_dags/example_sla_dag.py
[2024-04-22T16:40:25.064+0000] {processor.py:840} INFO - DAG(s) 'example_sla_dag' retrieved from /home/yasmine/.local/share/virtualenvs/knowledge-base-siaap-WvBZnYs-/lib/python3.8/site-packages/airflow/example_dags/example_sla_dag.py
[2024-04-22T16:40:25.244+0000] {logging_mixin.py:188} INFO - [2024-04-22T16:40:25.243+0000] {override.py:1769} INFO - Created Permission View: can read on DAG:example_sla_dag
[2024-04-22T16:40:25.254+0000] {logging_mixin.py:188} INFO - [2024-04-22T16:40:25.254+0000] {override.py:1769} INFO - Created Permission View: can delete on DAG:example_sla_dag
[2024-04-22T16:40:25.264+0000] {logging_mixin.py:188} INFO - [2024-04-22T16:40:25.263+0000] {override.py:1769} INFO - Created Permission View: can edit on DAG:example_sla_dag
[2024-04-22T16:40:25.264+0000] {logging_mixin.py:188} INFO - [2024-04-22T16:40:25.264+0000] {dag.py:3047} INFO - Sync 1 DAGs
[2024-04-22T16:40:25.273+0000] {logging_mixin.py:188} INFO - [2024-04-22T16:40:25.273+0000] {dag.py:3069} INFO - Creating ORM DAG for example_sla_dag
[2024-04-22T16:40:25.284+0000] {logging_mixin.py:188} INFO - [2024-04-22T16:40:25.284+0000] {dag.py:3834} INFO - Setting next_dagrun for example_sla_dag to 2024-04-22 16:38:00+00:00, run_after=2024-04-22 16:40:00+00:00
[2024-04-22T16:40:25.300+0000] {processor.py:183} INFO - Processing /home/yasmine/.local/share/virtualenvs/knowledge-base-siaap-WvBZnYs-/lib/python3.8/site-packages/airflow/example_dags/example_sla_dag.py took 0.248 seconds
[2024-04-22T16:41:17.124+0000] {processor.py:161} INFO - Started process (PID=150741) to work on /home/yasmine/.local/share/virtualenvs/knowledge-base-siaap-WvBZnYs-/lib/python3.8/site-packages/airflow/example_dags/example_sla_dag.py
[2024-04-22T16:41:17.125+0000] {processor.py:830} INFO - Processing file /home/yasmine/.local/share/virtualenvs/knowledge-base-siaap-WvBZnYs-/lib/python3.8/site-packages/airflow/example_dags/example_sla_dag.py for tasks to queue
[2024-04-22T16:41:17.126+0000] {logging_mixin.py:188} INFO - [2024-04-22T16:41:17.125+0000] {dagbag.py:540} INFO - Filling up the DagBag from /home/yasmine/.local/share/virtualenvs/knowledge-base-siaap-WvBZnYs-/lib/python3.8/site-packages/airflow/example_dags/example_sla_dag.py
[2024-04-22T16:41:17.133+0000] {processor.py:840} INFO - DAG(s) 'example_sla_dag' retrieved from /home/yasmine/.local/share/virtualenvs/knowledge-base-siaap-WvBZnYs-/lib/python3.8/site-packages/airflow/example_dags/example_sla_dag.py
[2024-04-22T16:41:17.144+0000] {logging_mixin.py:188} INFO - [2024-04-22T16:41:17.144+0000] {dag.py:3047} INFO - Sync 1 DAGs
[2024-04-22T16:41:17.164+0000] {logging_mixin.py:188} INFO - [2024-04-22T16:41:17.164+0000] {dag.py:3834} INFO - Setting next_dagrun for example_sla_dag to 2024-04-22 16:38:00+00:00, run_after=2024-04-22 16:40:00+00:00
[2024-04-22T16:41:17.183+0000] {processor.py:183} INFO - Processing /home/yasmine/.local/share/virtualenvs/knowledge-base-siaap-WvBZnYs-/lib/python3.8/site-packages/airflow/example_dags/example_sla_dag.py took 0.061 seconds
[2024-04-22T16:41:55.779+0000] {processor.py:161} INFO - Started process (PID=151271) to work on /home/yasmine/.local/share/virtualenvs/knowledge-base-siaap-WvBZnYs-/lib/python3.8/site-packages/airflow/example_dags/example_sla_dag.py
[2024-04-22T16:41:55.780+0000] {processor.py:830} INFO - Processing file /home/yasmine/.local/share/virtualenvs/knowledge-base-siaap-WvBZnYs-/lib/python3.8/site-packages/airflow/example_dags/example_sla_dag.py for tasks to queue
[2024-04-22T16:41:55.780+0000] {logging_mixin.py:188} INFO - [2024-04-22T16:41:55.780+0000] {dagbag.py:540} INFO - Filling up the DagBag from /home/yasmine/.local/share/virtualenvs/knowledge-base-siaap-WvBZnYs-/lib/python3.8/site-packages/airflow/example_dags/example_sla_dag.py
[2024-04-22T16:41:55.788+0000] {processor.py:840} INFO - DAG(s) 'example_sla_dag' retrieved from /home/yasmine/.local/share/virtualenvs/knowledge-base-siaap-WvBZnYs-/lib/python3.8/site-packages/airflow/example_dags/example_sla_dag.py
[2024-04-22T16:41:55.802+0000] {logging_mixin.py:188} INFO - [2024-04-22T16:41:55.802+0000] {dag.py:3047} INFO - Sync 1 DAGs
[2024-04-22T16:41:55.821+0000] {logging_mixin.py:188} INFO - [2024-04-22T16:41:55.821+0000] {dag.py:3834} INFO - Setting next_dagrun for example_sla_dag to 2024-04-22 16:38:00+00:00, run_after=2024-04-22 16:40:00+00:00
[2024-04-22T16:41:55.842+0000] {processor.py:183} INFO - Processing /home/yasmine/.local/share/virtualenvs/knowledge-base-siaap-WvBZnYs-/lib/python3.8/site-packages/airflow/example_dags/example_sla_dag.py took 0.066 seconds
[2024-04-22T16:42:40.942+0000] {processor.py:161} INFO - Started process (PID=152010) to work on /home/yasmine/.local/share/virtualenvs/knowledge-base-siaap-WvBZnYs-/lib/python3.8/site-packages/airflow/example_dags/example_sla_dag.py
[2024-04-22T16:42:40.943+0000] {processor.py:830} INFO - Processing file /home/yasmine/.local/share/virtualenvs/knowledge-base-siaap-WvBZnYs-/lib/python3.8/site-packages/airflow/example_dags/example_sla_dag.py for tasks to queue
[2024-04-22T16:42:40.944+0000] {logging_mixin.py:188} INFO - [2024-04-22T16:42:40.943+0000] {dagbag.py:540} INFO - Filling up the DagBag from /home/yasmine/.local/share/virtualenvs/knowledge-base-siaap-WvBZnYs-/lib/python3.8/site-packages/airflow/example_dags/example_sla_dag.py
[2024-04-22T16:42:40.951+0000] {processor.py:840} INFO - DAG(s) 'example_sla_dag' retrieved from /home/yasmine/.local/share/virtualenvs/knowledge-base-siaap-WvBZnYs-/lib/python3.8/site-packages/airflow/example_dags/example_sla_dag.py
[2024-04-22T16:42:40.963+0000] {logging_mixin.py:188} INFO - [2024-04-22T16:42:40.963+0000] {dag.py:3047} INFO - Sync 1 DAGs
[2024-04-22T16:42:40.986+0000] {logging_mixin.py:188} INFO - [2024-04-22T16:42:40.986+0000] {dag.py:3834} INFO - Setting next_dagrun for example_sla_dag to 2024-04-22 16:40:00+00:00, run_after=2024-04-22 16:42:00+00:00
[2024-04-22T16:42:41.006+0000] {processor.py:183} INFO - Processing /home/yasmine/.local/share/virtualenvs/knowledge-base-siaap-WvBZnYs-/lib/python3.8/site-packages/airflow/example_dags/example_sla_dag.py took 0.066 seconds
[2024-04-22T16:44:26.579+0000] {processor.py:161} INFO - Started process (PID=153524) to work on /home/yasmine/.local/share/virtualenvs/knowledge-base-siaap-WvBZnYs-/lib/python3.8/site-packages/airflow/example_dags/example_sla_dag.py
[2024-04-22T16:44:26.580+0000] {processor.py:830} INFO - Processing file /home/yasmine/.local/share/virtualenvs/knowledge-base-siaap-WvBZnYs-/lib/python3.8/site-packages/airflow/example_dags/example_sla_dag.py for tasks to queue
[2024-04-22T16:44:26.581+0000] {logging_mixin.py:188} INFO - [2024-04-22T16:44:26.581+0000] {dagbag.py:540} INFO - Filling up the DagBag from /home/yasmine/.local/share/virtualenvs/knowledge-base-siaap-WvBZnYs-/lib/python3.8/site-packages/airflow/example_dags/example_sla_dag.py
[2024-04-22T16:44:26.591+0000] {processor.py:840} INFO - DAG(s) 'example_sla_dag' retrieved from /home/yasmine/.local/share/virtualenvs/knowledge-base-siaap-WvBZnYs-/lib/python3.8/site-packages/airflow/example_dags/example_sla_dag.py
[2024-04-22T16:44:26.596+0000] {logging_mixin.py:188} INFO - [2024-04-22T16:44:26.596+0000] {dag.py:3047} INFO - Sync 1 DAGs
[2024-04-22T16:44:26.715+0000] {logging_mixin.py:188} INFO - [2024-04-22T16:44:26.715+0000] {dag.py:3834} INFO - Setting next_dagrun for example_sla_dag to 2024-04-22 16:42:00+00:00, run_after=2024-04-22 16:44:00+00:00
[2024-04-22T16:44:26.732+0000] {processor.py:183} INFO - Processing /home/yasmine/.local/share/virtualenvs/knowledge-base-siaap-WvBZnYs-/lib/python3.8/site-packages/airflow/example_dags/example_sla_dag.py took 0.155 seconds
