[2024-04-22T16:40:44.617+0000] {processor.py:161} INFO - Started process (PID=150055) to work on /home/yasmine/.local/share/virtualenvs/knowledge-base-siaap-WvBZnYs-/lib/python3.8/site-packages/airflow/example_dags/example_branch_operator_decorator.py
[2024-04-22T16:40:44.617+0000] {processor.py:830} INFO - Processing file /home/yasmine/.local/share/virtualenvs/knowledge-base-siaap-WvBZnYs-/lib/python3.8/site-packages/airflow/example_dags/example_branch_operator_decorator.py for tasks to queue
[2024-04-22T16:40:44.618+0000] {logging_mixin.py:188} INFO - [2024-04-22T16:40:44.618+0000] {dagbag.py:540} INFO - Filling up the DagBag from /home/yasmine/.local/share/virtualenvs/knowledge-base-siaap-WvBZnYs-/lib/python3.8/site-packages/airflow/example_dags/example_branch_operator_decorator.py
[2024-04-22T16:40:44.636+0000] {processor.py:840} INFO - DAG(s) 'example_branch_python_operator_decorator' retrieved from /home/yasmine/.local/share/virtualenvs/knowledge-base-siaap-WvBZnYs-/lib/python3.8/site-packages/airflow/example_dags/example_branch_operator_decorator.py
[2024-04-22T16:40:44.737+0000] {logging_mixin.py:188} INFO - [2024-04-22T16:40:44.736+0000] {override.py:1769} INFO - Created Permission View: can read on DAG:example_branch_python_operator_decorator
[2024-04-22T16:40:44.747+0000] {logging_mixin.py:188} INFO - [2024-04-22T16:40:44.747+0000] {override.py:1769} INFO - Created Permission View: can delete on DAG:example_branch_python_operator_decorator
[2024-04-22T16:40:44.756+0000] {logging_mixin.py:188} INFO - [2024-04-22T16:40:44.755+0000] {override.py:1769} INFO - Created Permission View: can edit on DAG:example_branch_python_operator_decorator
[2024-04-22T16:40:44.756+0000] {logging_mixin.py:188} INFO - [2024-04-22T16:40:44.756+0000] {dag.py:3047} INFO - Sync 1 DAGs
[2024-04-22T16:40:44.764+0000] {logging_mixin.py:188} INFO - [2024-04-22T16:40:44.764+0000] {dag.py:3069} INFO - Creating ORM DAG for example_branch_python_operator_decorator
[2024-04-22T16:40:44.773+0000] {logging_mixin.py:188} INFO - [2024-04-22T16:40:44.772+0000] {dag.py:3834} INFO - Setting next_dagrun for example_branch_python_operator_decorator to 2024-04-21 00:00:00+00:00, run_after=2024-04-22 00:00:00+00:00
[2024-04-22T16:40:44.792+0000] {processor.py:183} INFO - Processing /home/yasmine/.local/share/virtualenvs/knowledge-base-siaap-WvBZnYs-/lib/python3.8/site-packages/airflow/example_dags/example_branch_operator_decorator.py took 0.177 seconds
[2024-04-22T16:41:33.524+0000] {processor.py:161} INFO - Started process (PID=151028) to work on /home/yasmine/.local/share/virtualenvs/knowledge-base-siaap-WvBZnYs-/lib/python3.8/site-packages/airflow/example_dags/example_branch_operator_decorator.py
[2024-04-22T16:41:33.525+0000] {processor.py:830} INFO - Processing file /home/yasmine/.local/share/virtualenvs/knowledge-base-siaap-WvBZnYs-/lib/python3.8/site-packages/airflow/example_dags/example_branch_operator_decorator.py for tasks to queue
[2024-04-22T16:41:33.526+0000] {logging_mixin.py:188} INFO - [2024-04-22T16:41:33.525+0000] {dagbag.py:540} INFO - Filling up the DagBag from /home/yasmine/.local/share/virtualenvs/knowledge-base-siaap-WvBZnYs-/lib/python3.8/site-packages/airflow/example_dags/example_branch_operator_decorator.py
[2024-04-22T16:41:33.547+0000] {processor.py:840} INFO - DAG(s) 'example_branch_python_operator_decorator' retrieved from /home/yasmine/.local/share/virtualenvs/knowledge-base-siaap-WvBZnYs-/lib/python3.8/site-packages/airflow/example_dags/example_branch_operator_decorator.py
[2024-04-22T16:41:33.568+0000] {logging_mixin.py:188} INFO - [2024-04-22T16:41:33.567+0000] {dag.py:3047} INFO - Sync 1 DAGs
[2024-04-22T16:41:33.586+0000] {logging_mixin.py:188} INFO - [2024-04-22T16:41:33.585+0000] {dag.py:3834} INFO - Setting next_dagrun for example_branch_python_operator_decorator to 2024-04-21 00:00:00+00:00, run_after=2024-04-22 00:00:00+00:00
[2024-04-22T16:41:33.604+0000] {processor.py:183} INFO - Processing /home/yasmine/.local/share/virtualenvs/knowledge-base-siaap-WvBZnYs-/lib/python3.8/site-packages/airflow/example_dags/example_branch_operator_decorator.py took 0.082 seconds
[2024-04-22T16:42:19.407+0000] {processor.py:161} INFO - Started process (PID=151589) to work on /home/yasmine/.local/share/virtualenvs/knowledge-base-siaap-WvBZnYs-/lib/python3.8/site-packages/airflow/example_dags/example_branch_operator_decorator.py
[2024-04-22T16:42:19.407+0000] {processor.py:830} INFO - Processing file /home/yasmine/.local/share/virtualenvs/knowledge-base-siaap-WvBZnYs-/lib/python3.8/site-packages/airflow/example_dags/example_branch_operator_decorator.py for tasks to queue
[2024-04-22T16:42:19.408+0000] {logging_mixin.py:188} INFO - [2024-04-22T16:42:19.408+0000] {dagbag.py:540} INFO - Filling up the DagBag from /home/yasmine/.local/share/virtualenvs/knowledge-base-siaap-WvBZnYs-/lib/python3.8/site-packages/airflow/example_dags/example_branch_operator_decorator.py
[2024-04-22T16:42:19.427+0000] {processor.py:840} INFO - DAG(s) 'example_branch_python_operator_decorator' retrieved from /home/yasmine/.local/share/virtualenvs/knowledge-base-siaap-WvBZnYs-/lib/python3.8/site-packages/airflow/example_dags/example_branch_operator_decorator.py
[2024-04-22T16:42:19.446+0000] {logging_mixin.py:188} INFO - [2024-04-22T16:42:19.446+0000] {dag.py:3047} INFO - Sync 1 DAGs
[2024-04-22T16:42:19.466+0000] {logging_mixin.py:188} INFO - [2024-04-22T16:42:19.465+0000] {dag.py:3834} INFO - Setting next_dagrun for example_branch_python_operator_decorator to 2024-04-21 00:00:00+00:00, run_after=2024-04-22 00:00:00+00:00
[2024-04-22T16:42:19.483+0000] {processor.py:183} INFO - Processing /home/yasmine/.local/share/virtualenvs/knowledge-base-siaap-WvBZnYs-/lib/python3.8/site-packages/airflow/example_dags/example_branch_operator_decorator.py took 0.078 seconds
