[2024-04-22T16:40:48.617+0000] {processor.py:161} INFO - Started process (PID=150141) to work on /home/yasmine/.local/share/virtualenvs/knowledge-base-siaap-WvBZnYs-/lib/python3.8/site-packages/airflow/example_dags/example_local_kubernetes_executor.py
[2024-04-22T16:40:48.618+0000] {processor.py:830} INFO - Processing file /home/yasmine/.local/share/virtualenvs/knowledge-base-siaap-WvBZnYs-/lib/python3.8/site-packages/airflow/example_dags/example_local_kubernetes_executor.py for tasks to queue
[2024-04-22T16:40:48.618+0000] {logging_mixin.py:188} INFO - [2024-04-22T16:40:48.618+0000] {dagbag.py:540} INFO - Filling up the DagBag from /home/yasmine/.local/share/virtualenvs/knowledge-base-siaap-WvBZnYs-/lib/python3.8/site-packages/airflow/example_dags/example_local_kubernetes_executor.py
[2024-04-22T16:40:48.621+0000] {logging_mixin.py:188} INFO - [2024-04-22T16:40:48.620+0000] {example_local_kubernetes_executor.py:39} WARNING - Could not import DAGs in example_local_kubernetes_executor.py
Traceback (most recent call last):
  File "/home/yasmine/.local/share/virtualenvs/knowledge-base-siaap-WvBZnYs-/lib/python3.8/site-packages/airflow/example_dags/example_local_kubernetes_executor.py", line 37, in <module>
    from kubernetes.client import models as k8s
ModuleNotFoundError: No module named 'kubernetes'
[2024-04-22T16:40:48.621+0000] {logging_mixin.py:188} INFO - [2024-04-22T16:40:48.621+0000] {example_local_kubernetes_executor.py:40} WARNING - Install Kubernetes dependencies with: pip install apache-airflow[cncf.kubernetes]
[2024-04-22T16:40:48.621+0000] {processor.py:842} WARNING - No viable dags retrieved from /home/yasmine/.local/share/virtualenvs/knowledge-base-siaap-WvBZnYs-/lib/python3.8/site-packages/airflow/example_dags/example_local_kubernetes_executor.py
[2024-04-22T16:40:48.627+0000] {processor.py:183} INFO - Processing /home/yasmine/.local/share/virtualenvs/knowledge-base-siaap-WvBZnYs-/lib/python3.8/site-packages/airflow/example_dags/example_local_kubernetes_executor.py took 0.012 seconds
[2024-04-22T16:41:38.088+0000] {processor.py:161} INFO - Started process (PID=151080) to work on /home/yasmine/.local/share/virtualenvs/knowledge-base-siaap-WvBZnYs-/lib/python3.8/site-packages/airflow/example_dags/example_local_kubernetes_executor.py
[2024-04-22T16:41:38.089+0000] {processor.py:830} INFO - Processing file /home/yasmine/.local/share/virtualenvs/knowledge-base-siaap-WvBZnYs-/lib/python3.8/site-packages/airflow/example_dags/example_local_kubernetes_executor.py for tasks to queue
[2024-04-22T16:41:38.090+0000] {logging_mixin.py:188} INFO - [2024-04-22T16:41:38.090+0000] {dagbag.py:540} INFO - Filling up the DagBag from /home/yasmine/.local/share/virtualenvs/knowledge-base-siaap-WvBZnYs-/lib/python3.8/site-packages/airflow/example_dags/example_local_kubernetes_executor.py
[2024-04-22T16:41:38.092+0000] {logging_mixin.py:188} INFO - [2024-04-22T16:41:38.092+0000] {example_local_kubernetes_executor.py:39} WARNING - Could not import DAGs in example_local_kubernetes_executor.py
Traceback (most recent call last):
  File "/home/yasmine/.local/share/virtualenvs/knowledge-base-siaap-WvBZnYs-/lib/python3.8/site-packages/airflow/example_dags/example_local_kubernetes_executor.py", line 37, in <module>
    from kubernetes.client import models as k8s
ModuleNotFoundError: No module named 'kubernetes'
[2024-04-22T16:41:38.092+0000] {logging_mixin.py:188} INFO - [2024-04-22T16:41:38.092+0000] {example_local_kubernetes_executor.py:40} WARNING - Install Kubernetes dependencies with: pip install apache-airflow[cncf.kubernetes]
[2024-04-22T16:41:38.093+0000] {processor.py:842} WARNING - No viable dags retrieved from /home/yasmine/.local/share/virtualenvs/knowledge-base-siaap-WvBZnYs-/lib/python3.8/site-packages/airflow/example_dags/example_local_kubernetes_executor.py
[2024-04-22T16:41:38.099+0000] {processor.py:183} INFO - Processing /home/yasmine/.local/share/virtualenvs/knowledge-base-siaap-WvBZnYs-/lib/python3.8/site-packages/airflow/example_dags/example_local_kubernetes_executor.py took 0.012 seconds
[2024-04-22T16:42:23.230+0000] {processor.py:161} INFO - Started process (PID=151665) to work on /home/yasmine/.local/share/virtualenvs/knowledge-base-siaap-WvBZnYs-/lib/python3.8/site-packages/airflow/example_dags/example_local_kubernetes_executor.py
[2024-04-22T16:42:23.231+0000] {processor.py:830} INFO - Processing file /home/yasmine/.local/share/virtualenvs/knowledge-base-siaap-WvBZnYs-/lib/python3.8/site-packages/airflow/example_dags/example_local_kubernetes_executor.py for tasks to queue
[2024-04-22T16:42:23.232+0000] {logging_mixin.py:188} INFO - [2024-04-22T16:42:23.231+0000] {dagbag.py:540} INFO - Filling up the DagBag from /home/yasmine/.local/share/virtualenvs/knowledge-base-siaap-WvBZnYs-/lib/python3.8/site-packages/airflow/example_dags/example_local_kubernetes_executor.py
[2024-04-22T16:42:23.234+0000] {logging_mixin.py:188} INFO - [2024-04-22T16:42:23.234+0000] {example_local_kubernetes_executor.py:39} WARNING - Could not import DAGs in example_local_kubernetes_executor.py
Traceback (most recent call last):
  File "/home/yasmine/.local/share/virtualenvs/knowledge-base-siaap-WvBZnYs-/lib/python3.8/site-packages/airflow/example_dags/example_local_kubernetes_executor.py", line 37, in <module>
    from kubernetes.client import models as k8s
ModuleNotFoundError: No module named 'kubernetes'
[2024-04-22T16:42:23.234+0000] {logging_mixin.py:188} INFO - [2024-04-22T16:42:23.234+0000] {example_local_kubernetes_executor.py:40} WARNING - Install Kubernetes dependencies with: pip install apache-airflow[cncf.kubernetes]
[2024-04-22T16:42:23.234+0000] {processor.py:842} WARNING - No viable dags retrieved from /home/yasmine/.local/share/virtualenvs/knowledge-base-siaap-WvBZnYs-/lib/python3.8/site-packages/airflow/example_dags/example_local_kubernetes_executor.py
[2024-04-22T16:42:23.241+0000] {processor.py:183} INFO - Processing /home/yasmine/.local/share/virtualenvs/knowledge-base-siaap-WvBZnYs-/lib/python3.8/site-packages/airflow/example_dags/example_local_kubernetes_executor.py took 0.012 seconds
