[2024-04-22T16:40:55.013+0000] {processor.py:161} INFO - Started process (PID=150337) to work on /home/yasmine/.local/share/virtualenvs/knowledge-base-siaap-WvBZnYs-/lib/python3.8/site-packages/airflow/example_dags/example_dynamic_task_mapping.py
[2024-04-22T16:40:55.013+0000] {processor.py:830} INFO - Processing file /home/yasmine/.local/share/virtualenvs/knowledge-base-siaap-WvBZnYs-/lib/python3.8/site-packages/airflow/example_dags/example_dynamic_task_mapping.py for tasks to queue
[2024-04-22T16:40:55.014+0000] {logging_mixin.py:188} INFO - [2024-04-22T16:40:55.014+0000] {dagbag.py:540} INFO - Filling up the DagBag from /home/yasmine/.local/share/virtualenvs/knowledge-base-siaap-WvBZnYs-/lib/python3.8/site-packages/airflow/example_dags/example_dynamic_task_mapping.py
[2024-04-22T16:40:55.020+0000] {processor.py:840} INFO - DAG(s) 'example_dynamic_task_mapping' retrieved from /home/yasmine/.local/share/virtualenvs/knowledge-base-siaap-WvBZnYs-/lib/python3.8/site-packages/airflow/example_dags/example_dynamic_task_mapping.py
[2024-04-22T16:40:55.111+0000] {logging_mixin.py:188} INFO - [2024-04-22T16:40:55.110+0000] {override.py:1769} INFO - Created Permission View: can read on DAG:example_dynamic_task_mapping
[2024-04-22T16:40:55.123+0000] {logging_mixin.py:188} INFO - [2024-04-22T16:40:55.122+0000] {override.py:1769} INFO - Created Permission View: can delete on DAG:example_dynamic_task_mapping
[2024-04-22T16:40:55.131+0000] {logging_mixin.py:188} INFO - [2024-04-22T16:40:55.130+0000] {override.py:1769} INFO - Created Permission View: can edit on DAG:example_dynamic_task_mapping
[2024-04-22T16:40:55.131+0000] {logging_mixin.py:188} INFO - [2024-04-22T16:40:55.131+0000] {dag.py:3047} INFO - Sync 1 DAGs
[2024-04-22T16:40:55.140+0000] {logging_mixin.py:188} INFO - [2024-04-22T16:40:55.139+0000] {dag.py:3069} INFO - Creating ORM DAG for example_dynamic_task_mapping
[2024-04-22T16:40:55.147+0000] {logging_mixin.py:188} INFO - [2024-04-22T16:40:55.147+0000] {dag.py:3834} INFO - Setting next_dagrun for example_dynamic_task_mapping to 2022-03-04 00:00:00+00:00, run_after=2022-03-05 00:00:00+00:00
[2024-04-22T16:40:55.164+0000] {processor.py:183} INFO - Processing /home/yasmine/.local/share/virtualenvs/knowledge-base-siaap-WvBZnYs-/lib/python3.8/site-packages/airflow/example_dags/example_dynamic_task_mapping.py took 0.153 seconds
[2024-04-22T16:41:44.370+0000] {processor.py:161} INFO - Started process (PID=151143) to work on /home/yasmine/.local/share/virtualenvs/knowledge-base-siaap-WvBZnYs-/lib/python3.8/site-packages/airflow/example_dags/example_dynamic_task_mapping.py
[2024-04-22T16:41:44.371+0000] {processor.py:830} INFO - Processing file /home/yasmine/.local/share/virtualenvs/knowledge-base-siaap-WvBZnYs-/lib/python3.8/site-packages/airflow/example_dags/example_dynamic_task_mapping.py for tasks to queue
[2024-04-22T16:41:44.372+0000] {logging_mixin.py:188} INFO - [2024-04-22T16:41:44.371+0000] {dagbag.py:540} INFO - Filling up the DagBag from /home/yasmine/.local/share/virtualenvs/knowledge-base-siaap-WvBZnYs-/lib/python3.8/site-packages/airflow/example_dags/example_dynamic_task_mapping.py
[2024-04-22T16:41:44.377+0000] {processor.py:840} INFO - DAG(s) 'example_dynamic_task_mapping' retrieved from /home/yasmine/.local/share/virtualenvs/knowledge-base-siaap-WvBZnYs-/lib/python3.8/site-packages/airflow/example_dags/example_dynamic_task_mapping.py
[2024-04-22T16:41:44.387+0000] {logging_mixin.py:188} INFO - [2024-04-22T16:41:44.386+0000] {dag.py:3047} INFO - Sync 1 DAGs
[2024-04-22T16:41:44.402+0000] {logging_mixin.py:188} INFO - [2024-04-22T16:41:44.402+0000] {dag.py:3834} INFO - Setting next_dagrun for example_dynamic_task_mapping to 2022-03-04 00:00:00+00:00, run_after=2022-03-05 00:00:00+00:00
[2024-04-22T16:41:44.420+0000] {processor.py:183} INFO - Processing /home/yasmine/.local/share/virtualenvs/knowledge-base-siaap-WvBZnYs-/lib/python3.8/site-packages/airflow/example_dags/example_dynamic_task_mapping.py took 0.052 seconds
[2024-04-22T16:42:34.068+0000] {processor.py:161} INFO - Started process (PID=151899) to work on /home/yasmine/.local/share/virtualenvs/knowledge-base-siaap-WvBZnYs-/lib/python3.8/site-packages/airflow/example_dags/example_dynamic_task_mapping.py
[2024-04-22T16:42:34.069+0000] {processor.py:830} INFO - Processing file /home/yasmine/.local/share/virtualenvs/knowledge-base-siaap-WvBZnYs-/lib/python3.8/site-packages/airflow/example_dags/example_dynamic_task_mapping.py for tasks to queue
[2024-04-22T16:42:34.070+0000] {logging_mixin.py:188} INFO - [2024-04-22T16:42:34.069+0000] {dagbag.py:540} INFO - Filling up the DagBag from /home/yasmine/.local/share/virtualenvs/knowledge-base-siaap-WvBZnYs-/lib/python3.8/site-packages/airflow/example_dags/example_dynamic_task_mapping.py
[2024-04-22T16:42:34.076+0000] {processor.py:840} INFO - DAG(s) 'example_dynamic_task_mapping' retrieved from /home/yasmine/.local/share/virtualenvs/knowledge-base-siaap-WvBZnYs-/lib/python3.8/site-packages/airflow/example_dags/example_dynamic_task_mapping.py
[2024-04-22T16:42:34.087+0000] {logging_mixin.py:188} INFO - [2024-04-22T16:42:34.087+0000] {dag.py:3047} INFO - Sync 1 DAGs
[2024-04-22T16:42:34.105+0000] {logging_mixin.py:188} INFO - [2024-04-22T16:42:34.105+0000] {dag.py:3834} INFO - Setting next_dagrun for example_dynamic_task_mapping to 2022-03-04 00:00:00+00:00, run_after=2022-03-05 00:00:00+00:00
[2024-04-22T16:42:34.123+0000] {processor.py:183} INFO - Processing /home/yasmine/.local/share/virtualenvs/knowledge-base-siaap-WvBZnYs-/lib/python3.8/site-packages/airflow/example_dags/example_dynamic_task_mapping.py took 0.057 seconds
