[2024-04-22T16:40:21.906+0000] {processor.py:161} INFO - Started process (PID=149576) to work on /home/yasmine/.local/share/virtualenvs/knowledge-base-siaap-WvBZnYs-/lib/python3.8/site-packages/airflow/example_dags/example_xcomargs.py
[2024-04-22T16:40:21.907+0000] {processor.py:830} INFO - Processing file /home/yasmine/.local/share/virtualenvs/knowledge-base-siaap-WvBZnYs-/lib/python3.8/site-packages/airflow/example_dags/example_xcomargs.py for tasks to queue
[2024-04-22T16:40:21.908+0000] {logging_mixin.py:188} INFO - [2024-04-22T16:40:21.907+0000] {dagbag.py:540} INFO - Filling up the DagBag from /home/yasmine/.local/share/virtualenvs/knowledge-base-siaap-WvBZnYs-/lib/python3.8/site-packages/airflow/example_dags/example_xcomargs.py
[2024-04-22T16:40:21.917+0000] {processor.py:840} INFO - DAG(s) 'example_xcom_args', 'example_xcom_args_with_operators' retrieved from /home/yasmine/.local/share/virtualenvs/knowledge-base-siaap-WvBZnYs-/lib/python3.8/site-packages/airflow/example_dags/example_xcomargs.py
[2024-04-22T16:40:22.153+0000] {logging_mixin.py:188} INFO - [2024-04-22T16:40:22.152+0000] {override.py:1769} INFO - Created Permission View: can read on DAG:example_xcom_args
[2024-04-22T16:40:22.181+0000] {logging_mixin.py:188} INFO - [2024-04-22T16:40:22.180+0000] {override.py:1769} INFO - Created Permission View: can delete on DAG:example_xcom_args
[2024-04-22T16:40:22.257+0000] {logging_mixin.py:188} INFO - [2024-04-22T16:40:22.256+0000] {override.py:1769} INFO - Created Permission View: can edit on DAG:example_xcom_args
[2024-04-22T16:40:22.299+0000] {logging_mixin.py:188} INFO - [2024-04-22T16:40:22.298+0000] {override.py:1769} INFO - Created Permission View: can read on DAG:example_xcom_args_with_operators
[2024-04-22T16:40:22.341+0000] {logging_mixin.py:188} INFO - [2024-04-22T16:40:22.341+0000] {override.py:1769} INFO - Created Permission View: can delete on DAG:example_xcom_args_with_operators
[2024-04-22T16:40:22.353+0000] {logging_mixin.py:188} INFO - [2024-04-22T16:40:22.353+0000] {override.py:1769} INFO - Created Permission View: can edit on DAG:example_xcom_args_with_operators
[2024-04-22T16:40:22.354+0000] {logging_mixin.py:188} INFO - [2024-04-22T16:40:22.354+0000] {dag.py:3047} INFO - Sync 2 DAGs
[2024-04-22T16:40:22.368+0000] {logging_mixin.py:188} INFO - [2024-04-22T16:40:22.368+0000] {dag.py:3069} INFO - Creating ORM DAG for example_xcom_args
[2024-04-22T16:40:22.369+0000] {logging_mixin.py:188} INFO - [2024-04-22T16:40:22.368+0000] {dag.py:3069} INFO - Creating ORM DAG for example_xcom_args_with_operators
[2024-04-22T16:40:22.369+0000] {logging_mixin.py:188} INFO - [2024-04-22T16:40:22.369+0000] {dag.py:3834} INFO - Setting next_dagrun for example_xcom_args to None, run_after=None
[2024-04-22T16:40:22.370+0000] {logging_mixin.py:188} INFO - [2024-04-22T16:40:22.369+0000] {dag.py:3834} INFO - Setting next_dagrun for example_xcom_args_with_operators to None, run_after=None
[2024-04-22T16:40:22.397+0000] {processor.py:183} INFO - Processing /home/yasmine/.local/share/virtualenvs/knowledge-base-siaap-WvBZnYs-/lib/python3.8/site-packages/airflow/example_dags/example_xcomargs.py took 0.493 seconds
[2024-04-22T16:41:14.847+0000] {processor.py:161} INFO - Started process (PID=150714) to work on /home/yasmine/.local/share/virtualenvs/knowledge-base-siaap-WvBZnYs-/lib/python3.8/site-packages/airflow/example_dags/example_xcomargs.py
[2024-04-22T16:41:14.848+0000] {processor.py:830} INFO - Processing file /home/yasmine/.local/share/virtualenvs/knowledge-base-siaap-WvBZnYs-/lib/python3.8/site-packages/airflow/example_dags/example_xcomargs.py for tasks to queue
[2024-04-22T16:41:14.849+0000] {logging_mixin.py:188} INFO - [2024-04-22T16:41:14.848+0000] {dagbag.py:540} INFO - Filling up the DagBag from /home/yasmine/.local/share/virtualenvs/knowledge-base-siaap-WvBZnYs-/lib/python3.8/site-packages/airflow/example_dags/example_xcomargs.py
[2024-04-22T16:41:14.855+0000] {processor.py:840} INFO - DAG(s) 'example_xcom_args', 'example_xcom_args_with_operators' retrieved from /home/yasmine/.local/share/virtualenvs/knowledge-base-siaap-WvBZnYs-/lib/python3.8/site-packages/airflow/example_dags/example_xcomargs.py
[2024-04-22T16:41:14.871+0000] {logging_mixin.py:188} INFO - [2024-04-22T16:41:14.871+0000] {dag.py:3047} INFO - Sync 2 DAGs
[2024-04-22T16:41:14.881+0000] {logging_mixin.py:188} INFO - [2024-04-22T16:41:14.881+0000] {dag.py:3834} INFO - Setting next_dagrun for example_xcom_args to None, run_after=None
[2024-04-22T16:41:14.884+0000] {logging_mixin.py:188} INFO - [2024-04-22T16:41:14.884+0000] {dag.py:3834} INFO - Setting next_dagrun for example_xcom_args_with_operators to None, run_after=None
[2024-04-22T16:41:14.901+0000] {processor.py:183} INFO - Processing /home/yasmine/.local/share/virtualenvs/knowledge-base-siaap-WvBZnYs-/lib/python3.8/site-packages/airflow/example_dags/example_xcomargs.py took 0.056 seconds
[2024-04-22T16:41:53.514+0000] {processor.py:161} INFO - Started process (PID=151233) to work on /home/yasmine/.local/share/virtualenvs/knowledge-base-siaap-WvBZnYs-/lib/python3.8/site-packages/airflow/example_dags/example_xcomargs.py
[2024-04-22T16:41:53.515+0000] {processor.py:830} INFO - Processing file /home/yasmine/.local/share/virtualenvs/knowledge-base-siaap-WvBZnYs-/lib/python3.8/site-packages/airflow/example_dags/example_xcomargs.py for tasks to queue
[2024-04-22T16:41:53.516+0000] {logging_mixin.py:188} INFO - [2024-04-22T16:41:53.516+0000] {dagbag.py:540} INFO - Filling up the DagBag from /home/yasmine/.local/share/virtualenvs/knowledge-base-siaap-WvBZnYs-/lib/python3.8/site-packages/airflow/example_dags/example_xcomargs.py
[2024-04-22T16:41:53.521+0000] {processor.py:840} INFO - DAG(s) 'example_xcom_args_with_operators', 'example_xcom_args' retrieved from /home/yasmine/.local/share/virtualenvs/knowledge-base-siaap-WvBZnYs-/lib/python3.8/site-packages/airflow/example_dags/example_xcomargs.py
[2024-04-22T16:41:53.536+0000] {logging_mixin.py:188} INFO - [2024-04-22T16:41:53.536+0000] {dag.py:3047} INFO - Sync 2 DAGs
[2024-04-22T16:41:53.547+0000] {logging_mixin.py:188} INFO - [2024-04-22T16:41:53.546+0000] {dag.py:3834} INFO - Setting next_dagrun for example_xcom_args to None, run_after=None
[2024-04-22T16:41:53.550+0000] {logging_mixin.py:188} INFO - [2024-04-22T16:41:53.549+0000] {dag.py:3834} INFO - Setting next_dagrun for example_xcom_args_with_operators to None, run_after=None
[2024-04-22T16:41:53.566+0000] {processor.py:183} INFO - Processing /home/yasmine/.local/share/virtualenvs/knowledge-base-siaap-WvBZnYs-/lib/python3.8/site-packages/airflow/example_dags/example_xcomargs.py took 0.054 seconds
[2024-04-22T16:42:28.532+0000] {processor.py:161} INFO - Started process (PID=151763) to work on /home/yasmine/.local/share/virtualenvs/knowledge-base-siaap-WvBZnYs-/lib/python3.8/site-packages/airflow/example_dags/example_xcomargs.py
[2024-04-22T16:42:28.533+0000] {processor.py:830} INFO - Processing file /home/yasmine/.local/share/virtualenvs/knowledge-base-siaap-WvBZnYs-/lib/python3.8/site-packages/airflow/example_dags/example_xcomargs.py for tasks to queue
[2024-04-22T16:42:28.534+0000] {logging_mixin.py:188} INFO - [2024-04-22T16:42:28.534+0000] {dagbag.py:540} INFO - Filling up the DagBag from /home/yasmine/.local/share/virtualenvs/knowledge-base-siaap-WvBZnYs-/lib/python3.8/site-packages/airflow/example_dags/example_xcomargs.py
[2024-04-22T16:42:28.543+0000] {processor.py:840} INFO - DAG(s) 'example_xcom_args_with_operators', 'example_xcom_args' retrieved from /home/yasmine/.local/share/virtualenvs/knowledge-base-siaap-WvBZnYs-/lib/python3.8/site-packages/airflow/example_dags/example_xcomargs.py
[2024-04-22T16:42:28.562+0000] {logging_mixin.py:188} INFO - [2024-04-22T16:42:28.562+0000] {dag.py:3047} INFO - Sync 2 DAGs
[2024-04-22T16:42:28.575+0000] {logging_mixin.py:188} INFO - [2024-04-22T16:42:28.574+0000] {dag.py:3834} INFO - Setting next_dagrun for example_xcom_args to None, run_after=None
[2024-04-22T16:42:28.578+0000] {logging_mixin.py:188} INFO - [2024-04-22T16:42:28.578+0000] {dag.py:3834} INFO - Setting next_dagrun for example_xcom_args_with_operators to None, run_after=None
[2024-04-22T16:42:28.599+0000] {processor.py:183} INFO - Processing /home/yasmine/.local/share/virtualenvs/knowledge-base-siaap-WvBZnYs-/lib/python3.8/site-packages/airflow/example_dags/example_xcomargs.py took 0.069 seconds
[2024-04-22T16:44:24.248+0000] {processor.py:161} INFO - Started process (PID=153501) to work on /home/yasmine/.local/share/virtualenvs/knowledge-base-siaap-WvBZnYs-/lib/python3.8/site-packages/airflow/example_dags/example_xcomargs.py
[2024-04-22T16:44:24.249+0000] {processor.py:830} INFO - Processing file /home/yasmine/.local/share/virtualenvs/knowledge-base-siaap-WvBZnYs-/lib/python3.8/site-packages/airflow/example_dags/example_xcomargs.py for tasks to queue
[2024-04-22T16:44:24.250+0000] {logging_mixin.py:188} INFO - [2024-04-22T16:44:24.250+0000] {dagbag.py:540} INFO - Filling up the DagBag from /home/yasmine/.local/share/virtualenvs/knowledge-base-siaap-WvBZnYs-/lib/python3.8/site-packages/airflow/example_dags/example_xcomargs.py
[2024-04-22T16:44:24.257+0000] {processor.py:840} INFO - DAG(s) 'example_xcom_args_with_operators', 'example_xcom_args' retrieved from /home/yasmine/.local/share/virtualenvs/knowledge-base-siaap-WvBZnYs-/lib/python3.8/site-packages/airflow/example_dags/example_xcomargs.py
[2024-04-22T16:44:24.262+0000] {logging_mixin.py:188} INFO - [2024-04-22T16:44:24.261+0000] {dag.py:3047} INFO - Sync 2 DAGs
[2024-04-22T16:44:24.358+0000] {logging_mixin.py:188} INFO - [2024-04-22T16:44:24.357+0000] {dag.py:3834} INFO - Setting next_dagrun for example_xcom_args to None, run_after=None
[2024-04-22T16:44:24.369+0000] {logging_mixin.py:188} INFO - [2024-04-22T16:44:24.368+0000] {dag.py:3834} INFO - Setting next_dagrun for example_xcom_args_with_operators to None, run_after=None
[2024-04-22T16:44:24.384+0000] {processor.py:183} INFO - Processing /home/yasmine/.local/share/virtualenvs/knowledge-base-siaap-WvBZnYs-/lib/python3.8/site-packages/airflow/example_dags/example_xcomargs.py took 0.138 seconds
