[2024-04-22T16:40:26.385+0000] {processor.py:161} INFO - Started process (PID=149680) to work on /home/yasmine/.local/share/virtualenvs/knowledge-base-siaap-WvBZnYs-/lib/python3.8/site-packages/airflow/example_dags/example_trigger_target_dag.py
[2024-04-22T16:40:26.386+0000] {processor.py:830} INFO - Processing file /home/yasmine/.local/share/virtualenvs/knowledge-base-siaap-WvBZnYs-/lib/python3.8/site-packages/airflow/example_dags/example_trigger_target_dag.py for tasks to queue
[2024-04-22T16:40:26.386+0000] {logging_mixin.py:188} INFO - [2024-04-22T16:40:26.386+0000] {dagbag.py:540} INFO - Filling up the DagBag from /home/yasmine/.local/share/virtualenvs/knowledge-base-siaap-WvBZnYs-/lib/python3.8/site-packages/airflow/example_dags/example_trigger_target_dag.py
[2024-04-22T16:40:26.392+0000] {processor.py:840} INFO - DAG(s) 'example_trigger_target_dag' retrieved from /home/yasmine/.local/share/virtualenvs/knowledge-base-siaap-WvBZnYs-/lib/python3.8/site-packages/airflow/example_dags/example_trigger_target_dag.py
[2024-04-22T16:40:26.573+0000] {logging_mixin.py:188} INFO - [2024-04-22T16:40:26.573+0000] {override.py:1769} INFO - Created Permission View: can read on DAG:example_trigger_target_dag
[2024-04-22T16:40:26.583+0000] {logging_mixin.py:188} INFO - [2024-04-22T16:40:26.582+0000] {override.py:1769} INFO - Created Permission View: can delete on DAG:example_trigger_target_dag
[2024-04-22T16:40:26.589+0000] {logging_mixin.py:188} INFO - [2024-04-22T16:40:26.589+0000] {override.py:1769} INFO - Created Permission View: can edit on DAG:example_trigger_target_dag
[2024-04-22T16:40:26.589+0000] {logging_mixin.py:188} INFO - [2024-04-22T16:40:26.589+0000] {dag.py:3047} INFO - Sync 1 DAGs
[2024-04-22T16:40:26.598+0000] {logging_mixin.py:188} INFO - [2024-04-22T16:40:26.598+0000] {dag.py:3069} INFO - Creating ORM DAG for example_trigger_target_dag
[2024-04-22T16:40:26.599+0000] {logging_mixin.py:188} INFO - [2024-04-22T16:40:26.598+0000] {dag.py:3834} INFO - Setting next_dagrun for example_trigger_target_dag to None, run_after=None
[2024-04-22T16:40:26.616+0000] {processor.py:183} INFO - Processing /home/yasmine/.local/share/virtualenvs/knowledge-base-siaap-WvBZnYs-/lib/python3.8/site-packages/airflow/example_dags/example_trigger_target_dag.py took 0.233 seconds
[2024-04-22T16:41:17.540+0000] {processor.py:161} INFO - Started process (PID=150761) to work on /home/yasmine/.local/share/virtualenvs/knowledge-base-siaap-WvBZnYs-/lib/python3.8/site-packages/airflow/example_dags/example_trigger_target_dag.py
[2024-04-22T16:41:17.541+0000] {processor.py:830} INFO - Processing file /home/yasmine/.local/share/virtualenvs/knowledge-base-siaap-WvBZnYs-/lib/python3.8/site-packages/airflow/example_dags/example_trigger_target_dag.py for tasks to queue
[2024-04-22T16:41:17.542+0000] {logging_mixin.py:188} INFO - [2024-04-22T16:41:17.542+0000] {dagbag.py:540} INFO - Filling up the DagBag from /home/yasmine/.local/share/virtualenvs/knowledge-base-siaap-WvBZnYs-/lib/python3.8/site-packages/airflow/example_dags/example_trigger_target_dag.py
[2024-04-22T16:41:17.547+0000] {processor.py:840} INFO - DAG(s) 'example_trigger_target_dag' retrieved from /home/yasmine/.local/share/virtualenvs/knowledge-base-siaap-WvBZnYs-/lib/python3.8/site-packages/airflow/example_dags/example_trigger_target_dag.py
[2024-04-22T16:41:17.557+0000] {logging_mixin.py:188} INFO - [2024-04-22T16:41:17.557+0000] {dag.py:3047} INFO - Sync 1 DAGs
[2024-04-22T16:41:17.566+0000] {logging_mixin.py:188} INFO - [2024-04-22T16:41:17.566+0000] {dag.py:3834} INFO - Setting next_dagrun for example_trigger_target_dag to None, run_after=None
[2024-04-22T16:41:17.583+0000] {processor.py:183} INFO - Processing /home/yasmine/.local/share/virtualenvs/knowledge-base-siaap-WvBZnYs-/lib/python3.8/site-packages/airflow/example_dags/example_trigger_target_dag.py took 0.045 seconds
[2024-04-22T16:41:56.385+0000] {processor.py:161} INFO - Started process (PID=151272) to work on /home/yasmine/.local/share/virtualenvs/knowledge-base-siaap-WvBZnYs-/lib/python3.8/site-packages/airflow/example_dags/example_trigger_target_dag.py
[2024-04-22T16:41:56.386+0000] {processor.py:830} INFO - Processing file /home/yasmine/.local/share/virtualenvs/knowledge-base-siaap-WvBZnYs-/lib/python3.8/site-packages/airflow/example_dags/example_trigger_target_dag.py for tasks to queue
[2024-04-22T16:41:56.387+0000] {logging_mixin.py:188} INFO - [2024-04-22T16:41:56.387+0000] {dagbag.py:540} INFO - Filling up the DagBag from /home/yasmine/.local/share/virtualenvs/knowledge-base-siaap-WvBZnYs-/lib/python3.8/site-packages/airflow/example_dags/example_trigger_target_dag.py
[2024-04-22T16:41:56.392+0000] {processor.py:840} INFO - DAG(s) 'example_trigger_target_dag' retrieved from /home/yasmine/.local/share/virtualenvs/knowledge-base-siaap-WvBZnYs-/lib/python3.8/site-packages/airflow/example_dags/example_trigger_target_dag.py
[2024-04-22T16:41:56.402+0000] {logging_mixin.py:188} INFO - [2024-04-22T16:41:56.402+0000] {dag.py:3047} INFO - Sync 1 DAGs
[2024-04-22T16:41:56.411+0000] {logging_mixin.py:188} INFO - [2024-04-22T16:41:56.411+0000] {dag.py:3834} INFO - Setting next_dagrun for example_trigger_target_dag to None, run_after=None
[2024-04-22T16:41:56.429+0000] {processor.py:183} INFO - Processing /home/yasmine/.local/share/virtualenvs/knowledge-base-siaap-WvBZnYs-/lib/python3.8/site-packages/airflow/example_dags/example_trigger_target_dag.py took 0.046 seconds
[2024-04-22T16:42:42.076+0000] {processor.py:161} INFO - Started process (PID=152029) to work on /home/yasmine/.local/share/virtualenvs/knowledge-base-siaap-WvBZnYs-/lib/python3.8/site-packages/airflow/example_dags/example_trigger_target_dag.py
[2024-04-22T16:42:42.077+0000] {processor.py:830} INFO - Processing file /home/yasmine/.local/share/virtualenvs/knowledge-base-siaap-WvBZnYs-/lib/python3.8/site-packages/airflow/example_dags/example_trigger_target_dag.py for tasks to queue
[2024-04-22T16:42:42.078+0000] {logging_mixin.py:188} INFO - [2024-04-22T16:42:42.077+0000] {dagbag.py:540} INFO - Filling up the DagBag from /home/yasmine/.local/share/virtualenvs/knowledge-base-siaap-WvBZnYs-/lib/python3.8/site-packages/airflow/example_dags/example_trigger_target_dag.py
[2024-04-22T16:42:42.082+0000] {processor.py:840} INFO - DAG(s) 'example_trigger_target_dag' retrieved from /home/yasmine/.local/share/virtualenvs/knowledge-base-siaap-WvBZnYs-/lib/python3.8/site-packages/airflow/example_dags/example_trigger_target_dag.py
[2024-04-22T16:42:42.093+0000] {logging_mixin.py:188} INFO - [2024-04-22T16:42:42.093+0000] {dag.py:3047} INFO - Sync 1 DAGs
[2024-04-22T16:42:42.102+0000] {logging_mixin.py:188} INFO - [2024-04-22T16:42:42.101+0000] {dag.py:3834} INFO - Setting next_dagrun for example_trigger_target_dag to None, run_after=None
[2024-04-22T16:42:42.117+0000] {processor.py:183} INFO - Processing /home/yasmine/.local/share/virtualenvs/knowledge-base-siaap-WvBZnYs-/lib/python3.8/site-packages/airflow/example_dags/example_trigger_target_dag.py took 0.043 seconds
[2024-04-22T16:44:27.893+0000] {processor.py:161} INFO - Started process (PID=153543) to work on /home/yasmine/.local/share/virtualenvs/knowledge-base-siaap-WvBZnYs-/lib/python3.8/site-packages/airflow/example_dags/example_trigger_target_dag.py
[2024-04-22T16:44:27.895+0000] {processor.py:830} INFO - Processing file /home/yasmine/.local/share/virtualenvs/knowledge-base-siaap-WvBZnYs-/lib/python3.8/site-packages/airflow/example_dags/example_trigger_target_dag.py for tasks to queue
[2024-04-22T16:44:27.895+0000] {logging_mixin.py:188} INFO - [2024-04-22T16:44:27.895+0000] {dagbag.py:540} INFO - Filling up the DagBag from /home/yasmine/.local/share/virtualenvs/knowledge-base-siaap-WvBZnYs-/lib/python3.8/site-packages/airflow/example_dags/example_trigger_target_dag.py
[2024-04-22T16:44:27.901+0000] {processor.py:840} INFO - DAG(s) 'example_trigger_target_dag' retrieved from /home/yasmine/.local/share/virtualenvs/knowledge-base-siaap-WvBZnYs-/lib/python3.8/site-packages/airflow/example_dags/example_trigger_target_dag.py
[2024-04-22T16:44:27.906+0000] {logging_mixin.py:188} INFO - [2024-04-22T16:44:27.905+0000] {dag.py:3047} INFO - Sync 1 DAGs
[2024-04-22T16:44:28.009+0000] {logging_mixin.py:188} INFO - [2024-04-22T16:44:28.008+0000] {dag.py:3834} INFO - Setting next_dagrun for example_trigger_target_dag to None, run_after=None
[2024-04-22T16:44:28.024+0000] {processor.py:183} INFO - Processing /home/yasmine/.local/share/virtualenvs/knowledge-base-siaap-WvBZnYs-/lib/python3.8/site-packages/airflow/example_dags/example_trigger_target_dag.py took 0.133 seconds
