[2024-04-22T16:40:23.630+0000] {processor.py:161} INFO - Started process (PID=149601) to work on /home/yasmine/.local/share/virtualenvs/knowledge-base-siaap-WvBZnYs-/lib/python3.8/site-packages/airflow/example_dags/example_time_delta_sensor_async.py
[2024-04-22T16:40:23.630+0000] {processor.py:830} INFO - Processing file /home/yasmine/.local/share/virtualenvs/knowledge-base-siaap-WvBZnYs-/lib/python3.8/site-packages/airflow/example_dags/example_time_delta_sensor_async.py for tasks to queue
[2024-04-22T16:40:23.631+0000] {logging_mixin.py:188} INFO - [2024-04-22T16:40:23.631+0000] {dagbag.py:540} INFO - Filling up the DagBag from /home/yasmine/.local/share/virtualenvs/knowledge-base-siaap-WvBZnYs-/lib/python3.8/site-packages/airflow/example_dags/example_time_delta_sensor_async.py
[2024-04-22T16:40:23.636+0000] {processor.py:840} INFO - DAG(s) 'example_time_delta_sensor_async' retrieved from /home/yasmine/.local/share/virtualenvs/knowledge-base-siaap-WvBZnYs-/lib/python3.8/site-packages/airflow/example_dags/example_time_delta_sensor_async.py
[2024-04-22T16:40:23.820+0000] {logging_mixin.py:188} INFO - [2024-04-22T16:40:23.819+0000] {override.py:1769} INFO - Created Permission View: can read on DAG:example_time_delta_sensor_async
[2024-04-22T16:40:23.830+0000] {logging_mixin.py:188} INFO - [2024-04-22T16:40:23.830+0000] {override.py:1769} INFO - Created Permission View: can delete on DAG:example_time_delta_sensor_async
[2024-04-22T16:40:23.841+0000] {logging_mixin.py:188} INFO - [2024-04-22T16:40:23.840+0000] {override.py:1769} INFO - Created Permission View: can edit on DAG:example_time_delta_sensor_async
[2024-04-22T16:40:23.841+0000] {logging_mixin.py:188} INFO - [2024-04-22T16:40:23.841+0000] {dag.py:3047} INFO - Sync 1 DAGs
[2024-04-22T16:40:23.849+0000] {logging_mixin.py:188} INFO - [2024-04-22T16:40:23.849+0000] {dag.py:3069} INFO - Creating ORM DAG for example_time_delta_sensor_async
[2024-04-22T16:40:23.850+0000] {logging_mixin.py:188} INFO - [2024-04-22T16:40:23.850+0000] {dag.py:3834} INFO - Setting next_dagrun for example_time_delta_sensor_async to None, run_after=None
[2024-04-22T16:40:23.865+0000] {processor.py:183} INFO - Processing /home/yasmine/.local/share/virtualenvs/knowledge-base-siaap-WvBZnYs-/lib/python3.8/site-packages/airflow/example_dags/example_time_delta_sensor_async.py took 0.238 seconds
[2024-04-22T16:41:15.992+0000] {processor.py:161} INFO - Started process (PID=150733) to work on /home/yasmine/.local/share/virtualenvs/knowledge-base-siaap-WvBZnYs-/lib/python3.8/site-packages/airflow/example_dags/example_time_delta_sensor_async.py
[2024-04-22T16:41:15.993+0000] {processor.py:830} INFO - Processing file /home/yasmine/.local/share/virtualenvs/knowledge-base-siaap-WvBZnYs-/lib/python3.8/site-packages/airflow/example_dags/example_time_delta_sensor_async.py for tasks to queue
[2024-04-22T16:41:15.993+0000] {logging_mixin.py:188} INFO - [2024-04-22T16:41:15.993+0000] {dagbag.py:540} INFO - Filling up the DagBag from /home/yasmine/.local/share/virtualenvs/knowledge-base-siaap-WvBZnYs-/lib/python3.8/site-packages/airflow/example_dags/example_time_delta_sensor_async.py
[2024-04-22T16:41:15.997+0000] {processor.py:840} INFO - DAG(s) 'example_time_delta_sensor_async' retrieved from /home/yasmine/.local/share/virtualenvs/knowledge-base-siaap-WvBZnYs-/lib/python3.8/site-packages/airflow/example_dags/example_time_delta_sensor_async.py
[2024-04-22T16:41:16.010+0000] {logging_mixin.py:188} INFO - [2024-04-22T16:41:16.010+0000] {dag.py:3047} INFO - Sync 1 DAGs
[2024-04-22T16:41:16.019+0000] {logging_mixin.py:188} INFO - [2024-04-22T16:41:16.019+0000] {dag.py:3834} INFO - Setting next_dagrun for example_time_delta_sensor_async to None, run_after=None
[2024-04-22T16:41:16.036+0000] {processor.py:183} INFO - Processing /home/yasmine/.local/share/virtualenvs/knowledge-base-siaap-WvBZnYs-/lib/python3.8/site-packages/airflow/example_dags/example_time_delta_sensor_async.py took 0.047 seconds
[2024-04-22T16:41:54.646+0000] {processor.py:161} INFO - Started process (PID=151251) to work on /home/yasmine/.local/share/virtualenvs/knowledge-base-siaap-WvBZnYs-/lib/python3.8/site-packages/airflow/example_dags/example_time_delta_sensor_async.py
[2024-04-22T16:41:54.647+0000] {processor.py:830} INFO - Processing file /home/yasmine/.local/share/virtualenvs/knowledge-base-siaap-WvBZnYs-/lib/python3.8/site-packages/airflow/example_dags/example_time_delta_sensor_async.py for tasks to queue
[2024-04-22T16:41:54.647+0000] {logging_mixin.py:188} INFO - [2024-04-22T16:41:54.647+0000] {dagbag.py:540} INFO - Filling up the DagBag from /home/yasmine/.local/share/virtualenvs/knowledge-base-siaap-WvBZnYs-/lib/python3.8/site-packages/airflow/example_dags/example_time_delta_sensor_async.py
[2024-04-22T16:41:54.651+0000] {processor.py:840} INFO - DAG(s) 'example_time_delta_sensor_async' retrieved from /home/yasmine/.local/share/virtualenvs/knowledge-base-siaap-WvBZnYs-/lib/python3.8/site-packages/airflow/example_dags/example_time_delta_sensor_async.py
[2024-04-22T16:41:54.661+0000] {logging_mixin.py:188} INFO - [2024-04-22T16:41:54.661+0000] {dag.py:3047} INFO - Sync 1 DAGs
[2024-04-22T16:41:54.670+0000] {logging_mixin.py:188} INFO - [2024-04-22T16:41:54.670+0000] {dag.py:3834} INFO - Setting next_dagrun for example_time_delta_sensor_async to None, run_after=None
[2024-04-22T16:41:54.686+0000] {processor.py:183} INFO - Processing /home/yasmine/.local/share/virtualenvs/knowledge-base-siaap-WvBZnYs-/lib/python3.8/site-packages/airflow/example_dags/example_time_delta_sensor_async.py took 0.042 seconds
[2024-04-22T16:42:29.547+0000] {processor.py:161} INFO - Started process (PID=151799) to work on /home/yasmine/.local/share/virtualenvs/knowledge-base-siaap-WvBZnYs-/lib/python3.8/site-packages/airflow/example_dags/example_time_delta_sensor_async.py
[2024-04-22T16:42:29.547+0000] {processor.py:830} INFO - Processing file /home/yasmine/.local/share/virtualenvs/knowledge-base-siaap-WvBZnYs-/lib/python3.8/site-packages/airflow/example_dags/example_time_delta_sensor_async.py for tasks to queue
[2024-04-22T16:42:29.548+0000] {logging_mixin.py:188} INFO - [2024-04-22T16:42:29.548+0000] {dagbag.py:540} INFO - Filling up the DagBag from /home/yasmine/.local/share/virtualenvs/knowledge-base-siaap-WvBZnYs-/lib/python3.8/site-packages/airflow/example_dags/example_time_delta_sensor_async.py
[2024-04-22T16:42:29.553+0000] {processor.py:840} INFO - DAG(s) 'example_time_delta_sensor_async' retrieved from /home/yasmine/.local/share/virtualenvs/knowledge-base-siaap-WvBZnYs-/lib/python3.8/site-packages/airflow/example_dags/example_time_delta_sensor_async.py
[2024-04-22T16:42:29.567+0000] {logging_mixin.py:188} INFO - [2024-04-22T16:42:29.567+0000] {dag.py:3047} INFO - Sync 1 DAGs
[2024-04-22T16:42:29.579+0000] {logging_mixin.py:188} INFO - [2024-04-22T16:42:29.579+0000] {dag.py:3834} INFO - Setting next_dagrun for example_time_delta_sensor_async to None, run_after=None
[2024-04-22T16:42:29.601+0000] {processor.py:183} INFO - Processing /home/yasmine/.local/share/virtualenvs/knowledge-base-siaap-WvBZnYs-/lib/python3.8/site-packages/airflow/example_dags/example_time_delta_sensor_async.py took 0.057 seconds
[2024-04-22T16:44:25.336+0000] {processor.py:161} INFO - Started process (PID=153523) to work on /home/yasmine/.local/share/virtualenvs/knowledge-base-siaap-WvBZnYs-/lib/python3.8/site-packages/airflow/example_dags/example_time_delta_sensor_async.py
[2024-04-22T16:44:25.337+0000] {processor.py:830} INFO - Processing file /home/yasmine/.local/share/virtualenvs/knowledge-base-siaap-WvBZnYs-/lib/python3.8/site-packages/airflow/example_dags/example_time_delta_sensor_async.py for tasks to queue
[2024-04-22T16:44:25.337+0000] {logging_mixin.py:188} INFO - [2024-04-22T16:44:25.337+0000] {dagbag.py:540} INFO - Filling up the DagBag from /home/yasmine/.local/share/virtualenvs/knowledge-base-siaap-WvBZnYs-/lib/python3.8/site-packages/airflow/example_dags/example_time_delta_sensor_async.py
[2024-04-22T16:44:25.342+0000] {processor.py:840} INFO - DAG(s) 'example_time_delta_sensor_async' retrieved from /home/yasmine/.local/share/virtualenvs/knowledge-base-siaap-WvBZnYs-/lib/python3.8/site-packages/airflow/example_dags/example_time_delta_sensor_async.py
[2024-04-22T16:44:25.347+0000] {logging_mixin.py:188} INFO - [2024-04-22T16:44:25.347+0000] {dag.py:3047} INFO - Sync 1 DAGs
[2024-04-22T16:44:25.442+0000] {logging_mixin.py:188} INFO - [2024-04-22T16:44:25.442+0000] {dag.py:3834} INFO - Setting next_dagrun for example_time_delta_sensor_async to None, run_after=None
[2024-04-22T16:44:25.485+0000] {processor.py:183} INFO - Processing /home/yasmine/.local/share/virtualenvs/knowledge-base-siaap-WvBZnYs-/lib/python3.8/site-packages/airflow/example_dags/example_time_delta_sensor_async.py took 0.152 seconds
