[2024-04-22T16:41:01.499+0000] {processor.py:161} INFO - Started process (PID=150498) to work on /home/yasmine/.local/share/virtualenvs/knowledge-base-siaap-WvBZnYs-/lib/python3.8/site-packages/airflow/example_dags/example_complex.py
[2024-04-22T16:41:01.500+0000] {processor.py:830} INFO - Processing file /home/yasmine/.local/share/virtualenvs/knowledge-base-siaap-WvBZnYs-/lib/python3.8/site-packages/airflow/example_dags/example_complex.py for tasks to queue
[2024-04-22T16:41:01.501+0000] {logging_mixin.py:188} INFO - [2024-04-22T16:41:01.500+0000] {dagbag.py:540} INFO - Filling up the DagBag from /home/yasmine/.local/share/virtualenvs/knowledge-base-siaap-WvBZnYs-/lib/python3.8/site-packages/airflow/example_dags/example_complex.py
[2024-04-22T16:41:01.527+0000] {processor.py:840} INFO - DAG(s) 'example_complex' retrieved from /home/yasmine/.local/share/virtualenvs/knowledge-base-siaap-WvBZnYs-/lib/python3.8/site-packages/airflow/example_dags/example_complex.py
[2024-04-22T16:41:01.680+0000] {logging_mixin.py:188} INFO - [2024-04-22T16:41:01.679+0000] {override.py:1769} INFO - Created Permission View: can read on DAG:example_complex
[2024-04-22T16:41:01.694+0000] {logging_mixin.py:188} INFO - [2024-04-22T16:41:01.693+0000] {override.py:1769} INFO - Created Permission View: can delete on DAG:example_complex
[2024-04-22T16:41:01.710+0000] {logging_mixin.py:188} INFO - [2024-04-22T16:41:01.709+0000] {override.py:1769} INFO - Created Permission View: can edit on DAG:example_complex
[2024-04-22T16:41:01.711+0000] {logging_mixin.py:188} INFO - [2024-04-22T16:41:01.710+0000] {dag.py:3047} INFO - Sync 1 DAGs
[2024-04-22T16:41:01.728+0000] {logging_mixin.py:188} INFO - [2024-04-22T16:41:01.728+0000] {dag.py:3069} INFO - Creating ORM DAG for example_complex
[2024-04-22T16:41:01.729+0000] {logging_mixin.py:188} INFO - [2024-04-22T16:41:01.729+0000] {dag.py:3834} INFO - Setting next_dagrun for example_complex to None, run_after=None
[2024-04-22T16:41:01.763+0000] {processor.py:183} INFO - Processing /home/yasmine/.local/share/virtualenvs/knowledge-base-siaap-WvBZnYs-/lib/python3.8/site-packages/airflow/example_dags/example_complex.py took 0.266 seconds
[2024-04-22T16:41:49.004+0000] {processor.py:161} INFO - Started process (PID=151192) to work on /home/yasmine/.local/share/virtualenvs/knowledge-base-siaap-WvBZnYs-/lib/python3.8/site-packages/airflow/example_dags/example_complex.py
[2024-04-22T16:41:49.004+0000] {processor.py:830} INFO - Processing file /home/yasmine/.local/share/virtualenvs/knowledge-base-siaap-WvBZnYs-/lib/python3.8/site-packages/airflow/example_dags/example_complex.py for tasks to queue
[2024-04-22T16:41:49.005+0000] {logging_mixin.py:188} INFO - [2024-04-22T16:41:49.005+0000] {dagbag.py:540} INFO - Filling up the DagBag from /home/yasmine/.local/share/virtualenvs/knowledge-base-siaap-WvBZnYs-/lib/python3.8/site-packages/airflow/example_dags/example_complex.py
[2024-04-22T16:41:49.014+0000] {processor.py:840} INFO - DAG(s) 'example_complex' retrieved from /home/yasmine/.local/share/virtualenvs/knowledge-base-siaap-WvBZnYs-/lib/python3.8/site-packages/airflow/example_dags/example_complex.py
[2024-04-22T16:41:49.035+0000] {logging_mixin.py:188} INFO - [2024-04-22T16:41:49.035+0000] {dag.py:3047} INFO - Sync 1 DAGs
[2024-04-22T16:41:49.045+0000] {logging_mixin.py:188} INFO - [2024-04-22T16:41:49.045+0000] {dag.py:3834} INFO - Setting next_dagrun for example_complex to None, run_after=None
[2024-04-22T16:41:49.062+0000] {processor.py:183} INFO - Processing /home/yasmine/.local/share/virtualenvs/knowledge-base-siaap-WvBZnYs-/lib/python3.8/site-packages/airflow/example_dags/example_complex.py took 0.060 seconds
[2024-04-22T16:42:39.707+0000] {processor.py:161} INFO - Started process (PID=151990) to work on /home/yasmine/.local/share/virtualenvs/knowledge-base-siaap-WvBZnYs-/lib/python3.8/site-packages/airflow/example_dags/example_complex.py
[2024-04-22T16:42:39.710+0000] {processor.py:830} INFO - Processing file /home/yasmine/.local/share/virtualenvs/knowledge-base-siaap-WvBZnYs-/lib/python3.8/site-packages/airflow/example_dags/example_complex.py for tasks to queue
[2024-04-22T16:42:39.715+0000] {logging_mixin.py:188} INFO - [2024-04-22T16:42:39.715+0000] {dagbag.py:540} INFO - Filling up the DagBag from /home/yasmine/.local/share/virtualenvs/knowledge-base-siaap-WvBZnYs-/lib/python3.8/site-packages/airflow/example_dags/example_complex.py
[2024-04-22T16:42:39.731+0000] {processor.py:840} INFO - DAG(s) 'example_complex' retrieved from /home/yasmine/.local/share/virtualenvs/knowledge-base-siaap-WvBZnYs-/lib/python3.8/site-packages/airflow/example_dags/example_complex.py
[2024-04-22T16:42:39.788+0000] {logging_mixin.py:188} INFO - [2024-04-22T16:42:39.788+0000] {dag.py:3047} INFO - Sync 1 DAGs
[2024-04-22T16:42:39.806+0000] {logging_mixin.py:188} INFO - [2024-04-22T16:42:39.806+0000] {dag.py:3834} INFO - Setting next_dagrun for example_complex to None, run_after=None
[2024-04-22T16:42:39.831+0000] {processor.py:183} INFO - Processing /home/yasmine/.local/share/virtualenvs/knowledge-base-siaap-WvBZnYs-/lib/python3.8/site-packages/airflow/example_dags/example_complex.py took 0.129 seconds
