[2024-04-22T16:41:02.841+0000] {processor.py:161} INFO - Started process (PID=150499) to work on /home/yasmine/.local/share/virtualenvs/knowledge-base-siaap-WvBZnYs-/lib/python3.8/site-packages/airflow/example_dags/example_datasets.py
[2024-04-22T16:41:02.842+0000] {processor.py:830} INFO - Processing file /home/yasmine/.local/share/virtualenvs/knowledge-base-siaap-WvBZnYs-/lib/python3.8/site-packages/airflow/example_dags/example_datasets.py for tasks to queue
[2024-04-22T16:41:02.843+0000] {logging_mixin.py:188} INFO - [2024-04-22T16:41:02.842+0000] {dagbag.py:540} INFO - Filling up the DagBag from /home/yasmine/.local/share/virtualenvs/knowledge-base-siaap-WvBZnYs-/lib/python3.8/site-packages/airflow/example_dags/example_datasets.py
[2024-04-22T16:41:02.853+0000] {processor.py:840} INFO - DAG(s) 'dataset_consumes_unknown_never_scheduled', 'dataset_consumes_1_and_2', 'dataset_consumes_1', 'dataset_consumes_1_never_scheduled', 'dataset_produces_2', 'dataset_produces_1' retrieved from /home/yasmine/.local/share/virtualenvs/knowledge-base-siaap-WvBZnYs-/lib/python3.8/site-packages/airflow/example_dags/example_datasets.py
[2024-04-22T16:41:02.973+0000] {logging_mixin.py:188} INFO - [2024-04-22T16:41:02.972+0000] {override.py:1769} INFO - Created Permission View: can read on DAG:dataset_consumes_unknown_never_scheduled
[2024-04-22T16:41:02.986+0000] {logging_mixin.py:188} INFO - [2024-04-22T16:41:02.986+0000] {override.py:1769} INFO - Created Permission View: can delete on DAG:dataset_consumes_unknown_never_scheduled
[2024-04-22T16:41:02.995+0000] {logging_mixin.py:188} INFO - [2024-04-22T16:41:02.994+0000] {override.py:1769} INFO - Created Permission View: can edit on DAG:dataset_consumes_unknown_never_scheduled
[2024-04-22T16:41:03.014+0000] {logging_mixin.py:188} INFO - [2024-04-22T16:41:03.013+0000] {override.py:1769} INFO - Created Permission View: can read on DAG:dataset_consumes_1_and_2
[2024-04-22T16:41:03.024+0000] {logging_mixin.py:188} INFO - [2024-04-22T16:41:03.023+0000] {override.py:1769} INFO - Created Permission View: can delete on DAG:dataset_consumes_1_and_2
[2024-04-22T16:41:03.032+0000] {logging_mixin.py:188} INFO - [2024-04-22T16:41:03.031+0000] {override.py:1769} INFO - Created Permission View: can edit on DAG:dataset_consumes_1_and_2
[2024-04-22T16:41:03.054+0000] {logging_mixin.py:188} INFO - [2024-04-22T16:41:03.054+0000] {override.py:1769} INFO - Created Permission View: can read on DAG:dataset_consumes_1
[2024-04-22T16:41:03.065+0000] {logging_mixin.py:188} INFO - [2024-04-22T16:41:03.064+0000] {override.py:1769} INFO - Created Permission View: can delete on DAG:dataset_consumes_1
[2024-04-22T16:41:03.074+0000] {logging_mixin.py:188} INFO - [2024-04-22T16:41:03.074+0000] {override.py:1769} INFO - Created Permission View: can edit on DAG:dataset_consumes_1
[2024-04-22T16:41:03.096+0000] {logging_mixin.py:188} INFO - [2024-04-22T16:41:03.096+0000] {override.py:1769} INFO - Created Permission View: can read on DAG:dataset_consumes_1_never_scheduled
[2024-04-22T16:41:03.106+0000] {logging_mixin.py:188} INFO - [2024-04-22T16:41:03.106+0000] {override.py:1769} INFO - Created Permission View: can delete on DAG:dataset_consumes_1_never_scheduled
[2024-04-22T16:41:03.115+0000] {logging_mixin.py:188} INFO - [2024-04-22T16:41:03.114+0000] {override.py:1769} INFO - Created Permission View: can edit on DAG:dataset_consumes_1_never_scheduled
[2024-04-22T16:41:03.135+0000] {logging_mixin.py:188} INFO - [2024-04-22T16:41:03.134+0000] {override.py:1769} INFO - Created Permission View: can read on DAG:dataset_produces_2
[2024-04-22T16:41:03.144+0000] {logging_mixin.py:188} INFO - [2024-04-22T16:41:03.144+0000] {override.py:1769} INFO - Created Permission View: can delete on DAG:dataset_produces_2
[2024-04-22T16:41:03.152+0000] {logging_mixin.py:188} INFO - [2024-04-22T16:41:03.152+0000] {override.py:1769} INFO - Created Permission View: can edit on DAG:dataset_produces_2
[2024-04-22T16:41:03.168+0000] {logging_mixin.py:188} INFO - [2024-04-22T16:41:03.168+0000] {override.py:1769} INFO - Created Permission View: can read on DAG:dataset_produces_1
[2024-04-22T16:41:03.177+0000] {logging_mixin.py:188} INFO - [2024-04-22T16:41:03.177+0000] {override.py:1769} INFO - Created Permission View: can delete on DAG:dataset_produces_1
[2024-04-22T16:41:03.184+0000] {logging_mixin.py:188} INFO - [2024-04-22T16:41:03.184+0000] {override.py:1769} INFO - Created Permission View: can edit on DAG:dataset_produces_1
[2024-04-22T16:41:03.185+0000] {logging_mixin.py:188} INFO - [2024-04-22T16:41:03.185+0000] {dag.py:3047} INFO - Sync 6 DAGs
[2024-04-22T16:41:03.196+0000] {logging_mixin.py:188} INFO - [2024-04-22T16:41:03.196+0000] {dag.py:3069} INFO - Creating ORM DAG for dataset_consumes_1_never_scheduled
[2024-04-22T16:41:03.197+0000] {logging_mixin.py:188} INFO - [2024-04-22T16:41:03.197+0000] {dag.py:3069} INFO - Creating ORM DAG for dataset_consumes_unknown_never_scheduled
[2024-04-22T16:41:03.198+0000] {logging_mixin.py:188} INFO - [2024-04-22T16:41:03.197+0000] {dag.py:3069} INFO - Creating ORM DAG for dataset_consumes_1_and_2
[2024-04-22T16:41:03.198+0000] {logging_mixin.py:188} INFO - [2024-04-22T16:41:03.198+0000] {dag.py:3069} INFO - Creating ORM DAG for dataset_produces_1
[2024-04-22T16:41:03.199+0000] {logging_mixin.py:188} INFO - [2024-04-22T16:41:03.198+0000] {dag.py:3069} INFO - Creating ORM DAG for dataset_produces_2
[2024-04-22T16:41:03.199+0000] {logging_mixin.py:188} INFO - [2024-04-22T16:41:03.199+0000] {dag.py:3069} INFO - Creating ORM DAG for dataset_consumes_1
[2024-04-22T16:41:03.210+0000] {logging_mixin.py:188} INFO - [2024-04-22T16:41:03.209+0000] {dag.py:3834} INFO - Setting next_dagrun for dataset_consumes_1 to None, run_after=None
[2024-04-22T16:41:03.211+0000] {logging_mixin.py:188} INFO - [2024-04-22T16:41:03.210+0000] {dag.py:3834} INFO - Setting next_dagrun for dataset_consumes_1_and_2 to None, run_after=None
[2024-04-22T16:41:03.211+0000] {logging_mixin.py:188} INFO - [2024-04-22T16:41:03.211+0000] {dag.py:3834} INFO - Setting next_dagrun for dataset_consumes_1_never_scheduled to None, run_after=None
[2024-04-22T16:41:03.212+0000] {logging_mixin.py:188} INFO - [2024-04-22T16:41:03.212+0000] {dag.py:3834} INFO - Setting next_dagrun for dataset_consumes_unknown_never_scheduled to None, run_after=None
[2024-04-22T16:41:03.214+0000] {logging_mixin.py:188} INFO - [2024-04-22T16:41:03.214+0000] {dag.py:3834} INFO - Setting next_dagrun for dataset_produces_1 to 2024-04-21 00:00:00+00:00, run_after=2024-04-22 00:00:00+00:00
[2024-04-22T16:41:03.215+0000] {logging_mixin.py:188} INFO - [2024-04-22T16:41:03.214+0000] {dag.py:3834} INFO - Setting next_dagrun for dataset_produces_2 to None, run_after=None
[2024-04-22T16:41:03.246+0000] {processor.py:183} INFO - Processing /home/yasmine/.local/share/virtualenvs/knowledge-base-siaap-WvBZnYs-/lib/python3.8/site-packages/airflow/example_dags/example_datasets.py took 0.408 seconds
[2024-04-22T16:42:01.419+0000] {processor.py:161} INFO - Started process (PID=151338) to work on /home/yasmine/.local/share/virtualenvs/knowledge-base-siaap-WvBZnYs-/lib/python3.8/site-packages/airflow/example_dags/example_datasets.py
[2024-04-22T16:42:01.420+0000] {processor.py:830} INFO - Processing file /home/yasmine/.local/share/virtualenvs/knowledge-base-siaap-WvBZnYs-/lib/python3.8/site-packages/airflow/example_dags/example_datasets.py for tasks to queue
[2024-04-22T16:42:01.421+0000] {logging_mixin.py:188} INFO - [2024-04-22T16:42:01.421+0000] {dagbag.py:540} INFO - Filling up the DagBag from /home/yasmine/.local/share/virtualenvs/knowledge-base-siaap-WvBZnYs-/lib/python3.8/site-packages/airflow/example_dags/example_datasets.py
[2024-04-22T16:42:01.434+0000] {processor.py:840} INFO - DAG(s) 'dataset_produces_2', 'dataset_produces_1', 'dataset_consumes_1_never_scheduled', 'dataset_consumes_1_and_2', 'dataset_consumes_unknown_never_scheduled', 'dataset_consumes_1' retrieved from /home/yasmine/.local/share/virtualenvs/knowledge-base-siaap-WvBZnYs-/lib/python3.8/site-packages/airflow/example_dags/example_datasets.py
[2024-04-22T16:42:01.469+0000] {logging_mixin.py:188} INFO - [2024-04-22T16:42:01.469+0000] {dag.py:3047} INFO - Sync 6 DAGs
[2024-04-22T16:42:01.491+0000] {logging_mixin.py:188} INFO - [2024-04-22T16:42:01.491+0000] {dag.py:3834} INFO - Setting next_dagrun for dataset_consumes_1 to None, run_after=None
[2024-04-22T16:42:01.494+0000] {logging_mixin.py:188} INFO - [2024-04-22T16:42:01.494+0000] {dag.py:3834} INFO - Setting next_dagrun for dataset_consumes_1_and_2 to None, run_after=None
[2024-04-22T16:42:01.495+0000] {logging_mixin.py:188} INFO - [2024-04-22T16:42:01.495+0000] {dag.py:3834} INFO - Setting next_dagrun for dataset_consumes_1_never_scheduled to None, run_after=None
[2024-04-22T16:42:01.496+0000] {logging_mixin.py:188} INFO - [2024-04-22T16:42:01.496+0000] {dag.py:3834} INFO - Setting next_dagrun for dataset_consumes_unknown_never_scheduled to None, run_after=None
[2024-04-22T16:42:01.499+0000] {logging_mixin.py:188} INFO - [2024-04-22T16:42:01.498+0000] {dag.py:3834} INFO - Setting next_dagrun for dataset_produces_1 to 2024-04-21 00:00:00+00:00, run_after=2024-04-22 00:00:00+00:00
[2024-04-22T16:42:01.500+0000] {logging_mixin.py:188} INFO - [2024-04-22T16:42:01.499+0000] {dag.py:3834} INFO - Setting next_dagrun for dataset_produces_2 to None, run_after=None
[2024-04-22T16:42:01.527+0000] {processor.py:183} INFO - Processing /home/yasmine/.local/share/virtualenvs/knowledge-base-siaap-WvBZnYs-/lib/python3.8/site-packages/airflow/example_dags/example_datasets.py took 0.112 seconds
[2024-04-22T16:42:49.137+0000] {processor.py:161} INFO - Started process (PID=152138) to work on /home/yasmine/.local/share/virtualenvs/knowledge-base-siaap-WvBZnYs-/lib/python3.8/site-packages/airflow/example_dags/example_datasets.py
[2024-04-22T16:42:49.138+0000] {processor.py:830} INFO - Processing file /home/yasmine/.local/share/virtualenvs/knowledge-base-siaap-WvBZnYs-/lib/python3.8/site-packages/airflow/example_dags/example_datasets.py for tasks to queue
[2024-04-22T16:42:49.138+0000] {logging_mixin.py:188} INFO - [2024-04-22T16:42:49.138+0000] {dagbag.py:540} INFO - Filling up the DagBag from /home/yasmine/.local/share/virtualenvs/knowledge-base-siaap-WvBZnYs-/lib/python3.8/site-packages/airflow/example_dags/example_datasets.py
[2024-04-22T16:42:49.147+0000] {processor.py:840} INFO - DAG(s) 'dataset_consumes_unknown_never_scheduled', 'dataset_produces_2', 'dataset_consumes_1_and_2', 'dataset_consumes_1_never_scheduled', 'dataset_produces_1', 'dataset_consumes_1' retrieved from /home/yasmine/.local/share/virtualenvs/knowledge-base-siaap-WvBZnYs-/lib/python3.8/site-packages/airflow/example_dags/example_datasets.py
[2024-04-22T16:42:49.174+0000] {logging_mixin.py:188} INFO - [2024-04-22T16:42:49.174+0000] {dag.py:3047} INFO - Sync 6 DAGs
[2024-04-22T16:42:49.193+0000] {logging_mixin.py:188} INFO - [2024-04-22T16:42:49.193+0000] {dag.py:3834} INFO - Setting next_dagrun for dataset_consumes_1 to None, run_after=None
[2024-04-22T16:42:49.196+0000] {logging_mixin.py:188} INFO - [2024-04-22T16:42:49.196+0000] {dag.py:3834} INFO - Setting next_dagrun for dataset_consumes_1_and_2 to None, run_after=None
[2024-04-22T16:42:49.197+0000] {logging_mixin.py:188} INFO - [2024-04-22T16:42:49.197+0000] {dag.py:3834} INFO - Setting next_dagrun for dataset_consumes_1_never_scheduled to None, run_after=None
[2024-04-22T16:42:49.198+0000] {logging_mixin.py:188} INFO - [2024-04-22T16:42:49.198+0000] {dag.py:3834} INFO - Setting next_dagrun for dataset_consumes_unknown_never_scheduled to None, run_after=None
[2024-04-22T16:42:49.201+0000] {logging_mixin.py:188} INFO - [2024-04-22T16:42:49.201+0000] {dag.py:3834} INFO - Setting next_dagrun for dataset_produces_1 to 2024-04-21 00:00:00+00:00, run_after=2024-04-22 00:00:00+00:00
[2024-04-22T16:42:49.202+0000] {logging_mixin.py:188} INFO - [2024-04-22T16:42:49.202+0000] {dag.py:3834} INFO - Setting next_dagrun for dataset_produces_2 to None, run_after=None
[2024-04-22T16:42:49.230+0000] {processor.py:183} INFO - Processing /home/yasmine/.local/share/virtualenvs/knowledge-base-siaap-WvBZnYs-/lib/python3.8/site-packages/airflow/example_dags/example_datasets.py took 0.095 seconds
