[2024-04-22T16:40:31.561+0000] {processor.py:161} INFO - Started process (PID=149816) to work on /home/yasmine/.local/share/virtualenvs/knowledge-base-siaap-WvBZnYs-/lib/python3.8/site-packages/airflow/example_dags/example_skip_dag.py
[2024-04-22T16:40:31.562+0000] {processor.py:830} INFO - Processing file /home/yasmine/.local/share/virtualenvs/knowledge-base-siaap-WvBZnYs-/lib/python3.8/site-packages/airflow/example_dags/example_skip_dag.py for tasks to queue
[2024-04-22T16:40:31.562+0000] {logging_mixin.py:188} INFO - [2024-04-22T16:40:31.562+0000] {dagbag.py:540} INFO - Filling up the DagBag from /home/yasmine/.local/share/virtualenvs/knowledge-base-siaap-WvBZnYs-/lib/python3.8/site-packages/airflow/example_dags/example_skip_dag.py
[2024-04-22T16:40:31.568+0000] {processor.py:840} INFO - DAG(s) 'example_skip_dag' retrieved from /home/yasmine/.local/share/virtualenvs/knowledge-base-siaap-WvBZnYs-/lib/python3.8/site-packages/airflow/example_dags/example_skip_dag.py
[2024-04-22T16:40:31.744+0000] {logging_mixin.py:188} INFO - [2024-04-22T16:40:31.743+0000] {override.py:1769} INFO - Created Permission View: can read on DAG:example_skip_dag
[2024-04-22T16:40:31.755+0000] {logging_mixin.py:188} INFO - [2024-04-22T16:40:31.755+0000] {override.py:1769} INFO - Created Permission View: can delete on DAG:example_skip_dag
[2024-04-22T16:40:31.762+0000] {logging_mixin.py:188} INFO - [2024-04-22T16:40:31.761+0000] {override.py:1769} INFO - Created Permission View: can edit on DAG:example_skip_dag
[2024-04-22T16:40:31.762+0000] {logging_mixin.py:188} INFO - [2024-04-22T16:40:31.762+0000] {dag.py:3047} INFO - Sync 1 DAGs
[2024-04-22T16:40:31.770+0000] {logging_mixin.py:188} INFO - [2024-04-22T16:40:31.770+0000] {dag.py:3069} INFO - Creating ORM DAG for example_skip_dag
[2024-04-22T16:40:31.778+0000] {logging_mixin.py:188} INFO - [2024-04-22T16:40:31.777+0000] {dag.py:3834} INFO - Setting next_dagrun for example_skip_dag to 2024-04-21 00:00:00+00:00, run_after=2024-04-22 00:00:00+00:00
[2024-04-22T16:40:31.795+0000] {processor.py:183} INFO - Processing /home/yasmine/.local/share/virtualenvs/knowledge-base-siaap-WvBZnYs-/lib/python3.8/site-packages/airflow/example_dags/example_skip_dag.py took 0.236 seconds
[2024-04-22T16:41:19.991+0000] {processor.py:161} INFO - Started process (PID=150847) to work on /home/yasmine/.local/share/virtualenvs/knowledge-base-siaap-WvBZnYs-/lib/python3.8/site-packages/airflow/example_dags/example_skip_dag.py
[2024-04-22T16:41:19.992+0000] {processor.py:830} INFO - Processing file /home/yasmine/.local/share/virtualenvs/knowledge-base-siaap-WvBZnYs-/lib/python3.8/site-packages/airflow/example_dags/example_skip_dag.py for tasks to queue
[2024-04-22T16:41:19.993+0000] {logging_mixin.py:188} INFO - [2024-04-22T16:41:19.993+0000] {dagbag.py:540} INFO - Filling up the DagBag from /home/yasmine/.local/share/virtualenvs/knowledge-base-siaap-WvBZnYs-/lib/python3.8/site-packages/airflow/example_dags/example_skip_dag.py
[2024-04-22T16:41:19.998+0000] {processor.py:840} INFO - DAG(s) 'example_skip_dag' retrieved from /home/yasmine/.local/share/virtualenvs/knowledge-base-siaap-WvBZnYs-/lib/python3.8/site-packages/airflow/example_dags/example_skip_dag.py
[2024-04-22T16:41:20.011+0000] {logging_mixin.py:188} INFO - [2024-04-22T16:41:20.011+0000] {dag.py:3047} INFO - Sync 1 DAGs
[2024-04-22T16:41:20.027+0000] {logging_mixin.py:188} INFO - [2024-04-22T16:41:20.026+0000] {dag.py:3834} INFO - Setting next_dagrun for example_skip_dag to 2024-04-21 00:00:00+00:00, run_after=2024-04-22 00:00:00+00:00
[2024-04-22T16:41:20.044+0000] {processor.py:183} INFO - Processing /home/yasmine/.local/share/virtualenvs/knowledge-base-siaap-WvBZnYs-/lib/python3.8/site-packages/airflow/example_dags/example_skip_dag.py took 0.055 seconds
[2024-04-22T16:42:00.272+0000] {processor.py:161} INFO - Started process (PID=151337) to work on /home/yasmine/.local/share/virtualenvs/knowledge-base-siaap-WvBZnYs-/lib/python3.8/site-packages/airflow/example_dags/example_skip_dag.py
[2024-04-22T16:42:00.273+0000] {processor.py:830} INFO - Processing file /home/yasmine/.local/share/virtualenvs/knowledge-base-siaap-WvBZnYs-/lib/python3.8/site-packages/airflow/example_dags/example_skip_dag.py for tasks to queue
[2024-04-22T16:42:00.274+0000] {logging_mixin.py:188} INFO - [2024-04-22T16:42:00.274+0000] {dagbag.py:540} INFO - Filling up the DagBag from /home/yasmine/.local/share/virtualenvs/knowledge-base-siaap-WvBZnYs-/lib/python3.8/site-packages/airflow/example_dags/example_skip_dag.py
[2024-04-22T16:42:00.280+0000] {processor.py:840} INFO - DAG(s) 'example_skip_dag' retrieved from /home/yasmine/.local/share/virtualenvs/knowledge-base-siaap-WvBZnYs-/lib/python3.8/site-packages/airflow/example_dags/example_skip_dag.py
[2024-04-22T16:42:00.292+0000] {logging_mixin.py:188} INFO - [2024-04-22T16:42:00.291+0000] {dag.py:3047} INFO - Sync 1 DAGs
[2024-04-22T16:42:00.306+0000] {logging_mixin.py:188} INFO - [2024-04-22T16:42:00.306+0000] {dag.py:3834} INFO - Setting next_dagrun for example_skip_dag to 2024-04-21 00:00:00+00:00, run_after=2024-04-22 00:00:00+00:00
[2024-04-22T16:42:00.324+0000] {processor.py:183} INFO - Processing /home/yasmine/.local/share/virtualenvs/knowledge-base-siaap-WvBZnYs-/lib/python3.8/site-packages/airflow/example_dags/example_skip_dag.py took 0.054 seconds
[2024-04-22T16:42:46.264+0000] {processor.py:161} INFO - Started process (PID=152069) to work on /home/yasmine/.local/share/virtualenvs/knowledge-base-siaap-WvBZnYs-/lib/python3.8/site-packages/airflow/example_dags/example_skip_dag.py
[2024-04-22T16:42:46.265+0000] {processor.py:830} INFO - Processing file /home/yasmine/.local/share/virtualenvs/knowledge-base-siaap-WvBZnYs-/lib/python3.8/site-packages/airflow/example_dags/example_skip_dag.py for tasks to queue
[2024-04-22T16:42:46.265+0000] {logging_mixin.py:188} INFO - [2024-04-22T16:42:46.265+0000] {dagbag.py:540} INFO - Filling up the DagBag from /home/yasmine/.local/share/virtualenvs/knowledge-base-siaap-WvBZnYs-/lib/python3.8/site-packages/airflow/example_dags/example_skip_dag.py
[2024-04-22T16:42:46.272+0000] {processor.py:840} INFO - DAG(s) 'example_skip_dag' retrieved from /home/yasmine/.local/share/virtualenvs/knowledge-base-siaap-WvBZnYs-/lib/python3.8/site-packages/airflow/example_dags/example_skip_dag.py
[2024-04-22T16:42:46.286+0000] {logging_mixin.py:188} INFO - [2024-04-22T16:42:46.285+0000] {dag.py:3047} INFO - Sync 1 DAGs
[2024-04-22T16:42:46.302+0000] {logging_mixin.py:188} INFO - [2024-04-22T16:42:46.302+0000] {dag.py:3834} INFO - Setting next_dagrun for example_skip_dag to 2024-04-21 00:00:00+00:00, run_after=2024-04-22 00:00:00+00:00
[2024-04-22T16:42:46.319+0000] {processor.py:183} INFO - Processing /home/yasmine/.local/share/virtualenvs/knowledge-base-siaap-WvBZnYs-/lib/python3.8/site-packages/airflow/example_dags/example_skip_dag.py took 0.057 seconds
[2024-04-22T16:44:31.818+0000] {processor.py:161} INFO - Started process (PID=153664) to work on /home/yasmine/.local/share/virtualenvs/knowledge-base-siaap-WvBZnYs-/lib/python3.8/site-packages/airflow/example_dags/example_skip_dag.py
[2024-04-22T16:44:31.818+0000] {processor.py:830} INFO - Processing file /home/yasmine/.local/share/virtualenvs/knowledge-base-siaap-WvBZnYs-/lib/python3.8/site-packages/airflow/example_dags/example_skip_dag.py for tasks to queue
[2024-04-22T16:44:31.819+0000] {logging_mixin.py:188} INFO - [2024-04-22T16:44:31.819+0000] {dagbag.py:540} INFO - Filling up the DagBag from /home/yasmine/.local/share/virtualenvs/knowledge-base-siaap-WvBZnYs-/lib/python3.8/site-packages/airflow/example_dags/example_skip_dag.py
[2024-04-22T16:44:31.824+0000] {processor.py:840} INFO - DAG(s) 'example_skip_dag' retrieved from /home/yasmine/.local/share/virtualenvs/knowledge-base-siaap-WvBZnYs-/lib/python3.8/site-packages/airflow/example_dags/example_skip_dag.py
[2024-04-22T16:44:31.829+0000] {logging_mixin.py:188} INFO - [2024-04-22T16:44:31.828+0000] {dag.py:3047} INFO - Sync 1 DAGs
[2024-04-22T16:44:31.929+0000] {logging_mixin.py:188} INFO - [2024-04-22T16:44:31.929+0000] {dag.py:3834} INFO - Setting next_dagrun for example_skip_dag to 2024-04-21 00:00:00+00:00, run_after=2024-04-22 00:00:00+00:00
[2024-04-22T16:44:31.945+0000] {processor.py:183} INFO - Processing /home/yasmine/.local/share/virtualenvs/knowledge-base-siaap-WvBZnYs-/lib/python3.8/site-packages/airflow/example_dags/example_skip_dag.py took 0.129 seconds
