[2024-04-22T16:40:47.088+0000] {processor.py:161} INFO - Started process (PID=150137) to work on /home/yasmine/.local/share/virtualenvs/knowledge-base-siaap-WvBZnYs-/lib/python3.8/site-packages/airflow/example_dags/example_branch_labels.py
[2024-04-22T16:40:47.089+0000] {processor.py:830} INFO - Processing file /home/yasmine/.local/share/virtualenvs/knowledge-base-siaap-WvBZnYs-/lib/python3.8/site-packages/airflow/example_dags/example_branch_labels.py for tasks to queue
[2024-04-22T16:40:47.090+0000] {logging_mixin.py:188} INFO - [2024-04-22T16:40:47.089+0000] {dagbag.py:540} INFO - Filling up the DagBag from /home/yasmine/.local/share/virtualenvs/knowledge-base-siaap-WvBZnYs-/lib/python3.8/site-packages/airflow/example_dags/example_branch_labels.py
[2024-04-22T16:40:47.096+0000] {processor.py:840} INFO - DAG(s) 'example_branch_labels' retrieved from /home/yasmine/.local/share/virtualenvs/knowledge-base-siaap-WvBZnYs-/lib/python3.8/site-packages/airflow/example_dags/example_branch_labels.py
[2024-04-22T16:40:47.189+0000] {logging_mixin.py:188} INFO - [2024-04-22T16:40:47.188+0000] {override.py:1769} INFO - Created Permission View: can read on DAG:example_branch_labels
[2024-04-22T16:40:47.203+0000] {logging_mixin.py:188} INFO - [2024-04-22T16:40:47.203+0000] {override.py:1769} INFO - Created Permission View: can delete on DAG:example_branch_labels
[2024-04-22T16:40:47.214+0000] {logging_mixin.py:188} INFO - [2024-04-22T16:40:47.214+0000] {override.py:1769} INFO - Created Permission View: can edit on DAG:example_branch_labels
[2024-04-22T16:40:47.215+0000] {logging_mixin.py:188} INFO - [2024-04-22T16:40:47.214+0000] {dag.py:3047} INFO - Sync 1 DAGs
[2024-04-22T16:40:47.223+0000] {logging_mixin.py:188} INFO - [2024-04-22T16:40:47.223+0000] {dag.py:3069} INFO - Creating ORM DAG for example_branch_labels
[2024-04-22T16:40:47.231+0000] {logging_mixin.py:188} INFO - [2024-04-22T16:40:47.231+0000] {dag.py:3834} INFO - Setting next_dagrun for example_branch_labels to 2024-04-21 00:00:00+00:00, run_after=2024-04-22 00:00:00+00:00
[2024-04-22T16:40:47.247+0000] {processor.py:183} INFO - Processing /home/yasmine/.local/share/virtualenvs/knowledge-base-siaap-WvBZnYs-/lib/python3.8/site-packages/airflow/example_dags/example_branch_labels.py took 0.161 seconds
[2024-04-22T16:41:35.803+0000] {processor.py:161} INFO - Started process (PID=151050) to work on /home/yasmine/.local/share/virtualenvs/knowledge-base-siaap-WvBZnYs-/lib/python3.8/site-packages/airflow/example_dags/example_branch_labels.py
[2024-04-22T16:41:35.804+0000] {processor.py:830} INFO - Processing file /home/yasmine/.local/share/virtualenvs/knowledge-base-siaap-WvBZnYs-/lib/python3.8/site-packages/airflow/example_dags/example_branch_labels.py for tasks to queue
[2024-04-22T16:41:35.804+0000] {logging_mixin.py:188} INFO - [2024-04-22T16:41:35.804+0000] {dagbag.py:540} INFO - Filling up the DagBag from /home/yasmine/.local/share/virtualenvs/knowledge-base-siaap-WvBZnYs-/lib/python3.8/site-packages/airflow/example_dags/example_branch_labels.py
[2024-04-22T16:41:35.811+0000] {processor.py:840} INFO - DAG(s) 'example_branch_labels' retrieved from /home/yasmine/.local/share/virtualenvs/knowledge-base-siaap-WvBZnYs-/lib/python3.8/site-packages/airflow/example_dags/example_branch_labels.py
[2024-04-22T16:41:35.824+0000] {logging_mixin.py:188} INFO - [2024-04-22T16:41:35.824+0000] {dag.py:3047} INFO - Sync 1 DAGs
[2024-04-22T16:41:35.844+0000] {logging_mixin.py:188} INFO - [2024-04-22T16:41:35.843+0000] {dag.py:3834} INFO - Setting next_dagrun for example_branch_labels to 2024-04-21 00:00:00+00:00, run_after=2024-04-22 00:00:00+00:00
[2024-04-22T16:41:35.863+0000] {processor.py:183} INFO - Processing /home/yasmine/.local/share/virtualenvs/knowledge-base-siaap-WvBZnYs-/lib/python3.8/site-packages/airflow/example_dags/example_branch_labels.py took 0.062 seconds
[2024-04-22T16:42:21.681+0000] {processor.py:161} INFO - Started process (PID=151645) to work on /home/yasmine/.local/share/virtualenvs/knowledge-base-siaap-WvBZnYs-/lib/python3.8/site-packages/airflow/example_dags/example_branch_labels.py
[2024-04-22T16:42:21.683+0000] {processor.py:830} INFO - Processing file /home/yasmine/.local/share/virtualenvs/knowledge-base-siaap-WvBZnYs-/lib/python3.8/site-packages/airflow/example_dags/example_branch_labels.py for tasks to queue
[2024-04-22T16:42:21.683+0000] {logging_mixin.py:188} INFO - [2024-04-22T16:42:21.683+0000] {dagbag.py:540} INFO - Filling up the DagBag from /home/yasmine/.local/share/virtualenvs/knowledge-base-siaap-WvBZnYs-/lib/python3.8/site-packages/airflow/example_dags/example_branch_labels.py
[2024-04-22T16:42:21.691+0000] {processor.py:840} INFO - DAG(s) 'example_branch_labels' retrieved from /home/yasmine/.local/share/virtualenvs/knowledge-base-siaap-WvBZnYs-/lib/python3.8/site-packages/airflow/example_dags/example_branch_labels.py
[2024-04-22T16:42:21.704+0000] {logging_mixin.py:188} INFO - [2024-04-22T16:42:21.704+0000] {dag.py:3047} INFO - Sync 1 DAGs
[2024-04-22T16:42:21.722+0000] {logging_mixin.py:188} INFO - [2024-04-22T16:42:21.722+0000] {dag.py:3834} INFO - Setting next_dagrun for example_branch_labels to 2024-04-21 00:00:00+00:00, run_after=2024-04-22 00:00:00+00:00
[2024-04-22T16:42:21.740+0000] {processor.py:183} INFO - Processing /home/yasmine/.local/share/virtualenvs/knowledge-base-siaap-WvBZnYs-/lib/python3.8/site-packages/airflow/example_dags/example_branch_labels.py took 0.061 seconds
