[2024-04-22T16:40:34.233+0000] {processor.py:161} INFO - Started process (PID=149842) to work on /home/yasmine/.local/share/virtualenvs/knowledge-base-siaap-WvBZnYs-/lib/python3.8/site-packages/airflow/example_dags/tutorial_taskflow_api.py
[2024-04-22T16:40:34.233+0000] {processor.py:830} INFO - Processing file /home/yasmine/.local/share/virtualenvs/knowledge-base-siaap-WvBZnYs-/lib/python3.8/site-packages/airflow/example_dags/tutorial_taskflow_api.py for tasks to queue
[2024-04-22T16:40:34.234+0000] {logging_mixin.py:188} INFO - [2024-04-22T16:40:34.234+0000] {dagbag.py:540} INFO - Filling up the DagBag from /home/yasmine/.local/share/virtualenvs/knowledge-base-siaap-WvBZnYs-/lib/python3.8/site-packages/airflow/example_dags/tutorial_taskflow_api.py
[2024-04-22T16:40:34.242+0000] {processor.py:840} INFO - DAG(s) 'tutorial_taskflow_api' retrieved from /home/yasmine/.local/share/virtualenvs/knowledge-base-siaap-WvBZnYs-/lib/python3.8/site-packages/airflow/example_dags/tutorial_taskflow_api.py
[2024-04-22T16:40:34.449+0000] {logging_mixin.py:188} INFO - [2024-04-22T16:40:34.448+0000] {override.py:1769} INFO - Created Permission View: can read on DAG:tutorial_taskflow_api
[2024-04-22T16:40:34.459+0000] {logging_mixin.py:188} INFO - [2024-04-22T16:40:34.458+0000] {override.py:1769} INFO - Created Permission View: can delete on DAG:tutorial_taskflow_api
[2024-04-22T16:40:34.468+0000] {logging_mixin.py:188} INFO - [2024-04-22T16:40:34.467+0000] {override.py:1769} INFO - Created Permission View: can edit on DAG:tutorial_taskflow_api
[2024-04-22T16:40:34.468+0000] {logging_mixin.py:188} INFO - [2024-04-22T16:40:34.468+0000] {dag.py:3047} INFO - Sync 1 DAGs
[2024-04-22T16:40:34.478+0000] {logging_mixin.py:188} INFO - [2024-04-22T16:40:34.478+0000] {dag.py:3069} INFO - Creating ORM DAG for tutorial_taskflow_api
[2024-04-22T16:40:34.479+0000] {logging_mixin.py:188} INFO - [2024-04-22T16:40:34.479+0000] {dag.py:3834} INFO - Setting next_dagrun for tutorial_taskflow_api to None, run_after=None
[2024-04-22T16:40:34.496+0000] {processor.py:183} INFO - Processing /home/yasmine/.local/share/virtualenvs/knowledge-base-siaap-WvBZnYs-/lib/python3.8/site-packages/airflow/example_dags/tutorial_taskflow_api.py took 0.266 seconds
[2024-04-22T16:41:23.406+0000] {processor.py:161} INFO - Started process (PID=150886) to work on /home/yasmine/.local/share/virtualenvs/knowledge-base-siaap-WvBZnYs-/lib/python3.8/site-packages/airflow/example_dags/tutorial_taskflow_api.py
[2024-04-22T16:41:23.406+0000] {processor.py:830} INFO - Processing file /home/yasmine/.local/share/virtualenvs/knowledge-base-siaap-WvBZnYs-/lib/python3.8/site-packages/airflow/example_dags/tutorial_taskflow_api.py for tasks to queue
[2024-04-22T16:41:23.407+0000] {logging_mixin.py:188} INFO - [2024-04-22T16:41:23.407+0000] {dagbag.py:540} INFO - Filling up the DagBag from /home/yasmine/.local/share/virtualenvs/knowledge-base-siaap-WvBZnYs-/lib/python3.8/site-packages/airflow/example_dags/tutorial_taskflow_api.py
[2024-04-22T16:41:23.413+0000] {processor.py:840} INFO - DAG(s) 'tutorial_taskflow_api' retrieved from /home/yasmine/.local/share/virtualenvs/knowledge-base-siaap-WvBZnYs-/lib/python3.8/site-packages/airflow/example_dags/tutorial_taskflow_api.py
[2024-04-22T16:41:23.433+0000] {logging_mixin.py:188} INFO - [2024-04-22T16:41:23.432+0000] {dag.py:3047} INFO - Sync 1 DAGs
[2024-04-22T16:41:23.445+0000] {logging_mixin.py:188} INFO - [2024-04-22T16:41:23.445+0000] {dag.py:3834} INFO - Setting next_dagrun for tutorial_taskflow_api to None, run_after=None
[2024-04-22T16:41:23.469+0000] {processor.py:183} INFO - Processing /home/yasmine/.local/share/virtualenvs/knowledge-base-siaap-WvBZnYs-/lib/python3.8/site-packages/airflow/example_dags/tutorial_taskflow_api.py took 0.065 seconds
[2024-04-22T16:42:11.542+0000] {processor.py:161} INFO - Started process (PID=151449) to work on /home/yasmine/.local/share/virtualenvs/knowledge-base-siaap-WvBZnYs-/lib/python3.8/site-packages/airflow/example_dags/tutorial_taskflow_api.py
[2024-04-22T16:42:11.543+0000] {processor.py:830} INFO - Processing file /home/yasmine/.local/share/virtualenvs/knowledge-base-siaap-WvBZnYs-/lib/python3.8/site-packages/airflow/example_dags/tutorial_taskflow_api.py for tasks to queue
[2024-04-22T16:42:11.544+0000] {logging_mixin.py:188} INFO - [2024-04-22T16:42:11.544+0000] {dagbag.py:540} INFO - Filling up the DagBag from /home/yasmine/.local/share/virtualenvs/knowledge-base-siaap-WvBZnYs-/lib/python3.8/site-packages/airflow/example_dags/tutorial_taskflow_api.py
[2024-04-22T16:42:11.549+0000] {processor.py:840} INFO - DAG(s) 'tutorial_taskflow_api' retrieved from /home/yasmine/.local/share/virtualenvs/knowledge-base-siaap-WvBZnYs-/lib/python3.8/site-packages/airflow/example_dags/tutorial_taskflow_api.py
[2024-04-22T16:42:11.560+0000] {logging_mixin.py:188} INFO - [2024-04-22T16:42:11.560+0000] {dag.py:3047} INFO - Sync 1 DAGs
[2024-04-22T16:42:11.569+0000] {logging_mixin.py:188} INFO - [2024-04-22T16:42:11.569+0000] {dag.py:3834} INFO - Setting next_dagrun for tutorial_taskflow_api to None, run_after=None
[2024-04-22T16:42:11.587+0000] {processor.py:183} INFO - Processing /home/yasmine/.local/share/virtualenvs/knowledge-base-siaap-WvBZnYs-/lib/python3.8/site-packages/airflow/example_dags/tutorial_taskflow_api.py took 0.047 seconds
[2024-04-22T16:44:35.333+0000] {processor.py:161} INFO - Started process (PID=153712) to work on /home/yasmine/.local/share/virtualenvs/knowledge-base-siaap-WvBZnYs-/lib/python3.8/site-packages/airflow/example_dags/tutorial_taskflow_api.py
[2024-04-22T16:44:35.335+0000] {processor.py:830} INFO - Processing file /home/yasmine/.local/share/virtualenvs/knowledge-base-siaap-WvBZnYs-/lib/python3.8/site-packages/airflow/example_dags/tutorial_taskflow_api.py for tasks to queue
[2024-04-22T16:44:35.336+0000] {logging_mixin.py:188} INFO - [2024-04-22T16:44:35.336+0000] {dagbag.py:540} INFO - Filling up the DagBag from /home/yasmine/.local/share/virtualenvs/knowledge-base-siaap-WvBZnYs-/lib/python3.8/site-packages/airflow/example_dags/tutorial_taskflow_api.py
[2024-04-22T16:44:35.342+0000] {processor.py:840} INFO - DAG(s) 'tutorial_taskflow_api' retrieved from /home/yasmine/.local/share/virtualenvs/knowledge-base-siaap-WvBZnYs-/lib/python3.8/site-packages/airflow/example_dags/tutorial_taskflow_api.py
[2024-04-22T16:44:35.347+0000] {logging_mixin.py:188} INFO - [2024-04-22T16:44:35.347+0000] {dag.py:3047} INFO - Sync 1 DAGs
[2024-04-22T16:44:35.446+0000] {logging_mixin.py:188} INFO - [2024-04-22T16:44:35.446+0000] {dag.py:3834} INFO - Setting next_dagrun for tutorial_taskflow_api to None, run_after=None
[2024-04-22T16:44:35.464+0000] {processor.py:183} INFO - Processing /home/yasmine/.local/share/virtualenvs/knowledge-base-siaap-WvBZnYs-/lib/python3.8/site-packages/airflow/example_dags/tutorial_taskflow_api.py took 0.133 seconds
