[2024-04-22T16:40:30.228+0000] {processor.py:161} INFO - Started process (PID=149796) to work on /home/yasmine/.local/share/virtualenvs/knowledge-base-siaap-WvBZnYs-/lib/python3.8/site-packages/airflow/example_dags/tutorial.py
[2024-04-22T16:40:30.229+0000] {processor.py:830} INFO - Processing file /home/yasmine/.local/share/virtualenvs/knowledge-base-siaap-WvBZnYs-/lib/python3.8/site-packages/airflow/example_dags/tutorial.py for tasks to queue
[2024-04-22T16:40:30.229+0000] {logging_mixin.py:188} INFO - [2024-04-22T16:40:30.229+0000] {dagbag.py:540} INFO - Filling up the DagBag from /home/yasmine/.local/share/virtualenvs/knowledge-base-siaap-WvBZnYs-/lib/python3.8/site-packages/airflow/example_dags/tutorial.py
[2024-04-22T16:40:30.235+0000] {processor.py:840} INFO - DAG(s) 'tutorial' retrieved from /home/yasmine/.local/share/virtualenvs/knowledge-base-siaap-WvBZnYs-/lib/python3.8/site-packages/airflow/example_dags/tutorial.py
[2024-04-22T16:40:30.424+0000] {logging_mixin.py:188} INFO - [2024-04-22T16:40:30.423+0000] {override.py:1769} INFO - Created Permission View: can read on DAG:tutorial
[2024-04-22T16:40:30.433+0000] {logging_mixin.py:188} INFO - [2024-04-22T16:40:30.433+0000] {override.py:1769} INFO - Created Permission View: can delete on DAG:tutorial
[2024-04-22T16:40:30.444+0000] {logging_mixin.py:188} INFO - [2024-04-22T16:40:30.444+0000] {override.py:1769} INFO - Created Permission View: can edit on DAG:tutorial
[2024-04-22T16:40:30.445+0000] {logging_mixin.py:188} INFO - [2024-04-22T16:40:30.445+0000] {dag.py:3047} INFO - Sync 1 DAGs
[2024-04-22T16:40:30.453+0000] {logging_mixin.py:188} INFO - [2024-04-22T16:40:30.453+0000] {dag.py:3069} INFO - Creating ORM DAG for tutorial
[2024-04-22T16:40:30.460+0000] {logging_mixin.py:188} INFO - [2024-04-22T16:40:30.460+0000] {dag.py:3834} INFO - Setting next_dagrun for tutorial to 2024-04-21 00:00:00+00:00, run_after=2024-04-22 00:00:00+00:00
[2024-04-22T16:40:30.477+0000] {processor.py:183} INFO - Processing /home/yasmine/.local/share/virtualenvs/knowledge-base-siaap-WvBZnYs-/lib/python3.8/site-packages/airflow/example_dags/tutorial.py took 0.251 seconds
[2024-04-22T16:41:19.731+0000] {processor.py:161} INFO - Started process (PID=150846) to work on /home/yasmine/.local/share/virtualenvs/knowledge-base-siaap-WvBZnYs-/lib/python3.8/site-packages/airflow/example_dags/tutorial.py
[2024-04-22T16:41:19.732+0000] {processor.py:830} INFO - Processing file /home/yasmine/.local/share/virtualenvs/knowledge-base-siaap-WvBZnYs-/lib/python3.8/site-packages/airflow/example_dags/tutorial.py for tasks to queue
[2024-04-22T16:41:19.732+0000] {logging_mixin.py:188} INFO - [2024-04-22T16:41:19.732+0000] {dagbag.py:540} INFO - Filling up the DagBag from /home/yasmine/.local/share/virtualenvs/knowledge-base-siaap-WvBZnYs-/lib/python3.8/site-packages/airflow/example_dags/tutorial.py
[2024-04-22T16:41:19.737+0000] {processor.py:840} INFO - DAG(s) 'tutorial' retrieved from /home/yasmine/.local/share/virtualenvs/knowledge-base-siaap-WvBZnYs-/lib/python3.8/site-packages/airflow/example_dags/tutorial.py
[2024-04-22T16:41:19.749+0000] {logging_mixin.py:188} INFO - [2024-04-22T16:41:19.748+0000] {dag.py:3047} INFO - Sync 1 DAGs
[2024-04-22T16:41:19.766+0000] {logging_mixin.py:188} INFO - [2024-04-22T16:41:19.766+0000] {dag.py:3834} INFO - Setting next_dagrun for tutorial to 2024-04-21 00:00:00+00:00, run_after=2024-04-22 00:00:00+00:00
[2024-04-22T16:41:19.784+0000] {processor.py:183} INFO - Processing /home/yasmine/.local/share/virtualenvs/knowledge-base-siaap-WvBZnYs-/lib/python3.8/site-packages/airflow/example_dags/tutorial.py took 0.056 seconds
[2024-04-22T16:41:59.137+0000] {processor.py:161} INFO - Started process (PID=151303) to work on /home/yasmine/.local/share/virtualenvs/knowledge-base-siaap-WvBZnYs-/lib/python3.8/site-packages/airflow/example_dags/tutorial.py
[2024-04-22T16:41:59.138+0000] {processor.py:830} INFO - Processing file /home/yasmine/.local/share/virtualenvs/knowledge-base-siaap-WvBZnYs-/lib/python3.8/site-packages/airflow/example_dags/tutorial.py for tasks to queue
[2024-04-22T16:41:59.138+0000] {logging_mixin.py:188} INFO - [2024-04-22T16:41:59.138+0000] {dagbag.py:540} INFO - Filling up the DagBag from /home/yasmine/.local/share/virtualenvs/knowledge-base-siaap-WvBZnYs-/lib/python3.8/site-packages/airflow/example_dags/tutorial.py
[2024-04-22T16:41:59.143+0000] {processor.py:840} INFO - DAG(s) 'tutorial' retrieved from /home/yasmine/.local/share/virtualenvs/knowledge-base-siaap-WvBZnYs-/lib/python3.8/site-packages/airflow/example_dags/tutorial.py
[2024-04-22T16:41:59.153+0000] {logging_mixin.py:188} INFO - [2024-04-22T16:41:59.153+0000] {dag.py:3047} INFO - Sync 1 DAGs
[2024-04-22T16:41:59.169+0000] {logging_mixin.py:188} INFO - [2024-04-22T16:41:59.169+0000] {dag.py:3834} INFO - Setting next_dagrun for tutorial to 2024-04-21 00:00:00+00:00, run_after=2024-04-22 00:00:00+00:00
[2024-04-22T16:41:59.187+0000] {processor.py:183} INFO - Processing /home/yasmine/.local/share/virtualenvs/knowledge-base-siaap-WvBZnYs-/lib/python3.8/site-packages/airflow/example_dags/tutorial.py took 0.052 seconds
[2024-04-22T16:42:45.125+0000] {processor.py:161} INFO - Started process (PID=152050) to work on /home/yasmine/.local/share/virtualenvs/knowledge-base-siaap-WvBZnYs-/lib/python3.8/site-packages/airflow/example_dags/tutorial.py
[2024-04-22T16:42:45.126+0000] {processor.py:830} INFO - Processing file /home/yasmine/.local/share/virtualenvs/knowledge-base-siaap-WvBZnYs-/lib/python3.8/site-packages/airflow/example_dags/tutorial.py for tasks to queue
[2024-04-22T16:42:45.127+0000] {logging_mixin.py:188} INFO - [2024-04-22T16:42:45.127+0000] {dagbag.py:540} INFO - Filling up the DagBag from /home/yasmine/.local/share/virtualenvs/knowledge-base-siaap-WvBZnYs-/lib/python3.8/site-packages/airflow/example_dags/tutorial.py
[2024-04-22T16:42:45.131+0000] {processor.py:840} INFO - DAG(s) 'tutorial' retrieved from /home/yasmine/.local/share/virtualenvs/knowledge-base-siaap-WvBZnYs-/lib/python3.8/site-packages/airflow/example_dags/tutorial.py
[2024-04-22T16:42:45.142+0000] {logging_mixin.py:188} INFO - [2024-04-22T16:42:45.142+0000] {dag.py:3047} INFO - Sync 1 DAGs
[2024-04-22T16:42:45.157+0000] {logging_mixin.py:188} INFO - [2024-04-22T16:42:45.156+0000] {dag.py:3834} INFO - Setting next_dagrun for tutorial to 2024-04-21 00:00:00+00:00, run_after=2024-04-22 00:00:00+00:00
[2024-04-22T16:42:45.172+0000] {processor.py:183} INFO - Processing /home/yasmine/.local/share/virtualenvs/knowledge-base-siaap-WvBZnYs-/lib/python3.8/site-packages/airflow/example_dags/tutorial.py took 0.048 seconds
[2024-04-22T16:44:30.578+0000] {processor.py:161} INFO - Started process (PID=153642) to work on /home/yasmine/.local/share/virtualenvs/knowledge-base-siaap-WvBZnYs-/lib/python3.8/site-packages/airflow/example_dags/tutorial.py
[2024-04-22T16:44:30.579+0000] {processor.py:830} INFO - Processing file /home/yasmine/.local/share/virtualenvs/knowledge-base-siaap-WvBZnYs-/lib/python3.8/site-packages/airflow/example_dags/tutorial.py for tasks to queue
[2024-04-22T16:44:30.580+0000] {logging_mixin.py:188} INFO - [2024-04-22T16:44:30.580+0000] {dagbag.py:540} INFO - Filling up the DagBag from /home/yasmine/.local/share/virtualenvs/knowledge-base-siaap-WvBZnYs-/lib/python3.8/site-packages/airflow/example_dags/tutorial.py
[2024-04-22T16:44:30.585+0000] {processor.py:840} INFO - DAG(s) 'tutorial' retrieved from /home/yasmine/.local/share/virtualenvs/knowledge-base-siaap-WvBZnYs-/lib/python3.8/site-packages/airflow/example_dags/tutorial.py
[2024-04-22T16:44:30.590+0000] {logging_mixin.py:188} INFO - [2024-04-22T16:44:30.590+0000] {dag.py:3047} INFO - Sync 1 DAGs
[2024-04-22T16:44:30.694+0000] {logging_mixin.py:188} INFO - [2024-04-22T16:44:30.693+0000] {dag.py:3834} INFO - Setting next_dagrun for tutorial to 2024-04-21 00:00:00+00:00, run_after=2024-04-22 00:00:00+00:00
[2024-04-22T16:44:30.709+0000] {processor.py:183} INFO - Processing /home/yasmine/.local/share/virtualenvs/knowledge-base-siaap-WvBZnYs-/lib/python3.8/site-packages/airflow/example_dags/tutorial.py took 0.133 seconds
