[2024-04-22T16:40:32.889+0000] {processor.py:161} INFO - Started process (PID=149827) to work on /home/yasmine/.local/share/virtualenvs/knowledge-base-siaap-WvBZnYs-/lib/python3.8/site-packages/airflow/example_dags/tutorial_dag.py
[2024-04-22T16:40:32.890+0000] {processor.py:830} INFO - Processing file /home/yasmine/.local/share/virtualenvs/knowledge-base-siaap-WvBZnYs-/lib/python3.8/site-packages/airflow/example_dags/tutorial_dag.py for tasks to queue
[2024-04-22T16:40:32.890+0000] {logging_mixin.py:188} INFO - [2024-04-22T16:40:32.890+0000] {dagbag.py:540} INFO - Filling up the DagBag from /home/yasmine/.local/share/virtualenvs/knowledge-base-siaap-WvBZnYs-/lib/python3.8/site-packages/airflow/example_dags/tutorial_dag.py
[2024-04-22T16:40:32.897+0000] {processor.py:840} INFO - DAG(s) 'tutorial_dag' retrieved from /home/yasmine/.local/share/virtualenvs/knowledge-base-siaap-WvBZnYs-/lib/python3.8/site-packages/airflow/example_dags/tutorial_dag.py
[2024-04-22T16:40:33.077+0000] {logging_mixin.py:188} INFO - [2024-04-22T16:40:33.076+0000] {override.py:1769} INFO - Created Permission View: can read on DAG:tutorial_dag
[2024-04-22T16:40:33.088+0000] {logging_mixin.py:188} INFO - [2024-04-22T16:40:33.088+0000] {override.py:1769} INFO - Created Permission View: can delete on DAG:tutorial_dag
[2024-04-22T16:40:33.095+0000] {logging_mixin.py:188} INFO - [2024-04-22T16:40:33.095+0000] {override.py:1769} INFO - Created Permission View: can edit on DAG:tutorial_dag
[2024-04-22T16:40:33.095+0000] {logging_mixin.py:188} INFO - [2024-04-22T16:40:33.095+0000] {dag.py:3047} INFO - Sync 1 DAGs
[2024-04-22T16:40:33.103+0000] {logging_mixin.py:188} INFO - [2024-04-22T16:40:33.103+0000] {dag.py:3069} INFO - Creating ORM DAG for tutorial_dag
[2024-04-22T16:40:33.103+0000] {logging_mixin.py:188} INFO - [2024-04-22T16:40:33.103+0000] {dag.py:3834} INFO - Setting next_dagrun for tutorial_dag to None, run_after=None
[2024-04-22T16:40:33.120+0000] {processor.py:183} INFO - Processing /home/yasmine/.local/share/virtualenvs/knowledge-base-siaap-WvBZnYs-/lib/python3.8/site-packages/airflow/example_dags/tutorial_dag.py took 0.233 seconds
[2024-04-22T16:41:22.270+0000] {processor.py:161} INFO - Started process (PID=150867) to work on /home/yasmine/.local/share/virtualenvs/knowledge-base-siaap-WvBZnYs-/lib/python3.8/site-packages/airflow/example_dags/tutorial_dag.py
[2024-04-22T16:41:22.271+0000] {processor.py:830} INFO - Processing file /home/yasmine/.local/share/virtualenvs/knowledge-base-siaap-WvBZnYs-/lib/python3.8/site-packages/airflow/example_dags/tutorial_dag.py for tasks to queue
[2024-04-22T16:41:22.272+0000] {logging_mixin.py:188} INFO - [2024-04-22T16:41:22.272+0000] {dagbag.py:540} INFO - Filling up the DagBag from /home/yasmine/.local/share/virtualenvs/knowledge-base-siaap-WvBZnYs-/lib/python3.8/site-packages/airflow/example_dags/tutorial_dag.py
[2024-04-22T16:41:22.276+0000] {processor.py:840} INFO - DAG(s) 'tutorial_dag' retrieved from /home/yasmine/.local/share/virtualenvs/knowledge-base-siaap-WvBZnYs-/lib/python3.8/site-packages/airflow/example_dags/tutorial_dag.py
[2024-04-22T16:41:22.288+0000] {logging_mixin.py:188} INFO - [2024-04-22T16:41:22.287+0000] {dag.py:3047} INFO - Sync 1 DAGs
[2024-04-22T16:41:22.297+0000] {logging_mixin.py:188} INFO - [2024-04-22T16:41:22.297+0000] {dag.py:3834} INFO - Setting next_dagrun for tutorial_dag to None, run_after=None
[2024-04-22T16:41:22.316+0000] {processor.py:183} INFO - Processing /home/yasmine/.local/share/virtualenvs/knowledge-base-siaap-WvBZnYs-/lib/python3.8/site-packages/airflow/example_dags/tutorial_dag.py took 0.047 seconds
[2024-04-22T16:42:10.408+0000] {processor.py:161} INFO - Started process (PID=151448) to work on /home/yasmine/.local/share/virtualenvs/knowledge-base-siaap-WvBZnYs-/lib/python3.8/site-packages/airflow/example_dags/tutorial_dag.py
[2024-04-22T16:42:10.410+0000] {processor.py:830} INFO - Processing file /home/yasmine/.local/share/virtualenvs/knowledge-base-siaap-WvBZnYs-/lib/python3.8/site-packages/airflow/example_dags/tutorial_dag.py for tasks to queue
[2024-04-22T16:42:10.410+0000] {logging_mixin.py:188} INFO - [2024-04-22T16:42:10.410+0000] {dagbag.py:540} INFO - Filling up the DagBag from /home/yasmine/.local/share/virtualenvs/knowledge-base-siaap-WvBZnYs-/lib/python3.8/site-packages/airflow/example_dags/tutorial_dag.py
[2024-04-22T16:42:10.415+0000] {processor.py:840} INFO - DAG(s) 'tutorial_dag' retrieved from /home/yasmine/.local/share/virtualenvs/knowledge-base-siaap-WvBZnYs-/lib/python3.8/site-packages/airflow/example_dags/tutorial_dag.py
[2024-04-22T16:42:10.428+0000] {logging_mixin.py:188} INFO - [2024-04-22T16:42:10.428+0000] {dag.py:3047} INFO - Sync 1 DAGs
[2024-04-22T16:42:10.438+0000] {logging_mixin.py:188} INFO - [2024-04-22T16:42:10.437+0000] {dag.py:3834} INFO - Setting next_dagrun for tutorial_dag to None, run_after=None
[2024-04-22T16:42:10.456+0000] {processor.py:183} INFO - Processing /home/yasmine/.local/share/virtualenvs/knowledge-base-siaap-WvBZnYs-/lib/python3.8/site-packages/airflow/example_dags/tutorial_dag.py took 0.051 seconds
[2024-04-22T16:42:47.993+0000] {processor.py:161} INFO - Started process (PID=152072) to work on /home/yasmine/.local/share/virtualenvs/knowledge-base-siaap-WvBZnYs-/lib/python3.8/site-packages/airflow/example_dags/tutorial_dag.py
[2024-04-22T16:42:47.994+0000] {processor.py:830} INFO - Processing file /home/yasmine/.local/share/virtualenvs/knowledge-base-siaap-WvBZnYs-/lib/python3.8/site-packages/airflow/example_dags/tutorial_dag.py for tasks to queue
[2024-04-22T16:42:47.994+0000] {logging_mixin.py:188} INFO - [2024-04-22T16:42:47.994+0000] {dagbag.py:540} INFO - Filling up the DagBag from /home/yasmine/.local/share/virtualenvs/knowledge-base-siaap-WvBZnYs-/lib/python3.8/site-packages/airflow/example_dags/tutorial_dag.py
[2024-04-22T16:42:47.999+0000] {processor.py:840} INFO - DAG(s) 'tutorial_dag' retrieved from /home/yasmine/.local/share/virtualenvs/knowledge-base-siaap-WvBZnYs-/lib/python3.8/site-packages/airflow/example_dags/tutorial_dag.py
[2024-04-22T16:42:48.010+0000] {logging_mixin.py:188} INFO - [2024-04-22T16:42:48.010+0000] {dag.py:3047} INFO - Sync 1 DAGs
[2024-04-22T16:42:48.019+0000] {logging_mixin.py:188} INFO - [2024-04-22T16:42:48.019+0000] {dag.py:3834} INFO - Setting next_dagrun for tutorial_dag to None, run_after=None
[2024-04-22T16:42:48.037+0000] {processor.py:183} INFO - Processing /home/yasmine/.local/share/virtualenvs/knowledge-base-siaap-WvBZnYs-/lib/python3.8/site-packages/airflow/example_dags/tutorial_dag.py took 0.046 seconds
[2024-04-22T16:44:34.289+0000] {processor.py:161} INFO - Started process (PID=153686) to work on /home/yasmine/.local/share/virtualenvs/knowledge-base-siaap-WvBZnYs-/lib/python3.8/site-packages/airflow/example_dags/tutorial_dag.py
[2024-04-22T16:44:34.290+0000] {processor.py:830} INFO - Processing file /home/yasmine/.local/share/virtualenvs/knowledge-base-siaap-WvBZnYs-/lib/python3.8/site-packages/airflow/example_dags/tutorial_dag.py for tasks to queue
[2024-04-22T16:44:34.291+0000] {logging_mixin.py:188} INFO - [2024-04-22T16:44:34.291+0000] {dagbag.py:540} INFO - Filling up the DagBag from /home/yasmine/.local/share/virtualenvs/knowledge-base-siaap-WvBZnYs-/lib/python3.8/site-packages/airflow/example_dags/tutorial_dag.py
[2024-04-22T16:44:34.295+0000] {processor.py:840} INFO - DAG(s) 'tutorial_dag' retrieved from /home/yasmine/.local/share/virtualenvs/knowledge-base-siaap-WvBZnYs-/lib/python3.8/site-packages/airflow/example_dags/tutorial_dag.py
[2024-04-22T16:44:34.301+0000] {logging_mixin.py:188} INFO - [2024-04-22T16:44:34.301+0000] {dag.py:3047} INFO - Sync 1 DAGs
[2024-04-22T16:44:34.396+0000] {logging_mixin.py:188} INFO - [2024-04-22T16:44:34.396+0000] {dag.py:3834} INFO - Setting next_dagrun for tutorial_dag to None, run_after=None
[2024-04-22T16:44:34.414+0000] {processor.py:183} INFO - Processing /home/yasmine/.local/share/virtualenvs/knowledge-base-siaap-WvBZnYs-/lib/python3.8/site-packages/airflow/example_dags/tutorial_dag.py took 0.127 seconds
