[2024-04-22T16:40:35.723+0000] {processor.py:161} INFO - Started process (PID=149866) to work on /home/yasmine/.local/share/virtualenvs/knowledge-base-siaap-WvBZnYs-/lib/python3.8/site-packages/airflow/example_dags/tutorial_objectstorage.py
[2024-04-22T16:40:35.724+0000] {processor.py:830} INFO - Processing file /home/yasmine/.local/share/virtualenvs/knowledge-base-siaap-WvBZnYs-/lib/python3.8/site-packages/airflow/example_dags/tutorial_objectstorage.py for tasks to queue
[2024-04-22T16:40:35.725+0000] {logging_mixin.py:188} INFO - [2024-04-22T16:40:35.724+0000] {dagbag.py:540} INFO - Filling up the DagBag from /home/yasmine/.local/share/virtualenvs/knowledge-base-siaap-WvBZnYs-/lib/python3.8/site-packages/airflow/example_dags/tutorial_objectstorage.py
[2024-04-22T16:40:35.734+0000] {processor.py:840} INFO - DAG(s) 'tutorial_objectstorage' retrieved from /home/yasmine/.local/share/virtualenvs/knowledge-base-siaap-WvBZnYs-/lib/python3.8/site-packages/airflow/example_dags/tutorial_objectstorage.py
[2024-04-22T16:40:35.836+0000] {logging_mixin.py:188} INFO - [2024-04-22T16:40:35.835+0000] {override.py:1769} INFO - Created Permission View: can read on DAG:tutorial_objectstorage
[2024-04-22T16:40:35.849+0000] {logging_mixin.py:188} INFO - [2024-04-22T16:40:35.849+0000] {override.py:1769} INFO - Created Permission View: can delete on DAG:tutorial_objectstorage
[2024-04-22T16:40:35.857+0000] {logging_mixin.py:188} INFO - [2024-04-22T16:40:35.857+0000] {override.py:1769} INFO - Created Permission View: can edit on DAG:tutorial_objectstorage
[2024-04-22T16:40:35.858+0000] {logging_mixin.py:188} INFO - [2024-04-22T16:40:35.857+0000] {dag.py:3047} INFO - Sync 1 DAGs
[2024-04-22T16:40:35.867+0000] {logging_mixin.py:188} INFO - [2024-04-22T16:40:35.867+0000] {dag.py:3069} INFO - Creating ORM DAG for tutorial_objectstorage
[2024-04-22T16:40:35.868+0000] {logging_mixin.py:188} INFO - [2024-04-22T16:40:35.868+0000] {dag.py:3834} INFO - Setting next_dagrun for tutorial_objectstorage to None, run_after=None
[2024-04-22T16:40:35.890+0000] {processor.py:183} INFO - Processing /home/yasmine/.local/share/virtualenvs/knowledge-base-siaap-WvBZnYs-/lib/python3.8/site-packages/airflow/example_dags/tutorial_objectstorage.py took 0.170 seconds
[2024-04-22T16:41:24.543+0000] {processor.py:161} INFO - Started process (PID=150887) to work on /home/yasmine/.local/share/virtualenvs/knowledge-base-siaap-WvBZnYs-/lib/python3.8/site-packages/airflow/example_dags/tutorial_objectstorage.py
[2024-04-22T16:41:24.543+0000] {processor.py:830} INFO - Processing file /home/yasmine/.local/share/virtualenvs/knowledge-base-siaap-WvBZnYs-/lib/python3.8/site-packages/airflow/example_dags/tutorial_objectstorage.py for tasks to queue
[2024-04-22T16:41:24.544+0000] {logging_mixin.py:188} INFO - [2024-04-22T16:41:24.544+0000] {dagbag.py:540} INFO - Filling up the DagBag from /home/yasmine/.local/share/virtualenvs/knowledge-base-siaap-WvBZnYs-/lib/python3.8/site-packages/airflow/example_dags/tutorial_objectstorage.py
[2024-04-22T16:41:24.549+0000] {processor.py:840} INFO - DAG(s) 'tutorial_objectstorage' retrieved from /home/yasmine/.local/share/virtualenvs/knowledge-base-siaap-WvBZnYs-/lib/python3.8/site-packages/airflow/example_dags/tutorial_objectstorage.py
[2024-04-22T16:41:24.559+0000] {logging_mixin.py:188} INFO - [2024-04-22T16:41:24.558+0000] {dag.py:3047} INFO - Sync 1 DAGs
[2024-04-22T16:41:24.567+0000] {logging_mixin.py:188} INFO - [2024-04-22T16:41:24.567+0000] {dag.py:3834} INFO - Setting next_dagrun for tutorial_objectstorage to None, run_after=None
[2024-04-22T16:41:24.584+0000] {processor.py:183} INFO - Processing /home/yasmine/.local/share/virtualenvs/knowledge-base-siaap-WvBZnYs-/lib/python3.8/site-packages/airflow/example_dags/tutorial_objectstorage.py took 0.043 seconds
[2024-04-22T16:42:11.800+0000] {processor.py:161} INFO - Started process (PID=151461) to work on /home/yasmine/.local/share/virtualenvs/knowledge-base-siaap-WvBZnYs-/lib/python3.8/site-packages/airflow/example_dags/tutorial_objectstorage.py
[2024-04-22T16:42:11.800+0000] {processor.py:830} INFO - Processing file /home/yasmine/.local/share/virtualenvs/knowledge-base-siaap-WvBZnYs-/lib/python3.8/site-packages/airflow/example_dags/tutorial_objectstorage.py for tasks to queue
[2024-04-22T16:42:11.801+0000] {logging_mixin.py:188} INFO - [2024-04-22T16:42:11.801+0000] {dagbag.py:540} INFO - Filling up the DagBag from /home/yasmine/.local/share/virtualenvs/knowledge-base-siaap-WvBZnYs-/lib/python3.8/site-packages/airflow/example_dags/tutorial_objectstorage.py
[2024-04-22T16:42:11.807+0000] {processor.py:840} INFO - DAG(s) 'tutorial_objectstorage' retrieved from /home/yasmine/.local/share/virtualenvs/knowledge-base-siaap-WvBZnYs-/lib/python3.8/site-packages/airflow/example_dags/tutorial_objectstorage.py
[2024-04-22T16:42:11.819+0000] {logging_mixin.py:188} INFO - [2024-04-22T16:42:11.819+0000] {dag.py:3047} INFO - Sync 1 DAGs
[2024-04-22T16:42:11.828+0000] {logging_mixin.py:188} INFO - [2024-04-22T16:42:11.828+0000] {dag.py:3834} INFO - Setting next_dagrun for tutorial_objectstorage to None, run_after=None
[2024-04-22T16:42:11.846+0000] {processor.py:183} INFO - Processing /home/yasmine/.local/share/virtualenvs/knowledge-base-siaap-WvBZnYs-/lib/python3.8/site-packages/airflow/example_dags/tutorial_objectstorage.py took 0.049 seconds
[2024-04-22T16:44:35.951+0000] {processor.py:161} INFO - Started process (PID=153715) to work on /home/yasmine/.local/share/virtualenvs/knowledge-base-siaap-WvBZnYs-/lib/python3.8/site-packages/airflow/example_dags/tutorial_objectstorage.py
[2024-04-22T16:44:35.952+0000] {processor.py:830} INFO - Processing file /home/yasmine/.local/share/virtualenvs/knowledge-base-siaap-WvBZnYs-/lib/python3.8/site-packages/airflow/example_dags/tutorial_objectstorage.py for tasks to queue
[2024-04-22T16:44:35.952+0000] {logging_mixin.py:188} INFO - [2024-04-22T16:44:35.952+0000] {dagbag.py:540} INFO - Filling up the DagBag from /home/yasmine/.local/share/virtualenvs/knowledge-base-siaap-WvBZnYs-/lib/python3.8/site-packages/airflow/example_dags/tutorial_objectstorage.py
[2024-04-22T16:44:35.958+0000] {processor.py:840} INFO - DAG(s) 'tutorial_objectstorage' retrieved from /home/yasmine/.local/share/virtualenvs/knowledge-base-siaap-WvBZnYs-/lib/python3.8/site-packages/airflow/example_dags/tutorial_objectstorage.py
[2024-04-22T16:44:35.963+0000] {logging_mixin.py:188} INFO - [2024-04-22T16:44:35.963+0000] {dag.py:3047} INFO - Sync 1 DAGs
[2024-04-22T16:44:35.972+0000] {logging_mixin.py:188} INFO - [2024-04-22T16:44:35.972+0000] {dag.py:3834} INFO - Setting next_dagrun for tutorial_objectstorage to None, run_after=None
[2024-04-22T16:44:35.990+0000] {processor.py:183} INFO - Processing /home/yasmine/.local/share/virtualenvs/knowledge-base-siaap-WvBZnYs-/lib/python3.8/site-packages/airflow/example_dags/tutorial_objectstorage.py took 0.042 seconds
