[2024-04-23T10:53:03.068+0000] {taskinstance.py:1979} INFO - Dependencies all met for dep_context=non-requeueable deps ti=<TaskInstance: pipeline_eq.gen_dates scheduled__2024-03-05T00:00:00+00:00 [queued]>
[2024-04-23T10:53:03.074+0000] {taskinstance.py:1979} INFO - Dependencies all met for dep_context=requeueable deps ti=<TaskInstance: pipeline_eq.gen_dates scheduled__2024-03-05T00:00:00+00:00 [queued]>
[2024-04-23T10:53:03.075+0000] {taskinstance.py:2193} INFO - Starting attempt 1 of 1
[2024-04-23T10:53:03.088+0000] {taskinstance.py:2217} INFO - Executing <Task(_PythonDecoratedOperator): gen_dates> on 2024-03-05 00:00:00+00:00
[2024-04-23T10:53:03.091+0000] {standard_task_runner.py:60} INFO - Started process 44928 to run task
[2024-04-23T10:53:03.094+0000] {standard_task_runner.py:87} INFO - Running: ['airflow', 'tasks', 'run', 'pipeline_eq', 'gen_dates', 'scheduled__2024-03-05T00:00:00+00:00', '--job-id', '212', '--raw', '--subdir', 'DAGS_FOLDER/kbs/custom_dags/pipeline_eq.py', '--cfg-path', '/tmp/tmpbsnlit2o']
[2024-04-23T10:53:03.094+0000] {standard_task_runner.py:88} INFO - Job 212: Subtask gen_dates
[2024-04-23T10:53:03.117+0000] {task_command.py:423} INFO - Running <TaskInstance: pipeline_eq.gen_dates scheduled__2024-03-05T00:00:00+00:00 [running]> on host datalab-yasmine
[2024-04-23T10:53:03.142+0000] {logging_mixin.py:188} WARNING - /home/yasmine/.local/share/virtualenvs/knowledge-base-siaap-WvBZnYs-/lib/python3.8/site-packages/airflow/utils/context.py:207 AirflowContextDeprecationWarning: Accessing 'execution_date' from the template is deprecated and will be removed in a future version. Please use 'data_interval_start' or 'logical_date' instead.
[2024-04-23T10:53:03.259+0000] {taskinstance.py:2513} INFO - Exporting env vars: AIRFLOW_CTX_DAG_OWNER='airflow' AIRFLOW_CTX_DAG_ID='pipeline_eq' AIRFLOW_CTX_TASK_ID='gen_dates' AIRFLOW_CTX_EXECUTION_DATE='2024-03-05T00:00:00+00:00' AIRFLOW_CTX_TRY_NUMBER='1' AIRFLOW_CTX_DAG_RUN_ID='scheduled__2024-03-05T00:00:00+00:00'
[2024-04-23T10:53:03.260+0000] {rw.py:82} INFO - Starting to save files into Minio
[2024-04-23T10:53:04.894+0000] {python.py:202} INFO - Done. Returned value was: dates_20240305
[2024-04-23T10:53:04.906+0000] {taskinstance.py:1149} INFO - Marking task as SUCCESS. dag_id=pipeline_eq, task_id=gen_dates, execution_date=20240305T000000, start_date=20240423T105303, end_date=20240423T105304
[2024-04-23T10:53:04.955+0000] {local_task_job_runner.py:234} INFO - Task exited with return code 0
[2024-04-23T10:53:04.968+0000] {taskinstance.py:3312} INFO - 0 downstream tasks scheduled from follow-on schedule check
[2024-04-23T11:19:18.032+0000] {taskinstance.py:1979} INFO - Dependencies all met for dep_context=non-requeueable deps ti=<TaskInstance: pipeline_eq.gen_dates scheduled__2024-03-05T00:00:00+00:00 [queued]>
[2024-04-23T11:19:18.040+0000] {taskinstance.py:1979} INFO - Dependencies all met for dep_context=requeueable deps ti=<TaskInstance: pipeline_eq.gen_dates scheduled__2024-03-05T00:00:00+00:00 [queued]>
[2024-04-23T11:19:18.041+0000] {taskinstance.py:2193} INFO - Starting attempt 1 of 1
[2024-04-23T11:19:18.060+0000] {taskinstance.py:2217} INFO - Executing <Task(_PythonDecoratedOperator): gen_dates> on 2024-03-05 00:00:00+00:00
[2024-04-23T11:19:18.066+0000] {standard_task_runner.py:60} INFO - Started process 73257 to run task
[2024-04-23T11:19:18.069+0000] {standard_task_runner.py:87} INFO - Running: ['airflow', 'tasks', 'run', 'pipeline_eq', 'gen_dates', 'scheduled__2024-03-05T00:00:00+00:00', '--job-id', '238', '--raw', '--subdir', 'DAGS_FOLDER/kbs/custom_dags/pipeline_eq.py', '--cfg-path', '/tmp/tmpbjic0l_v']
[2024-04-23T11:19:18.070+0000] {standard_task_runner.py:88} INFO - Job 238: Subtask gen_dates
[2024-04-23T11:19:18.100+0000] {task_command.py:423} INFO - Running <TaskInstance: pipeline_eq.gen_dates scheduled__2024-03-05T00:00:00+00:00 [running]> on host datalab-yasmine
[2024-04-23T11:19:18.135+0000] {logging_mixin.py:188} WARNING - /home/yasmine/.local/share/virtualenvs/knowledge-base-siaap-WvBZnYs-/lib/python3.8/site-packages/airflow/utils/context.py:207 AirflowContextDeprecationWarning: Accessing 'execution_date' from the template is deprecated and will be removed in a future version. Please use 'data_interval_start' or 'logical_date' instead.
[2024-04-23T11:19:18.286+0000] {taskinstance.py:2513} INFO - Exporting env vars: AIRFLOW_CTX_DAG_OWNER='airflow' AIRFLOW_CTX_DAG_ID='pipeline_eq' AIRFLOW_CTX_TASK_ID='gen_dates' AIRFLOW_CTX_EXECUTION_DATE='2024-03-05T00:00:00+00:00' AIRFLOW_CTX_TRY_NUMBER='1' AIRFLOW_CTX_DAG_RUN_ID='scheduled__2024-03-05T00:00:00+00:00'
[2024-04-23T11:19:18.287+0000] {rw.py:84} INFO - Starting to save files into Minio
[2024-04-23T11:19:20.158+0000] {python.py:202} INFO - Done. Returned value was: dates_20240305
[2024-04-23T11:19:20.170+0000] {taskinstance.py:1149} INFO - Marking task as SUCCESS. dag_id=pipeline_eq, task_id=gen_dates, execution_date=20240305T000000, start_date=20240423T111918, end_date=20240423T111920
[2024-04-23T11:19:20.209+0000] {local_task_job_runner.py:234} INFO - Task exited with return code 0
[2024-04-23T11:19:20.228+0000] {taskinstance.py:3312} INFO - 0 downstream tasks scheduled from follow-on schedule check
[2024-04-23T11:23:57.720+0000] {taskinstance.py:1979} INFO - Dependencies all met for dep_context=non-requeueable deps ti=<TaskInstance: pipeline_eq.gen_dates scheduled__2024-03-05T00:00:00+00:00 [queued]>
[2024-04-23T11:23:57.725+0000] {taskinstance.py:1979} INFO - Dependencies all met for dep_context=requeueable deps ti=<TaskInstance: pipeline_eq.gen_dates scheduled__2024-03-05T00:00:00+00:00 [queued]>
[2024-04-23T11:23:57.725+0000] {taskinstance.py:2193} INFO - Starting attempt 1 of 1
[2024-04-23T11:23:57.735+0000] {taskinstance.py:2217} INFO - Executing <Task(_PythonDecoratedOperator): gen_dates> on 2024-03-05 00:00:00+00:00
[2024-04-23T11:23:57.739+0000] {standard_task_runner.py:60} INFO - Started process 80218 to run task
[2024-04-23T11:23:57.742+0000] {standard_task_runner.py:87} INFO - Running: ['airflow', 'tasks', 'run', 'pipeline_eq', 'gen_dates', 'scheduled__2024-03-05T00:00:00+00:00', '--job-id', '264', '--raw', '--subdir', 'DAGS_FOLDER/kbs/custom_dags/pipeline_eq.py', '--cfg-path', '/tmp/tmp90b0aqau']
[2024-04-23T11:23:57.742+0000] {standard_task_runner.py:88} INFO - Job 264: Subtask gen_dates
[2024-04-23T11:23:57.771+0000] {task_command.py:423} INFO - Running <TaskInstance: pipeline_eq.gen_dates scheduled__2024-03-05T00:00:00+00:00 [running]> on host datalab-yasmine
[2024-04-23T11:23:57.798+0000] {logging_mixin.py:188} WARNING - /home/yasmine/.local/share/virtualenvs/knowledge-base-siaap-WvBZnYs-/lib/python3.8/site-packages/airflow/utils/context.py:207 AirflowContextDeprecationWarning: Accessing 'execution_date' from the template is deprecated and will be removed in a future version. Please use 'data_interval_start' or 'logical_date' instead.
[2024-04-23T11:23:57.919+0000] {taskinstance.py:2513} INFO - Exporting env vars: AIRFLOW_CTX_DAG_OWNER='airflow' AIRFLOW_CTX_DAG_ID='pipeline_eq' AIRFLOW_CTX_TASK_ID='gen_dates' AIRFLOW_CTX_EXECUTION_DATE='2024-03-05T00:00:00+00:00' AIRFLOW_CTX_TRY_NUMBER='1' AIRFLOW_CTX_DAG_RUN_ID='scheduled__2024-03-05T00:00:00+00:00'
[2024-04-23T11:23:57.920+0000] {logging_mixin.py:188} INFO - {'start': '2024-03-05 00:00:00+00:00', 'end': '2024-04-23 11:23:57'}
[2024-04-23T11:23:57.920+0000] {rw.py:84} INFO - Starting to save files into Minio
[2024-04-23T11:24:00.107+0000] {python.py:202} INFO - Done. Returned value was: dates_20240305
[2024-04-23T11:24:00.125+0000] {taskinstance.py:1149} INFO - Marking task as SUCCESS. dag_id=pipeline_eq, task_id=gen_dates, execution_date=20240305T000000, start_date=20240423T112357, end_date=20240423T112400
[2024-04-23T11:24:00.164+0000] {local_task_job_runner.py:234} INFO - Task exited with return code 0
[2024-04-23T11:24:00.194+0000] {taskinstance.py:3312} INFO - 0 downstream tasks scheduled from follow-on schedule check
