[2024-04-23T12:04:03.913+0000] {taskinstance.py:1979} INFO - Dependencies all met for dep_context=non-requeueable deps ti=<TaskInstance: pipeline_eq.read_equipements manual__2024-04-23T11:54:48.966898+00:00 [queued]>
[2024-04-23T12:04:03.918+0000] {taskinstance.py:1979} INFO - Dependencies all met for dep_context=requeueable deps ti=<TaskInstance: pipeline_eq.read_equipements manual__2024-04-23T11:54:48.966898+00:00 [queued]>
[2024-04-23T12:04:03.918+0000] {taskinstance.py:2193} INFO - Starting attempt 4 of 4
[2024-04-23T12:04:03.929+0000] {taskinstance.py:2217} INFO - Executing <Task(_PythonDecoratedOperator): read_equipements> on 2024-04-23 11:54:48.966898+00:00
[2024-04-23T12:04:03.933+0000] {standard_task_runner.py:60} INFO - Started process 118592 to run task
[2024-04-23T12:04:03.935+0000] {standard_task_runner.py:87} INFO - Running: ['airflow', 'tasks', 'run', 'pipeline_eq', 'read_equipements', 'manual__2024-04-23T11:54:48.966898+00:00', '--job-id', '286', '--raw', '--subdir', 'DAGS_FOLDER/kbs/custom_dags/pipeline_eq.py', '--cfg-path', '/tmp/tmp9b3041s_']
[2024-04-23T12:04:03.936+0000] {standard_task_runner.py:88} INFO - Job 286: Subtask read_equipements
[2024-04-23T12:04:03.961+0000] {task_command.py:423} INFO - Running <TaskInstance: pipeline_eq.read_equipements manual__2024-04-23T11:54:48.966898+00:00 [running]> on host datalab-yasmine
[2024-04-23T12:04:04.118+0000] {taskinstance.py:2513} INFO - Exporting env vars: AIRFLOW_CTX_DAG_OWNER='airflow' AIRFLOW_CTX_DAG_ID='pipeline_eq' AIRFLOW_CTX_TASK_ID='read_equipements' AIRFLOW_CTX_EXECUTION_DATE='2024-04-23T11:54:48.966898+00:00' AIRFLOW_CTX_TRY_NUMBER='4' AIRFLOW_CTX_DAG_RUN_ID='manual__2024-04-23T11:54:48.966898+00:00'
[2024-04-23T12:04:04.119+0000] {pipeline_eq.py:65} INFO - get date
[2024-04-23T12:04:04.119+0000] {rw.py:43} INFO - start to get objects in minio
[2024-04-23T12:04:04.119+0000] {rw.py:45} INFO - get objects
[2024-04-23T12:04:04.120+0000] {rw.py:48} INFO - get good objects
[2024-04-23T12:04:05.912+0000] {connectionpool.py:874} WARNING - Retrying (Retry(total=4, connect=None, read=None, redirect=None, status=None)) after connection broken by 'RemoteDisconnected('Remote end closed connection without response')': /intervalles?location=
[2024-04-23T12:04:07.229+0000] {logging_mixin.py:188} INFO - {'start': '2024-04-23 11:54:48', 'end': '2024-04-23 12:03:59'}
[2024-04-23T12:04:07.230+0000] {pipeline_eq.py:73} INFO - start to get objects in minio
[2024-04-23T12:04:07.230+0000] {logging_mixin.py:188} INFO - intervals is {'start': '2024-04-23 11:54:48', 'end': '2024-04-23 12:03:59'}
[2024-04-23T12:04:25.954+0000] {taskinstance.py:2731} ERROR - Task failed with exception
Traceback (most recent call last):
  File "/home/yasmine/.local/share/virtualenvs/knowledge-base-siaap-WvBZnYs-/lib/python3.8/site-packages/airflow/models/taskinstance.py", line 444, in _execute_task
    result = _execute_callable(context=context, **execute_callable_kwargs)
  File "/home/yasmine/.local/share/virtualenvs/knowledge-base-siaap-WvBZnYs-/lib/python3.8/site-packages/airflow/models/taskinstance.py", line 414, in _execute_callable
    return execute_callable(context=context, **execute_callable_kwargs)
  File "/home/yasmine/.local/share/virtualenvs/knowledge-base-siaap-WvBZnYs-/lib/python3.8/site-packages/airflow/decorators/base.py", line 241, in execute
    return_value = super().execute(context)
  File "/home/yasmine/.local/share/virtualenvs/knowledge-base-siaap-WvBZnYs-/lib/python3.8/site-packages/airflow/operators/python.py", line 200, in execute
    return_value = self.execute_callable()
  File "/home/yasmine/.local/share/virtualenvs/knowledge-base-siaap-WvBZnYs-/lib/python3.8/site-packages/airflow/operators/python.py", line 217, in execute_callable
    return self.python_callable(*self.op_args, **self.op_kwargs)
  File "/home/yasmine/Documents/FREELANCE/knowledge-base-siaap/dags/kbs/custom_dags/pipeline_eq.py", line 80, in read_equipements
    good_objects = [obj.object_name for obj in objects if obj.object_name.lower().endswith(tuple(extensions)) and datetime.strptime(intervals["start"], "%Y-%m-%d %H:%M:%S")<obj.last_modified <=  datetime.strptime(intervals["end"], "%Y-%m-%d %H:%M:%S") ]
  File "/home/yasmine/Documents/FREELANCE/knowledge-base-siaap/dags/kbs/custom_dags/pipeline_eq.py", line 80, in <listcomp>
    good_objects = [obj.object_name for obj in objects if obj.object_name.lower().endswith(tuple(extensions)) and datetime.strptime(intervals["start"], "%Y-%m-%d %H:%M:%S")<obj.last_modified <=  datetime.strptime(intervals["end"], "%Y-%m-%d %H:%M:%S") ]
TypeError: can't compare offset-naive and offset-aware datetimes
[2024-04-23T12:04:25.957+0000] {taskinstance.py:1149} INFO - Marking task as FAILED. dag_id=pipeline_eq, task_id=read_equipements, execution_date=20240423T115448, start_date=20240423T120403, end_date=20240423T120425
[2024-04-23T12:04:25.967+0000] {standard_task_runner.py:107} ERROR - Failed to execute job 286 for task read_equipements (can't compare offset-naive and offset-aware datetimes; 118592)
[2024-04-23T12:04:25.986+0000] {local_task_job_runner.py:234} INFO - Task exited with return code 1
[2024-04-23T12:04:25.997+0000] {taskinstance.py:3312} INFO - 0 downstream tasks scheduled from follow-on schedule check
