[2024-04-22T16:57:16.839+0000] {taskinstance.py:1979} INFO - Dependencies all met for dep_context=non-requeueable deps ti=<TaskInstance: pipeline_eq.read_equipements scheduled__2024-03-22T00:00:00+00:00 [queued]>
[2024-04-22T16:57:16.844+0000] {taskinstance.py:1979} INFO - Dependencies all met for dep_context=requeueable deps ti=<TaskInstance: pipeline_eq.read_equipements scheduled__2024-03-22T00:00:00+00:00 [queued]>
[2024-04-22T16:57:16.845+0000] {taskinstance.py:2193} INFO - Starting attempt 1 of 1
[2024-04-22T16:57:16.855+0000] {taskinstance.py:2217} INFO - Executing <Task(_PythonDecoratedOperator): read_equipements> on 2024-03-22 00:00:00+00:00
[2024-04-22T16:57:16.858+0000] {standard_task_runner.py:60} INFO - Started process 166851 to run task
[2024-04-22T16:57:16.860+0000] {standard_task_runner.py:87} INFO - Running: ['airflow', 'tasks', 'run', 'pipeline_eq', 'read_equipements', 'scheduled__2024-03-22T00:00:00+00:00', '--job-id', '28', '--raw', '--subdir', 'DAGS_FOLDER/kbs/custom_dags/pipeline_eq.py', '--cfg-path', '/tmp/tmpqmkkjid0']
[2024-04-22T16:57:16.861+0000] {standard_task_runner.py:88} INFO - Job 28: Subtask read_equipements
[2024-04-22T16:57:16.892+0000] {task_command.py:423} INFO - Running <TaskInstance: pipeline_eq.read_equipements scheduled__2024-03-22T00:00:00+00:00 [running]> on host datalab-yasmine
[2024-04-22T16:57:16.943+0000] {taskinstance.py:2513} INFO - Exporting env vars: AIRFLOW_CTX_DAG_OWNER='airflow' AIRFLOW_CTX_DAG_ID='pipeline_eq' AIRFLOW_CTX_TASK_ID='read_equipements' AIRFLOW_CTX_EXECUTION_DATE='2024-03-22T00:00:00+00:00' AIRFLOW_CTX_TRY_NUMBER='1' AIRFLOW_CTX_DAG_RUN_ID='scheduled__2024-03-22T00:00:00+00:00'
[2024-04-22T16:57:16.944+0000] {pipeline_eq.py:47} INFO - start to get objects in minio
[2024-04-22T16:57:16.949+0000] {logging_mixin.py:188} WARNING - /home/yasmine/.local/share/virtualenvs/knowledge-base-siaap-WvBZnYs-/lib/python3.8/site-packages/airflow/utils/context.py:315 AirflowContextDeprecationWarning: Accessing 'prev_execution_date_success' from the template is deprecated and will be removed in a future version. Please use 'prev_data_interval_start_success' instead.
[2024-04-22T16:57:16.949+0000] {taskinstance.py:2731} ERROR - Task failed with exception
Traceback (most recent call last):
  File "/home/yasmine/.local/share/virtualenvs/knowledge-base-siaap-WvBZnYs-/lib/python3.8/site-packages/airflow/models/taskinstance.py", line 444, in _execute_task
    result = _execute_callable(context=context, **execute_callable_kwargs)
  File "/home/yasmine/.local/share/virtualenvs/knowledge-base-siaap-WvBZnYs-/lib/python3.8/site-packages/airflow/models/taskinstance.py", line 414, in _execute_callable
    return execute_callable(context=context, **execute_callable_kwargs)
  File "/home/yasmine/.local/share/virtualenvs/knowledge-base-siaap-WvBZnYs-/lib/python3.8/site-packages/airflow/decorators/base.py", line 241, in execute
    return_value = super().execute(context)
  File "/home/yasmine/.local/share/virtualenvs/knowledge-base-siaap-WvBZnYs-/lib/python3.8/site-packages/airflow/operators/python.py", line 200, in execute
    return_value = self.execute_callable()
  File "/home/yasmine/.local/share/virtualenvs/knowledge-base-siaap-WvBZnYs-/lib/python3.8/site-packages/airflow/operators/python.py", line 217, in execute_callable
    return self.python_callable(*self.op_args, **self.op_kwargs)
  File "/home/yasmine/Documents/FREELANCE/knowledge-base-siaap/dags/kbs/custom_dags/pipeline_eq.py", line 48, in read_equipements
    intervals =[context['prev_execution_date_success'].date, context['execution_date'].date]
AttributeError: 'NoneType' object has no attribute 'date'
[2024-04-22T16:57:16.953+0000] {taskinstance.py:1149} INFO - Marking task as FAILED. dag_id=pipeline_eq, task_id=read_equipements, execution_date=20240322T000000, start_date=20240422T165716, end_date=20240422T165716
[2024-04-22T16:57:16.962+0000] {standard_task_runner.py:107} ERROR - Failed to execute job 28 for task read_equipements ('NoneType' object has no attribute 'date'; 166851)
[2024-04-22T16:57:16.992+0000] {local_task_job_runner.py:234} INFO - Task exited with return code 1
[2024-04-22T16:57:17.005+0000] {taskinstance.py:3312} INFO - 0 downstream tasks scheduled from follow-on schedule check
[2024-04-22T17:39:39.452+0000] {taskinstance.py:1979} INFO - Dependencies all met for dep_context=non-requeueable deps ti=<TaskInstance: pipeline_eq.read_equipements scheduled__2024-03-22T00:00:00+00:00 [queued]>
[2024-04-22T17:39:39.457+0000] {taskinstance.py:1979} INFO - Dependencies all met for dep_context=requeueable deps ti=<TaskInstance: pipeline_eq.read_equipements scheduled__2024-03-22T00:00:00+00:00 [queued]>
[2024-04-22T17:39:39.457+0000] {taskinstance.py:2193} INFO - Starting attempt 1 of 1
[2024-04-22T17:39:39.471+0000] {taskinstance.py:2217} INFO - Executing <Task(_PythonDecoratedOperator): read_equipements> on 2024-03-22 00:00:00+00:00
[2024-04-22T17:39:39.475+0000] {standard_task_runner.py:60} INFO - Started process 203931 to run task
[2024-04-22T17:39:39.477+0000] {standard_task_runner.py:87} INFO - Running: ['airflow', 'tasks', 'run', 'pipeline_eq', 'read_equipements', 'scheduled__2024-03-22T00:00:00+00:00', '--job-id', '83', '--raw', '--subdir', 'DAGS_FOLDER/kbs/custom_dags/pipeline_eq.py', '--cfg-path', '/tmp/tmpnm6afz4n']
[2024-04-22T17:39:39.478+0000] {standard_task_runner.py:88} INFO - Job 83: Subtask read_equipements
[2024-04-22T17:39:39.504+0000] {task_command.py:423} INFO - Running <TaskInstance: pipeline_eq.read_equipements scheduled__2024-03-22T00:00:00+00:00 [running]> on host datalab-yasmine
[2024-04-22T17:39:39.549+0000] {taskinstance.py:2513} INFO - Exporting env vars: AIRFLOW_CTX_DAG_OWNER='airflow' AIRFLOW_CTX_DAG_ID='pipeline_eq' AIRFLOW_CTX_TASK_ID='read_equipements' AIRFLOW_CTX_EXECUTION_DATE='2024-03-22T00:00:00+00:00' AIRFLOW_CTX_TRY_NUMBER='1' AIRFLOW_CTX_DAG_RUN_ID='scheduled__2024-03-22T00:00:00+00:00'
[2024-04-22T17:39:39.549+0000] {pipeline_eq.py:48} INFO - start to get objects in minio
[2024-04-22T17:39:39.554+0000] {logging_mixin.py:188} WARNING - /home/yasmine/.local/share/virtualenvs/knowledge-base-siaap-WvBZnYs-/lib/python3.8/site-packages/airflow/utils/context.py:315 AirflowContextDeprecationWarning: Accessing 'prev_execution_date_success' from the template is deprecated and will be removed in a future version. Please use 'prev_data_interval_start_success' instead.
[2024-04-22T17:39:39.554+0000] {taskinstance.py:2731} ERROR - Task failed with exception
Traceback (most recent call last):
  File "/home/yasmine/.local/share/virtualenvs/knowledge-base-siaap-WvBZnYs-/lib/python3.8/site-packages/airflow/models/taskinstance.py", line 444, in _execute_task
    result = _execute_callable(context=context, **execute_callable_kwargs)
  File "/home/yasmine/.local/share/virtualenvs/knowledge-base-siaap-WvBZnYs-/lib/python3.8/site-packages/airflow/models/taskinstance.py", line 414, in _execute_callable
    return execute_callable(context=context, **execute_callable_kwargs)
  File "/home/yasmine/.local/share/virtualenvs/knowledge-base-siaap-WvBZnYs-/lib/python3.8/site-packages/airflow/decorators/base.py", line 241, in execute
    return_value = super().execute(context)
  File "/home/yasmine/.local/share/virtualenvs/knowledge-base-siaap-WvBZnYs-/lib/python3.8/site-packages/airflow/operators/python.py", line 200, in execute
    return_value = self.execute_callable()
  File "/home/yasmine/.local/share/virtualenvs/knowledge-base-siaap-WvBZnYs-/lib/python3.8/site-packages/airflow/operators/python.py", line 217, in execute_callable
    return self.python_callable(*self.op_args, **self.op_kwargs)
  File "/home/yasmine/Documents/FREELANCE/knowledge-base-siaap/dags/kbs/custom_dags/pipeline_eq.py", line 49, in read_equipements
    intervals =[context['prev_execution_date_success'], context['execution_date']] if context['prev_execution_date_success'] else [context['start_date'], context['execution_date']]
KeyError: 'start_date'
[2024-04-22T17:39:39.557+0000] {taskinstance.py:1149} INFO - Marking task as FAILED. dag_id=pipeline_eq, task_id=read_equipements, execution_date=20240322T000000, start_date=20240422T173939, end_date=20240422T173939
[2024-04-22T17:39:39.567+0000] {standard_task_runner.py:107} ERROR - Failed to execute job 83 for task read_equipements ('start_date'; 203931)
[2024-04-22T17:39:39.609+0000] {local_task_job_runner.py:234} INFO - Task exited with return code 1
[2024-04-22T17:39:39.622+0000] {taskinstance.py:3312} INFO - 0 downstream tasks scheduled from follow-on schedule check
[2024-04-22T18:18:31.593+0000] {taskinstance.py:1979} INFO - Dependencies all met for dep_context=non-requeueable deps ti=<TaskInstance: pipeline_eq.read_equipements scheduled__2024-03-22T00:00:00+00:00 [queued]>
[2024-04-22T18:18:31.600+0000] {taskinstance.py:1979} INFO - Dependencies all met for dep_context=requeueable deps ti=<TaskInstance: pipeline_eq.read_equipements scheduled__2024-03-22T00:00:00+00:00 [queued]>
[2024-04-22T18:18:31.600+0000] {taskinstance.py:2193} INFO - Starting attempt 1 of 1
[2024-04-22T18:18:31.613+0000] {taskinstance.py:2217} INFO - Executing <Task(_PythonDecoratedOperator): read_equipements> on 2024-03-22 00:00:00+00:00
[2024-04-22T18:18:31.616+0000] {standard_task_runner.py:60} INFO - Started process 237177 to run task
[2024-04-22T18:18:31.619+0000] {standard_task_runner.py:87} INFO - Running: ['airflow', 'tasks', 'run', 'pipeline_eq', 'read_equipements', 'scheduled__2024-03-22T00:00:00+00:00', '--job-id', '116', '--raw', '--subdir', 'DAGS_FOLDER/kbs/custom_dags/pipeline_eq.py', '--cfg-path', '/tmp/tmpwoc5z7_c']
[2024-04-22T18:18:31.620+0000] {standard_task_runner.py:88} INFO - Job 116: Subtask read_equipements
[2024-04-22T18:18:31.652+0000] {task_command.py:423} INFO - Running <TaskInstance: pipeline_eq.read_equipements scheduled__2024-03-22T00:00:00+00:00 [running]> on host datalab-yasmine
[2024-04-22T18:18:31.690+0000] {logging_mixin.py:188} WARNING - /home/yasmine/.local/share/virtualenvs/knowledge-base-siaap-WvBZnYs-/lib/python3.8/site-packages/airflow/utils/context.py:207 AirflowContextDeprecationWarning: Accessing 'execution_date' from the template is deprecated and will be removed in a future version. Please use 'data_interval_start' or 'logical_date' instead.
[2024-04-22T18:18:31.710+0000] {taskinstance.py:2513} INFO - Exporting env vars: AIRFLOW_CTX_DAG_OWNER='airflow' AIRFLOW_CTX_DAG_ID='pipeline_eq' AIRFLOW_CTX_TASK_ID='read_equipements' AIRFLOW_CTX_EXECUTION_DATE='2024-03-22T00:00:00+00:00' AIRFLOW_CTX_TRY_NUMBER='1' AIRFLOW_CTX_DAG_RUN_ID='scheduled__2024-03-22T00:00:00+00:00'
[2024-04-22T18:18:31.711+0000] {pipeline_eq.py:53} INFO - start to get objects in minio
[2024-04-22T18:18:31.711+0000] {logging_mixin.py:188} INFO - intervals is ['2024-03-22 00:00:00+00:00', '2024-03-22 00:00:00+00:00']
[2024-04-22T18:18:33.936+0000] {python.py:202} INFO - Done. Returned value was: []
[2024-04-22T18:18:33.951+0000] {taskinstance.py:1149} INFO - Marking task as SUCCESS. dag_id=pipeline_eq, task_id=read_equipements, execution_date=20240322T000000, start_date=20240422T181831, end_date=20240422T181833
[2024-04-22T18:18:33.997+0000] {local_task_job_runner.py:234} INFO - Task exited with return code 0
[2024-04-22T18:18:34.023+0000] {abstractoperator.py:567} INFO - Marking <TaskInstance: pipeline_eq.push_in_redis scheduled__2024-03-22T00:00:00+00:00 [None]> as SKIPPED since the map has 0 values to expand
[2024-04-22T18:18:34.027+0000] {taskinstance.py:3312} INFO - 0 downstream tasks scheduled from follow-on schedule check
