[2024-04-22T16:56:30.655+0000] {taskinstance.py:1979} INFO - Dependencies all met for dep_context=non-requeueable deps ti=<TaskInstance: pipeline_eq.read_equipements scheduled__2024-03-08T00:00:00+00:00 [queued]>
[2024-04-22T16:56:30.660+0000] {taskinstance.py:1979} INFO - Dependencies all met for dep_context=requeueable deps ti=<TaskInstance: pipeline_eq.read_equipements scheduled__2024-03-08T00:00:00+00:00 [queued]>
[2024-04-22T16:56:30.661+0000] {taskinstance.py:2193} INFO - Starting attempt 1 of 1
[2024-04-22T16:56:30.671+0000] {taskinstance.py:2217} INFO - Executing <Task(_PythonDecoratedOperator): read_equipements> on 2024-03-08 00:00:00+00:00
[2024-04-22T16:56:30.675+0000] {standard_task_runner.py:60} INFO - Started process 165701 to run task
[2024-04-22T16:56:30.677+0000] {standard_task_runner.py:87} INFO - Running: ['airflow', 'tasks', 'run', 'pipeline_eq', 'read_equipements', 'scheduled__2024-03-08T00:00:00+00:00', '--job-id', '14', '--raw', '--subdir', 'DAGS_FOLDER/kbs/custom_dags/pipeline_eq.py', '--cfg-path', '/tmp/tmpn3yy2ol0']
[2024-04-22T16:56:30.678+0000] {standard_task_runner.py:88} INFO - Job 14: Subtask read_equipements
[2024-04-22T16:56:30.716+0000] {task_command.py:423} INFO - Running <TaskInstance: pipeline_eq.read_equipements scheduled__2024-03-08T00:00:00+00:00 [running]> on host datalab-yasmine
[2024-04-22T16:56:30.769+0000] {taskinstance.py:2513} INFO - Exporting env vars: AIRFLOW_CTX_DAG_OWNER='airflow' AIRFLOW_CTX_DAG_ID='pipeline_eq' AIRFLOW_CTX_TASK_ID='read_equipements' AIRFLOW_CTX_EXECUTION_DATE='2024-03-08T00:00:00+00:00' AIRFLOW_CTX_TRY_NUMBER='1' AIRFLOW_CTX_DAG_RUN_ID='scheduled__2024-03-08T00:00:00+00:00'
[2024-04-22T16:56:30.770+0000] {pipeline_eq.py:47} INFO - start to get objects in minio
[2024-04-22T16:56:30.776+0000] {logging_mixin.py:188} WARNING - /home/yasmine/.local/share/virtualenvs/knowledge-base-siaap-WvBZnYs-/lib/python3.8/site-packages/airflow/utils/context.py:315 AirflowContextDeprecationWarning: Accessing 'prev_execution_date_success' from the template is deprecated and will be removed in a future version. Please use 'prev_data_interval_start_success' instead.
[2024-04-22T16:56:30.776+0000] {taskinstance.py:2731} ERROR - Task failed with exception
Traceback (most recent call last):
  File "/home/yasmine/.local/share/virtualenvs/knowledge-base-siaap-WvBZnYs-/lib/python3.8/site-packages/airflow/models/taskinstance.py", line 444, in _execute_task
    result = _execute_callable(context=context, **execute_callable_kwargs)
  File "/home/yasmine/.local/share/virtualenvs/knowledge-base-siaap-WvBZnYs-/lib/python3.8/site-packages/airflow/models/taskinstance.py", line 414, in _execute_callable
    return execute_callable(context=context, **execute_callable_kwargs)
  File "/home/yasmine/.local/share/virtualenvs/knowledge-base-siaap-WvBZnYs-/lib/python3.8/site-packages/airflow/decorators/base.py", line 241, in execute
    return_value = super().execute(context)
  File "/home/yasmine/.local/share/virtualenvs/knowledge-base-siaap-WvBZnYs-/lib/python3.8/site-packages/airflow/operators/python.py", line 200, in execute
    return_value = self.execute_callable()
  File "/home/yasmine/.local/share/virtualenvs/knowledge-base-siaap-WvBZnYs-/lib/python3.8/site-packages/airflow/operators/python.py", line 217, in execute_callable
    return self.python_callable(*self.op_args, **self.op_kwargs)
  File "/home/yasmine/Documents/FREELANCE/knowledge-base-siaap/dags/kbs/custom_dags/pipeline_eq.py", line 48, in read_equipements
    intervals =[context['prev_execution_date_success'].date, context['execution_date'].date]
AttributeError: 'NoneType' object has no attribute 'date'
[2024-04-22T16:56:30.780+0000] {taskinstance.py:1149} INFO - Marking task as FAILED. dag_id=pipeline_eq, task_id=read_equipements, execution_date=20240308T000000, start_date=20240422T165630, end_date=20240422T165630
[2024-04-22T16:56:30.790+0000] {standard_task_runner.py:107} ERROR - Failed to execute job 14 for task read_equipements ('NoneType' object has no attribute 'date'; 165701)
[2024-04-22T16:56:30.809+0000] {local_task_job_runner.py:234} INFO - Task exited with return code 1
[2024-04-22T16:56:30.824+0000] {taskinstance.py:3312} INFO - 0 downstream tasks scheduled from follow-on schedule check
[2024-04-22T17:13:08.830+0000] {taskinstance.py:1979} INFO - Dependencies all met for dep_context=non-requeueable deps ti=<TaskInstance: pipeline_eq.read_equipements scheduled__2024-03-08T00:00:00+00:00 [queued]>
[2024-04-22T17:13:08.836+0000] {taskinstance.py:1979} INFO - Dependencies all met for dep_context=requeueable deps ti=<TaskInstance: pipeline_eq.read_equipements scheduled__2024-03-08T00:00:00+00:00 [queued]>
[2024-04-22T17:13:08.836+0000] {taskinstance.py:2193} INFO - Starting attempt 1 of 1
[2024-04-22T17:13:08.847+0000] {taskinstance.py:2217} INFO - Executing <Task(_PythonDecoratedOperator): read_equipements> on 2024-03-08 00:00:00+00:00
[2024-04-22T17:13:08.851+0000] {standard_task_runner.py:60} INFO - Started process 182786 to run task
[2024-04-22T17:13:08.853+0000] {standard_task_runner.py:87} INFO - Running: ['airflow', 'tasks', 'run', 'pipeline_eq', 'read_equipements', 'scheduled__2024-03-08T00:00:00+00:00', '--job-id', '69', '--raw', '--subdir', 'DAGS_FOLDER/kbs/custom_dags/pipeline_eq.py', '--cfg-path', '/tmp/tmpo473xxmx']
[2024-04-22T17:13:08.854+0000] {standard_task_runner.py:88} INFO - Job 69: Subtask read_equipements
[2024-04-22T17:13:08.881+0000] {task_command.py:423} INFO - Running <TaskInstance: pipeline_eq.read_equipements scheduled__2024-03-08T00:00:00+00:00 [running]> on host datalab-yasmine
[2024-04-22T17:13:08.931+0000] {taskinstance.py:2513} INFO - Exporting env vars: AIRFLOW_CTX_DAG_OWNER='airflow' AIRFLOW_CTX_DAG_ID='pipeline_eq' AIRFLOW_CTX_TASK_ID='read_equipements' AIRFLOW_CTX_EXECUTION_DATE='2024-03-08T00:00:00+00:00' AIRFLOW_CTX_TRY_NUMBER='1' AIRFLOW_CTX_DAG_RUN_ID='scheduled__2024-03-08T00:00:00+00:00'
[2024-04-22T17:13:08.933+0000] {pipeline_eq.py:48} INFO - start to get objects in minio
[2024-04-22T17:13:11.077+0000] {logging_mixin.py:188} WARNING - /home/yasmine/.local/share/virtualenvs/knowledge-base-siaap-WvBZnYs-/lib/python3.8/site-packages/airflow/utils/context.py:315 AirflowContextDeprecationWarning: Accessing 'prev_execution_date_success' from the template is deprecated and will be removed in a future version. Please use 'prev_data_interval_start_success' instead.
[2024-04-22T17:13:11.077+0000] {taskinstance.py:2731} ERROR - Task failed with exception
Traceback (most recent call last):
  File "/home/yasmine/.local/share/virtualenvs/knowledge-base-siaap-WvBZnYs-/lib/python3.8/site-packages/airflow/models/taskinstance.py", line 444, in _execute_task
    result = _execute_callable(context=context, **execute_callable_kwargs)
  File "/home/yasmine/.local/share/virtualenvs/knowledge-base-siaap-WvBZnYs-/lib/python3.8/site-packages/airflow/models/taskinstance.py", line 414, in _execute_callable
    return execute_callable(context=context, **execute_callable_kwargs)
  File "/home/yasmine/.local/share/virtualenvs/knowledge-base-siaap-WvBZnYs-/lib/python3.8/site-packages/airflow/decorators/base.py", line 241, in execute
    return_value = super().execute(context)
  File "/home/yasmine/.local/share/virtualenvs/knowledge-base-siaap-WvBZnYs-/lib/python3.8/site-packages/airflow/operators/python.py", line 200, in execute
    return_value = self.execute_callable()
  File "/home/yasmine/.local/share/virtualenvs/knowledge-base-siaap-WvBZnYs-/lib/python3.8/site-packages/airflow/operators/python.py", line 217, in execute_callable
    return self.python_callable(*self.op_args, **self.op_kwargs)
  File "/home/yasmine/Documents/FREELANCE/knowledge-base-siaap/dags/kbs/custom_dags/pipeline_eq.py", line 60, in read_equipements
    good_objects = [obj.object_name for obj in objects if obj.object_name.lower().endswith(tuple(extensions)) and obj.last_modified.date in [intervals[0].date, intervals[1].date] ]
  File "/home/yasmine/Documents/FREELANCE/knowledge-base-siaap/dags/kbs/custom_dags/pipeline_eq.py", line 60, in <listcomp>
    good_objects = [obj.object_name for obj in objects if obj.object_name.lower().endswith(tuple(extensions)) and obj.last_modified.date in [intervals[0].date, intervals[1].date] ]
AttributeError: 'NoneType' object has no attribute 'date'
[2024-04-22T17:13:11.081+0000] {taskinstance.py:1149} INFO - Marking task as FAILED. dag_id=pipeline_eq, task_id=read_equipements, execution_date=20240308T000000, start_date=20240422T171308, end_date=20240422T171311
[2024-04-22T17:13:11.091+0000] {standard_task_runner.py:107} ERROR - Failed to execute job 69 for task read_equipements ('NoneType' object has no attribute 'date'; 182786)
[2024-04-22T17:13:11.112+0000] {local_task_job_runner.py:234} INFO - Task exited with return code 1
[2024-04-22T17:13:11.125+0000] {taskinstance.py:3312} INFO - 0 downstream tasks scheduled from follow-on schedule check
[2024-04-22T18:17:25.378+0000] {taskinstance.py:1979} INFO - Dependencies all met for dep_context=non-requeueable deps ti=<TaskInstance: pipeline_eq.read_equipements scheduled__2024-03-08T00:00:00+00:00 [queued]>
[2024-04-22T18:17:25.384+0000] {taskinstance.py:1979} INFO - Dependencies all met for dep_context=requeueable deps ti=<TaskInstance: pipeline_eq.read_equipements scheduled__2024-03-08T00:00:00+00:00 [queued]>
[2024-04-22T18:17:25.384+0000] {taskinstance.py:2193} INFO - Starting attempt 1 of 1
[2024-04-22T18:17:25.397+0000] {taskinstance.py:2217} INFO - Executing <Task(_PythonDecoratedOperator): read_equipements> on 2024-03-08 00:00:00+00:00
[2024-04-22T18:17:25.403+0000] {standard_task_runner.py:60} INFO - Started process 235515 to run task
[2024-04-22T18:17:25.409+0000] {standard_task_runner.py:87} INFO - Running: ['airflow', 'tasks', 'run', 'pipeline_eq', 'read_equipements', 'scheduled__2024-03-08T00:00:00+00:00', '--job-id', '102', '--raw', '--subdir', 'DAGS_FOLDER/kbs/custom_dags/pipeline_eq.py', '--cfg-path', '/tmp/tmpw84xxwba']
[2024-04-22T18:17:25.410+0000] {standard_task_runner.py:88} INFO - Job 102: Subtask read_equipements
[2024-04-22T18:17:25.458+0000] {task_command.py:423} INFO - Running <TaskInstance: pipeline_eq.read_equipements scheduled__2024-03-08T00:00:00+00:00 [running]> on host datalab-yasmine
[2024-04-22T18:17:25.504+0000] {logging_mixin.py:188} WARNING - /home/yasmine/.local/share/virtualenvs/knowledge-base-siaap-WvBZnYs-/lib/python3.8/site-packages/airflow/utils/context.py:207 AirflowContextDeprecationWarning: Accessing 'execution_date' from the template is deprecated and will be removed in a future version. Please use 'data_interval_start' or 'logical_date' instead.
[2024-04-22T18:17:25.527+0000] {taskinstance.py:2513} INFO - Exporting env vars: AIRFLOW_CTX_DAG_OWNER='airflow' AIRFLOW_CTX_DAG_ID='pipeline_eq' AIRFLOW_CTX_TASK_ID='read_equipements' AIRFLOW_CTX_EXECUTION_DATE='2024-03-08T00:00:00+00:00' AIRFLOW_CTX_TRY_NUMBER='1' AIRFLOW_CTX_DAG_RUN_ID='scheduled__2024-03-08T00:00:00+00:00'
[2024-04-22T18:17:25.528+0000] {pipeline_eq.py:53} INFO - start to get objects in minio
[2024-04-22T18:17:25.528+0000] {logging_mixin.py:188} INFO - intervals is ['2024-03-08 00:00:00+00:00', '2024-03-08 00:00:00+00:00']
[2024-04-22T18:17:27.585+0000] {python.py:202} INFO - Done. Returned value was: []
[2024-04-22T18:17:27.600+0000] {taskinstance.py:1149} INFO - Marking task as SUCCESS. dag_id=pipeline_eq, task_id=read_equipements, execution_date=20240308T000000, start_date=20240422T181725, end_date=20240422T181727
[2024-04-22T18:17:27.627+0000] {local_task_job_runner.py:234} INFO - Task exited with return code 0
[2024-04-22T18:17:27.651+0000] {abstractoperator.py:567} INFO - Marking <TaskInstance: pipeline_eq.push_in_redis scheduled__2024-03-08T00:00:00+00:00 [None]> as SKIPPED since the map has 0 values to expand
[2024-04-22T18:17:27.656+0000] {taskinstance.py:3312} INFO - 0 downstream tasks scheduled from follow-on schedule check
[2024-04-22T18:25:45.192+0000] {taskinstance.py:1979} INFO - Dependencies all met for dep_context=non-requeueable deps ti=<TaskInstance: pipeline_eq.read_equipements scheduled__2024-03-08T00:00:00+00:00 [queued]>
[2024-04-22T18:25:45.205+0000] {taskinstance.py:1979} INFO - Dependencies all met for dep_context=requeueable deps ti=<TaskInstance: pipeline_eq.read_equipements scheduled__2024-03-08T00:00:00+00:00 [queued]>
[2024-04-22T18:25:45.206+0000] {taskinstance.py:2193} INFO - Starting attempt 1 of 1
[2024-04-22T18:25:45.223+0000] {taskinstance.py:2217} INFO - Executing <Task(_PythonDecoratedOperator): read_equipements> on 2024-03-08 00:00:00+00:00
[2024-04-22T18:25:45.226+0000] {standard_task_runner.py:60} INFO - Started process 245987 to run task
[2024-04-22T18:25:45.229+0000] {standard_task_runner.py:87} INFO - Running: ['airflow', 'tasks', 'run', 'pipeline_eq', 'read_equipements', 'scheduled__2024-03-08T00:00:00+00:00', '--job-id', '155', '--raw', '--subdir', 'DAGS_FOLDER/kbs/custom_dags/pipeline_eq.py', '--cfg-path', '/tmp/tmpbuqrqbv0']
[2024-04-22T18:25:45.230+0000] {standard_task_runner.py:88} INFO - Job 155: Subtask read_equipements
[2024-04-22T18:25:45.259+0000] {task_command.py:423} INFO - Running <TaskInstance: pipeline_eq.read_equipements scheduled__2024-03-08T00:00:00+00:00 [running]> on host datalab-yasmine
[2024-04-22T18:25:45.296+0000] {logging_mixin.py:188} WARNING - /home/yasmine/.local/share/virtualenvs/knowledge-base-siaap-WvBZnYs-/lib/python3.8/site-packages/airflow/utils/context.py:207 AirflowContextDeprecationWarning: Accessing 'execution_date' from the template is deprecated and will be removed in a future version. Please use 'data_interval_start' or 'logical_date' instead.
[2024-04-22T18:25:45.320+0000] {taskinstance.py:2513} INFO - Exporting env vars: AIRFLOW_CTX_DAG_OWNER='airflow' AIRFLOW_CTX_DAG_ID='pipeline_eq' AIRFLOW_CTX_TASK_ID='read_equipements' AIRFLOW_CTX_EXECUTION_DATE='2024-03-08T00:00:00+00:00' AIRFLOW_CTX_TRY_NUMBER='1' AIRFLOW_CTX_DAG_RUN_ID='scheduled__2024-03-08T00:00:00+00:00'
[2024-04-22T18:25:45.321+0000] {pipeline_eq.py:53} INFO - start to get objects in minio
[2024-04-22T18:25:45.321+0000] {logging_mixin.py:188} INFO - intervals is ['2024-03-08 00:00:00+00:00', '2024-03-08 00:00:00+00:00']
[2024-04-22T18:25:47.508+0000] {python.py:202} INFO - Done. Returned value was: []
[2024-04-22T18:25:47.524+0000] {taskinstance.py:1149} INFO - Marking task as SUCCESS. dag_id=pipeline_eq, task_id=read_equipements, execution_date=20240308T000000, start_date=20240422T182545, end_date=20240422T182547
[2024-04-22T18:25:47.567+0000] {local_task_job_runner.py:234} INFO - Task exited with return code 0
[2024-04-22T18:25:47.598+0000] {abstractoperator.py:567} INFO - Marking <TaskInstance: pipeline_eq.push_in_redis scheduled__2024-03-08T00:00:00+00:00 [None]> as SKIPPED since the map has 0 values to expand
[2024-04-22T18:25:47.603+0000] {taskinstance.py:3312} INFO - 0 downstream tasks scheduled from follow-on schedule check
[2024-04-22T18:27:39.342+0000] {taskinstance.py:1979} INFO - Dependencies all met for dep_context=non-requeueable deps ti=<TaskInstance: pipeline_eq.read_equipements scheduled__2024-03-08T00:00:00+00:00 [queued]>
[2024-04-22T18:27:39.350+0000] {taskinstance.py:1979} INFO - Dependencies all met for dep_context=requeueable deps ti=<TaskInstance: pipeline_eq.read_equipements scheduled__2024-03-08T00:00:00+00:00 [queued]>
[2024-04-22T18:27:39.350+0000] {taskinstance.py:2193} INFO - Starting attempt 1 of 1
[2024-04-22T18:27:39.365+0000] {taskinstance.py:2217} INFO - Executing <Task(_PythonDecoratedOperator): read_equipements> on 2024-03-08 00:00:00+00:00
[2024-04-22T18:27:39.368+0000] {standard_task_runner.py:60} INFO - Started process 248346 to run task
[2024-04-22T18:27:39.371+0000] {standard_task_runner.py:87} INFO - Running: ['airflow', 'tasks', 'run', 'pipeline_eq', 'read_equipements', 'scheduled__2024-03-08T00:00:00+00:00', '--job-id', '167', '--raw', '--subdir', 'DAGS_FOLDER/kbs/custom_dags/pipeline_eq.py', '--cfg-path', '/tmp/tmp209rgq5_']
[2024-04-22T18:27:39.372+0000] {standard_task_runner.py:88} INFO - Job 167: Subtask read_equipements
[2024-04-22T18:27:39.401+0000] {task_command.py:423} INFO - Running <TaskInstance: pipeline_eq.read_equipements scheduled__2024-03-08T00:00:00+00:00 [running]> on host datalab-yasmine
[2024-04-22T18:27:39.440+0000] {logging_mixin.py:188} WARNING - /home/yasmine/.local/share/virtualenvs/knowledge-base-siaap-WvBZnYs-/lib/python3.8/site-packages/airflow/utils/context.py:207 AirflowContextDeprecationWarning: Accessing 'execution_date' from the template is deprecated and will be removed in a future version. Please use 'data_interval_start' or 'logical_date' instead.
[2024-04-22T18:27:39.462+0000] {taskinstance.py:2513} INFO - Exporting env vars: AIRFLOW_CTX_DAG_OWNER='airflow' AIRFLOW_CTX_DAG_ID='pipeline_eq' AIRFLOW_CTX_TASK_ID='read_equipements' AIRFLOW_CTX_EXECUTION_DATE='2024-03-08T00:00:00+00:00' AIRFLOW_CTX_TRY_NUMBER='1' AIRFLOW_CTX_DAG_RUN_ID='scheduled__2024-03-08T00:00:00+00:00'
[2024-04-22T18:27:39.463+0000] {pipeline_eq.py:53} INFO - start to get objects in minio
[2024-04-22T18:27:39.464+0000] {logging_mixin.py:188} INFO - intervals is ['2024-03-08 00:00:00+00:00', '2024-03-08 00:00:00+00:00']
[2024-04-22T18:27:41.610+0000] {python.py:202} INFO - Done. Returned value was: []
[2024-04-22T18:27:41.626+0000] {taskinstance.py:1149} INFO - Marking task as SUCCESS. dag_id=pipeline_eq, task_id=read_equipements, execution_date=20240308T000000, start_date=20240422T182739, end_date=20240422T182741
[2024-04-22T18:27:41.669+0000] {local_task_job_runner.py:234} INFO - Task exited with return code 0
[2024-04-22T18:27:41.700+0000] {abstractoperator.py:567} INFO - Marking <TaskInstance: pipeline_eq.push_in_redis scheduled__2024-03-08T00:00:00+00:00 [None]> as SKIPPED since the map has 0 values to expand
[2024-04-22T18:27:41.705+0000] {taskinstance.py:3312} INFO - 0 downstream tasks scheduled from follow-on schedule check
